#
# A fatal error has been detected by the Java Runtime Environment:
#
#  EXCEPTION_ACCESS_VIOLATION (0xc0000005) at pc=0x00007ffd14eed9b6, pid=28184, tid=29256
#
# JRE version: Java(TM) SE Runtime Environment (16.0+36) (build 16+36-2231)
# Java VM: Java HotSpot(TM) 64-Bit Server VM (16+36-2231, mixed mode, sharing, tiered, compressed oops, g1 gc, windows-amd64)
# Problematic frame:
# C  [libusb4java.dll+0xd9b6]
#
# No core dump will be written. Minidumps are not enabled by default on client versions of Windows
#
# If you would like to submit a bug report, please visit:
#   https://bugreport.java.com/bugreport/crash.jsp
# The crash happened outside the Java Virtual Machine in native code.
# See problematic frame for where to report the bug.
#

---------------  S U M M A R Y ------------

Command Line: -Dfile.encoding=UTF-8 hackbugant.HackBugAnt

Host: Intel(R) Core(TM) i5-1035G1 CPU @ 1.00GHz, 8 cores, 7G,  Windows 10 , 64 bit Build 19041 (10.0.19041.1023)
Time: Sat Jul  3 12:31:49 2021 India Standard Time elapsed time: 43.623215 seconds (0d 0h 0m 43s)

---------------  T H R E A D  ---------------

Current thread (0x0000016d2dba9f10):  JavaThread "Thread-0" [_thread_in_native, id=29256, stack(0x000000285ed00000,0x000000285ee00000)]

Stack: [0x000000285ed00000,0x000000285ee00000],  sp=0x000000285edfefa8,  free space=1019k
Native frames: (J=compiled Java code, j=interpreted, Vv=VM code, C=native code)
C  [libusb4java.dll+0xd9b6]

Java frames: (J=compiled Java code, j=interpreted, Vv=VM code)
J 2429  org.usb4java.LibUsb.bulkTransfer(Lorg/usb4java/DeviceHandle;BLjava/nio/ByteBuffer;Ljava/nio/IntBuffer;J)I (0 bytes) @ 0x0000016d1bb205bf [0x0000016d1bb20520+0x000000000000009f]
J 2522% c2 com.bmjo.hackbug.usb.UsbControler$ReadUsbData.run()V (59 bytes) @ 0x0000016d1bb3be68 [0x0000016d1bb3bcc0+0x00000000000001a8]
j  java.lang.Thread.run()V+11 java.base@16
v  ~StubRoutines::call_stub

siginfo: EXCEPTION_ACCESS_VIOLATION (0xc0000005), writing address 0x0000000000000000


Register to memory mapping:

RIP=0x00007ffd14eed9b6 libusb4java.dll
RAX=0x0 is NULL
RBX=0x0000016d2dbaa220 points into unknown readable memory: 0x00007ffcf0f333d0 | d0 33 f3 f0 fc 7f 00 00
RCX=0x0 is NULL
RDX=0x000000007ffe036a points into unknown readable memory: 08 00 06 01 00 00
RSP=0x000000285edfefa8 is pointing into the stack for thread: 0x0000016d2dba9f10
RBP=0x000000285edff1f0 is pointing into the stack for thread: 0x0000016d2dba9f10
RSI=0x0000016d2c458f20 points into unknown readable memory: 0x0000000000000000 | 00 00 00 00 00 00 00 00
RDI=0x000000285edff1b8 is pointing into the stack for thread: 0x0000016d2dba9f10
R8 =0x0 is NULL
R9 =0x0000016d2c427fb8 points into unknown readable memory: 0x0000000000000000 | 00 00 00 00 00 00 00 00
R10=0x0 is NULL
R11=0x000000285edfedf0 is pointing into the stack for thread: 0x0000016d2dba9f10
R12=0x0 is NULL
R13=0x0000016d1bb3c010 is at entry_point+848 in (nmethod*)0x0000016d1bb3ba90
R14=0x0000016d2bf05db0 points into unknown readable memory: 0x0000000000000000 | 00 00 00 00 00 00 00 00
R15=0x0000000000000081 is an unknown value


Registers:
RAX=0x0000000000000000, RBX=0x0000016d2dbaa220, RCX=0x0000000000000000, RDX=0x000000007ffe036a
RSP=0x000000285edfefa8, RBP=0x000000285edff1f0, RSI=0x0000016d2c458f20, RDI=0x000000285edff1b8
R8 =0x0000000000000000, R9 =0x0000016d2c427fb8, R10=0x0000000000000000, R11=0x000000285edfedf0
R12=0x0000000000000000, R13=0x0000016d1bb3c010, R14=0x0000016d2bf05db0, R15=0x0000000000000081
RIP=0x00007ffd14eed9b6, EFLAGS=0x0000000000010206

Top of Stack: (sp=0x000000285edfefa8)
0x000000285edfefa8:   00007ffd14eeea22 0000016d2c62a1d8
0x000000285edfefb8:   00007ffd14ef39f7 000000285edff1b8
0x000000285edfefc8:   00007ffd14eedad4 0000000000000000
0x000000285edfefd8:   0000016d00000000 0000016d2c427ee0
0x000000285edfefe8:   0000016d2c458f20 0000016d2dbaa220
0x000000285edfeff8:   00007ffd14eeca7f 0000016d2c62a1d0
0x000000285edff008:   0000002800000004 00007ffd14f33278
0x000000285edff018:   00007ffd14f33268 0000016d2c62a238
0x000000285edff028:   00007ffd14eefc12 0000016dffffffff
0x000000285edff038:   0000016d2c62a1d0 0000016d2c427ee0
0x000000285edff048:   0000000000000118 0000000000000008
0x000000285edff058:   00007ffd14eefde7 0000016d2c62a238
0x000000285edff068:   0000016d2c458f20 0000000000000081
0x000000285edff078:   0000016d2bf05db0 0000000000000004
0x000000285edff088:   00007ffd14eefc20 000000285edff0a8
0x000000285edff098:   00007ffc000003e8 00003ca64a6647f0 

Instructions: (pc=0x00007ffd14eed9b6)
0x00007ffd14eed8b6:   8b 4c 24 20 48 89 88 08 01 00 00 c3 cc cc cc cc
0x00007ffd14eed8c6:   cc cc cc cc cc cc cc cc cc cc 48 89 4c 24 08 48
0x00007ffd14eed8d6:   8b 44 24 08 48 8b 4c 24 08 48 89 48 08 48 8b 44
0x00007ffd14eed8e6:   24 08 48 8b 4c 24 08 48 89 08 c3 cc cc cc cc cc
0x00007ffd14eed8f6:   cc cc cc cc cc cc cc cc cc cc 48 89 54 24 10 48
0x00007ffd14eed906:   89 4c 24 08 48 8b 44 24 08 48 8b 4c 24 10 48 8b
0x00007ffd14eed916:   49 08 48 89 48 08 48 8b 44 24 08 48 8b 4c 24 10
0x00007ffd14eed926:   48 89 08 48 8b 44 24 10 48 8b 40 08 48 8b 4c 24
0x00007ffd14eed936:   08 48 89 08 48 8b 44 24 10 48 8b 4c 24 08 48 89
0x00007ffd14eed946:   48 08 c3 cc cc cc cc cc cc cc 48 89 54 24 10 48
0x00007ffd14eed956:   89 4c 24 08 48 8b 44 24 08 48 8b 4c 24 10 48 89
0x00007ffd14eed966:   48 08 48 8b 44 24 08 48 8b 4c 24 10 48 8b 09 48
0x00007ffd14eed976:   89 08 48 8b 44 24 10 48 8b 00 48 8b 4c 24 08 48
0x00007ffd14eed986:   89 48 08 48 8b 44 24 10 48 8b 4c 24 08 48 89 08
0x00007ffd14eed996:   c3 cc cc cc cc cc cc cc cc cc 48 89 4c 24 08 48
0x00007ffd14eed9a6:   8b 44 24 08 48 8b 40 08 48 8b 4c 24 08 48 8b 09
0x00007ffd14eed9b6:   48 89 08 48 8b 44 24 08 48 8b 00 48 8b 4c 24 08
0x00007ffd14eed9c6:   48 8b 49 08 48 89 48 08 48 8b 44 24 08 48 c7 00
0x00007ffd14eed9d6:   00 00 00 00 48 8b 44 24 08 48 c7 40 08 00 00 00
0x00007ffd14eed9e6:   00 c3 cc cc cc cc cc cc cc cc 48 89 54 24 10 48
0x00007ffd14eed9f6:   89 4c 24 08 48 83 ec 28 48 8b 44 24 38 48 8b 4c
0x00007ffd14eeda06:   24 38 48 39 48 08 75 02 eb 4e 48 8b 44 24 30 48
0x00007ffd14eeda16:   8b 4c 24 38 48 8b 49 08 48 89 48 08 48 8b 44 24
0x00007ffd14eeda26:   30 48 8b 40 08 48 8b 4c 24 30 48 89 08 48 8b 44
0x00007ffd14eeda36:   24 30 48 8b 4c 24 38 48 8b 09 48 89 08 48 8b 44
0x00007ffd14eeda46:   24 30 48 8b 00 48 8b 4c 24 30 48 89 48 08 48 8b
0x00007ffd14eeda56:   4c 24 38 e8 72 fe ff ff 48 83 c4 28 c3 cc cc cc
0x00007ffd14eeda66:   cc cc cc cc cc cc cc cc cc cc 48 89 4c 24 08 48
0x00007ffd14eeda76:   83 ec 28 48 8b 4c 24 30 ff 15 dc 36 03 00 33 c0
0x00007ffd14eeda86:   48 83 c4 28 c3 cc cc cc cc cc cc cc cc cc cc cc
0x00007ffd14eeda96:   cc cc cc cc cc cc cc cc cc cc 48 89 4c 24 08 48
0x00007ffd14eedaa6:   83 ec 28 48 8b 4c 24 30 ff 15 9c 36 03 00 48 83 


Stack slot to memory mapping:
stack at sp + 0 slots: 0x00007ffd14eeea22 libusb4java.dll
stack at sp + 1 slots: 0x0000016d2c62a1d8 points into unknown readable memory: 0x0000000000000000 | 00 00 00 00 00 00 00 00
stack at sp + 2 slots: 0x00007ffd14ef39f7 libusb4java.dll
stack at sp + 3 slots: 0x000000285edff1b8 is pointing into the stack for thread: 0x0000016d2dba9f10
stack at sp + 4 slots: 0x00007ffd14eedad4 libusb4java.dll
stack at sp + 5 slots: 0x0 is NULL
stack at sp + 6 slots: 0x0000016d00000000 is an unknown value
stack at sp + 7 slots: 0x0000016d2c427ee0 points into unknown readable memory: 0x0000000000000000 | 00 00 00 00 00 00 00 00


---------------  P R O C E S S  ---------------

Threads class SMR info:
_java_thread_list=0x0000016d2bf05840, length=18, elements={
0x0000016d2a5dd4f0, 0x0000016d2a5ddef0, 0x0000016d2a5ea6f0, 0x0000016d2a5ed010,
0x0000016d2a5ed920, 0x0000016d2a5ee320, 0x0000016d2a5ef100, 0x0000016d2a5f7c00,
0x0000016d2a5fa260, 0x0000016d2b0a3dd0, 0x0000016d2b0b1e50, 0x0000016d2b146b20,
0x0000016d2b147040, 0x0000016d2b147560, 0x0000016d2b3cb920, 0x0000016d0c7c9790,
0x0000016d2c2f3610, 0x0000016d2dba9f10
}

Java Threads: ( => current thread )
  0x0000016d2a5dd4f0 JavaThread "Reference Handler" daemon [_thread_blocked, id=8576, stack(0x000000285d800000,0x000000285d900000)]
  0x0000016d2a5ddef0 JavaThread "Finalizer" daemon [_thread_blocked, id=30000, stack(0x000000285d900000,0x000000285da00000)]
  0x0000016d2a5ea6f0 JavaThread "Signal Dispatcher" daemon [_thread_blocked, id=26424, stack(0x000000285da00000,0x000000285db00000)]
  0x0000016d2a5ed010 JavaThread "Attach Listener" daemon [_thread_blocked, id=14716, stack(0x000000285db00000,0x000000285dc00000)]
  0x0000016d2a5ed920 JavaThread "Service Thread" daemon [_thread_blocked, id=16364, stack(0x000000285dc00000,0x000000285dd00000)]
  0x0000016d2a5ee320 JavaThread "Monitor Deflation Thread" daemon [_thread_blocked, id=15528, stack(0x000000285dd00000,0x000000285de00000)]
  0x0000016d2a5ef100 JavaThread "C2 CompilerThread0" daemon [_thread_blocked, id=30808, stack(0x000000285de00000,0x000000285df00000)]
  0x0000016d2a5f7c00 JavaThread "C1 CompilerThread0" daemon [_thread_blocked, id=996, stack(0x000000285df00000,0x000000285e000000)]
  0x0000016d2a5fa260 JavaThread "Sweeper thread" daemon [_thread_blocked, id=19064, stack(0x000000285e000000,0x000000285e100000)]
  0x0000016d2b0a3dd0 JavaThread "Notification Thread" daemon [_thread_blocked, id=5048, stack(0x000000285e100000,0x000000285e200000)]
  0x0000016d2b0b1e50 JavaThread "Common-Cleaner" daemon [_thread_blocked, id=31312, stack(0x000000285e300000,0x000000285e400000)]
  0x0000016d2b146b20 JavaThread "Java2D Disposer" daemon [_thread_blocked, id=26184, stack(0x000000285e400000,0x000000285e500000)]
  0x0000016d2b147040 JavaThread "AWT-Shutdown" [_thread_blocked, id=29816, stack(0x000000285e500000,0x000000285e600000)]
  0x0000016d2b147560 JavaThread "AWT-Windows" daemon [_thread_in_native, id=18200, stack(0x000000285e600000,0x000000285e700000)]
  0x0000016d2b3cb920 JavaThread "AWT-EventQueue-0" [_thread_blocked, id=28304, stack(0x000000285e700000,0x000000285e800000)]
  0x0000016d0c7c9790 JavaThread "DestroyJavaVM" [_thread_blocked, id=15632, stack(0x000000285d100000,0x000000285d200000)]
  0x0000016d2c2f3610 JavaThread "TimerQueue" daemon [_thread_blocked, id=17224, stack(0x000000285e800000,0x000000285e900000)]
=>0x0000016d2dba9f10 JavaThread "Thread-0" [_thread_in_native, id=29256, stack(0x000000285ed00000,0x000000285ee00000)]

Other Threads:
  0x0000016d2a5d7af0 VMThread "VM Thread" [stack: 0x000000285d700000,0x000000285d800000] [id=1856]
  0x0000016d2b0a7720 WatcherThread [stack: 0x000000285e200000,0x000000285e300000] [id=17084]
  0x0000016d0c807f20 GCTaskThread "GC Thread#0" [stack: 0x000000285d200000,0x000000285d300000] [id=21008]
  0x0000016d2c5085b0 GCTaskThread "GC Thread#1" [stack: 0x000000285ef00000,0x000000285f000000] [id=22400]
  0x0000016d2c37cbf0 GCTaskThread "GC Thread#2" [stack: 0x000000285f000000,0x000000285f100000] [id=17908]
  0x0000016d2c4be1b0 GCTaskThread "GC Thread#3" [stack: 0x000000285f100000,0x000000285f200000] [id=25748]
  0x0000016d2c4bedf0 GCTaskThread "GC Thread#4" [stack: 0x000000285f200000,0x000000285f300000] [id=3084]
  0x0000016d2c4bfa30 GCTaskThread "GC Thread#5" [stack: 0x000000285f300000,0x000000285f400000] [id=19488]
  0x0000016d2c4be4c0 GCTaskThread "GC Thread#6" [stack: 0x000000285f400000,0x000000285f500000] [id=27992]
  0x0000016d2c4bf100 GCTaskThread "GC Thread#7" [stack: 0x000000285f500000,0x000000285f600000] [id=30876]
  0x0000016d0c818860 ConcurrentGCThread "G1 Main Marker" [stack: 0x000000285d300000,0x000000285d400000] [id=20292]
  0x0000016d0c81a760 ConcurrentGCThread "G1 Conc#0" [stack: 0x000000285d400000,0x000000285d500000] [id=29520]
  0x0000016d0c896740 ConcurrentGCThread "G1 Refine#0" [stack: 0x000000285d500000,0x000000285d600000] [id=21836]
  0x0000016d2c468590 ConcurrentGCThread "G1 Refine#1" [stack: 0x000000285f600000,0x000000285f700000] [id=17332]
  0x0000016d0c897240 ConcurrentGCThread "G1 Service" [stack: 0x000000285d600000,0x000000285d700000] [id=17100]

Threads with active compile tasks:

VM state: not at safepoint (normal execution)

VM Mutex/Monitor currently owned by a thread: None

Heap address: 0x0000000084000000, size: 1984 MB, Compressed Oops mode: 32-bit
CDS archive(s) mapped at: [0x0000000800000000-0x0000000800bb0000-0x0000000800bb0000), size 12255232, SharedBaseAddress: 0x0000000800000000, ArchiveRelocationMode: 0.
Compressed class space mapped at: 0x0000000800c00000-0x0000000840c00000, reserved size: 1073741824
Narrow klass base: 0x0000000800000000, Narrow klass shift: 3, Narrow klass range: 0x100000000

GC Precious Log:
 CPUs: 8 total, 8 available
 Memory: 7934M
 Large Page Support: Disabled
 NUMA Support: Disabled
 Compressed Oops: Enabled (32-bit)
 Heap Region Size: 1M
 Heap Min Capacity: 8M
 Heap Initial Capacity: 124M
 Heap Max Capacity: 1984M
 Pre-touch: Disabled
 Parallel Workers: 8
 Concurrent Workers: 2
 Concurrent Refinement Workers: 8
 Periodic GC: Disabled

Heap:
 garbage-first heap   total 126976K, used 78828K [0x0000000084000000, 0x0000000100000000)
  region size 1024K, 62 young (63488K), 6 survivors (6144K)
 Metaspace       used 16013K, committed 16256K, reserved 1064960K
  class space    used 1794K, committed 1920K, reserved 1048576K

Heap Regions: E=young(eden), S=young(survivor), O=old, HS=humongous(starts), HC=humongous(continues), CS=collection set, F=free, OA=open archive, CA=closed archive, TAMS=top-at-mark-start (previous, next)
|   0|0x0000000084000000, 0x0000000084100000, 0x0000000084100000|100%|HS|  |TAMS 0x0000000084000000, 0x0000000084000000| Complete 
|   1|0x0000000084100000, 0x0000000084200000, 0x0000000084200000|100%|HC|  |TAMS 0x0000000084100000, 0x0000000084100000| Complete 
|   2|0x0000000084200000, 0x0000000084300000, 0x0000000084300000|100%|HC|  |TAMS 0x0000000084200000, 0x0000000084200000| Complete 
|   3|0x0000000084300000, 0x0000000084400000, 0x0000000084400000|100%|HC|  |TAMS 0x0000000084300000, 0x0000000084300000| Complete 
|   4|0x0000000084400000, 0x0000000084500000, 0x0000000084500000|100%|HC|  |TAMS 0x0000000084400000, 0x0000000084400000| Complete 
|   5|0x0000000084500000, 0x0000000084600000, 0x0000000084600000|100%| O|  |TAMS 0x0000000084500000, 0x0000000084500000| Untracked 
|   6|0x0000000084600000, 0x0000000084700000, 0x0000000084700000|100%| O|  |TAMS 0x0000000084600000, 0x0000000084600000| Untracked 
|   7|0x0000000084700000, 0x0000000084800000, 0x0000000084800000|100%|HS|  |TAMS 0x0000000084700000, 0x0000000084700000| Complete 
|   8|0x0000000084800000, 0x0000000084900000, 0x0000000084900000|100%|HC|  |TAMS 0x0000000084800000, 0x0000000084800000| Complete 
|   9|0x0000000084900000, 0x0000000084a00000, 0x0000000084a00000|100%|HC|  |TAMS 0x0000000084900000, 0x0000000084900000| Complete 
|  10|0x0000000084a00000, 0x0000000084b00000, 0x0000000084b00000|100%|HC|  |TAMS 0x0000000084a00000, 0x0000000084a00000| Complete 
|  11|0x0000000084b00000, 0x0000000084c00000, 0x0000000084c00000|100%|HC|  |TAMS 0x0000000084b00000, 0x0000000084b00000| Complete 
|  12|0x0000000084c00000, 0x0000000084d00000, 0x0000000084d00000|100%|HC|  |TAMS 0x0000000084c00000, 0x0000000084c00000| Complete 
|  13|0x0000000084d00000, 0x0000000084e00000, 0x0000000084e00000|100%|HC|  |TAMS 0x0000000084d00000, 0x0000000084d00000| Complete 
|  14|0x0000000084e00000, 0x0000000084f00000, 0x0000000084f00000|100%| O|  |TAMS 0x0000000084e00000, 0x0000000084e00000| Untracked 
|  15|0x0000000084f00000, 0x0000000085000000, 0x0000000085000000|100%| O|  |TAMS 0x0000000084f00000, 0x0000000084f00000| Untracked 
|  16|0x0000000085000000, 0x00000000850bc400, 0x0000000085100000| 73%| O|  |TAMS 0x0000000085000000, 0x0000000085000000| Untracked 
|  17|0x0000000085100000, 0x0000000085100000, 0x0000000085200000|  0%| F|  |TAMS 0x0000000085100000, 0x0000000085100000| Untracked 
|  18|0x0000000085200000, 0x0000000085200000, 0x0000000085300000|  0%| F|  |TAMS 0x0000000085200000, 0x0000000085200000| Untracked 
|  19|0x0000000085300000, 0x0000000085300000, 0x0000000085400000|  0%| F|  |TAMS 0x0000000085300000, 0x0000000085300000| Untracked 
|  20|0x0000000085400000, 0x0000000085400000, 0x0000000085500000|  0%| F|  |TAMS 0x0000000085400000, 0x0000000085400000| Untracked 
|  21|0x0000000085500000, 0x0000000085500000, 0x0000000085600000|  0%| F|  |TAMS 0x0000000085500000, 0x0000000085500000| Untracked 
|  22|0x0000000085600000, 0x0000000085600000, 0x0000000085700000|  0%| F|  |TAMS 0x0000000085600000, 0x0000000085600000| Untracked 
|  23|0x0000000085700000, 0x0000000085700000, 0x0000000085800000|  0%| F|  |TAMS 0x0000000085700000, 0x0000000085700000| Untracked 
|  24|0x0000000085800000, 0x0000000085800000, 0x0000000085900000|  0%| F|  |TAMS 0x0000000085800000, 0x0000000085800000| Untracked 
|  25|0x0000000085900000, 0x0000000085900000, 0x0000000085a00000|  0%| F|  |TAMS 0x0000000085900000, 0x0000000085900000| Untracked 
|  26|0x0000000085a00000, 0x0000000085a00000, 0x0000000085b00000|  0%| F|  |TAMS 0x0000000085a00000, 0x0000000085a00000| Untracked 
|  27|0x0000000085b00000, 0x0000000085b00000, 0x0000000085c00000|  0%| F|  |TAMS 0x0000000085b00000, 0x0000000085b00000| Untracked 
|  28|0x0000000085c00000, 0x0000000085c00000, 0x0000000085d00000|  0%| F|  |TAMS 0x0000000085c00000, 0x0000000085c00000| Untracked 
|  29|0x0000000085d00000, 0x0000000085d00000, 0x0000000085e00000|  0%| F|  |TAMS 0x0000000085d00000, 0x0000000085d00000| Untracked 
|  30|0x0000000085e00000, 0x0000000085e00000, 0x0000000085f00000|  0%| F|  |TAMS 0x0000000085e00000, 0x0000000085e00000| Untracked 
|  31|0x0000000085f00000, 0x0000000085f00000, 0x0000000086000000|  0%| F|  |TAMS 0x0000000085f00000, 0x0000000085f00000| Untracked 
|  32|0x0000000086000000, 0x0000000086000000, 0x0000000086100000|  0%| F|  |TAMS 0x0000000086000000, 0x0000000086000000| Untracked 
|  33|0x0000000086100000, 0x0000000086100000, 0x0000000086200000|  0%| F|  |TAMS 0x0000000086100000, 0x0000000086100000| Untracked 
|  34|0x0000000086200000, 0x0000000086200000, 0x0000000086300000|  0%| F|  |TAMS 0x0000000086200000, 0x0000000086200000| Untracked 
|  35|0x0000000086300000, 0x0000000086300000, 0x0000000086400000|  0%| F|  |TAMS 0x0000000086300000, 0x0000000086300000| Untracked 
|  36|0x0000000086400000, 0x0000000086400000, 0x0000000086500000|  0%| F|  |TAMS 0x0000000086400000, 0x0000000086400000| Untracked 
|  37|0x0000000086500000, 0x0000000086500000, 0x0000000086600000|  0%| F|  |TAMS 0x0000000086500000, 0x0000000086500000| Untracked 
|  38|0x0000000086600000, 0x0000000086600000, 0x0000000086700000|  0%| F|  |TAMS 0x0000000086600000, 0x0000000086600000| Untracked 
|  39|0x0000000086700000, 0x0000000086700000, 0x0000000086800000|  0%| F|  |TAMS 0x0000000086700000, 0x0000000086700000| Untracked 
|  40|0x0000000086800000, 0x0000000086800000, 0x0000000086900000|  0%| F|  |TAMS 0x0000000086800000, 0x0000000086800000| Untracked 
|  41|0x0000000086900000, 0x0000000086900000, 0x0000000086a00000|  0%| F|  |TAMS 0x0000000086900000, 0x0000000086900000| Untracked 
|  42|0x0000000086a00000, 0x0000000086a00000, 0x0000000086b00000|  0%| F|  |TAMS 0x0000000086a00000, 0x0000000086a00000| Untracked 
|  43|0x0000000086b00000, 0x0000000086b00000, 0x0000000086c00000|  0%| F|  |TAMS 0x0000000086b00000, 0x0000000086b00000| Untracked 
|  44|0x0000000086c00000, 0x0000000086c00000, 0x0000000086d00000|  0%| F|  |TAMS 0x0000000086c00000, 0x0000000086c00000| Untracked 
|  45|0x0000000086d00000, 0x0000000086d00000, 0x0000000086e00000|  0%| F|  |TAMS 0x0000000086d00000, 0x0000000086d00000| Untracked 
|  46|0x0000000086e00000, 0x0000000086e00000, 0x0000000086f00000|  0%| F|  |TAMS 0x0000000086e00000, 0x0000000086e00000| Untracked 
|  47|0x0000000086f00000, 0x0000000086f00000, 0x0000000087000000|  0%| F|  |TAMS 0x0000000086f00000, 0x0000000086f00000| Untracked 
|  48|0x0000000087000000, 0x0000000087000000, 0x0000000087100000|  0%| F|  |TAMS 0x0000000087000000, 0x0000000087000000| Untracked 
|  49|0x0000000087100000, 0x0000000087100000, 0x0000000087200000|  0%| F|  |TAMS 0x0000000087100000, 0x0000000087100000| Untracked 
|  50|0x0000000087200000, 0x000000008723eff0, 0x0000000087300000| 24%| S|CS|TAMS 0x0000000087200000, 0x0000000087200000| Complete 
|  51|0x0000000087300000, 0x0000000087400000, 0x0000000087400000|100%| S|CS|TAMS 0x0000000087300000, 0x0000000087300000| Complete 
|  52|0x0000000087400000, 0x0000000087500000, 0x0000000087500000|100%| S|CS|TAMS 0x0000000087400000, 0x0000000087400000| Complete 
|  53|0x0000000087500000, 0x0000000087600000, 0x0000000087600000|100%| S|CS|TAMS 0x0000000087500000, 0x0000000087500000| Complete 
|  54|0x0000000087600000, 0x0000000087700000, 0x0000000087700000|100%| S|CS|TAMS 0x0000000087600000, 0x0000000087600000| Complete 
|  55|0x0000000087700000, 0x0000000087800000, 0x0000000087800000|100%| S|CS|TAMS 0x0000000087700000, 0x0000000087700000| Complete 
|  56|0x0000000087800000, 0x0000000087800000, 0x0000000087900000|  0%| F|  |TAMS 0x0000000087800000, 0x0000000087800000| Untracked 
|  57|0x0000000087900000, 0x0000000087900000, 0x0000000087a00000|  0%| F|  |TAMS 0x0000000087900000, 0x0000000087900000| Untracked 
|  58|0x0000000087a00000, 0x0000000087a00000, 0x0000000087b00000|  0%| F|  |TAMS 0x0000000087a00000, 0x0000000087a00000| Untracked 
|  59|0x0000000087b00000, 0x0000000087b00000, 0x0000000087c00000|  0%| F|  |TAMS 0x0000000087b00000, 0x0000000087b00000| Untracked 
|  60|0x0000000087c00000, 0x0000000087c00000, 0x0000000087d00000|  0%| F|  |TAMS 0x0000000087c00000, 0x0000000087c00000| Untracked 
|  61|0x0000000087d00000, 0x0000000087d00000, 0x0000000087e00000|  0%| F|  |TAMS 0x0000000087d00000, 0x0000000087d00000| Untracked 
|  62|0x0000000087e00000, 0x0000000087e00000, 0x0000000087f00000|  0%| F|  |TAMS 0x0000000087e00000, 0x0000000087e00000| Untracked 
|  63|0x0000000087f00000, 0x0000000087f00000, 0x0000000088000000|  0%| F|  |TAMS 0x0000000087f00000, 0x0000000087f00000| Untracked 
|  64|0x0000000088000000, 0x0000000088000000, 0x0000000088100000|  0%| F|  |TAMS 0x0000000088000000, 0x0000000088000000| Untracked 
|  65|0x0000000088100000, 0x0000000088100000, 0x0000000088200000|  0%| F|  |TAMS 0x0000000088100000, 0x0000000088100000| Untracked 
|  66|0x0000000088200000, 0x0000000088200000, 0x0000000088300000|  0%| F|  |TAMS 0x0000000088200000, 0x0000000088200000| Untracked 
|  67|0x0000000088300000, 0x0000000088300000, 0x0000000088400000|  0%| F|  |TAMS 0x0000000088300000, 0x0000000088300000| Untracked 
|  68|0x0000000088400000, 0x0000000088480800, 0x0000000088500000| 50%| E|  |TAMS 0x0000000088400000, 0x0000000088400000| Complete 
|  69|0x0000000088500000, 0x0000000088600000, 0x0000000088600000|100%| E|CS|TAMS 0x0000000088500000, 0x0000000088500000| Complete 
|  70|0x0000000088600000, 0x0000000088700000, 0x0000000088700000|100%| E|CS|TAMS 0x0000000088600000, 0x0000000088600000| Complete 
|  71|0x0000000088700000, 0x0000000088800000, 0x0000000088800000|100%| E|CS|TAMS 0x0000000088700000, 0x0000000088700000| Complete 
|  72|0x0000000088800000, 0x0000000088900000, 0x0000000088900000|100%| E|CS|TAMS 0x0000000088800000, 0x0000000088800000| Complete 
|  73|0x0000000088900000, 0x0000000088a00000, 0x0000000088a00000|100%| E|CS|TAMS 0x0000000088900000, 0x0000000088900000| Complete 
|  74|0x0000000088a00000, 0x0000000088b00000, 0x0000000088b00000|100%| E|CS|TAMS 0x0000000088a00000, 0x0000000088a00000| Complete 
|  75|0x0000000088b00000, 0x0000000088c00000, 0x0000000088c00000|100%| E|CS|TAMS 0x0000000088b00000, 0x0000000088b00000| Complete 
|  76|0x0000000088c00000, 0x0000000088d00000, 0x0000000088d00000|100%| E|CS|TAMS 0x0000000088c00000, 0x0000000088c00000| Complete 
|  77|0x0000000088d00000, 0x0000000088e00000, 0x0000000088e00000|100%| E|CS|TAMS 0x0000000088d00000, 0x0000000088d00000| Complete 
|  78|0x0000000088e00000, 0x0000000088f00000, 0x0000000088f00000|100%| E|CS|TAMS 0x0000000088e00000, 0x0000000088e00000| Complete 
|  79|0x0000000088f00000, 0x0000000089000000, 0x0000000089000000|100%| E|CS|TAMS 0x0000000088f00000, 0x0000000088f00000| Complete 
|  80|0x0000000089000000, 0x0000000089100000, 0x0000000089100000|100%| E|CS|TAMS 0x0000000089000000, 0x0000000089000000| Complete 
|  81|0x0000000089100000, 0x0000000089200000, 0x0000000089200000|100%| E|CS|TAMS 0x0000000089100000, 0x0000000089100000| Complete 
|  82|0x0000000089200000, 0x0000000089300000, 0x0000000089300000|100%| E|CS|TAMS 0x0000000089200000, 0x0000000089200000| Complete 
|  83|0x0000000089300000, 0x0000000089400000, 0x0000000089400000|100%| E|CS|TAMS 0x0000000089300000, 0x0000000089300000| Complete 
|  84|0x0000000089400000, 0x0000000089500000, 0x0000000089500000|100%| E|CS|TAMS 0x0000000089400000, 0x0000000089400000| Complete 
|  85|0x0000000089500000, 0x0000000089600000, 0x0000000089600000|100%| E|CS|TAMS 0x0000000089500000, 0x0000000089500000| Complete 
|  86|0x0000000089600000, 0x0000000089700000, 0x0000000089700000|100%| E|CS|TAMS 0x0000000089600000, 0x0000000089600000| Complete 
|  87|0x0000000089700000, 0x0000000089800000, 0x0000000089800000|100%| E|CS|TAMS 0x0000000089700000, 0x0000000089700000| Complete 
|  88|0x0000000089800000, 0x0000000089900000, 0x0000000089900000|100%| E|CS|TAMS 0x0000000089800000, 0x0000000089800000| Complete 
|  89|0x0000000089900000, 0x0000000089a00000, 0x0000000089a00000|100%| E|CS|TAMS 0x0000000089900000, 0x0000000089900000| Complete 
|  90|0x0000000089a00000, 0x0000000089b00000, 0x0000000089b00000|100%| E|CS|TAMS 0x0000000089a00000, 0x0000000089a00000| Complete 
|  91|0x0000000089b00000, 0x0000000089c00000, 0x0000000089c00000|100%| E|CS|TAMS 0x0000000089b00000, 0x0000000089b00000| Complete 
|  92|0x0000000089c00000, 0x0000000089d00000, 0x0000000089d00000|100%| E|CS|TAMS 0x0000000089c00000, 0x0000000089c00000| Complete 
|  93|0x0000000089d00000, 0x0000000089e00000, 0x0000000089e00000|100%| E|CS|TAMS 0x0000000089d00000, 0x0000000089d00000| Complete 
|  94|0x0000000089e00000, 0x0000000089f00000, 0x0000000089f00000|100%| E|CS|TAMS 0x0000000089e00000, 0x0000000089e00000| Complete 
|  95|0x0000000089f00000, 0x000000008a000000, 0x000000008a000000|100%| E|CS|TAMS 0x0000000089f00000, 0x0000000089f00000| Complete 
|  96|0x000000008a000000, 0x000000008a100000, 0x000000008a100000|100%| E|CS|TAMS 0x000000008a000000, 0x000000008a000000| Complete 
|  97|0x000000008a100000, 0x000000008a200000, 0x000000008a200000|100%| E|CS|TAMS 0x000000008a100000, 0x000000008a100000| Complete 
|  98|0x000000008a200000, 0x000000008a300000, 0x000000008a300000|100%| E|CS|TAMS 0x000000008a200000, 0x000000008a200000| Complete 
|  99|0x000000008a300000, 0x000000008a400000, 0x000000008a400000|100%| E|CS|TAMS 0x000000008a300000, 0x000000008a300000| Complete 
| 100|0x000000008a400000, 0x000000008a500000, 0x000000008a500000|100%| E|CS|TAMS 0x000000008a400000, 0x000000008a400000| Complete 
| 101|0x000000008a500000, 0x000000008a600000, 0x000000008a600000|100%| E|CS|TAMS 0x000000008a500000, 0x000000008a500000| Complete 
| 102|0x000000008a600000, 0x000000008a700000, 0x000000008a700000|100%| E|CS|TAMS 0x000000008a600000, 0x000000008a600000| Complete 
| 103|0x000000008a700000, 0x000000008a800000, 0x000000008a800000|100%| E|CS|TAMS 0x000000008a700000, 0x000000008a700000| Complete 
| 104|0x000000008a800000, 0x000000008a900000, 0x000000008a900000|100%| E|CS|TAMS 0x000000008a800000, 0x000000008a800000| Complete 
| 105|0x000000008a900000, 0x000000008aa00000, 0x000000008aa00000|100%| E|CS|TAMS 0x000000008a900000, 0x000000008a900000| Complete 
| 106|0x000000008aa00000, 0x000000008ab00000, 0x000000008ab00000|100%| E|CS|TAMS 0x000000008aa00000, 0x000000008aa00000| Complete 
| 107|0x000000008ab00000, 0x000000008ac00000, 0x000000008ac00000|100%| E|CS|TAMS 0x000000008ab00000, 0x000000008ab00000| Complete 
| 108|0x000000008ac00000, 0x000000008ad00000, 0x000000008ad00000|100%| E|CS|TAMS 0x000000008ac00000, 0x000000008ac00000| Complete 
| 109|0x000000008ad00000, 0x000000008ae00000, 0x000000008ae00000|100%| E|CS|TAMS 0x000000008ad00000, 0x000000008ad00000| Complete 
| 110|0x000000008ae00000, 0x000000008af00000, 0x000000008af00000|100%| E|CS|TAMS 0x000000008ae00000, 0x000000008ae00000| Complete 
| 111|0x000000008af00000, 0x000000008b000000, 0x000000008b000000|100%| E|CS|TAMS 0x000000008af00000, 0x000000008af00000| Complete 
| 112|0x000000008b000000, 0x000000008b100000, 0x000000008b100000|100%| E|CS|TAMS 0x000000008b000000, 0x000000008b000000| Complete 
| 113|0x000000008b100000, 0x000000008b200000, 0x000000008b200000|100%| E|CS|TAMS 0x000000008b100000, 0x000000008b100000| Complete 
| 114|0x000000008b200000, 0x000000008b300000, 0x000000008b300000|100%| E|CS|TAMS 0x000000008b200000, 0x000000008b200000| Complete 
| 115|0x000000008b300000, 0x000000008b400000, 0x000000008b400000|100%| E|CS|TAMS 0x000000008b300000, 0x000000008b300000| Complete 
| 116|0x000000008b400000, 0x000000008b500000, 0x000000008b500000|100%| E|CS|TAMS 0x000000008b400000, 0x000000008b400000| Complete 
| 117|0x000000008b500000, 0x000000008b600000, 0x000000008b600000|100%| E|CS|TAMS 0x000000008b500000, 0x000000008b500000| Complete 
| 118|0x000000008b600000, 0x000000008b700000, 0x000000008b700000|100%| E|CS|TAMS 0x000000008b600000, 0x000000008b600000| Complete 
| 119|0x000000008b700000, 0x000000008b800000, 0x000000008b800000|100%| E|CS|TAMS 0x000000008b700000, 0x000000008b700000| Complete 
| 120|0x000000008b800000, 0x000000008b900000, 0x000000008b900000|100%| E|CS|TAMS 0x000000008b800000, 0x000000008b800000| Complete 
| 121|0x000000008b900000, 0x000000008ba00000, 0x000000008ba00000|100%| E|CS|TAMS 0x000000008b900000, 0x000000008b900000| Complete 
| 122|0x000000008ba00000, 0x000000008bb00000, 0x000000008bb00000|100%| E|CS|TAMS 0x000000008ba00000, 0x000000008ba00000| Complete 
| 123|0x000000008bb00000, 0x000000008bc00000, 0x000000008bc00000|100%| E|CS|TAMS 0x000000008bb00000, 0x000000008bb00000| Complete 

Card table byte_map: [0x0000016d23650000,0x0000016d23a30000] _byte_map_base: 0x0000016d23230000

Marking Bits (Prev, Next): (CMBitMap*) 0x0000016d0c808610, (CMBitMap*) 0x0000016d0c808650
 Prev Bits: [0x0000016d23e10000, 0x0000016d25d10000)
 Next Bits: [0x0000016d25d10000, 0x0000016d27c10000)

Polling page: 0x0000016d0a7f0000

Metaspace:

Usage:
  Non-class:     13.89 MB used.
      Class:      1.75 MB used.
       Both:     15.64 MB used.

Virtual space:
  Non-class space:       16.00 MB reserved,      14.00 MB ( 88%) committed,  2 nodes.
      Class space:        1.00 GB reserved,       1.88 MB ( <1%) committed,  1 nodes.
              Both:        1.02 GB reserved,      15.88 MB (  2%) committed. 

Chunk freelists:
   Non-Class:  1.96 MB
       Class:  2.11 MB
        Both:  4.06 MB

MaxMetaspaceSize: 17179869184.00 GB
CompressedClassSpaceSize: 1.00 GB
 - commit_granule_bytes: 65536.
 - commit_granule_words: 8192.
 - virtual_space_node_default_size: 1048576.
 - enlarge_chunks_in_place: 1.
 - new_chunks_are_fully_committed: 0.
 - uncommit_free_chunks: 1.
 - use_allocation_guard: 0.
 - handle_deallocations: 1.


Internal statistics:

num_allocs_failed_limit: 0.
num_arena_births: 130.
num_arena_deaths: 0.
num_vsnodes_births: 3.
num_vsnodes_deaths: 0.
num_space_committed: 254.
num_space_uncommitted: 0.
num_chunks_returned_to_freelist: 0.
num_chunks_taken_from_freelist: 228.
num_chunk_merges: 0.
num_chunk_splits: 122.
num_chunks_enlarged: 63.
num_purges: 0.

CodeHeap 'non-profiled nmethods': size=120000Kb used=1287Kb max_used=1287Kb free=118712Kb
 bounds [0x0000016d1ba10000, 0x0000016d1bc80000, 0x0000016d22f40000]
CodeHeap 'profiled nmethods': size=120000Kb used=5276Kb max_used=5276Kb free=114723Kb
 bounds [0x0000016d144e0000, 0x0000016d14a10000, 0x0000016d1ba10000]
CodeHeap 'non-nmethods': size=5760Kb used=1376Kb max_used=1416Kb free=4383Kb
 bounds [0x0000016d13f40000, 0x0000016d141b0000, 0x0000016d144e0000]
 total_blobs=3334 nmethods=2631 adapters=614
 compilation: enabled
              stopped_count=0, restarted_count=0
 full_count=0

Compilation events (20 events):
Event: 40.347 Thread 0x0000016d2a5f7c00 2623       1       javax.swing.JOptionPane::getUIClassID (4 bytes)
Event: 40.347 Thread 0x0000016d2a5f7c00 nmethod 2623 0x0000016d1bb51190 code [0x0000016d1bb51320, 0x0000016d1bb513f8]
Event: 40.355 Thread 0x0000016d2a5f7c00 2624       3       javax.swing.JComponent::getMinimumSize (43 bytes)
Event: 40.356 Thread 0x0000016d2a5f7c00 nmethod 2624 0x0000016d14a00810 code [0x0000016d14a00a00, 0x0000016d14a00fc8]
Event: 40.356 Thread 0x0000016d2a5f7c00 2625       3       javax.swing.plaf.synth.SynthButtonUI::getEnabledIcon (13 bytes)
Event: 40.357 Thread 0x0000016d2a5f7c00 nmethod 2625 0x0000016d14a01110 code [0x0000016d14a01480, 0x0000016d14a02b58]
Event: 40.357 Thread 0x0000016d2a5f7c00 2626       3       java.util.ArrayList::isEmpty (13 bytes)
Event: 40.357 Thread 0x0000016d2a5f7c00 nmethod 2626 0x0000016d14a03290 code [0x0000016d14a03420, 0x0000016d14a03598]
Event: 40.369 Thread 0x0000016d2a5f7c00 2628       3       sun.util.locale.ParseStatus::isError (13 bytes)
Event: 40.369 Thread 0x0000016d2a5f7c00 nmethod 2628 0x0000016d14a03610 code [0x0000016d14a037a0, 0x0000016d14a03918]
Event: 40.369 Thread 0x0000016d2a5f7c00 2627       1       sun.util.locale.StringTokenIterator::currentEnd (5 bytes)
Event: 40.369 Thread 0x0000016d2a5f7c00 nmethod 2627 0x0000016d1bb51490 code [0x0000016d1bb51620, 0x0000016d1bb516f8]
Event: 40.385 Thread 0x0000016d2a5f7c00 2629       3       java.awt.geom.RoundRectangle2D$Float::setRoundRect (41 bytes)
Event: 40.386 Thread 0x0000016d2a5f7c00 nmethod 2629 0x0000016d14a03990 code [0x0000016d14a03b20, 0x0000016d14a03c58]
Event: 43.615 Thread 0x0000016d2a5ef100 2630       4       javax.swing.JComponent::getHeight (5 bytes)
Event: 43.615 Thread 0x0000016d2a5f7c00 2631   !   3       java.awt.Container::isParentOf (49 bytes)
Event: 43.615 Thread 0x0000016d2a5ef100 nmethod 2630 0x0000016d1bb51790 code [0x0000016d1bb51900, 0x0000016d1bb51978]
Event: 43.616 Thread 0x0000016d2a5f7c00 nmethod 2631 0x0000016d14a03d10 code [0x0000016d14a03ee0, 0x0000016d14a04488]
Event: 43.616 Thread 0x0000016d2a5f7c00 2632   !   3       java.awt.EventQueue::removeSourceEvents (316 bytes)
Event: 43.616 Thread 0x0000016d2a5ef100 2633       4       javax.swing.plaf.synth.Region::getUItoRegionMap (578 bytes)

GC Heap History (20 events):
Event: 0.976 GC heap before
{Heap before GC invocations=0 (full 0):
 garbage-first heap   total 126976K, used 27648K [0x0000000084000000, 0x0000000100000000)
  region size 1024K, 23 young (23552K), 0 survivors (0K)
 Metaspace       used 13826K, committed 14016K, reserved 1064960K
  class space    used 1616K, committed 1728K, reserved 1048576K
}
Event: 0.981 GC heap after
{Heap after GC invocations=1 (full 0):
 garbage-first heap   total 126976K, used 9228K [0x0000000084000000, 0x0000000100000000)
  region size 1024K, 3 young (3072K), 3 survivors (3072K)
 Metaspace       used 13826K, committed 14016K, reserved 1064960K
  class space    used 1616K, committed 1728K, reserved 1048576K
}
Event: 15.836 GC heap before
{Heap before GC invocations=1 (full 0):
 garbage-first heap   total 126976K, used 44044K [0x0000000084000000, 0x0000000100000000)
  region size 1024K, 30 young (30720K), 3 survivors (3072K)
 Metaspace       used 15172K, committed 15360K, reserved 1064960K
  class space    used 1728K, committed 1856K, reserved 1048576K
}
Event: 15.839 GC heap after
{Heap after GC invocations=2 (full 0):
 garbage-first heap   total 126976K, used 17256K [0x0000000084000000, 0x0000000100000000)
  region size 1024K, 1 young (1024K), 1 survivors (1024K)
 Metaspace       used 15172K, committed 15360K, reserved 1064960K
  class space    used 1728K, committed 1856K, reserved 1048576K
}
Event: 27.122 GC heap before
{Heap before GC invocations=2 (full 0):
 garbage-first heap   total 126976K, used 92008K [0x0000000084000000, 0x0000000100000000)
  region size 1024K, 74 young (75776K), 1 survivors (1024K)
 Metaspace       used 15911K, committed 16128K, reserved 1064960K
  class space    used 1792K, committed 1920K, reserved 1048576K
}
Event: 27.137 GC heap after
{Heap after GC invocations=3 (full 0):
 garbage-first heap   total 126976K, used 21922K [0x0000000084000000, 0x0000000100000000)
  region size 1024K, 6 young (6144K), 6 survivors (6144K)
 Metaspace       used 15911K, committed 16128K, reserved 1064960K
  class space    used 1792K, committed 1920K, reserved 1048576K
}
Event: 29.243 GC heap before
{Heap before GC invocations=3 (full 0):
 garbage-first heap   total 126976K, used 90530K [0x0000000084000000, 0x0000000100000000)
  region size 1024K, 73 young (74752K), 6 survivors (6144K)
 Metaspace       used 15938K, committed 16192K, reserved 1064960K
  class space    used 1793K, committed 1920K, reserved 1048576K
}
Event: 29.259 GC heap after
{Heap after GC invocations=4 (full 0):
 garbage-first heap   total 126976K, used 22279K [0x0000000084000000, 0x0000000100000000)
  region size 1024K, 6 young (6144K), 6 survivors (6144K)
 Metaspace       used 15938K, committed 16192K, reserved 1064960K
  class space    used 1793K, committed 1920K, reserved 1048576K
}
Event: 31.318 GC heap before
{Heap before GC invocations=4 (full 0):
 garbage-first heap   total 126976K, used 91911K [0x0000000084000000, 0x0000000100000000)
  region size 1024K, 74 young (75776K), 6 survivors (6144K)
 Metaspace       used 15940K, committed 16192K, reserved 1064960K
  class space    used 1793K, committed 1920K, reserved 1048576K
}
Event: 31.334 GC heap after
{Heap after GC invocations=5 (full 0):
 garbage-first heap   total 126976K, used 22566K [0x0000000084000000, 0x0000000100000000)
  region size 1024K, 6 young (6144K), 6 survivors (6144K)
 Metaspace       used 15940K, committed 16192K, reserved 1064960K
  class space    used 1793K, committed 1920K, reserved 1048576K
}
Event: 33.407 GC heap before
{Heap before GC invocations=5 (full 0):
 garbage-first heap   total 126976K, used 92198K [0x0000000084000000, 0x0000000100000000)
  region size 1024K, 74 young (75776K), 6 survivors (6144K)
 Metaspace       used 15944K, committed 16192K, reserved 1064960K
  class space    used 1793K, committed 1920K, reserved 1048576K
}
Event: 33.424 GC heap after
{Heap after GC invocations=6 (full 0):
 garbage-first heap   total 126976K, used 22481K [0x0000000084000000, 0x0000000100000000)
  region size 1024K, 6 young (6144K), 6 survivors (6144K)
 Metaspace       used 15944K, committed 16192K, reserved 1064960K
  class space    used 1793K, committed 1920K, reserved 1048576K
}
Event: 35.492 GC heap before
{Heap before GC invocations=6 (full 0):
 garbage-first heap   total 126976K, used 92113K [0x0000000084000000, 0x0000000100000000)
  region size 1024K, 74 young (75776K), 6 survivors (6144K)
 Metaspace       used 15969K, committed 16192K, reserved 1064960K
  class space    used 1794K, committed 1920K, reserved 1048576K
}
Event: 35.508 GC heap after
{Heap after GC invocations=7 (full 0):
 garbage-first heap   total 126976K, used 22366K [0x0000000084000000, 0x0000000100000000)
  region size 1024K, 6 young (6144K), 6 survivors (6144K)
 Metaspace       used 15969K, committed 16192K, reserved 1064960K
  class space    used 1794K, committed 1920K, reserved 1048576K
}
Event: 37.596 GC heap before
{Heap before GC invocations=7 (full 0):
 garbage-first heap   total 126976K, used 91998K [0x0000000084000000, 0x0000000100000000)
  region size 1024K, 74 young (75776K), 6 survivors (6144K)
 Metaspace       used 15980K, committed 16192K, reserved 1064960K
  class space    used 1794K, committed 1920K, reserved 1048576K
}
Event: 37.613 GC heap after
{Heap after GC invocations=8 (full 0):
 garbage-first heap   total 126976K, used 22749K [0x0000000084000000, 0x0000000100000000)
  region size 1024K, 6 young (6144K), 6 survivors (6144K)
 Metaspace       used 15980K, committed 16192K, reserved 1064960K
  class space    used 1794K, committed 1920K, reserved 1048576K
}
Event: 39.723 GC heap before
{Heap before GC invocations=8 (full 0):
 garbage-first heap   total 126976K, used 92381K [0x0000000084000000, 0x0000000100000000)
  region size 1024K, 74 young (75776K), 6 survivors (6144K)
 Metaspace       used 15991K, committed 16192K, reserved 1064960K
  class space    used 1794K, committed 1920K, reserved 1048576K
}
Event: 39.741 GC heap after
{Heap after GC invocations=9 (full 0):
 garbage-first heap   total 126976K, used 22500K [0x0000000084000000, 0x0000000100000000)
  region size 1024K, 6 young (6144K), 6 survivors (6144K)
 Metaspace       used 15991K, committed 16192K, reserved 1064960K
  class space    used 1794K, committed 1920K, reserved 1048576K
}
Event: 41.972 GC heap before
{Heap before GC invocations=9 (full 0):
 garbage-first heap   total 126976K, used 92132K [0x0000000084000000, 0x0000000100000000)
  region size 1024K, 74 young (75776K), 6 survivors (6144K)
 Metaspace       used 16007K, committed 16256K, reserved 1064960K
  class space    used 1794K, committed 1920K, reserved 1048576K
}
Event: 41.987 GC heap after
{Heap after GC invocations=10 (full 0):
 garbage-first heap   total 126976K, used 22508K [0x0000000084000000, 0x0000000100000000)
  region size 1024K, 6 young (6144K), 6 survivors (6144K)
 Metaspace       used 16007K, committed 16256K, reserved 1064960K
  class space    used 1794K, committed 1920K, reserved 1048576K
}

Deoptimization events (20 events):
Event: 35.458 Thread 0x0000016d2b3cb920 DEOPT PACKING pc=0x0000016d1bb2ea60 sp=0x000000285e7fd540
Event: 35.458 Thread 0x0000016d2b3cb920 DEOPT UNPACKING pc=0x0000016d13f8f92e sp=0x000000285e7fd4a8 mode 2
Event: 35.458 Thread 0x0000016d2b3cb920 Uncommon trap: trap_request=0xffffffde fr.pc=0x0000016d1bb331e0 relative=0x0000000000000520
Event: 35.458 Thread 0x0000016d2b3cb920 Uncommon trap: reason=class_check action=maybe_recompile pc=0x0000016d1bb331e0 method=java.lang.Throwable.<init>(Ljava/lang/String;)V @ 24 c2
Event: 35.458 Thread 0x0000016d2b3cb920 DEOPT PACKING pc=0x0000016d1bb331e0 sp=0x000000285e7fd4d0
Event: 35.458 Thread 0x0000016d2b3cb920 DEOPT UNPACKING pc=0x0000016d13f8f92e sp=0x000000285e7fd4a0 mode 2
Event: 35.458 Thread 0x0000016d2b3cb920 Uncommon trap: trap_request=0xffffff45 fr.pc=0x0000016d1bb2ef5c relative=0x000000000000003c
Event: 35.458 Thread 0x0000016d2b3cb920 Uncommon trap: reason=unstable_if action=reinterpret pc=0x0000016d1bb2ef5c method=com.bmjo.hackbug.usb.UsbErrorCodes.getErrCode(I)Ljava/lang/String; @ 1 c2
Event: 35.458 Thread 0x0000016d2b3cb920 DEOPT PACKING pc=0x0000016d1bb2ef5c sp=0x000000285e7fdc70
Event: 35.458 Thread 0x0000016d2b3cb920 DEOPT UNPACKING pc=0x0000016d13f8f92e sp=0x000000285e7fdc10 mode 2
Event: 35.461 Thread 0x0000016d2b3cb920 DEOPT PACKING pc=0x0000016d149c25b2 sp=0x000000285e7fcdf0
Event: 35.461 Thread 0x0000016d2b3cb920 DEOPT UNPACKING pc=0x0000016d13f8e77e sp=0x000000285e7fc268 mode 0
Event: 35.462 Thread 0x0000016d2b3cb920 DEOPT PACKING pc=0x0000016d149c25b2 sp=0x000000285e7fcdf0
Event: 35.462 Thread 0x0000016d2b3cb920 DEOPT UNPACKING pc=0x0000016d13f8e77e sp=0x000000285e7fc268 mode 0
Event: 36.068 Thread 0x0000016d2b3cb920 DEOPT PACKING pc=0x0000016d147cd489 sp=0x000000285e7fce10
Event: 36.068 Thread 0x0000016d2b3cb920 DEOPT UNPACKING pc=0x0000016d13f8e77e sp=0x000000285e7fc2f0 mode 0
Event: 38.157 Thread 0x0000016d2b3cb920 DEOPT PACKING pc=0x0000016d149bda45 sp=0x000000285e7fd4b0
Event: 38.157 Thread 0x0000016d2b3cb920 DEOPT UNPACKING pc=0x0000016d13f8e77e sp=0x000000285e7fc8f0 mode 0
Event: 38.376 Thread 0x0000016d2b3cb920 DEOPT PACKING pc=0x0000016d149bda45 sp=0x000000285e7faec0
Event: 38.376 Thread 0x0000016d2b3cb920 DEOPT UNPACKING pc=0x0000016d13f8e77e sp=0x000000285e7fa300 mode 0

Classes unloaded (0 events):
No events

Classes redefined (0 events):
No events

Internal exceptions (20 events):
Event: 1.186 Thread 0x0000016d2b3cb920 Implicit null exception at 0x0000016d1ba97e4c to 0x0000016d1ba98396
Event: 1.187 Thread 0x0000016d2b3cb920 Implicit null exception at 0x0000016d1ba925ad to 0x0000016d1ba92c40
Event: 1.187 Thread 0x0000016d2b3cb920 Implicit null exception at 0x0000016d1ba97e4c to 0x0000016d1ba98396
Event: 1.187 Thread 0x0000016d2b3cb920 Implicit null exception at 0x0000016d1ba925ad to 0x0000016d1ba92c40
Event: 1.187 Thread 0x0000016d2b3cb920 Implicit null exception at 0x0000016d1ba97e4c to 0x0000016d1ba98396
Event: 17.701 Thread 0x0000016d2b3cb920 Exception <a 'java/lang/NullPointerException'{0x000000008ba1dcf8}> (0x000000008ba1dcf8) 
thrown [t:\workspace\open\src\hotspot\share\interpreter\linkResolver.cpp, line 1385]
Event: 23.172 Thread 0x0000016d2b3cb920 Exception <a 'java/lang/NoSuchMethodError'{0x000000008b754980}: 'int java.lang.invoke.DirectMethodHandle$Holder.invokeStatic(java.lang.Object)'> (0x000000008b754980) 
thrown [t:\workspace\open\src\hotspot\share\interpreter\linkResolver.cpp, line 790]
Event: 24.970 Thread 0x0000016d2b3cb920 Exception <a 'java/lang/NullPointerException'{0x000000008b7d40a8}> (0x000000008b7d40a8) 
thrown [t:\workspace\open\src\hotspot\share\interpreter\linkResolver.cpp, line 1385]
Event: 35.458 Thread 0x0000016d2b3cb920 Exception <a 'java/lang/ClassCastException'{0x0000000087db74b0}: class javax.swing.JTextField cannot be cast to class javax.swing.JPanel (javax.swing.JTextField and javax.swing.JPanel are in module java.desktop of loader 'bootstrap')> (0x0000000087db74b0) 
thrown [t:\workspace\open\src\hotspot\share\interpreter\interpreterRuntime.cpp, line 441]
Event: 35.458 Thread 0x0000016d2b3cb920 Exception <a 'java/lang/ClassCastException'{0x0000000087db7af8}: class javax.swing.JTextField cannot be cast to class javax.swing.JPanel (javax.swing.JTextField and javax.swing.JPanel are in module java.desktop of loader 'bootstrap')> (0x0000000087db7af8) 
thrown [t:\workspace\open\src\hotspot\share\interpreter\interpreterRuntime.cpp, line 441]
Event: 35.458 Thread 0x0000016d2b3cb920 Exception <a 'java/lang/ClassCastException'{0x0000000087db8140}: class javax.swing.JTextField cannot be cast to class javax.swing.JPanel (javax.swing.JTextField and javax.swing.JPanel are in module java.desktop of loader 'bootstrap')> (0x0000000087db8140) 
thrown [t:\workspace\open\src\hotspot\share\interpreter\interpreterRuntime.cpp, line 441]
Event: 35.458 Thread 0x0000016d2b3cb920 Exception <a 'java/lang/ClassCastException'{0x0000000087db8788}: class javax.swing.JTextField cannot be cast to class javax.swing.JPanel (javax.swing.JTextField and javax.swing.JPanel are in module java.desktop of loader 'bootstrap')> (0x0000000087db8788) 
thrown [t:\workspace\open\src\hotspot\share\interpreter\interpreterRuntime.cpp, line 441]
Event: 35.458 Thread 0x0000016d2b3cb920 Exception <a 'java/lang/ClassCastException'{0x0000000087db8dd0}: class javax.swing.JTextField cannot be cast to class javax.swing.JPanel (javax.swing.JTextField and javax.swing.JPanel are in module java.desktop of loader 'bootstrap')> (0x0000000087db8dd0) 
thrown [t:\workspace\open\src\hotspot\share\interpreter\interpreterRuntime.cpp, line 441]
Event: 35.458 Thread 0x0000016d2b3cb920 Exception <a 'java/lang/ClassCastException'{0x0000000087db9418}: class javax.swing.JTextField cannot be cast to class javax.swing.JPanel (javax.swing.JTextField and javax.swing.JPanel are in module java.desktop of loader 'bootstrap')> (0x0000000087db9418) 
thrown [t:\workspace\open\src\hotspot\share\interpreter\interpreterRuntime.cpp, line 441]
Event: 35.458 Thread 0x0000016d2b3cb920 Exception <a 'java/lang/ClassCastException'{0x0000000087db9a60}: class javax.swing.JButton cannot be cast to class javax.swing.JPanel (javax.swing.JButton and javax.swing.JPanel are in module java.desktop of loader 'bootstrap')> (0x0000000087db9a60) 
thrown [t:\workspace\open\src\hotspot\share\interpreter\interpreterRuntime.cpp, line 441]
Event: 35.458 Thread 0x0000016d2b3cb920 Exception <a 'java/lang/ClassCastException'{0x0000000087dba0a8}: class javax.swing.JButton cannot be cast to class javax.swing.JPanel (javax.swing.JButton and javax.swing.JPanel are in module java.desktop of loader 'bootstrap')> (0x0000000087dba0a8) 
thrown [t:\workspace\open\src\hotspot\share\interpreter\interpreterRuntime.cpp, line 441]
Event: 35.458 Thread 0x0000016d2b3cb920 Exception <a 'java/lang/ClassCastException'{0x0000000087dba6f0}: class javax.swing.JButton cannot be cast to class javax.swing.JPanel (javax.swing.JButton and javax.swing.JPanel are in module java.desktop of loader 'bootstrap')> (0x0000000087dba6f0) 
thrown [t:\workspace\open\src\hotspot\share\interpreter\interpreterRuntime.cpp, line 441]
Event: 35.458 Thread 0x0000016d2b3cb920 Exception <a 'java/lang/ClassCastException'{0x0000000087dbad38}: class javax.swing.JButton cannot be cast to class javax.swing.JPanel (javax.swing.JButton and javax.swing.JPanel are in module java.desktop of loader 'bootstrap')> (0x0000000087dbad38) 
thrown [t:\workspace\open\src\hotspot\share\interpreter\interpreterRuntime.cpp, line 441]
Event: 35.458 Thread 0x0000016d2b3cb920 Exception <a 'java/lang/ClassCastException'{0x0000000087dbb380}: class javax.swing.JButton cannot be cast to class javax.swing.JPanel (javax.swing.JButton and javax.swing.JPanel are in module java.desktop of loader 'bootstrap')> (0x0000000087dbb380) 
thrown [t:\workspace\open\src\hotspot\share\interpreter\interpreterRuntime.cpp, line 441]
Event: 35.458 Thread 0x0000016d2b3cb920 Exception <a 'java/lang/ClassCastException'{0x0000000087dbb9c8}: class javax.swing.JButton cannot be cast to class javax.swing.JPanel (javax.swing.JButton and javax.swing.JPanel are in module java.desktop of loader 'bootstrap')> (0x0000000087dbb9c8) 
thrown [t:\workspace\open\src\hotspot\share\interpreter\interpreterRuntime.cpp, line 441]

Events (20 events):
Event: 34.430 Executing  VM operation: Cleanup
Event: 34.430 Executing  VM operation: Cleanup done
Event: 35.443 Executing  VM operation: Cleanup
Event: 35.443 Executing  VM operation: Cleanup done
Event: 35.491 Executing  VM operation: G1CollectForAllocation
Event: 35.509 Executing  VM operation: G1CollectForAllocation done
Event: 36.517 Executing  VM operation: Cleanup
Event: 36.517 Executing  VM operation: Cleanup done
Event: 37.526 Executing  VM operation: Cleanup
Event: 37.526 Executing  VM operation: Cleanup done
Event: 37.596 Executing  VM operation: G1CollectForAllocation
Event: 37.613 Executing  VM operation: G1CollectForAllocation done
Event: 38.615 Executing  VM operation: Cleanup
Event: 38.616 Executing  VM operation: Cleanup done
Event: 39.723 Executing  VM operation: G1CollectForAllocation
Event: 39.741 Executing  VM operation: G1CollectForAllocation done
Event: 41.752 Executing  VM operation: Cleanup
Event: 41.752 Executing  VM operation: Cleanup done
Event: 41.972 Executing  VM operation: G1CollectForAllocation
Event: 41.987 Executing  VM operation: G1CollectForAllocation done


Dynamic libraries:
0x00007ff68c440000 - 0x00007ff68c450000 	C:\Program Files\Java\jdk-16\bin\java.exe
0x00007ffd344b0000 - 0x00007ffd346a5000 	C:\Windows\SYSTEM32\ntdll.dll
0x00007ffd32630000 - 0x00007ffd326ed000 	C:\Windows\System32\KERNEL32.DLL
0x00007ffd31f80000 - 0x00007ffd32248000 	C:\Windows\System32\KERNELBASE.dll
0x00007ffd32310000 - 0x00007ffd32410000 	C:\Windows\System32\ucrtbase.dll
0x00007ffd20b00000 - 0x00007ffd20b18000 	C:\Program Files\Java\jdk-16\bin\jli.dll
0x00007ffd2d2b0000 - 0x00007ffd2d2c9000 	C:\Program Files\Java\jdk-16\bin\VCRUNTIME140.dll
0x00007ffd32f40000 - 0x00007ffd32fec000 	C:\Windows\System32\ADVAPI32.dll
0x00007ffd32d00000 - 0x00007ffd32d9e000 	C:\Windows\System32\msvcrt.dll
0x00007ffd32950000 - 0x00007ffd329eb000 	C:\Windows\System32\sechost.dll
0x00007ffd32ac0000 - 0x00007ffd32beb000 	C:\Windows\System32\RPCRT4.dll
0x00007ffd32da0000 - 0x00007ffd32f40000 	C:\Windows\System32\USER32.dll
0x00007ffd31eb0000 - 0x00007ffd31ed2000 	C:\Windows\System32\win32u.dll
0x00007ffd33b60000 - 0x00007ffd33b8a000 	C:\Windows\System32\GDI32.dll
0x00007ffd1a9e0000 - 0x00007ffd1ac7a000 	C:\Windows\WinSxS\amd64_microsoft.windows.common-controls_6595b64144ccf1df_6.0.19041.1052_none_60b8f8fd71f5e8cb\COMCTL32.dll
0x00007ffd32410000 - 0x00007ffd3251b000 	C:\Windows\System32\gdi32full.dll
0x00007ffd31ee0000 - 0x00007ffd31f7d000 	C:\Windows\System32\msvcp_win.dll
0x00007ffd2aa40000 - 0x00007ffd2aa4a000 	C:\Windows\SYSTEM32\VERSION.dll
0x00007ffd32bf0000 - 0x00007ffd32c20000 	C:\Windows\System32\IMM32.DLL
0x00007ffd2d560000 - 0x00007ffd2d56c000 	C:\Program Files\Java\jdk-16\bin\vcruntime140_1.dll
0x00007ffd01da0000 - 0x00007ffd01e31000 	C:\Program Files\Java\jdk-16\bin\msvcp140.dll
0x00007ffcf04c0000 - 0x00007ffcf106b000 	C:\Program Files\Java\jdk-16\bin\server\jvm.dll
0x00007ffd33360000 - 0x00007ffd33368000 	C:\Windows\System32\PSAPI.DLL
0x00007ffd21f00000 - 0x00007ffd21f27000 	C:\Windows\SYSTEM32\WINMM.dll
0x00007ffd1fc00000 - 0x00007ffd1fc09000 	C:\Windows\SYSTEM32\WSOCK32.dll
0x00007ffd33370000 - 0x00007ffd333db000 	C:\Windows\System32\WS2_32.dll
0x00007ffd30480000 - 0x00007ffd30492000 	C:\Windows\SYSTEM32\kernel.appcore.dll
0x00007ffd2d350000 - 0x00007ffd2d35a000 	C:\Program Files\Java\jdk-16\bin\jimage.dll
0x00007ffd2fa00000 - 0x00007ffd2fbe4000 	C:\Windows\SYSTEM32\DBGHELP.DLL
0x00007ffd1a4f0000 - 0x00007ffd1a51c000 	C:\Windows\SYSTEM32\dbgcore.DLL
0x00007ffd32280000 - 0x00007ffd32303000 	C:\Windows\System32\bcryptPrimitives.dll
0x00007ffd2bd30000 - 0x00007ffd2bd55000 	C:\Program Files\Java\jdk-16\bin\java.dll
0x00007ffd33ca0000 - 0x00007ffd343df000 	C:\Windows\System32\SHELL32.dll
0x00007ffd2fce0000 - 0x00007ffd30470000 	C:\Windows\SYSTEM32\windows.storage.dll
0x00007ffd33000000 - 0x00007ffd33355000 	C:\Windows\System32\combase.dll
0x00007ffd31590000 - 0x00007ffd315bc000 	C:\Windows\SYSTEM32\Wldp.dll
0x00007ffd33bf0000 - 0x00007ffd33c9e000 	C:\Windows\System32\SHCORE.dll
0x00007ffd33950000 - 0x00007ffd339a5000 	C:\Windows\System32\shlwapi.dll
0x00007ffd31b30000 - 0x00007ffd31b4f000 	C:\Windows\SYSTEM32\profapi.dll
0x00007ffd2d270000 - 0x00007ffd2d289000 	C:\Program Files\Java\jdk-16\bin\net.dll
0x00007ffd234c0000 - 0x00007ffd235cb000 	C:\Windows\SYSTEM32\WINHTTP.dll
0x00007ffd312b0000 - 0x00007ffd3131a000 	C:\Windows\system32\mswsock.dll
0x00007ffd22310000 - 0x00007ffd22323000 	C:\Program Files\Java\jdk-16\bin\nio.dll
0x00007ffd22110000 - 0x00007ffd22128000 	C:\Program Files\Java\jdk-16\bin\zip.dll
0x00007ffcf0340000 - 0x00007ffcf04c0000 	C:\Program Files\Java\jdk-16\bin\awt.dll
0x00007ffd329f0000 - 0x00007ffd32abd000 	C:\Windows\System32\OLEAUT32.dll
0x00007ffd2f0c0000 - 0x00007ffd2f150000 	C:\Windows\SYSTEM32\apphelp.dll
0x00007ffd2f2a0000 - 0x00007ffd2f33e000 	C:\Windows\system32\uxtheme.dll
0x00007ffd32820000 - 0x00007ffd32935000 	C:\Windows\System32\MSCTF.dll
0x00007ffd326f0000 - 0x00007ffd3281a000 	C:\Windows\System32\ole32.dll
0x00007ffd2f470000 - 0x00007ffd2f49f000 	C:\Windows\system32\DWMAPI.DLL
0x00007ffcf77e0000 - 0x00007ffcf7869000 	C:\Program Files\Java\jdk-16\bin\freetype.dll
0x00007ffcf0240000 - 0x00007ffcf0336000 	C:\Program Files\Java\jdk-16\bin\harfbuzz.dll
0x00007ffd21ea0000 - 0x00007ffd21eb2000 	C:\Program Files\Java\jdk-16\bin\fontmanager.dll
0x00007ffd10980000 - 0x00007ffd10aa6000 	C:\Windows\system32\opengl32.dll
0x00007ffd10f60000 - 0x00007ffd10f8c000 	C:\Windows\SYSTEM32\GLU32.dll
0x00007ffd15d20000 - 0x00007ffd15d45000 	C:\Users\bijum\AppData\Local\Temp\jSerialComm\1625295666063-jSerialComm.dll
0x00007ffd333e0000 - 0x00007ffd33849000 	C:\Windows\System32\SETUPAPI.dll
0x00007ffd31e60000 - 0x00007ffd31eae000 	C:\Windows\System32\cfgmgr32.dll
0x00007ffd32250000 - 0x00007ffd32277000 	C:\Windows\System32\bcrypt.dll
0x00007ffd318d0000 - 0x00007ffd318fc000 	C:\Windows\SYSTEM32\DEVOBJ.dll
0x00007ffd31e00000 - 0x00007ffd31e60000 	C:\Windows\System32\WINTRUST.dll
0x00007ffd31ca0000 - 0x00007ffd31dff000 	C:\Windows\System32\CRYPT32.dll
0x00007ffd31710000 - 0x00007ffd31722000 	C:\Windows\SYSTEM32\MSASN1.dll
0x00007ffd314c0000 - 0x00007ffd314d8000 	C:\Windows\SYSTEM32\CRYPTSP.dll
0x00007ffd30c60000 - 0x00007ffd30c94000 	C:\Windows\system32\rsaenh.dll
0x00007ffd31af0000 - 0x00007ffd31b1e000 	C:\Windows\SYSTEM32\USERENV.dll
0x00007ffd314b0000 - 0x00007ffd314bc000 	C:\Windows\SYSTEM32\CRYPTBASE.dll
0x00007ffd30fc0000 - 0x00007ffd30ffb000 	C:\Windows\SYSTEM32\IPHLPAPI.DLL
0x00007ffd32ff0000 - 0x00007ffd32ff8000 	C:\Windows\System32\NSI.dll
0x00007ffd29930000 - 0x00007ffd29947000 	C:\Windows\SYSTEM32\dhcpcsvc6.DLL
0x00007ffd295a0000 - 0x00007ffd295bd000 	C:\Windows\SYSTEM32\dhcpcsvc.DLL
0x00007ffd31000000 - 0x00007ffd310cc000 	C:\Windows\SYSTEM32\DNSAPI.dll
0x00007ffd14ee0000 - 0x00007ffd14f43000 	C:\Users\bijum\AppData\Local\Temp\usb4java7409394538928635888.tmp\libusb4java.dll
0x00007ffd08490000 - 0x00007ffd0849c000 	C:\Windows\SYSTEM32\WinUSB.DLL
0x00007ffd30470000 - 0x00007ffd3047d000 	C:\Windows\SYSTEM32\hid.DLL
0x00007ffd32580000 - 0x00007ffd32629000 	C:\Windows\System32\clbcatq.dll
0x00007ffd2add0000 - 0x00007ffd2af84000 	C:\Windows\SYSTEM32\WindowsCodecs.dll
0x00007ffd08830000 - 0x00007ffd0886e000 	C:\Windows\system32\dataexchange.dll
0x00007ffd2e4e0000 - 0x00007ffd2e6c6000 	C:\Windows\system32\dcomp.dll
0x00007ffd2dcb0000 - 0x00007ffd2df14000 	C:\Windows\system32\d3d11.dll
0x00007ffd304f0000 - 0x00007ffd305e4000 	C:\Windows\system32\dxgi.dll
0x00007ffd2b1d0000 - 0x00007ffd2b3d1000 	C:\Windows\system32\twinapi.appcore.dll
0x00007ffd14b70000 - 0x00007ffd14c0a000 	C:\Windows\system32\RICHED20.DLL
0x00007ffd209b0000 - 0x00007ffd209c9000 	C:\Windows\SYSTEM32\USP10.dll
0x00007ffd08e60000 - 0x00007ffd08e99000 	C:\Windows\SYSTEM32\msls31.dll
0x00007ffd0f090000 - 0x00007ffd0f189000 	C:\Windows\SYSTEM32\textinputframework.dll
0x00007ffd2edb0000 - 0x00007ffd2eea2000 	C:\Windows\System32\CoreMessaging.dll
0x00007ffd2ea50000 - 0x00007ffd2edae000 	C:\Windows\System32\CoreUIComponents.dll
0x00007ffd2d6f0000 - 0x00007ffd2d844000 	C:\Windows\SYSTEM32\wintypes.dll
0x00007ffd308f0000 - 0x00007ffd30923000 	C:\Windows\SYSTEM32\ntmarta.dll

dbghelp: loaded successfully - version: 4.0.5 - missing functions: none
symbol engine: initialized successfully - sym options: 0x614 - pdb path: .;C:\Program Files\Java\jdk-16\bin;C:\Windows\SYSTEM32;C:\Windows\WinSxS\amd64_microsoft.windows.common-controls_6595b64144ccf1df_6.0.19041.1052_none_60b8f8fd71f5e8cb;C:\Program Files\Java\jdk-16\bin\server;C:\Users\bijum\AppData\Local\Temp\jSerialComm;C:\Users\bijum\AppData\Local\Temp\usb4java7409394538928635888.tmp

VM Arguments:
jvm_args: -Dfile.encoding=UTF-8 
java_command: hackbugant.HackBugAnt
java_class_path (initial): C:\Program Files\NetBeans-12.3\netbeans\java\modules\ext\AbsoluteLayout.jar;D:\Works\HackBug\HackBugAnt\lib\usb-api-1.0.2.jar;D:\Works\HackBug\HackBugAnt\lib\usb4java-1.3.0.jar;D:\Works\HackBug\HackBugAnt\lib\jSerialComm-2.6.2.jar;D:\Works\HackBug\HackBugAnt\lib\json-simple-1.1.1.jar;D:\Works\HackBug\HackBugAnt\lib\commons-lang3-3.8.1.jar;D:\Works\HackBug\HackBugAnt\lib\LibusbJava.jar;D:\Works\HackBug\HackBugAnt\lib\libusb4java-1.3.0-win32-x86-64.jar;D:\Works\HackBug\HackBugAnt\build\classes
Launcher Type: SUN_STANDARD

[Global flags]
     intx CICompilerCount                          = 4                                         {product} {ergonomic}
     uint ConcGCThreads                            = 2                                         {product} {ergonomic}
     uint G1ConcRefinementThreads                  = 8                                         {product} {ergonomic}
   size_t G1HeapRegionSize                         = 1048576                                   {product} {ergonomic}
    uintx GCDrainStackTargetSize                   = 64                                        {product} {ergonomic}
   size_t InitialHeapSize                          = 130023424                                 {product} {ergonomic}
   size_t MarkStackSize                            = 4194304                                   {product} {ergonomic}
   size_t MaxHeapSize                              = 2080374784                                {product} {ergonomic}
   size_t MaxNewSize                               = 1247805440                                {product} {ergonomic}
   size_t MinHeapDeltaBytes                        = 1048576                                   {product} {ergonomic}
   size_t MinHeapSize                              = 8388608                                   {product} {ergonomic}
    uintx NonNMethodCodeHeapSize                   = 5839372                                {pd product} {ergonomic}
    uintx NonProfiledCodeHeapSize                  = 122909434                              {pd product} {ergonomic}
    uintx ProfiledCodeHeapSize                     = 122909434                              {pd product} {ergonomic}
    uintx ReservedCodeCacheSize                    = 251658240                              {pd product} {ergonomic}
     bool SegmentedCodeCache                       = true                                      {product} {ergonomic}
   size_t SoftMaxHeapSize                          = 2080374784                             {manageable} {ergonomic}
     bool UseCompressedClassPointers               = true                           {product lp64_product} {ergonomic}
     bool UseCompressedOops                        = true                           {product lp64_product} {ergonomic}
     bool UseG1GC                                  = true                                      {product} {ergonomic}
     bool UseLargePagesIndividualAllocation        = false                                  {pd product} {ergonomic}

Logging:
Log output configuration:
 #0: stdout all=warning uptime,level,tags
 #1: stderr all=off uptime,level,tags

Environment Variables:
CLASSPATH=C:\Program Files\Java\jdk-16;C:\Program Files\Java\jdk-16\conf
PATH=D:\programs\python\Scripts\;D:\programs\python\;C:\Program Files\Common Files\Oracle\Java\javapath;C:\Program Files (x86)\Common Files\Oracle\Java\javapath;C:\Windows\system32;C:\Windows;C:\Windows\System32\Wbem;C:\Windows\System32\WindowsPowerShell\v1.0\;C:\Windows\System32\OpenSSH\;D:\Git\cmd;C:\Program Files\Docker\Docker\resources\bin;C:\ProgramData\DockerDesktop\version-bin;C:\Python27;C:\Program Files\dotnet\;C:\Users\bijum\AppData\Local\Microsoft\WindowsApps;C:\Users\bijum\AppData\Local\GitHubDesktop\bin;D:\Microsoft VS Code\bin;D:\programs\Pycharm\PyCharm Community Edition 2021.1.2\bin;;C:\Users\bijum\.dotnet\tools
USERNAME=bijum
OS=Windows_NT
PROCESSOR_IDENTIFIER=Intel64 Family 6 Model 126 Stepping 5, GenuineIntel



---------------  S Y S T E M  ---------------

OS:
 Windows 10 , 64 bit Build 19041 (10.0.19041.1023)
OS uptime: 7 days 1:36 hours
Hyper-V role detected

CPU: total 8 (initial active 8) (4 cores per cpu, 2 threads per core) family 6 model 126 stepping 5 microcode 0xa0, cx8, cmov, fxsr, ht, mmx, 3dnowpref, sse, sse2, sse3, ssse3, sse4.1, sse4.2, popcnt, lzcnt, tsc, tscinvbit, avx, avx2, aes, erms, clmul, bmi1, bmi2, adx, avx512f, avx512dq, avx512cd, avx512bw, avx512vl, sha, fma, vzeroupper, avx512_vpopcntdq, avx512_vpclmulqdq, avx512_vaes, avx512_vnni, clflush, clflushopt, avx512_vmbi2, avx512_vmbi, hv

Memory: 4k page, system-wide physical 7934M (696M free)
TotalPageFile size 22813M (AvailPageFile size 5539M)
current process WorkingSet (physical memory assigned to process): 176M, peak: 176M
current process commit charge ("private bytes"): 235M, peak: 258M

vm_info: Java HotSpot(TM) 64-Bit Server VM (16+36-2231) for windows-amd64 JRE (16+36-2231), built on Feb  8 2021 11:43:10 by "mach5one" with MS VC++ 16.7 (VS2019)

END.
