#
# A fatal error has been detected by the Java Runtime Environment:
#
#  EXCEPTION_ACCESS_VIOLATION (0xc0000005) at pc=0x00007ffd14f8d9b6, pid=29356, tid=29996
#
# JRE version: Java(TM) SE Runtime Environment (16.0+36) (build 16+36-2231)
# Java VM: Java HotSpot(TM) 64-Bit Server VM (16+36-2231, mixed mode, sharing, tiered, compressed oops, g1 gc, windows-amd64)
# Problematic frame:
# C  [libusb4java.dll+0xd9b6]
#
# No core dump will be written. Minidumps are not enabled by default on client versions of Windows
#
# If you would like to submit a bug report, please visit:
#   https://bugreport.java.com/bugreport/crash.jsp
# The crash happened outside the Java Virtual Machine in native code.
# See problematic frame for where to report the bug.
#

---------------  S U M M A R Y ------------

Command Line: -Dfile.encoding=UTF-8 hackbugant.HackBugAnt

Host: Intel(R) Core(TM) i5-1035G1 CPU @ 1.00GHz, 8 cores, 7G,  Windows 10 , 64 bit Build 19041 (10.0.19041.1023)
Time: Sat Jul  3 12:42:29 2021 India Standard Time elapsed time: 23.769133 seconds (0d 0h 0m 23s)

---------------  T H R E A D  ---------------

Current thread (0x0000015710b77a30):  JavaThread "Thread-0" [_thread_in_native, id=29996, stack(0x0000001471800000,0x0000001471900000)]

Stack: [0x0000001471800000,0x0000001471900000],  sp=0x00000014718feae8,  free space=1018k
Native frames: (J=compiled Java code, j=interpreted, Vv=VM code, C=native code)
C  [libusb4java.dll+0xd9b6]

Java frames: (J=compiled Java code, j=interpreted, Vv=VM code)
J 2480  org.usb4java.LibUsb.bulkTransfer(Lorg/usb4java/DeviceHandle;BLjava/nio/ByteBuffer;Ljava/nio/IntBuffer;J)I (0 bytes) @ 0x0000015707bedcbf [0x0000015707bedc20+0x000000000000009f]
J 2541 c2 com.bmjo.hackbug.usb.USBHelper.readUsb()[B (160 bytes) @ 0x0000015707bfc5c8 [0x0000015707bfbe80+0x0000000000000748]
J 2543% c2 com.bmjo.hackbug.usb.UsbControler$ReadUsbData.run()V (59 bytes) @ 0x0000015707bff62c [0x0000015707bff540+0x00000000000000ec]
j  java.lang.Thread.run()V+11 java.base@16
v  ~StubRoutines::call_stub

siginfo: EXCEPTION_ACCESS_VIOLATION (0xc0000005), writing address 0x0000000000000000


Register to memory mapping:

RIP=0x00007ffd14f8d9b6 libusb4java.dll
RAX=0x0 is NULL
RBX=0x0000015710b77d40 points into unknown readable memory: 0x00007ffcf0f333d0 | d0 33 f3 f0 fc 7f 00 00
RCX=0x0 is NULL
RDX=0x00000000fffffffe is an unallocated location in the heap
RSP=0x00000014718feae8 is pointing into the stack for thread: 0x0000015710b77a30
RBP=0x00000014718fed30 is pointing into the stack for thread: 0x0000015710b77a30
RSI=0x0000015710359ca0 points into unknown readable memory: 0x000001570fd723b0 | b0 23 d7 0f 57 01 00 00
RDI=0x00000014718fecf8 is pointing into the stack for thread: 0x0000015710b77a30
R8 =0x0 is NULL
R9 =0x000001577fafb118 points into unknown readable memory: 0x0000000000000000 | 00 00 00 00 00 00 00 00
R10=0x0 is NULL
R11=0x00000014718fe900 is pointing into the stack for thread: 0x0000015710b77a30
R12=0x0 is NULL
R13=0x000000008771f160 is pointing into object: [B 
{0x000000008771f150} - klass: {type array byte}
 - length: 29
R14=0x000001577ead9fa0 points into unknown readable memory: 0x0000000000000000 | 00 00 00 00 00 00 00 00
R15=0x0000000000000081 is an unknown value


Registers:
RAX=0x0000000000000000, RBX=0x0000015710b77d40, RCX=0x0000000000000000, RDX=0x00000000fffffffe
RSP=0x00000014718feae8, RBP=0x00000014718fed30, RSI=0x0000015710359ca0, RDI=0x00000014718fecf8
R8 =0x0000000000000000, R9 =0x000001577fafb118, R10=0x0000000000000000, R11=0x00000014718fe900
R12=0x0000000000000000, R13=0x000000008771f160, R14=0x000001577ead9fa0, R15=0x0000000000000081
RIP=0x00007ffd14f8d9b6, EFLAGS=0x0000000000010206

Top of Stack: (sp=0x00000014718feae8)
0x00000014718feae8:   00007ffd14f8ea22 000001570fe41848
0x00000014718feaf8:   00007ffd14f939f7 00000014718fecf8
0x00000014718feb08:   00007ffd14f8dad4 0000000000000000
0x00000014718feb18:   0000015700000000 000001577fafb040
0x00000014718feb28:   0000015710359ca0 0000015710b77d40
0x00000014718feb38:   00007ffd14f8ca7f 000001570fe41840
0x00000014718feb48:   0000015700000004 00007ffd14fd3278
0x00000014718feb58:   00007ffd14fd3268 000001570fe418a8
0x00000014718feb68:   00007ffd14f8fc12 00000157ffffffff
0x00000014718feb78:   000001570fe41840 000001577fafb040
0x00000014718feb88:   0000000000000118 000001577fbdf5e0
0x00000014718feb98:   00007ffd14f8fde7 000001570fe418a8
0x00000014718feba8:   0000015710359ca0 0000000000000081
0x00000014718febb8:   000001577ead9fa0 0000000000000004
0x00000014718febc8:   00007ffd14f8fc20 00000014718febe8
0x00000014718febd8:   00007ffc000003e8 0000ade5a7830549 

Instructions: (pc=0x00007ffd14f8d9b6)
0x00007ffd14f8d8b6:   8b 4c 24 20 48 89 88 08 01 00 00 c3 cc cc cc cc
0x00007ffd14f8d8c6:   cc cc cc cc cc cc cc cc cc cc 48 89 4c 24 08 48
0x00007ffd14f8d8d6:   8b 44 24 08 48 8b 4c 24 08 48 89 48 08 48 8b 44
0x00007ffd14f8d8e6:   24 08 48 8b 4c 24 08 48 89 08 c3 cc cc cc cc cc
0x00007ffd14f8d8f6:   cc cc cc cc cc cc cc cc cc cc 48 89 54 24 10 48
0x00007ffd14f8d906:   89 4c 24 08 48 8b 44 24 08 48 8b 4c 24 10 48 8b
0x00007ffd14f8d916:   49 08 48 89 48 08 48 8b 44 24 08 48 8b 4c 24 10
0x00007ffd14f8d926:   48 89 08 48 8b 44 24 10 48 8b 40 08 48 8b 4c 24
0x00007ffd14f8d936:   08 48 89 08 48 8b 44 24 10 48 8b 4c 24 08 48 89
0x00007ffd14f8d946:   48 08 c3 cc cc cc cc cc cc cc 48 89 54 24 10 48
0x00007ffd14f8d956:   89 4c 24 08 48 8b 44 24 08 48 8b 4c 24 10 48 89
0x00007ffd14f8d966:   48 08 48 8b 44 24 08 48 8b 4c 24 10 48 8b 09 48
0x00007ffd14f8d976:   89 08 48 8b 44 24 10 48 8b 00 48 8b 4c 24 08 48
0x00007ffd14f8d986:   89 48 08 48 8b 44 24 10 48 8b 4c 24 08 48 89 08
0x00007ffd14f8d996:   c3 cc cc cc cc cc cc cc cc cc 48 89 4c 24 08 48
0x00007ffd14f8d9a6:   8b 44 24 08 48 8b 40 08 48 8b 4c 24 08 48 8b 09
0x00007ffd14f8d9b6:   48 89 08 48 8b 44 24 08 48 8b 00 48 8b 4c 24 08
0x00007ffd14f8d9c6:   48 8b 49 08 48 89 48 08 48 8b 44 24 08 48 c7 00
0x00007ffd14f8d9d6:   00 00 00 00 48 8b 44 24 08 48 c7 40 08 00 00 00
0x00007ffd14f8d9e6:   00 c3 cc cc cc cc cc cc cc cc 48 89 54 24 10 48
0x00007ffd14f8d9f6:   89 4c 24 08 48 83 ec 28 48 8b 44 24 38 48 8b 4c
0x00007ffd14f8da06:   24 38 48 39 48 08 75 02 eb 4e 48 8b 44 24 30 48
0x00007ffd14f8da16:   8b 4c 24 38 48 8b 49 08 48 89 48 08 48 8b 44 24
0x00007ffd14f8da26:   30 48 8b 40 08 48 8b 4c 24 30 48 89 08 48 8b 44
0x00007ffd14f8da36:   24 30 48 8b 4c 24 38 48 8b 09 48 89 08 48 8b 44
0x00007ffd14f8da46:   24 30 48 8b 00 48 8b 4c 24 30 48 89 48 08 48 8b
0x00007ffd14f8da56:   4c 24 38 e8 72 fe ff ff 48 83 c4 28 c3 cc cc cc
0x00007ffd14f8da66:   cc cc cc cc cc cc cc cc cc cc 48 89 4c 24 08 48
0x00007ffd14f8da76:   83 ec 28 48 8b 4c 24 30 ff 15 dc 36 03 00 33 c0
0x00007ffd14f8da86:   48 83 c4 28 c3 cc cc cc cc cc cc cc cc cc cc cc
0x00007ffd14f8da96:   cc cc cc cc cc cc cc cc cc cc 48 89 4c 24 08 48
0x00007ffd14f8daa6:   83 ec 28 48 8b 4c 24 30 ff 15 9c 36 03 00 48 83 


Stack slot to memory mapping:
stack at sp + 0 slots: 0x00007ffd14f8ea22 libusb4java.dll
stack at sp + 1 slots: 0x000001570fe41848 points into unknown readable memory: 0x0000000000000000 | 00 00 00 00 00 00 00 00
stack at sp + 2 slots: 0x00007ffd14f939f7 libusb4java.dll
stack at sp + 3 slots: 0x00000014718fecf8 is pointing into the stack for thread: 0x0000015710b77a30
stack at sp + 4 slots: 0x00007ffd14f8dad4 libusb4java.dll
stack at sp + 5 slots: 0x0 is NULL
stack at sp + 6 slots: 0x0000015700000000 points into unknown readable memory: 0x0000000000000006 | 06 00 00 00 00 00 00 00
stack at sp + 7 slots: 0x000001577fafb040 points into unknown readable memory: 0x0000000000000000 | 00 00 00 00 00 00 00 00


---------------  P R O C E S S  ---------------

Threads class SMR info:
_java_thread_list=0x000001577dd91cb0, length=18, elements={
0x000001577dcfe4a0, 0x000001577dcfeea0, 0x000001577dd11740, 0x000001577dd12140,
0x000001577dd12f50, 0x000001577dd13950, 0x000001577dd16740, 0x000001577dd1a730,
0x000001577dd2d5a0, 0x000001577e8cb610, 0x000001577e8d9860, 0x000001577eb2f480,
0x000001577eb4fa90, 0x000001577eb51fc0, 0x000001577ebf77b0, 0x000001576cf29a80,
0x000001577f9c7810, 0x0000015710b77a30
}

Java Threads: ( => current thread )
  0x000001577dcfe4a0 JavaThread "Reference Handler" daemon [_thread_blocked, id=11200, stack(0x0000001470300000,0x0000001470400000)]
  0x000001577dcfeea0 JavaThread "Finalizer" daemon [_thread_blocked, id=22876, stack(0x0000001470400000,0x0000001470500000)]
  0x000001577dd11740 JavaThread "Signal Dispatcher" daemon [_thread_blocked, id=5936, stack(0x0000001470500000,0x0000001470600000)]
  0x000001577dd12140 JavaThread "Attach Listener" daemon [_thread_blocked, id=11340, stack(0x0000001470600000,0x0000001470700000)]
  0x000001577dd12f50 JavaThread "Service Thread" daemon [_thread_blocked, id=920, stack(0x0000001470700000,0x0000001470800000)]
  0x000001577dd13950 JavaThread "Monitor Deflation Thread" daemon [_thread_blocked, id=11708, stack(0x0000001470800000,0x0000001470900000)]
  0x000001577dd16740 JavaThread "C2 CompilerThread0" daemon [_thread_blocked, id=18428, stack(0x0000001470900000,0x0000001470a00000)]
  0x000001577dd1a730 JavaThread "C1 CompilerThread0" daemon [_thread_blocked, id=22180, stack(0x0000001470a00000,0x0000001470b00000)]
  0x000001577dd2d5a0 JavaThread "Sweeper thread" daemon [_thread_blocked, id=6064, stack(0x0000001470b00000,0x0000001470c00000)]
  0x000001577e8cb610 JavaThread "Notification Thread" daemon [_thread_blocked, id=24780, stack(0x0000001470c00000,0x0000001470d00000)]
  0x000001577e8d9860 JavaThread "Common-Cleaner" daemon [_thread_blocked, id=20408, stack(0x0000001470e00000,0x0000001470f00000)]
  0x000001577eb2f480 JavaThread "Java2D Disposer" daemon [_thread_blocked, id=29256, stack(0x0000001470f00000,0x0000001471000000)]
  0x000001577eb4fa90 JavaThread "AWT-Shutdown" [_thread_blocked, id=19220, stack(0x0000001471000000,0x0000001471100000)]
  0x000001577eb51fc0 JavaThread "AWT-Windows" daemon [_thread_in_native, id=26256, stack(0x0000001471100000,0x0000001471200000)]
  0x000001577ebf77b0 JavaThread "AWT-EventQueue-0" [_thread_blocked, id=25844, stack(0x0000001471200000,0x0000001471300000)]
  0x000001576cf29a80 JavaThread "DestroyJavaVM" [_thread_blocked, id=25172, stack(0x000000146fc00000,0x000000146fd00000)]
  0x000001577f9c7810 JavaThread "TimerQueue" daemon [_thread_blocked, id=26944, stack(0x0000001471300000,0x0000001471400000)]
=>0x0000015710b77a30 JavaThread "Thread-0" [_thread_in_native, id=29996, stack(0x0000001471800000,0x0000001471900000)]

Other Threads:
  0x000001577dcfaab0 VMThread "VM Thread" [stack: 0x0000001470200000,0x0000001470300000] [id=11476]
  0x000001577e8cf3a0 WatcherThread [stack: 0x0000001470d00000,0x0000001470e00000] [id=10712]
  0x000001576cf69710 GCTaskThread "GC Thread#0" [stack: 0x000000146fd00000,0x000000146fe00000] [id=6812]
  0x000001577fb9d6c0 GCTaskThread "GC Thread#1" [stack: 0x0000001471b00000,0x0000001471c00000] [id=24104]
  0x000001577fb9d9d0 GCTaskThread "GC Thread#2" [stack: 0x0000001471c00000,0x0000001471d00000] [id=30104]
  0x000001577fb9dce0 GCTaskThread "GC Thread#3" [stack: 0x0000001471d00000,0x0000001471e00000] [id=12124]
  0x000001577fb9dff0 GCTaskThread "GC Thread#4" [stack: 0x0000001471e00000,0x0000001471f00000] [id=9388]
  0x000001577fb9e300 GCTaskThread "GC Thread#5" [stack: 0x0000001471f00000,0x0000001472000000] [id=26388]
  0x000001577fbffc50 GCTaskThread "GC Thread#6" [stack: 0x0000001472000000,0x0000001472100000] [id=9632]
  0x000001577fbfff60 GCTaskThread "GC Thread#7" [stack: 0x0000001472100000,0x0000001472200000] [id=8340]
  0x000001576cf79ef0 ConcurrentGCThread "G1 Main Marker" [stack: 0x000000146fe00000,0x000000146ff00000] [id=984]
  0x000001576cf7a880 ConcurrentGCThread "G1 Conc#0" [stack: 0x000000146ff00000,0x0000001470000000] [id=3504]
  0x000001576cff99a0 ConcurrentGCThread "G1 Refine#0" [stack: 0x0000001470000000,0x0000001470100000] [id=24380]
  0x000001577fc00270 ConcurrentGCThread "G1 Refine#1" [stack: 0x0000001472200000,0x0000001472300000] [id=30096]
  0x000001576cffa340 ConcurrentGCThread "G1 Service" [stack: 0x0000001470100000,0x0000001470200000] [id=7392]

Threads with active compile tasks:

VM state: not at safepoint (normal execution)

VM Mutex/Monitor currently owned by a thread: None

Heap address: 0x0000000084000000, size: 1984 MB, Compressed Oops mode: 32-bit
CDS archive(s) mapped at: [0x0000000800000000-0x0000000800bb0000-0x0000000800bb0000), size 12255232, SharedBaseAddress: 0x0000000800000000, ArchiveRelocationMode: 0.
Compressed class space mapped at: 0x0000000800c00000-0x0000000840c00000, reserved size: 1073741824
Narrow klass base: 0x0000000800000000, Narrow klass shift: 3, Narrow klass range: 0x100000000

GC Precious Log:
 CPUs: 8 total, 8 available
 Memory: 7934M
 Large Page Support: Disabled
 NUMA Support: Disabled
 Compressed Oops: Enabled (32-bit)
 Heap Region Size: 1M
 Heap Min Capacity: 8M
 Heap Initial Capacity: 124M
 Heap Max Capacity: 1984M
 Pre-touch: Disabled
 Parallel Workers: 8
 Concurrent Workers: 2
 Concurrent Refinement Workers: 8
 Periodic GC: Disabled

Heap:
 garbage-first heap   total 126976K, used 64682K [0x0000000084000000, 0x0000000100000000)
  region size 1024K, 48 young (49152K), 6 survivors (6144K)
 Metaspace       used 15936K, committed 16192K, reserved 1064960K
  class space    used 1789K, committed 1920K, reserved 1048576K

Heap Regions: E=young(eden), S=young(survivor), O=old, HS=humongous(starts), HC=humongous(continues), CS=collection set, F=free, OA=open archive, CA=closed archive, TAMS=top-at-mark-start (previous, next)
|   0|0x0000000084000000, 0x0000000084100000, 0x0000000084100000|100%|HS|  |TAMS 0x0000000084000000, 0x0000000084000000| Complete 
|   1|0x0000000084100000, 0x0000000084200000, 0x0000000084200000|100%|HC|  |TAMS 0x0000000084100000, 0x0000000084100000| Complete 
|   2|0x0000000084200000, 0x0000000084300000, 0x0000000084300000|100%|HC|  |TAMS 0x0000000084200000, 0x0000000084200000| Complete 
|   3|0x0000000084300000, 0x0000000084400000, 0x0000000084400000|100%|HC|  |TAMS 0x0000000084300000, 0x0000000084300000| Complete 
|   4|0x0000000084400000, 0x0000000084500000, 0x0000000084500000|100%|HC|  |TAMS 0x0000000084400000, 0x0000000084400000| Complete 
|   5|0x0000000084500000, 0x0000000084600000, 0x0000000084600000|100%| O|  |TAMS 0x0000000084500000, 0x0000000084500000| Untracked 
|   6|0x0000000084600000, 0x0000000084700000, 0x0000000084700000|100%|HS|  |TAMS 0x0000000084600000, 0x0000000084600000| Complete 
|   7|0x0000000084700000, 0x0000000084800000, 0x0000000084800000|100%|HC|  |TAMS 0x0000000084700000, 0x0000000084700000| Complete 
|   8|0x0000000084800000, 0x0000000084900000, 0x0000000084900000|100%|HC|  |TAMS 0x0000000084800000, 0x0000000084800000| Complete 
|   9|0x0000000084900000, 0x0000000084a00000, 0x0000000084a00000|100%|HC|  |TAMS 0x0000000084900000, 0x0000000084900000| Complete 
|  10|0x0000000084a00000, 0x0000000084b00000, 0x0000000084b00000|100%|HC|  |TAMS 0x0000000084a00000, 0x0000000084a00000| Complete 
|  11|0x0000000084b00000, 0x0000000084c00000, 0x0000000084c00000|100%|HC|  |TAMS 0x0000000084b00000, 0x0000000084b00000| Complete 
|  12|0x0000000084c00000, 0x0000000084d00000, 0x0000000084d00000|100%|HC|  |TAMS 0x0000000084c00000, 0x0000000084c00000| Complete 
|  13|0x0000000084d00000, 0x0000000084e00000, 0x0000000084e00000|100%| O|  |TAMS 0x0000000084d00000, 0x0000000084d00000| Untracked 
|  14|0x0000000084e00000, 0x0000000084f00000, 0x0000000084f00000|100%| O|  |TAMS 0x0000000084e00000, 0x0000000084e00000| Untracked 
|  15|0x0000000084f00000, 0x0000000085000000, 0x0000000085000000|100%| O|  |TAMS 0x0000000084f00000, 0x0000000084f00000| Untracked 
|  16|0x0000000085000000, 0x000000008508fe00, 0x0000000085100000| 56%| O|  |TAMS 0x0000000085000000, 0x0000000085000000| Untracked 
|  17|0x0000000085100000, 0x0000000085100000, 0x0000000085200000|  0%| F|  |TAMS 0x0000000085100000, 0x0000000085100000| Untracked 
|  18|0x0000000085200000, 0x0000000085200000, 0x0000000085300000|  0%| F|  |TAMS 0x0000000085200000, 0x0000000085200000| Untracked 
|  19|0x0000000085300000, 0x0000000085300000, 0x0000000085400000|  0%| F|  |TAMS 0x0000000085300000, 0x0000000085300000| Untracked 
|  20|0x0000000085400000, 0x0000000085400000, 0x0000000085500000|  0%| F|  |TAMS 0x0000000085400000, 0x0000000085400000| Untracked 
|  21|0x0000000085500000, 0x0000000085500000, 0x0000000085600000|  0%| F|  |TAMS 0x0000000085500000, 0x0000000085500000| Untracked 
|  22|0x0000000085600000, 0x0000000085600000, 0x0000000085700000|  0%| F|  |TAMS 0x0000000085600000, 0x0000000085600000| Untracked 
|  23|0x0000000085700000, 0x0000000085700000, 0x0000000085800000|  0%| F|  |TAMS 0x0000000085700000, 0x0000000085700000| Untracked 
|  24|0x0000000085800000, 0x0000000085800000, 0x0000000085900000|  0%| F|  |TAMS 0x0000000085800000, 0x0000000085800000| Untracked 
|  25|0x0000000085900000, 0x0000000085900000, 0x0000000085a00000|  0%| F|  |TAMS 0x0000000085900000, 0x0000000085900000| Untracked 
|  26|0x0000000085a00000, 0x0000000085a00000, 0x0000000085b00000|  0%| F|  |TAMS 0x0000000085a00000, 0x0000000085a00000| Untracked 
|  27|0x0000000085b00000, 0x0000000085b00000, 0x0000000085c00000|  0%| F|  |TAMS 0x0000000085b00000, 0x0000000085b00000| Untracked 
|  28|0x0000000085c00000, 0x0000000085c00000, 0x0000000085d00000|  0%| F|  |TAMS 0x0000000085c00000, 0x0000000085c00000| Untracked 
|  29|0x0000000085d00000, 0x0000000085d00000, 0x0000000085e00000|  0%| F|  |TAMS 0x0000000085d00000, 0x0000000085d00000| Untracked 
|  30|0x0000000085e00000, 0x0000000085e00000, 0x0000000085f00000|  0%| F|  |TAMS 0x0000000085e00000, 0x0000000085e00000| Untracked 
|  31|0x0000000085f00000, 0x0000000085f00000, 0x0000000086000000|  0%| F|  |TAMS 0x0000000085f00000, 0x0000000085f00000| Untracked 
|  32|0x0000000086000000, 0x0000000086000000, 0x0000000086100000|  0%| F|  |TAMS 0x0000000086000000, 0x0000000086000000| Untracked 
|  33|0x0000000086100000, 0x0000000086100000, 0x0000000086200000|  0%| F|  |TAMS 0x0000000086100000, 0x0000000086100000| Untracked 
|  34|0x0000000086200000, 0x0000000086200000, 0x0000000086300000|  0%| F|  |TAMS 0x0000000086200000, 0x0000000086200000| Untracked 
|  35|0x0000000086300000, 0x0000000086300000, 0x0000000086400000|  0%| F|  |TAMS 0x0000000086300000, 0x0000000086300000| Untracked 
|  36|0x0000000086400000, 0x0000000086400000, 0x0000000086500000|  0%| F|  |TAMS 0x0000000086400000, 0x0000000086400000| Untracked 
|  37|0x0000000086500000, 0x0000000086500000, 0x0000000086600000|  0%| F|  |TAMS 0x0000000086500000, 0x0000000086500000| Untracked 
|  38|0x0000000086600000, 0x0000000086600000, 0x0000000086700000|  0%| F|  |TAMS 0x0000000086600000, 0x0000000086600000| Untracked 
|  39|0x0000000086700000, 0x0000000086700000, 0x0000000086800000|  0%| F|  |TAMS 0x0000000086700000, 0x0000000086700000| Untracked 
|  40|0x0000000086800000, 0x0000000086800000, 0x0000000086900000|  0%| F|  |TAMS 0x0000000086800000, 0x0000000086800000| Untracked 
|  41|0x0000000086900000, 0x0000000086900000, 0x0000000086a00000|  0%| F|  |TAMS 0x0000000086900000, 0x0000000086900000| Untracked 
|  42|0x0000000086a00000, 0x0000000086a00000, 0x0000000086b00000|  0%| F|  |TAMS 0x0000000086a00000, 0x0000000086a00000| Untracked 
|  43|0x0000000086b00000, 0x0000000086b00000, 0x0000000086c00000|  0%| F|  |TAMS 0x0000000086b00000, 0x0000000086b00000| Untracked 
|  44|0x0000000086c00000, 0x0000000086c00000, 0x0000000086d00000|  0%| F|  |TAMS 0x0000000086c00000, 0x0000000086c00000| Untracked 
|  45|0x0000000086d00000, 0x0000000086d00000, 0x0000000086e00000|  0%| F|  |TAMS 0x0000000086d00000, 0x0000000086d00000| Untracked 
|  46|0x0000000086e00000, 0x0000000086e00000, 0x0000000086f00000|  0%| F|  |TAMS 0x0000000086e00000, 0x0000000086e00000| Untracked 
|  47|0x0000000086f00000, 0x0000000086f00000, 0x0000000087000000|  0%| F|  |TAMS 0x0000000086f00000, 0x0000000086f00000| Untracked 
|  48|0x0000000087000000, 0x0000000087000000, 0x0000000087100000|  0%| F|  |TAMS 0x0000000087000000, 0x0000000087000000| Untracked 
|  49|0x0000000087100000, 0x0000000087100000, 0x0000000087200000|  0%| F|  |TAMS 0x0000000087100000, 0x0000000087100000| Untracked 
|  50|0x0000000087200000, 0x000000008729ac68, 0x0000000087300000| 60%| S|CS|TAMS 0x0000000087200000, 0x0000000087200000| Complete 
|  51|0x0000000087300000, 0x0000000087400000, 0x0000000087400000|100%| S|CS|TAMS 0x0000000087300000, 0x0000000087300000| Complete 
|  52|0x0000000087400000, 0x0000000087500000, 0x0000000087500000|100%| S|CS|TAMS 0x0000000087400000, 0x0000000087400000| Complete 
|  53|0x0000000087500000, 0x0000000087600000, 0x0000000087600000|100%| S|CS|TAMS 0x0000000087500000, 0x0000000087500000| Complete 
|  54|0x0000000087600000, 0x0000000087700000, 0x0000000087700000|100%| S|CS|TAMS 0x0000000087600000, 0x0000000087600000| Complete 
|  55|0x0000000087700000, 0x0000000087800000, 0x0000000087800000|100%| S|CS|TAMS 0x0000000087700000, 0x0000000087700000| Complete 
|  56|0x0000000087800000, 0x0000000087800000, 0x0000000087900000|  0%| F|  |TAMS 0x0000000087800000, 0x0000000087800000| Untracked 
|  57|0x0000000087900000, 0x0000000087900000, 0x0000000087a00000|  0%| F|  |TAMS 0x0000000087900000, 0x0000000087900000| Untracked 
|  58|0x0000000087a00000, 0x0000000087a00000, 0x0000000087b00000|  0%| F|  |TAMS 0x0000000087a00000, 0x0000000087a00000| Untracked 
|  59|0x0000000087b00000, 0x0000000087b00000, 0x0000000087c00000|  0%| F|  |TAMS 0x0000000087b00000, 0x0000000087b00000| Untracked 
|  60|0x0000000087c00000, 0x0000000087c00000, 0x0000000087d00000|  0%| F|  |TAMS 0x0000000087c00000, 0x0000000087c00000| Untracked 
|  61|0x0000000087d00000, 0x0000000087d00000, 0x0000000087e00000|  0%| F|  |TAMS 0x0000000087d00000, 0x0000000087d00000| Untracked 
|  62|0x0000000087e00000, 0x0000000087e00000, 0x0000000087f00000|  0%| F|  |TAMS 0x0000000087e00000, 0x0000000087e00000| Untracked 
|  63|0x0000000087f00000, 0x0000000087f00000, 0x0000000088000000|  0%| F|  |TAMS 0x0000000087f00000, 0x0000000087f00000| Untracked 
|  64|0x0000000088000000, 0x0000000088000000, 0x0000000088100000|  0%| F|  |TAMS 0x0000000088000000, 0x0000000088000000| Untracked 
|  65|0x0000000088100000, 0x0000000088100000, 0x0000000088200000|  0%| F|  |TAMS 0x0000000088100000, 0x0000000088100000| Untracked 
|  66|0x0000000088200000, 0x0000000088200000, 0x0000000088300000|  0%| F|  |TAMS 0x0000000088200000, 0x0000000088200000| Untracked 
|  67|0x0000000088300000, 0x0000000088300000, 0x0000000088400000|  0%| F|  |TAMS 0x0000000088300000, 0x0000000088300000| Untracked 
|  68|0x0000000088400000, 0x0000000088400000, 0x0000000088500000|  0%| F|  |TAMS 0x0000000088400000, 0x0000000088400000| Untracked 
|  69|0x0000000088500000, 0x0000000088500000, 0x0000000088600000|  0%| F|  |TAMS 0x0000000088500000, 0x0000000088500000| Untracked 
|  70|0x0000000088600000, 0x0000000088600000, 0x0000000088700000|  0%| F|  |TAMS 0x0000000088600000, 0x0000000088600000| Untracked 
|  71|0x0000000088700000, 0x0000000088700000, 0x0000000088800000|  0%| F|  |TAMS 0x0000000088700000, 0x0000000088700000| Untracked 
|  72|0x0000000088800000, 0x0000000088800000, 0x0000000088900000|  0%| F|  |TAMS 0x0000000088800000, 0x0000000088800000| Untracked 
|  73|0x0000000088900000, 0x0000000088900000, 0x0000000088a00000|  0%| F|  |TAMS 0x0000000088900000, 0x0000000088900000| Untracked 
|  74|0x0000000088a00000, 0x0000000088a00000, 0x0000000088b00000|  0%| F|  |TAMS 0x0000000088a00000, 0x0000000088a00000| Untracked 
|  75|0x0000000088b00000, 0x0000000088b00000, 0x0000000088c00000|  0%| F|  |TAMS 0x0000000088b00000, 0x0000000088b00000| Untracked 
|  76|0x0000000088c00000, 0x0000000088c00000, 0x0000000088d00000|  0%| F|  |TAMS 0x0000000088c00000, 0x0000000088c00000| Untracked 
|  77|0x0000000088d00000, 0x0000000088d00000, 0x0000000088e00000|  0%| F|  |TAMS 0x0000000088d00000, 0x0000000088d00000| Untracked 
|  78|0x0000000088e00000, 0x0000000088e00000, 0x0000000088f00000|  0%| F|  |TAMS 0x0000000088e00000, 0x0000000088e00000| Untracked 
|  79|0x0000000088f00000, 0x0000000088f00000, 0x0000000089000000|  0%| F|  |TAMS 0x0000000088f00000, 0x0000000088f00000| Untracked 
|  80|0x0000000089000000, 0x0000000089000000, 0x0000000089100000|  0%| F|  |TAMS 0x0000000089000000, 0x0000000089000000| Untracked 
|  81|0x0000000089100000, 0x0000000089100000, 0x0000000089200000|  0%| F|  |TAMS 0x0000000089100000, 0x0000000089100000| Untracked 
|  82|0x0000000089200000, 0x0000000089300000, 0x0000000089300000|100%| E|  |TAMS 0x0000000089200000, 0x0000000089200000| Complete 
|  83|0x0000000089300000, 0x0000000089400000, 0x0000000089400000|100%| E|CS|TAMS 0x0000000089300000, 0x0000000089300000| Complete 
|  84|0x0000000089400000, 0x0000000089500000, 0x0000000089500000|100%| E|CS|TAMS 0x0000000089400000, 0x0000000089400000| Complete 
|  85|0x0000000089500000, 0x0000000089600000, 0x0000000089600000|100%| E|CS|TAMS 0x0000000089500000, 0x0000000089500000| Complete 
|  86|0x0000000089600000, 0x0000000089700000, 0x0000000089700000|100%| E|CS|TAMS 0x0000000089600000, 0x0000000089600000| Complete 
|  87|0x0000000089700000, 0x0000000089800000, 0x0000000089800000|100%| E|CS|TAMS 0x0000000089700000, 0x0000000089700000| Complete 
|  88|0x0000000089800000, 0x0000000089900000, 0x0000000089900000|100%| E|CS|TAMS 0x0000000089800000, 0x0000000089800000| Complete 
|  89|0x0000000089900000, 0x0000000089a00000, 0x0000000089a00000|100%| E|CS|TAMS 0x0000000089900000, 0x0000000089900000| Complete 
|  90|0x0000000089a00000, 0x0000000089b00000, 0x0000000089b00000|100%| E|CS|TAMS 0x0000000089a00000, 0x0000000089a00000| Complete 
|  91|0x0000000089b00000, 0x0000000089c00000, 0x0000000089c00000|100%| E|CS|TAMS 0x0000000089b00000, 0x0000000089b00000| Complete 
|  92|0x0000000089c00000, 0x0000000089d00000, 0x0000000089d00000|100%| E|CS|TAMS 0x0000000089c00000, 0x0000000089c00000| Complete 
|  93|0x0000000089d00000, 0x0000000089e00000, 0x0000000089e00000|100%| E|CS|TAMS 0x0000000089d00000, 0x0000000089d00000| Complete 
|  94|0x0000000089e00000, 0x0000000089f00000, 0x0000000089f00000|100%| E|CS|TAMS 0x0000000089e00000, 0x0000000089e00000| Complete 
|  95|0x0000000089f00000, 0x000000008a000000, 0x000000008a000000|100%| E|CS|TAMS 0x0000000089f00000, 0x0000000089f00000| Complete 
|  96|0x000000008a000000, 0x000000008a100000, 0x000000008a100000|100%| E|CS|TAMS 0x000000008a000000, 0x000000008a000000| Complete 
|  97|0x000000008a100000, 0x000000008a200000, 0x000000008a200000|100%| E|CS|TAMS 0x000000008a100000, 0x000000008a100000| Complete 
|  98|0x000000008a200000, 0x000000008a300000, 0x000000008a300000|100%| E|CS|TAMS 0x000000008a200000, 0x000000008a200000| Complete 
|  99|0x000000008a300000, 0x000000008a400000, 0x000000008a400000|100%| E|CS|TAMS 0x000000008a300000, 0x000000008a300000| Complete 
| 100|0x000000008a400000, 0x000000008a500000, 0x000000008a500000|100%| E|CS|TAMS 0x000000008a400000, 0x000000008a400000| Complete 
| 101|0x000000008a500000, 0x000000008a600000, 0x000000008a600000|100%| E|CS|TAMS 0x000000008a500000, 0x000000008a500000| Complete 
| 102|0x000000008a600000, 0x000000008a700000, 0x000000008a700000|100%| E|CS|TAMS 0x000000008a600000, 0x000000008a600000| Complete 
| 103|0x000000008a700000, 0x000000008a800000, 0x000000008a800000|100%| E|CS|TAMS 0x000000008a700000, 0x000000008a700000| Complete 
| 104|0x000000008a800000, 0x000000008a900000, 0x000000008a900000|100%| E|CS|TAMS 0x000000008a800000, 0x000000008a800000| Complete 
| 105|0x000000008a900000, 0x000000008aa00000, 0x000000008aa00000|100%| E|CS|TAMS 0x000000008a900000, 0x000000008a900000| Complete 
| 106|0x000000008aa00000, 0x000000008ab00000, 0x000000008ab00000|100%| E|CS|TAMS 0x000000008aa00000, 0x000000008aa00000| Complete 
| 107|0x000000008ab00000, 0x000000008ac00000, 0x000000008ac00000|100%| E|CS|TAMS 0x000000008ab00000, 0x000000008ab00000| Complete 
| 108|0x000000008ac00000, 0x000000008ad00000, 0x000000008ad00000|100%| E|CS|TAMS 0x000000008ac00000, 0x000000008ac00000| Complete 
| 109|0x000000008ad00000, 0x000000008ae00000, 0x000000008ae00000|100%| E|CS|TAMS 0x000000008ad00000, 0x000000008ad00000| Complete 
| 110|0x000000008ae00000, 0x000000008af00000, 0x000000008af00000|100%| E|CS|TAMS 0x000000008ae00000, 0x000000008ae00000| Complete 
| 111|0x000000008af00000, 0x000000008b000000, 0x000000008b000000|100%| E|CS|TAMS 0x000000008af00000, 0x000000008af00000| Complete 
| 112|0x000000008b000000, 0x000000008b100000, 0x000000008b100000|100%| E|CS|TAMS 0x000000008b000000, 0x000000008b000000| Complete 
| 113|0x000000008b100000, 0x000000008b200000, 0x000000008b200000|100%| E|CS|TAMS 0x000000008b100000, 0x000000008b100000| Complete 
| 114|0x000000008b200000, 0x000000008b300000, 0x000000008b300000|100%| E|CS|TAMS 0x000000008b200000, 0x000000008b200000| Complete 
| 115|0x000000008b300000, 0x000000008b400000, 0x000000008b400000|100%| E|CS|TAMS 0x000000008b300000, 0x000000008b300000| Complete 
| 116|0x000000008b400000, 0x000000008b500000, 0x000000008b500000|100%| E|CS|TAMS 0x000000008b400000, 0x000000008b400000| Complete 
| 117|0x000000008b500000, 0x000000008b600000, 0x000000008b600000|100%| E|CS|TAMS 0x000000008b500000, 0x000000008b500000| Complete 
| 118|0x000000008b600000, 0x000000008b700000, 0x000000008b700000|100%| E|CS|TAMS 0x000000008b600000, 0x000000008b600000| Complete 
| 119|0x000000008b700000, 0x000000008b800000, 0x000000008b800000|100%| E|CS|TAMS 0x000000008b700000, 0x000000008b700000| Complete 
| 120|0x000000008b800000, 0x000000008b900000, 0x000000008b900000|100%| E|CS|TAMS 0x000000008b800000, 0x000000008b800000| Complete 
| 121|0x000000008b900000, 0x000000008ba00000, 0x000000008ba00000|100%| E|CS|TAMS 0x000000008b900000, 0x000000008b900000| Complete 
| 122|0x000000008ba00000, 0x000000008bb00000, 0x000000008bb00000|100%| E|CS|TAMS 0x000000008ba00000, 0x000000008ba00000| Complete 
| 123|0x000000008bb00000, 0x000000008bc00000, 0x000000008bc00000|100%| E|CS|TAMS 0x000000008bb00000, 0x000000008bb00000| Complete 

Card table byte_map: [0x0000015776cc0000,0x00000157770a0000] _byte_map_base: 0x00000157768a0000

Marking Bits (Prev, Next): (CMBitMap*) 0x000001576cf69ca0, (CMBitMap*) 0x000001576cf69ce0
 Prev Bits: [0x0000015777480000, 0x0000015779380000)
 Next Bits: [0x0000015779380000, 0x000001577b280000)

Polling page: 0x000001576d010000

Metaspace:

Usage:
  Non-class:     13.82 MB used.
      Class:      1.75 MB used.
       Both:     15.56 MB used.

Virtual space:
  Non-class space:       16.00 MB reserved,      13.94 MB ( 87%) committed,  2 nodes.
      Class space:        1.00 GB reserved,       1.88 MB ( <1%) committed,  1 nodes.
              Both:        1.02 GB reserved,      15.81 MB (  2%) committed. 

Chunk freelists:
   Non-Class:  1.97 MB
       Class:  2.11 MB
        Both:  4.08 MB

MaxMetaspaceSize: 17179869184.00 GB
CompressedClassSpaceSize: 1.00 GB
 - commit_granule_bytes: 65536.
 - commit_granule_words: 8192.
 - virtual_space_node_default_size: 1048576.
 - enlarge_chunks_in_place: 1.
 - new_chunks_are_fully_committed: 0.
 - uncommit_free_chunks: 1.
 - use_allocation_guard: 0.
 - handle_deallocations: 1.


Internal statistics:

num_allocs_failed_limit: 0.
num_arena_births: 130.
num_arena_deaths: 0.
num_vsnodes_births: 3.
num_vsnodes_deaths: 0.
num_space_committed: 253.
num_space_uncommitted: 0.
num_chunks_returned_to_freelist: 0.
num_chunks_taken_from_freelist: 226.
num_chunk_merges: 0.
num_chunk_splits: 121.
num_chunks_enlarged: 63.
num_purges: 0.

CodeHeap 'non-profiled nmethods': size=120000Kb used=1261Kb max_used=1261Kb free=118738Kb
 bounds [0x0000015707ad0000, 0x0000015707d40000, 0x000001570f000000]
CodeHeap 'profiled nmethods': size=120000Kb used=5103Kb max_used=5103Kb free=114896Kb
 bounds [0x00000157005a0000, 0x0000015700aa0000, 0x0000015707ad0000]
CodeHeap 'non-nmethods': size=5760Kb used=1378Kb max_used=1412Kb free=4381Kb
 bounds [0x0000015700000000, 0x0000015700270000, 0x00000157005a0000]
 total_blobs=3293 nmethods=2589 adapters=614
 compilation: enabled
              stopped_count=0, restarted_count=0
 full_count=0

Compilation events (20 events):
Event: 23.673 Thread 0x000001577dd1a730 2584   !   3       sun.java2d.pipe.AAShapePipe::renderTiles (314 bytes)
Event: 23.673 Thread 0x000001577dd16740 2585       4       java.awt.geom.Point2D$Float::getX (6 bytes)
Event: 23.673 Thread 0x000001577dd16740 nmethod 2585 0x0000015707c07f90 code [0x0000015707c08100, 0x0000015707c08178]
Event: 23.673 Thread 0x000001577dd16740 2589 %     4       sun.java2d.marlin.MarlinTileGenerator::getAlphaRLE @ 1617 (1749 bytes)
Event: 23.674 Thread 0x000001577dd1a730 nmethod 2584 0x0000015700a95790 code [0x0000015700a95ac0, 0x0000015700a970d8]
Event: 23.674 Thread 0x000001577dd1a730 2588       3       sun.java2d.marlin.DMarlinRenderingEngine::pathToLoop (534 bytes)
Event: 23.675 Thread 0x000001577dd1a730 nmethod 2588 0x0000015700a98010 code [0x0000015700a984c0, 0x0000015700a9a2b8]
Event: 23.675 Thread 0x000001577dd1a730 2586       3       sun.java2d.marlin.DTransformingPathConsumer2D$CurveClipSplitter::init (63 bytes)
Event: 23.675 Thread 0x000001577dd1a730 nmethod 2586 0x0000015700a9a890 code [0x0000015700a9aa60, 0x0000015700a9ac38]
Event: 23.675 Thread 0x000001577dd1a730 2587       3       sun.java2d.marlin.DMarlinRenderingEngine::pathTo (35 bytes)
Event: 23.675 Thread 0x000001577dd1a730 nmethod 2587 0x0000015700a9ad10 code [0x0000015700a9aec0, 0x0000015700a9b008]
Event: 23.703 Thread 0x000001577dd16740 nmethod 2589% 0x0000015707c08290 code [0x0000015707c084a0, 0x0000015707c09bf8]
Event: 23.762 Thread 0x000001577dd1a730 2590       1       java.awt.Window::getTemporaryLostComponent (5 bytes)
Event: 23.762 Thread 0x000001577dd1a730 nmethod 2590 0x0000015707c0b190 code [0x0000015707c0b320, 0x0000015707c0b3f8]
Event: 23.762 Thread 0x000001577dd16740 2591       4       java.awt.Component::getInputContext (16 bytes)
Event: 23.762 Thread 0x000001577dd1a730 2592       3       java.util.concurrent.ConcurrentHashMap::values (25 bytes)
Event: 23.762 Thread 0x000001577dd16740 nmethod 2591 0x0000015707c0b490 code [0x0000015707c0b620, 0x0000015707c0b6d8]
Event: 23.762 Thread 0x000001577dd1a730 nmethod 2592 0x0000015700a9b110 code [0x0000015700a9b2e0, 0x0000015700a9b678]
Event: 23.762 Thread 0x000001577dd1a730 2593       3       java.util.concurrent.ConcurrentHashMap$ValuesView::iterator (34 bytes)
Event: 23.763 Thread 0x000001577dd1a730 nmethod 2593 0x0000015700a9b790 code [0x0000015700a9b940, 0x0000015700a9bb68]

GC Heap History (12 events):
Event: 1.072 GC heap before
{Heap before GC invocations=0 (full 0):
 garbage-first heap   total 126976K, used 28672K [0x0000000084000000, 0x0000000100000000)
  region size 1024K, 23 young (23552K), 0 survivors (0K)
 Metaspace       used 13829K, committed 14016K, reserved 1064960K
  class space    used 1616K, committed 1728K, reserved 1048576K
}
Event: 1.077 GC heap after
{Heap after GC invocations=1 (full 0):
 garbage-first heap   total 126976K, used 9112K [0x0000000084000000, 0x0000000100000000)
  region size 1024K, 3 young (3072K), 3 survivors (3072K)
 Metaspace       used 13829K, committed 14016K, reserved 1064960K
  class space    used 1616K, committed 1728K, reserved 1048576K
}
Event: 2.953 GC heap before
{Heap before GC invocations=1 (full 0):
 garbage-first heap   total 126976K, used 43928K [0x0000000084000000, 0x0000000100000000)
  region size 1024K, 30 young (30720K), 3 survivors (3072K)
 Metaspace       used 15044K, committed 15232K, reserved 1064960K
  class space    used 1725K, committed 1856K, reserved 1048576K
}
Event: 2.957 GC heap after
{Heap after GC invocations=2 (full 0):
 garbage-first heap   total 126976K, used 17442K [0x0000000084000000, 0x0000000100000000)
  region size 1024K, 2 young (2048K), 2 survivors (2048K)
 Metaspace       used 15044K, committed 15232K, reserved 1064960K
  class space    used 1725K, committed 1856K, reserved 1048576K
}
Event: 16.432 GC heap before
{Heap before GC invocations=2 (full 0):
 garbage-first heap   total 126976K, used 91170K [0x0000000084000000, 0x0000000100000000)
  region size 1024K, 74 young (75776K), 2 survivors (2048K)
 Metaspace       used 15900K, committed 16128K, reserved 1064960K
  class space    used 1789K, committed 1920K, reserved 1048576K
}
Event: 16.442 GC heap after
{Heap after GC invocations=3 (full 0):
 garbage-first heap   total 126976K, used 21953K [0x0000000084000000, 0x0000000100000000)
  region size 1024K, 6 young (6144K), 6 survivors (6144K)
 Metaspace       used 15900K, committed 16128K, reserved 1064960K
  class space    used 1789K, committed 1920K, reserved 1048576K
}
Event: 18.294 GC heap before
{Heap before GC invocations=3 (full 0):
 garbage-first heap   total 126976K, used 90561K [0x0000000084000000, 0x0000000100000000)
  region size 1024K, 73 young (74752K), 6 survivors (6144K)
 Metaspace       used 15906K, committed 16128K, reserved 1064960K
  class space    used 1789K, committed 1920K, reserved 1048576K
}
Event: 18.310 GC heap after
{Heap after GC invocations=4 (full 0):
 garbage-first heap   total 126976K, used 22277K [0x0000000084000000, 0x0000000100000000)
  region size 1024K, 6 young (6144K), 6 survivors (6144K)
 Metaspace       used 15906K, committed 16128K, reserved 1064960K
  class space    used 1789K, committed 1920K, reserved 1048576K
}
Event: 20.287 GC heap before
{Heap before GC invocations=4 (full 0):
 garbage-first heap   total 126976K, used 91909K [0x0000000084000000, 0x0000000100000000)
  region size 1024K, 74 young (75776K), 6 survivors (6144K)
 Metaspace       used 15906K, committed 16128K, reserved 1064960K
  class space    used 1789K, committed 1920K, reserved 1048576K
}
Event: 20.308 GC heap after
{Heap after GC invocations=5 (full 0):
 garbage-first heap   total 126976K, used 22426K [0x0000000084000000, 0x0000000100000000)
  region size 1024K, 6 young (6144K), 6 survivors (6144K)
 Metaspace       used 15906K, committed 16128K, reserved 1064960K
  class space    used 1789K, committed 1920K, reserved 1048576K
}
Event: 22.454 GC heap before
{Heap before GC invocations=5 (full 0):
 garbage-first heap   total 126976K, used 92058K [0x0000000084000000, 0x0000000100000000)
  region size 1024K, 74 young (75776K), 6 survivors (6144K)
 Metaspace       used 15922K, committed 16192K, reserved 1064960K
  class space    used 1789K, committed 1920K, reserved 1048576K
}
Event: 22.471 GC heap after
{Heap after GC invocations=6 (full 0):
 garbage-first heap   total 126976K, used 22698K [0x0000000084000000, 0x0000000100000000)
  region size 1024K, 6 young (6144K), 6 survivors (6144K)
 Metaspace       used 15922K, committed 16192K, reserved 1064960K
  class space    used 1789K, committed 1920K, reserved 1048576K
}

Deoptimization events (20 events):
Event: 14.002 Thread 0x000001577ebf77b0 DEOPT PACKING pc=0x0000015700a1452e sp=0x00000014712fbc80
Event: 14.002 Thread 0x000001577ebf77b0 DEOPT UNPACKING pc=0x000001570004e77e sp=0x00000014712fb0d0 mode 0
Event: 16.443 Thread 0x0000015710b77a30 Uncommon trap: trap_request=0xffffff45 fr.pc=0x0000015707bf4e8c relative=0x000000000000108c
Event: 16.443 Thread 0x0000015710b77a30 Uncommon trap: reason=unstable_if action=reinterpret pc=0x0000015707bf4e8c method=java.nio.Bits.tryReserveMemory(JJ)Z @ 30 c2
Event: 16.443 Thread 0x0000015710b77a30 DEOPT PACKING pc=0x0000015707bf4e8c sp=0x00000014718fed20
Event: 16.443 Thread 0x0000015710b77a30 DEOPT UNPACKING pc=0x000001570004f92e sp=0x00000014718fea98 mode 2
Event: 16.443 Thread 0x0000015710b77a30 Uncommon trap: trap_request=0xffffff45 fr.pc=0x0000015707bf6974 relative=0x0000000000000c74
Event: 16.443 Thread 0x0000015710b77a30 Uncommon trap: reason=unstable_if action=reinterpret pc=0x0000015707bf6974 method=java.nio.Bits.tryReserveMemory(JJ)Z @ 30 c2
Event: 16.443 Thread 0x0000015710b77a30 DEOPT PACKING pc=0x0000015707bf6974 sp=0x00000014718fec10
Event: 16.443 Thread 0x0000015710b77a30 DEOPT UNPACKING pc=0x000001570004f92e sp=0x00000014718fea88 mode 2
Event: 16.443 Thread 0x0000015710b77a30 Uncommon trap: trap_request=0xffffff45 fr.pc=0x0000015707bf3188 relative=0x00000000000000e8
Event: 16.443 Thread 0x0000015710b77a30 Uncommon trap: reason=unstable_if action=reinterpret pc=0x0000015707bf3188 method=java.nio.Bits.tryReserveMemory(JJ)Z @ 30 c2
Event: 16.443 Thread 0x0000015710b77a30 DEOPT PACKING pc=0x0000015707bf3188 sp=0x00000014718feb90
Event: 16.443 Thread 0x0000015710b77a30 DEOPT UNPACKING pc=0x000001570004f92e sp=0x00000014718fea88 mode 2
Event: 17.742 Thread 0x0000015710b77a30 DEOPT PACKING pc=0x0000015700a74a10 sp=0x00000014718fedb0
Event: 17.742 Thread 0x0000015710b77a30 DEOPT UNPACKING pc=0x000001570004e77e sp=0x00000014718fe278 mode 0
Event: 20.309 Thread 0x000001577dcfe4a0 DEOPT PACKING pc=0x0000015700a81858 sp=0x00000014703fef10
Event: 20.309 Thread 0x000001577dcfe4a0 DEOPT UNPACKING pc=0x000001570004e77e sp=0x00000014703fe3a0 mode 0
Event: 22.045 Thread 0x000001577ebf77b0 DEOPT PACKING pc=0x0000015700a20088 sp=0x00000014712fb1a0
Event: 22.045 Thread 0x000001577ebf77b0 DEOPT UNPACKING pc=0x000001570004e77e sp=0x00000014712fa5a0 mode 0

Classes unloaded (0 events):
No events

Classes redefined (0 events):
No events

Internal exceptions (20 events):
Event: 0.970 Thread 0x000001577ebf77b0 Exception <a 'java/lang/ClassCastException'{0x000000008b0b2b38}: class javax.swing.JButton cannot be cast to class javax.swing.JTextField (javax.swing.JButton and javax.swing.JTextField are in module java.desktop of loader 'bootstrap')> (0x000000008b0b2b38) 
thrown [t:\workspace\open\src\hotspot\share\interpreter\interpreterRuntime.cpp, line 441]
Event: 0.970 Thread 0x000001577ebf77b0 Exception <a 'java/lang/ClassCastException'{0x000000008b0b2ee0}: class javax.swing.JButton cannot be cast to class javax.swing.JTextField (javax.swing.JButton and javax.swing.JTextField are in module java.desktop of loader 'bootstrap')> (0x000000008b0b2ee0) 
thrown [t:\workspace\open\src\hotspot\share\interpreter\interpreterRuntime.cpp, line 441]
Event: 0.970 Thread 0x000001577ebf77b0 Exception <a 'java/lang/ClassCastException'{0x000000008b0b3288}: class javax.swing.JButton cannot be cast to class javax.swing.JTextField (javax.swing.JButton and javax.swing.JTextField are in module java.desktop of loader 'bootstrap')> (0x000000008b0b3288) 
thrown [t:\workspace\open\src\hotspot\share\interpreter\interpreterRuntime.cpp, line 441]
Event: 0.970 Thread 0x000001577ebf77b0 Exception <a 'java/lang/ClassCastException'{0x000000008b0b3630}: class javax.swing.JButton cannot be cast to class javax.swing.JTextField (javax.swing.JButton and javax.swing.JTextField are in module java.desktop of loader 'bootstrap')> (0x000000008b0b3630) 
thrown [t:\workspace\open\src\hotspot\share\interpreter\interpreterRuntime.cpp, line 441]
Event: 0.970 Thread 0x000001577ebf77b0 Exception <a 'java/lang/ClassCastException'{0x000000008b0b5cd8}: class javax.swing.JButton cannot be cast to class javax.swing.JTextField (javax.swing.JButton and javax.swing.JTextField are in module java.desktop of loader 'bootstrap')> (0x000000008b0b5cd8) 
thrown [t:\workspace\open\src\hotspot\share\interpreter\interpreterRuntime.cpp, line 441]
Event: 0.970 Thread 0x000001577ebf77b0 Exception <a 'java/lang/ClassCastException'{0x000000008b0b6080}: class javax.swing.JButton cannot be cast to class javax.swing.JTextField (javax.swing.JButton and javax.swing.JTextField are in module java.desktop of loader 'bootstrap')> (0x000000008b0b6080) 
thrown [t:\workspace\open\src\hotspot\share\interpreter\interpreterRuntime.cpp, line 441]
Event: 0.970 Thread 0x000001577ebf77b0 Exception <a 'java/lang/ClassCastException'{0x000000008b0b6428}: class javax.swing.JButton cannot be cast to class javax.swing.JTextField (javax.swing.JButton and javax.swing.JTextField are in module java.desktop of loader 'bootstrap')> (0x000000008b0b6428) 
thrown [t:\workspace\open\src\hotspot\share\interpreter\interpreterRuntime.cpp, line 441]
Event: 0.970 Thread 0x000001577ebf77b0 Exception <a 'java/lang/ClassCastException'{0x000000008b0b67d0}: class javax.swing.JButton cannot be cast to class javax.swing.JTextField (javax.swing.JButton and javax.swing.JTextField are in module java.desktop of loader 'bootstrap')> (0x000000008b0b67d0) 
thrown [t:\workspace\open\src\hotspot\share\interpreter\interpreterRuntime.cpp, line 441]
Event: 0.970 Thread 0x000001577ebf77b0 Exception <a 'java/lang/ClassCastException'{0x000000008b0b6b78}: class javax.swing.JButton cannot be cast to class javax.swing.JTextField (javax.swing.JButton and javax.swing.JTextField are in module java.desktop of loader 'bootstrap')> (0x000000008b0b6b78) 
thrown [t:\workspace\open\src\hotspot\share\interpreter\interpreterRuntime.cpp, line 441]
Event: 0.970 Thread 0x000001577ebf77b0 Exception <a 'java/lang/ClassCastException'{0x000000008b0b6f20}: class javax.swing.JButton cannot be cast to class javax.swing.JTextField (javax.swing.JButton and javax.swing.JTextField are in module java.desktop of loader 'bootstrap')> (0x000000008b0b6f20) 
thrown [t:\workspace\open\src\hotspot\share\interpreter\interpreterRuntime.cpp, line 441]
Event: 0.974 Thread 0x000001577fb5d700 Exception <a 'java/io/FileNotFoundException'{0x000000008b0eda48}> (0x000000008b0eda48) 
thrown [t:\workspace\open\src\hotspot\share\prims\jni.cpp, line 579]
Event: 1.302 Thread 0x000001577ebf77b0 Implicit null exception at 0x0000015707b5a5c9 to 0x0000015707b5aaa9
Event: 1.302 Thread 0x000001577ebf77b0 Implicit null exception at 0x0000015707b536aa to 0x0000015707b53d74
Event: 1.302 Thread 0x000001577ebf77b0 Implicit null exception at 0x0000015707b5a5c9 to 0x0000015707b5aaa9
Event: 1.302 Thread 0x000001577ebf77b0 Implicit null exception at 0x0000015707b536aa to 0x0000015707b53d74
Event: 1.302 Thread 0x000001577ebf77b0 Implicit null exception at 0x0000015707b5a5c9 to 0x0000015707b5aaa9
Event: 4.474 Thread 0x000001577ebf77b0 Exception <a 'java/lang/NullPointerException'{0x000000008bb63f68}> (0x000000008bb63f68) 
thrown [t:\workspace\open\src\hotspot\share\interpreter\linkResolver.cpp, line 1385]
Event: 7.615 Thread 0x000001577ebf77b0 Exception <a 'java/lang/NullPointerException'{0x000000008b9a3800}> (0x000000008b9a3800) 
thrown [t:\workspace\open\src\hotspot\share\interpreter\linkResolver.cpp, line 1385]
Event: 12.135 Thread 0x000001577ebf77b0 Exception <a 'java/lang/NoSuchMethodError'{0x000000008b879ca8}: 'int java.lang.invoke.DirectMethodHandle$Holder.invokeStatic(java.lang.Object)'> (0x000000008b879ca8) 
thrown [t:\workspace\open\src\hotspot\share\interpreter\linkResolver.cpp, line 790]
Event: 14.470 Thread 0x000001577ebf77b0 Exception <a 'java/lang/NullPointerException'{0x000000008b75db30}> (0x000000008b75db30) 
thrown [t:\workspace\open\src\hotspot\share\interpreter\linkResolver.cpp, line 1385]

Events (20 events):
Event: 14.591 loading class jdk/internal/access/foreign/MemorySegmentProxy
Event: 14.591 loading class jdk/internal/access/foreign/MemorySegmentProxy done
Event: 15.071 Executing  VM operation: Cleanup
Event: 15.071 Executing  VM operation: Cleanup done
Event: 16.431 Executing  VM operation: G1CollectForAllocation
Event: 16.442 Executing  VM operation: G1CollectForAllocation done
Event: 17.448 Executing  VM operation: Cleanup
Event: 17.448 Executing  VM operation: Cleanup done
Event: 18.294 Executing  VM operation: G1CollectForAllocation
Event: 18.310 Executing  VM operation: G1CollectForAllocation done
Event: 20.286 Executing  VM operation: G1CollectForAllocation
Event: 20.308 Executing  VM operation: G1CollectForAllocation done
Event: 21.308 Executing  VM operation: Cleanup
Event: 21.308 Executing  VM operation: Cleanup done
Event: 22.324 Executing  VM operation: Cleanup
Event: 22.324 Executing  VM operation: Cleanup done
Event: 22.454 Executing  VM operation: G1CollectForAllocation
Event: 22.471 Executing  VM operation: G1CollectForAllocation done
Event: 23.480 Executing  VM operation: Cleanup
Event: 23.480 Executing  VM operation: Cleanup done


Dynamic libraries:
0x00007ff68c440000 - 0x00007ff68c450000 	C:\Program Files\Java\jdk-16\bin\java.exe
0x00007ffd344b0000 - 0x00007ffd346a5000 	C:\Windows\SYSTEM32\ntdll.dll
0x00007ffd32630000 - 0x00007ffd326ed000 	C:\Windows\System32\KERNEL32.DLL
0x00007ffd31f80000 - 0x00007ffd32248000 	C:\Windows\System32\KERNELBASE.dll
0x00007ffd32310000 - 0x00007ffd32410000 	C:\Windows\System32\ucrtbase.dll
0x00007ffd2d2b0000 - 0x00007ffd2d2c9000 	C:\Program Files\Java\jdk-16\bin\VCRUNTIME140.dll
0x00007ffd20b60000 - 0x00007ffd20b78000 	C:\Program Files\Java\jdk-16\bin\jli.dll
0x00007ffd32f40000 - 0x00007ffd32fec000 	C:\Windows\System32\ADVAPI32.dll
0x00007ffd32d00000 - 0x00007ffd32d9e000 	C:\Windows\System32\msvcrt.dll
0x00007ffd32950000 - 0x00007ffd329eb000 	C:\Windows\System32\sechost.dll
0x00007ffd32ac0000 - 0x00007ffd32beb000 	C:\Windows\System32\RPCRT4.dll
0x00007ffd32da0000 - 0x00007ffd32f40000 	C:\Windows\System32\USER32.dll
0x00007ffd31eb0000 - 0x00007ffd31ed2000 	C:\Windows\System32\win32u.dll
0x00007ffd33b60000 - 0x00007ffd33b8a000 	C:\Windows\System32\GDI32.dll
0x00007ffd32410000 - 0x00007ffd3251b000 	C:\Windows\System32\gdi32full.dll
0x00007ffd1a9e0000 - 0x00007ffd1ac7a000 	C:\Windows\WinSxS\amd64_microsoft.windows.common-controls_6595b64144ccf1df_6.0.19041.1052_none_60b8f8fd71f5e8cb\COMCTL32.dll
0x00007ffd31ee0000 - 0x00007ffd31f7d000 	C:\Windows\System32\msvcp_win.dll
0x00007ffd2aa40000 - 0x00007ffd2aa4a000 	C:\Windows\SYSTEM32\VERSION.dll
0x00007ffd32bf0000 - 0x00007ffd32c20000 	C:\Windows\System32\IMM32.DLL
0x00007ffd2d560000 - 0x00007ffd2d56c000 	C:\Program Files\Java\jdk-16\bin\vcruntime140_1.dll
0x00007ffd01da0000 - 0x00007ffd01e31000 	C:\Program Files\Java\jdk-16\bin\msvcp140.dll
0x00007ffcf04c0000 - 0x00007ffcf106b000 	C:\Program Files\Java\jdk-16\bin\server\jvm.dll
0x00007ffd33360000 - 0x00007ffd33368000 	C:\Windows\System32\PSAPI.DLL
0x00007ffd1fc00000 - 0x00007ffd1fc09000 	C:\Windows\SYSTEM32\WSOCK32.dll
0x00007ffd21f00000 - 0x00007ffd21f27000 	C:\Windows\SYSTEM32\WINMM.dll
0x00007ffd33370000 - 0x00007ffd333db000 	C:\Windows\System32\WS2_32.dll
0x00007ffd30480000 - 0x00007ffd30492000 	C:\Windows\SYSTEM32\kernel.appcore.dll
0x00007ffd2d350000 - 0x00007ffd2d35a000 	C:\Program Files\Java\jdk-16\bin\jimage.dll
0x00007ffd2fa00000 - 0x00007ffd2fbe4000 	C:\Windows\SYSTEM32\DBGHELP.DLL
0x00007ffd1a4f0000 - 0x00007ffd1a51c000 	C:\Windows\SYSTEM32\dbgcore.DLL
0x00007ffd32280000 - 0x00007ffd32303000 	C:\Windows\System32\bcryptPrimitives.dll
0x00007ffd2bd30000 - 0x00007ffd2bd55000 	C:\Program Files\Java\jdk-16\bin\java.dll
0x00007ffd33ca0000 - 0x00007ffd343df000 	C:\Windows\System32\SHELL32.dll
0x00007ffd2fce0000 - 0x00007ffd30470000 	C:\Windows\SYSTEM32\windows.storage.dll
0x00007ffd33000000 - 0x00007ffd33355000 	C:\Windows\System32\combase.dll
0x00007ffd31590000 - 0x00007ffd315bc000 	C:\Windows\SYSTEM32\Wldp.dll
0x00007ffd33bf0000 - 0x00007ffd33c9e000 	C:\Windows\System32\SHCORE.dll
0x00007ffd33950000 - 0x00007ffd339a5000 	C:\Windows\System32\shlwapi.dll
0x00007ffd31b30000 - 0x00007ffd31b4f000 	C:\Windows\SYSTEM32\profapi.dll
0x00007ffd2d270000 - 0x00007ffd2d289000 	C:\Program Files\Java\jdk-16\bin\net.dll
0x00007ffd234c0000 - 0x00007ffd235cb000 	C:\Windows\SYSTEM32\WINHTTP.dll
0x00007ffd312b0000 - 0x00007ffd3131a000 	C:\Windows\system32\mswsock.dll
0x00007ffd22310000 - 0x00007ffd22323000 	C:\Program Files\Java\jdk-16\bin\nio.dll
0x00007ffd22110000 - 0x00007ffd22128000 	C:\Program Files\Java\jdk-16\bin\zip.dll
0x00007ffcf0340000 - 0x00007ffcf04c0000 	C:\Program Files\Java\jdk-16\bin\awt.dll
0x00007ffd329f0000 - 0x00007ffd32abd000 	C:\Windows\System32\OLEAUT32.dll
0x00007ffd2f0c0000 - 0x00007ffd2f150000 	C:\Windows\SYSTEM32\apphelp.dll
0x00007ffd2f2a0000 - 0x00007ffd2f33e000 	C:\Windows\system32\uxtheme.dll
0x00007ffd32820000 - 0x00007ffd32935000 	C:\Windows\System32\MSCTF.dll
0x00007ffd326f0000 - 0x00007ffd3281a000 	C:\Windows\System32\ole32.dll
0x00007ffd2f470000 - 0x00007ffd2f49f000 	C:\Windows\system32\DWMAPI.DLL
0x00007ffcf77e0000 - 0x00007ffcf7869000 	C:\Program Files\Java\jdk-16\bin\freetype.dll
0x00007ffcf0240000 - 0x00007ffcf0336000 	C:\Program Files\Java\jdk-16\bin\harfbuzz.dll
0x00007ffd21ea0000 - 0x00007ffd21eb2000 	C:\Program Files\Java\jdk-16\bin\fontmanager.dll
0x00007ffd10980000 - 0x00007ffd10aa6000 	C:\Windows\system32\opengl32.dll
0x00007ffd10f60000 - 0x00007ffd10f8c000 	C:\Windows\SYSTEM32\GLU32.dll
0x00007ffd20b30000 - 0x00007ffd20b55000 	C:\Users\bijum\AppData\Local\Temp\jSerialComm\1625296325914-jSerialComm.dll
0x00007ffd333e0000 - 0x00007ffd33849000 	C:\Windows\System32\SETUPAPI.dll
0x00007ffd31e60000 - 0x00007ffd31eae000 	C:\Windows\System32\cfgmgr32.dll
0x00007ffd32250000 - 0x00007ffd32277000 	C:\Windows\System32\bcrypt.dll
0x00007ffd318d0000 - 0x00007ffd318fc000 	C:\Windows\SYSTEM32\DEVOBJ.dll
0x00007ffd31e00000 - 0x00007ffd31e60000 	C:\Windows\System32\WINTRUST.dll
0x00007ffd31ca0000 - 0x00007ffd31dff000 	C:\Windows\System32\CRYPT32.dll
0x00007ffd31710000 - 0x00007ffd31722000 	C:\Windows\SYSTEM32\MSASN1.dll
0x00007ffd314c0000 - 0x00007ffd314d8000 	C:\Windows\SYSTEM32\CRYPTSP.dll
0x00007ffd30c60000 - 0x00007ffd30c94000 	C:\Windows\system32\rsaenh.dll
0x00007ffd31af0000 - 0x00007ffd31b1e000 	C:\Windows\SYSTEM32\USERENV.dll
0x00007ffd314b0000 - 0x00007ffd314bc000 	C:\Windows\SYSTEM32\CRYPTBASE.dll
0x00007ffd30fc0000 - 0x00007ffd30ffb000 	C:\Windows\SYSTEM32\IPHLPAPI.DLL
0x00007ffd32ff0000 - 0x00007ffd32ff8000 	C:\Windows\System32\NSI.dll
0x00007ffd29930000 - 0x00007ffd29947000 	C:\Windows\SYSTEM32\dhcpcsvc6.DLL
0x00007ffd295a0000 - 0x00007ffd295bd000 	C:\Windows\SYSTEM32\dhcpcsvc.DLL
0x00007ffd31000000 - 0x00007ffd310cc000 	C:\Windows\SYSTEM32\DNSAPI.dll
0x00007ffd14f80000 - 0x00007ffd14fe3000 	C:\Users\bijum\AppData\Local\Temp\usb4java4657938610863575999.tmp\libusb4java.dll
0x00007ffd08490000 - 0x00007ffd0849c000 	C:\Windows\SYSTEM32\WinUSB.DLL
0x00007ffd30470000 - 0x00007ffd3047d000 	C:\Windows\SYSTEM32\hid.DLL
0x00007ffd32580000 - 0x00007ffd32629000 	C:\Windows\System32\clbcatq.dll
0x00007ffd2add0000 - 0x00007ffd2af84000 	C:\Windows\SYSTEM32\WindowsCodecs.dll
0x00007ffd08830000 - 0x00007ffd0886e000 	C:\Windows\system32\dataexchange.dll
0x00007ffd2e4e0000 - 0x00007ffd2e6c6000 	C:\Windows\system32\dcomp.dll
0x00007ffd2dcb0000 - 0x00007ffd2df14000 	C:\Windows\system32\d3d11.dll
0x00007ffd304f0000 - 0x00007ffd305e4000 	C:\Windows\system32\dxgi.dll
0x00007ffd2b1d0000 - 0x00007ffd2b3d1000 	C:\Windows\system32\twinapi.appcore.dll
0x00007ffd14b70000 - 0x00007ffd14c0a000 	C:\Windows\system32\RICHED20.DLL
0x00007ffd209b0000 - 0x00007ffd209c9000 	C:\Windows\SYSTEM32\USP10.dll
0x00007ffd08e60000 - 0x00007ffd08e99000 	C:\Windows\SYSTEM32\msls31.dll
0x00007ffd0f090000 - 0x00007ffd0f189000 	C:\Windows\SYSTEM32\textinputframework.dll
0x00007ffd2edb0000 - 0x00007ffd2eea2000 	C:\Windows\System32\CoreMessaging.dll
0x00007ffd2ea50000 - 0x00007ffd2edae000 	C:\Windows\System32\CoreUIComponents.dll
0x00007ffd2d6f0000 - 0x00007ffd2d844000 	C:\Windows\SYSTEM32\wintypes.dll
0x00007ffd308f0000 - 0x00007ffd30923000 	C:\Windows\SYSTEM32\ntmarta.dll

dbghelp: loaded successfully - version: 4.0.5 - missing functions: none
symbol engine: initialized successfully - sym options: 0x614 - pdb path: .;C:\Program Files\Java\jdk-16\bin;C:\Windows\SYSTEM32;C:\Windows\WinSxS\amd64_microsoft.windows.common-controls_6595b64144ccf1df_6.0.19041.1052_none_60b8f8fd71f5e8cb;C:\Program Files\Java\jdk-16\bin\server;C:\Users\bijum\AppData\Local\Temp\jSerialComm;C:\Users\bijum\AppData\Local\Temp\usb4java4657938610863575999.tmp

VM Arguments:
jvm_args: -Dfile.encoding=UTF-8 
java_command: hackbugant.HackBugAnt
java_class_path (initial): C:\Program Files\NetBeans-12.3\netbeans\java\modules\ext\AbsoluteLayout.jar;D:\Works\HackBug\HackBugAnt\lib\usb-api-1.0.2.jar;D:\Works\HackBug\HackBugAnt\lib\usb4java-1.3.0.jar;D:\Works\HackBug\HackBugAnt\lib\jSerialComm-2.6.2.jar;D:\Works\HackBug\HackBugAnt\lib\json-simple-1.1.1.jar;D:\Works\HackBug\HackBugAnt\lib\commons-lang3-3.8.1.jar;D:\Works\HackBug\HackBugAnt\lib\LibusbJava.jar;D:\Works\HackBug\HackBugAnt\lib\libusb4java-1.3.0-win32-x86-64.jar;D:\Works\HackBug\HackBugAnt\build\classes
Launcher Type: SUN_STANDARD

[Global flags]
     intx CICompilerCount                          = 4                                         {product} {ergonomic}
     uint ConcGCThreads                            = 2                                         {product} {ergonomic}
     uint G1ConcRefinementThreads                  = 8                                         {product} {ergonomic}
   size_t G1HeapRegionSize                         = 1048576                                   {product} {ergonomic}
    uintx GCDrainStackTargetSize                   = 64                                        {product} {ergonomic}
   size_t InitialHeapSize                          = 130023424                                 {product} {ergonomic}
   size_t MarkStackSize                            = 4194304                                   {product} {ergonomic}
   size_t MaxHeapSize                              = 2080374784                                {product} {ergonomic}
   size_t MaxNewSize                               = 1247805440                                {product} {ergonomic}
   size_t MinHeapDeltaBytes                        = 1048576                                   {product} {ergonomic}
   size_t MinHeapSize                              = 8388608                                   {product} {ergonomic}
    uintx NonNMethodCodeHeapSize                   = 5839372                                {pd product} {ergonomic}
    uintx NonProfiledCodeHeapSize                  = 122909434                              {pd product} {ergonomic}
    uintx ProfiledCodeHeapSize                     = 122909434                              {pd product} {ergonomic}
    uintx ReservedCodeCacheSize                    = 251658240                              {pd product} {ergonomic}
     bool SegmentedCodeCache                       = true                                      {product} {ergonomic}
   size_t SoftMaxHeapSize                          = 2080374784                             {manageable} {ergonomic}
     bool UseCompressedClassPointers               = true                           {product lp64_product} {ergonomic}
     bool UseCompressedOops                        = true                           {product lp64_product} {ergonomic}
     bool UseG1GC                                  = true                                      {product} {ergonomic}
     bool UseLargePagesIndividualAllocation        = false                                  {pd product} {ergonomic}

Logging:
Log output configuration:
 #0: stdout all=warning uptime,level,tags
 #1: stderr all=off uptime,level,tags

Environment Variables:
CLASSPATH=C:\Program Files\Java\jdk-16;C:\Program Files\Java\jdk-16\conf
PATH=D:\programs\python\Scripts\;D:\programs\python\;C:\Program Files\Common Files\Oracle\Java\javapath;C:\Program Files (x86)\Common Files\Oracle\Java\javapath;C:\Windows\system32;C:\Windows;C:\Windows\System32\Wbem;C:\Windows\System32\WindowsPowerShell\v1.0\;C:\Windows\System32\OpenSSH\;D:\Git\cmd;C:\Program Files\Docker\Docker\resources\bin;C:\ProgramData\DockerDesktop\version-bin;C:\Python27;C:\Program Files\dotnet\;C:\Users\bijum\AppData\Local\Microsoft\WindowsApps;C:\Users\bijum\AppData\Local\GitHubDesktop\bin;D:\Microsoft VS Code\bin;D:\programs\Pycharm\PyCharm Community Edition 2021.1.2\bin;;C:\Users\bijum\.dotnet\tools
USERNAME=bijum
OS=Windows_NT
PROCESSOR_IDENTIFIER=Intel64 Family 6 Model 126 Stepping 5, GenuineIntel



---------------  S Y S T E M  ---------------

OS:
 Windows 10 , 64 bit Build 19041 (10.0.19041.1023)
OS uptime: 7 days 1:47 hours
Hyper-V role detected

CPU: total 8 (initial active 8) (4 cores per cpu, 2 threads per core) family 6 model 126 stepping 5 microcode 0xa0, cx8, cmov, fxsr, ht, mmx, 3dnowpref, sse, sse2, sse3, ssse3, sse4.1, sse4.2, popcnt, lzcnt, tsc, tscinvbit, avx, avx2, aes, erms, clmul, bmi1, bmi2, adx, avx512f, avx512dq, avx512cd, avx512bw, avx512vl, sha, fma, vzeroupper, avx512_vpopcntdq, avx512_vpclmulqdq, avx512_vaes, avx512_vnni, clflush, clflushopt, avx512_vmbi2, avx512_vmbi, hv

Memory: 4k page, system-wide physical 7934M (1091M free)
TotalPageFile size 22813M (AvailPageFile size 5590M)
current process WorkingSet (physical memory assigned to process): 174M, peak: 176M
current process commit charge ("private bytes"): 237M, peak: 257M

vm_info: Java HotSpot(TM) 64-Bit Server VM (16+36-2231) for windows-amd64 JRE (16+36-2231), built on Feb  8 2021 11:43:10 by "mach5one" with MS VC++ 16.7 (VS2019)

END.
