#
# A fatal error has been detected by the Java Runtime Environment:
#
#  EXCEPTION_ACCESS_VIOLATION (0xc0000005) at pc=0x00007ffd14bb3a22, pid=24004, tid=3580
#
# JRE version: Java(TM) SE Runtime Environment (16.0+36) (build 16+36-2231)
# Java VM: Java HotSpot(TM) 64-Bit Server VM (16+36-2231, mixed mode, sharing, tiered, compressed oops, g1 gc, windows-amd64)
# Problematic frame:
# C  [libusb4java.dll+0x13a22]
#
# No core dump will be written. Minidumps are not enabled by default on client versions of Windows
#
# If you would like to submit a bug report, please visit:
#   https://bugreport.java.com/bugreport/crash.jsp
# The crash happened outside the Java Virtual Machine in native code.
# See problematic frame for where to report the bug.
#

---------------  S U M M A R Y ------------

Command Line: -Dfile.encoding=UTF-8 -agentlib:jdwp=transport=dt_shmem,address=javadebug hackbugant.HackBugAnt

Host: Intel(R) Core(TM) i5-1035G1 CPU @ 1.00GHz, 8 cores, 7G,  Windows 10 , 64 bit Build 19041 (10.0.19041.1023)
Time: Sat Jul  3 12:40:20 2021 India Standard Time elapsed time: 199.453723 seconds (0d 0h 3m 19s)

---------------  T H R E A D  ---------------

Current thread (0x000001a840a417b0):  JavaThread "Thread-1" [_thread_in_native, id=3580, stack(0x00000053b1800000,0x00000053b1900000)]

Stack: [0x00000053b1800000,0x00000053b1900000],  sp=0x00000053b18febe0,  free space=1018k
Native frames: (J=compiled Java code, j=interpreted, Vv=VM code, C=native code)
C  [libusb4java.dll+0x13a22]

Java frames: (J=compiled Java code, j=interpreted, Vv=VM code)
J 2468  org.usb4java.LibUsb.bulkTransfer(Lorg/usb4java/DeviceHandle;BLjava/nio/ByteBuffer;Ljava/nio/IntBuffer;J)I (0 bytes) @ 0x000001a8313159bf [0x000001a831315920+0x000000000000009f]
j  com.bmjo.hackbug.usb.USBHelper.readUsb()[B+63
J 2518 c1 com.bmjo.hackbug.usb.UsbControler$ReadUsbData.run()V (59 bytes) @ 0x000001a82a175b44 [0x000001a82a175a80+0x00000000000000c4]
j  java.lang.Thread.run()V+11 java.base@16
v  ~StubRoutines::call_stub

siginfo: EXCEPTION_ACCESS_VIOLATION (0xc0000005), reading address 0x0000000000000040


Register to memory mapping:

RIP=0x00007ffd14bb3a22 libusb4java.dll
RAX=0x0 is NULL
RBX=0x000001a840a41ac0 points into unknown readable memory: 0x00007ffcf0f333d0 | d0 33 f3 f0 fc 7f 00 00
RCX=0x000001a841e33430 points into unknown readable memory: 0x0000000000000000 | 00 00 00 00 00 00 00 00
RDX=0x0000000000000004 is an unknown value
RSP=0x00000053b18febe0 is pointing into the stack for thread: 0x000001a840a417b0
RBP=0x00000053b18fee60 is pointing into the stack for thread: 0x000001a840a417b0
RSI=0x000001a842d9da40 points into unknown readable memory: 0x0000000000000000 | 00 00 00 00 00 00 00 00
RDI=0x00000053b18fee28 is pointing into the stack for thread: 0x000001a840a417b0
R8 =0x00007ffd14bf32a0 libusb4java.dll
R9 =0x00007ffd14bf3290 libusb4java.dll
R10=0x0 is NULL
R11=0x0000000000000246 is an unknown value
R12=0x0 is NULL
R13=0x00000053b18fee78 is pointing into the stack for thread: 0x000001a840a417b0
R14=0x000001a8409ac2d0 points into unknown readable memory: 0x0000000000000000 | 00 00 00 00 00 00 00 00
R15=0x0000000000000083 is an unknown value


Registers:
RAX=0x0000000000000000, RBX=0x000001a840a41ac0, RCX=0x000001a841e33430, RDX=0x0000000000000004
RSP=0x00000053b18febe0, RBP=0x00000053b18fee60, RSI=0x000001a842d9da40, RDI=0x00000053b18fee28
R8 =0x00007ffd14bf32a0, R9 =0x00007ffd14bf3290, R10=0x0000000000000000, R11=0x0000000000000246
R12=0x0000000000000000, R13=0x00000053b18fee78, R14=0x000001a8409ac2d0, R15=0x0000000000000083
RIP=0x00007ffd14bb3a22, EFLAGS=0x0000000000010202

Top of Stack: (sp=0x00000053b18febe0)
0x00000053b18febe0:   00007ffd14bf32a0 00007ffd14badab4
0x00000053b18febf0:   00000053b18fec40 00000053b18fec18
0x00000053b18fec00:   0000000000000000 00007ffd14bf3840
0x00000053b18fec10:   00007ffdfffffffb 00007ffd14bacb14
0x00000053b18fec20:   000001a841e33430 00007ffd00000004
0x00000053b18fec30:   00007ffd14bf32a0 00007ffd14bf3290
0x00000053b18fec40:   000001a841e33498 000001a841e33458
0x00000053b18fec50:   0000000000000000 000001a841e33430
0x00000053b18fec60:   000001a840a41ac0 00007ffd14bafd0e
0x00000053b18fec70:   000001a841e33498 0000005300000001
0x00000053b18fec80:   00007ffd14bf3c58 00007ffd14bf3c10
0x00000053b18fec90:   00007ffd14bf1a60 00007ffd14bafc12
0x00000053b18feca0:   000001a8fffffffb 00000053b18fed18
0x00000053b18fecb0:   000001a841d376b0 0000000000000118
0x00000053b18fecc0:   00007ffcf0db9328 00007ffd14bafe0f
0x00000053b18fecd0:   000001a841e33498 000001a842d9da40 

Instructions: (pc=0x00007ffd14bb3a22)
0x00007ffd14bb3922:   8b 4c 24 40 ff 50 70 48 83 c4 38 c3 cc cc cc cc
0x00007ffd14bb3932:   cc cc cc cc cc cc cc cc cc cc cc cc cc cc 48 89
0x00007ffd14bb3942:   4c 24 08 48 83 ec 38 48 8b 44 24 40 48 8b 40 40
0x00007ffd14bb3952:   48 8b 48 30 e8 f5 e5 ff ff 48 89 44 24 20 48 8b
0x00007ffd14bb3962:   44 24 20 48 8b 00 48 8b 4c 24 40 ff 50 78 48 83
0x00007ffd14bb3972:   c4 38 c3 cc cc cc cc cc cc cc cc cc cc cc 48 89
0x00007ffd14bb3982:   4c 24 08 48 83 ec 38 48 8b 44 24 40 48 8b 48 30
0x00007ffd14bb3992:   e8 b9 e5 ff ff 48 89 44 24 20 48 8b 44 24 20 48
0x00007ffd14bb39a2:   8b 00 48 8b 4c 24 40 ff 90 80 00 00 00 48 83 c4
0x00007ffd14bb39b2:   38 c3 cc cc cc cc cc cc cc cc cc cc cc cc 48 89
0x00007ffd14bb39c2:   4c 24 08 48 83 ec 38 48 8b 44 24 40 48 8b 40 68
0x00007ffd14bb39d2:   48 8b 40 40 48 8b 48 30 e8 71 e5 ff ff 48 89 44
0x00007ffd14bb39e2:   24 20 48 8b 44 24 20 48 8b 00 48 8b 4c 24 40 ff
0x00007ffd14bb39f2:   90 88 00 00 00 48 83 c4 38 c3 cc cc cc cc cc cc
0x00007ffd14bb3a02:   cc cc cc cc cc cc cc cc cc cc cc cc cc cc 48 89
0x00007ffd14bb3a12:   4c 24 08 48 83 ec 38 48 8b 44 24 40 48 8b 40 68
0x00007ffd14bb3a22:   48 8b 40 40 48 8b 48 30 e8 21 e5 ff ff 48 89 44
0x00007ffd14bb3a32:   24 20 48 8b 44 24 20 48 8b 00 48 8b 4c 24 40 ff
0x00007ffd14bb3a42:   90 90 00 00 00 48 83 c4 38 c3 cc cc cc cc cc cc
0x00007ffd14bb3a52:   cc cc cc cc cc cc cc cc cc cc cc cc cc cc 48 89
0x00007ffd14bb3a62:   4c 24 08 48 83 ec 38 48 8b 44 24 40 48 8b 40 68
0x00007ffd14bb3a72:   48 8b 40 40 48 8b 48 30 e8 d1 e4 ff ff 48 89 44
0x00007ffd14bb3a82:   24 20 48 8b 44 24 20 48 8b 00 48 8b 4c 24 40 ff
0x00007ffd14bb3a92:   90 98 00 00 00 48 83 c4 38 c3 cc cc cc cc cc cc
0x00007ffd14bb3aa2:   cc cc cc cc cc cc cc cc cc cc cc cc cc cc 44 89
0x00007ffd14bb3ab2:   4c 24 20 44 89 44 24 18 48 89 54 24 10 48 89 4c
0x00007ffd14bb3ac2:   24 08 48 83 ec 68 48 8b 4c 24 70 e8 7e e4 ff ff
0x00007ffd14bb3ad2:   48 89 44 24 50 c7 44 24 3c 00 00 00 00 48 8b 44
0x00007ffd14bb3ae2:   24 70 48 83 c0 58 48 8b c8 e8 b0 dd ff ff c7 44
0x00007ffd14bb3af2:   24 30 00 00 00 00 eb 0a 8b 44 24 30 ff c0 89 44
0x00007ffd14bb3b02:   24 30 8b 84 24 80 00 00 00 39 44 24 30 0f 83 a8
0x00007ffd14bb3b12:   01 00 00 83 bc 24 88 00 00 00 00 0f 8e 9a 01 00 


Stack slot to memory mapping:
stack at sp + 0 slots: 0x00007ffd14bf32a0 libusb4java.dll
stack at sp + 1 slots: 0x00007ffd14badab4 libusb4java.dll
stack at sp + 2 slots: 0x00000053b18fec40 is pointing into the stack for thread: 0x000001a840a417b0
stack at sp + 3 slots: 0x00000053b18fec18 is pointing into the stack for thread: 0x000001a840a417b0
stack at sp + 4 slots: 0x0 is NULL
stack at sp + 5 slots: 0x00007ffd14bf3840 libusb4java.dll
stack at sp + 6 slots: 0x00007ffdfffffffb is an unknown value
stack at sp + 7 slots: 0x00007ffd14bacb14 libusb4java.dll


---------------  P R O C E S S  ---------------

Threads class SMR info:
_java_thread_list=0x000001a841b12430, length=22, elements={
0x000001a83fd7d220, 0x000001a83fd7db30, 0x000001a83fd8dca0, 0x000001a83fd905c0,
0x000001a83fd90ed0, 0x000001a83fd91f80, 0x000001a83fd93080, 0x000001a83fd94220,
0x000001a83fd987a0, 0x000001a8408b4420, 0x000001a8408c7090, 0x000001a8408cd700,
0x000001a8408d2340, 0x000001a8408f5c90, 0x000001a840b5e140, 0x000001a840b69f80,
0x000001a840b6c4b0, 0x000001a8416ea060, 0x000001a821f69360, 0x000001a841718880,
0x000001a841bbd0f0, 0x000001a840a417b0
}

Java Threads: ( => current thread )
  0x000001a83fd7d220 JavaThread "Reference Handler" daemon [_thread_blocked, id=24208, stack(0x00000053b2200000,0x00000053b2300000)]
  0x000001a83fd7db30 JavaThread "Finalizer" daemon [_thread_blocked, id=24656, stack(0x00000053b2300000,0x00000053b2400000)]
  0x000001a83fd8dca0 JavaThread "Signal Dispatcher" daemon [_thread_blocked, id=980, stack(0x00000053b2400000,0x00000053b2500000)]
  0x000001a83fd905c0 JavaThread "Attach Listener" daemon [_thread_blocked, id=16344, stack(0x00000053b2500000,0x00000053b2600000)]
  0x000001a83fd90ed0 JavaThread "Service Thread" daemon [_thread_blocked, id=3784, stack(0x00000053b2600000,0x00000053b2700000)]
  0x000001a83fd91f80 JavaThread "Monitor Deflation Thread" daemon [_thread_blocked, id=6956, stack(0x00000053b2700000,0x00000053b2800000)]
  0x000001a83fd93080 JavaThread "C2 CompilerThread0" daemon [_thread_blocked, id=26840, stack(0x00000053b2800000,0x00000053b2900000)]
  0x000001a83fd94220 JavaThread "C1 CompilerThread0" daemon [_thread_blocked, id=31400, stack(0x00000053b2900000,0x00000053b2a00000)]
  0x000001a83fd987a0 JavaThread "Sweeper thread" daemon [_thread_blocked, id=12164, stack(0x00000053b2a00000,0x00000053b2b00000)]
  0x000001a8408b4420 JavaThread "JDWP Transport Listener: dt_shmem" daemon [_thread_blocked, id=15692, stack(0x00000053b2b00000,0x00000053b2c00000)]
  0x000001a8408c7090 JavaThread "JDWP Event Helper Thread" daemon [_thread_blocked, id=26288, stack(0x00000053b2c00000,0x00000053b2d00000)]
  0x000001a8408cd700 JavaThread "JDWP Command Reader" daemon [_thread_in_native, id=1640, stack(0x00000053b2d00000,0x00000053b2e00000)]
  0x000001a8408d2340 JavaThread "Notification Thread" daemon [_thread_blocked, id=28456, stack(0x00000053b2e00000,0x00000053b2f00000)]
  0x000001a8408f5c90 JavaThread "Common-Cleaner" daemon [_thread_blocked, id=25592, stack(0x00000053b3000000,0x00000053b3100000)]
  0x000001a840b5e140 JavaThread "Java2D Disposer" daemon [_thread_blocked, id=16060, stack(0x00000053b3100000,0x00000053b3200000)]
  0x000001a840b69f80 JavaThread "AWT-Shutdown" [_thread_blocked, id=12072, stack(0x00000053b3200000,0x00000053b3300000)]
  0x000001a840b6c4b0 JavaThread "AWT-Windows" daemon [_thread_in_native, id=11400, stack(0x00000053b3300000,0x00000053b3400000)]
  0x000001a8416ea060 JavaThread "AWT-EventQueue-0" [_thread_blocked, id=20816, stack(0x00000053b3400000,0x00000053b3500000)]
  0x000001a821f69360 JavaThread "DestroyJavaVM" [_thread_blocked, id=3624, stack(0x00000053b1b00000,0x00000053b1c00000)]
  0x000001a841718880 JavaThread "org.netbeans.modules.debugger.jpda.visual AWT Access Loop" daemon [_thread_blocked, id=16868, stack(0x00000053b3500000,0x00000053b3600000)]
  0x000001a841bbd0f0 JavaThread "TimerQueue" daemon [_thread_blocked, id=13028, stack(0x00000053b3600000,0x00000053b3700000)]
=>0x000001a840a417b0 JavaThread "Thread-1" [_thread_in_native, id=3580, stack(0x00000053b1800000,0x00000053b1900000)]

Other Threads:
  0x000001a83fd77170 VMThread "VM Thread" [stack: 0x00000053b2100000,0x00000053b2200000] [id=24300]
  0x000001a8408d2a50 WatcherThread [stack: 0x00000053b2f00000,0x00000053b3000000] [id=30740]
  0x000001a821fa7840 GCTaskThread "GC Thread#0" [stack: 0x00000053b1c00000,0x00000053b1d00000] [id=19012]
  0x000001a841d51ce0 GCTaskThread "GC Thread#1" [stack: 0x00000053b3e00000,0x00000053b3f00000] [id=17672]
  0x000001a841e63af0 GCTaskThread "GC Thread#2" [stack: 0x00000053b3f00000,0x00000053b4000000] [id=3780]
  0x000001a841e63e00 GCTaskThread "GC Thread#3" [stack: 0x00000053b4000000,0x00000053b4100000] [id=23348]
  0x000001a841e64a40 GCTaskThread "GC Thread#4" [stack: 0x00000053b4100000,0x00000053b4200000] [id=9224]
  0x000001a841e64730 GCTaskThread "GC Thread#5" [stack: 0x00000053b4200000,0x00000053b4300000] [id=14180]
  0x000001a841e634d0 GCTaskThread "GC Thread#6" [stack: 0x00000053b4300000,0x00000053b4400000] [id=9096]
  0x000001a841e64d50 GCTaskThread "GC Thread#7" [stack: 0x00000053b4400000,0x00000053b4500000] [id=31408]
  0x000001a821fb90a0 ConcurrentGCThread "G1 Main Marker" [stack: 0x00000053b1d00000,0x00000053b1e00000] [id=27320]
  0x000001a821fbb0c0 ConcurrentGCThread "G1 Conc#0" [stack: 0x00000053b1e00000,0x00000053b1f00000] [id=25152]
  0x000001a822032ba0 ConcurrentGCThread "G1 Refine#0" [stack: 0x00000053b1f00000,0x00000053b2000000] [id=30280]
  0x000001a8220335b0 ConcurrentGCThread "G1 Service" [stack: 0x00000053b2000000,0x00000053b2100000] [id=2976]

Threads with active compile tasks:

VM state: not at safepoint (normal execution)

VM Mutex/Monitor currently owned by a thread: None

Heap address: 0x0000000084000000, size: 1984 MB, Compressed Oops mode: 32-bit
CDS archive(s) mapped at: [0x0000000800000000-0x0000000800bb0000-0x0000000800bb0000), size 12255232, SharedBaseAddress: 0x0000000800000000, ArchiveRelocationMode: 0.
Compressed class space mapped at: 0x0000000800c00000-0x0000000840c00000, reserved size: 1073741824
Narrow klass base: 0x0000000800000000, Narrow klass shift: 3, Narrow klass range: 0x100000000

GC Precious Log:
 CPUs: 8 total, 8 available
 Memory: 7934M
 Large Page Support: Disabled
 NUMA Support: Disabled
 Compressed Oops: Enabled (32-bit)
 Heap Region Size: 1M
 Heap Min Capacity: 8M
 Heap Initial Capacity: 124M
 Heap Max Capacity: 1984M
 Pre-touch: Disabled
 Parallel Workers: 8
 Concurrent Workers: 2
 Concurrent Refinement Workers: 8
 Periodic GC: Disabled

Heap:
 garbage-first heap   total 183296K, used 28367K [0x0000000084000000, 0x0000000100000000)
  region size 1024K, 12 young (12288K), 8 survivors (8192K)
 Metaspace       used 16169K, committed 16384K, reserved 1064960K
  class space    used 1798K, committed 1920K, reserved 1048576K

Heap Regions: E=young(eden), S=young(survivor), O=old, HS=humongous(starts), HC=humongous(continues), CS=collection set, F=free, OA=open archive, CA=closed archive, TAMS=top-at-mark-start (previous, next)
|   0|0x0000000084000000, 0x0000000084100000, 0x0000000084100000|100%|HS|  |TAMS 0x0000000084000000, 0x0000000084000000| Complete 
|   1|0x0000000084100000, 0x0000000084200000, 0x0000000084200000|100%|HC|  |TAMS 0x0000000084100000, 0x0000000084100000| Complete 
|   2|0x0000000084200000, 0x0000000084300000, 0x0000000084300000|100%|HC|  |TAMS 0x0000000084200000, 0x0000000084200000| Complete 
|   3|0x0000000084300000, 0x0000000084400000, 0x0000000084400000|100%|HC|  |TAMS 0x0000000084300000, 0x0000000084300000| Complete 
|   4|0x0000000084400000, 0x0000000084500000, 0x0000000084500000|100%|HC|  |TAMS 0x0000000084400000, 0x0000000084400000| Complete 
|   5|0x0000000084500000, 0x0000000084600000, 0x0000000084600000|100%| O|  |TAMS 0x0000000084500000, 0x0000000084500000| Untracked 
|   6|0x0000000084600000, 0x0000000084700000, 0x0000000084700000|100%|HS|  |TAMS 0x0000000084600000, 0x0000000084600000| Complete 
|   7|0x0000000084700000, 0x0000000084800000, 0x0000000084800000|100%|HC|  |TAMS 0x0000000084700000, 0x0000000084700000| Complete 
|   8|0x0000000084800000, 0x0000000084900000, 0x0000000084900000|100%|HC|  |TAMS 0x0000000084800000, 0x0000000084800000| Complete 
|   9|0x0000000084900000, 0x0000000084a00000, 0x0000000084a00000|100%|HC|  |TAMS 0x0000000084900000, 0x0000000084900000| Complete 
|  10|0x0000000084a00000, 0x0000000084b00000, 0x0000000084b00000|100%|HC|  |TAMS 0x0000000084a00000, 0x0000000084a00000| Complete 
|  11|0x0000000084b00000, 0x0000000084c00000, 0x0000000084c00000|100%|HC|  |TAMS 0x0000000084b00000, 0x0000000084b00000| Complete 
|  12|0x0000000084c00000, 0x0000000084d00000, 0x0000000084d00000|100%|HC|  |TAMS 0x0000000084c00000, 0x0000000084c00000| Complete 
|  13|0x0000000084d00000, 0x0000000084e00000, 0x0000000084e00000|100%| O|  |TAMS 0x0000000084d00000, 0x0000000084d00000| Untracked 
|  14|0x0000000084e00000, 0x0000000084f00000, 0x0000000084f00000|100%| O|  |TAMS 0x0000000084e00000, 0x0000000084e00000| Untracked 
|  15|0x0000000084f00000, 0x0000000085000000, 0x0000000085000000|100%| O|  |TAMS 0x0000000084f00000, 0x0000000084f00000| Untracked 
|  16|0x0000000085000000, 0x0000000085100000, 0x0000000085100000|100%| O|  |TAMS 0x0000000085000000, 0x0000000085000000| Untracked 
|  17|0x0000000085100000, 0x0000000085100a00, 0x0000000085200000|  0%| O|  |TAMS 0x0000000085100000, 0x0000000085100000| Untracked 
|  18|0x0000000085200000, 0x0000000085200000, 0x0000000085300000|  0%| F|  |TAMS 0x0000000085200000, 0x0000000085200000| Untracked 
|  19|0x0000000085300000, 0x0000000085300000, 0x0000000085400000|  0%| F|  |TAMS 0x0000000085300000, 0x0000000085300000| Untracked 
|  20|0x0000000085400000, 0x0000000085400000, 0x0000000085500000|  0%| F|  |TAMS 0x0000000085400000, 0x0000000085400000| Untracked 
|  21|0x0000000085500000, 0x0000000085500000, 0x0000000085600000|  0%| F|  |TAMS 0x0000000085500000, 0x0000000085500000| Untracked 
|  22|0x0000000085600000, 0x0000000085600000, 0x0000000085700000|  0%| F|  |TAMS 0x0000000085600000, 0x0000000085600000| Untracked 
|  23|0x0000000085700000, 0x0000000085700000, 0x0000000085800000|  0%| F|  |TAMS 0x0000000085700000, 0x0000000085700000| Untracked 
|  24|0x0000000085800000, 0x0000000085800000, 0x0000000085900000|  0%| F|  |TAMS 0x0000000085800000, 0x0000000085800000| Untracked 
|  25|0x0000000085900000, 0x0000000085900000, 0x0000000085a00000|  0%| F|  |TAMS 0x0000000085900000, 0x0000000085900000| Untracked 
|  26|0x0000000085a00000, 0x0000000085a00000, 0x0000000085b00000|  0%| F|  |TAMS 0x0000000085a00000, 0x0000000085a00000| Untracked 
|  27|0x0000000085b00000, 0x0000000085b00000, 0x0000000085c00000|  0%| F|  |TAMS 0x0000000085b00000, 0x0000000085b00000| Untracked 
|  28|0x0000000085c00000, 0x0000000085c00000, 0x0000000085d00000|  0%| F|  |TAMS 0x0000000085c00000, 0x0000000085c00000| Untracked 
|  29|0x0000000085d00000, 0x0000000085d00000, 0x0000000085e00000|  0%| F|  |TAMS 0x0000000085d00000, 0x0000000085d00000| Untracked 
|  30|0x0000000085e00000, 0x0000000085e00000, 0x0000000085f00000|  0%| F|  |TAMS 0x0000000085e00000, 0x0000000085e00000| Untracked 
|  31|0x0000000085f00000, 0x0000000085f00000, 0x0000000086000000|  0%| F|  |TAMS 0x0000000085f00000, 0x0000000085f00000| Untracked 
|  32|0x0000000086000000, 0x0000000086000000, 0x0000000086100000|  0%| F|  |TAMS 0x0000000086000000, 0x0000000086000000| Untracked 
|  33|0x0000000086100000, 0x0000000086100000, 0x0000000086200000|  0%| F|  |TAMS 0x0000000086100000, 0x0000000086100000| Untracked 
|  34|0x0000000086200000, 0x0000000086200000, 0x0000000086300000|  0%| F|  |TAMS 0x0000000086200000, 0x0000000086200000| Untracked 
|  35|0x0000000086300000, 0x0000000086300000, 0x0000000086400000|  0%| F|  |TAMS 0x0000000086300000, 0x0000000086300000| Untracked 
|  36|0x0000000086400000, 0x0000000086400000, 0x0000000086500000|  0%| F|  |TAMS 0x0000000086400000, 0x0000000086400000| Untracked 
|  37|0x0000000086500000, 0x0000000086500000, 0x0000000086600000|  0%| F|  |TAMS 0x0000000086500000, 0x0000000086500000| Untracked 
|  38|0x0000000086600000, 0x0000000086600000, 0x0000000086700000|  0%| F|  |TAMS 0x0000000086600000, 0x0000000086600000| Untracked 
|  39|0x0000000086700000, 0x0000000086700000, 0x0000000086800000|  0%| F|  |TAMS 0x0000000086700000, 0x0000000086700000| Untracked 
|  40|0x0000000086800000, 0x0000000086800000, 0x0000000086900000|  0%| F|  |TAMS 0x0000000086800000, 0x0000000086800000| Untracked 
|  41|0x0000000086900000, 0x0000000086900000, 0x0000000086a00000|  0%| F|  |TAMS 0x0000000086900000, 0x0000000086900000| Untracked 
|  42|0x0000000086a00000, 0x0000000086a00000, 0x0000000086b00000|  0%| F|  |TAMS 0x0000000086a00000, 0x0000000086a00000| Untracked 
|  43|0x0000000086b00000, 0x0000000086b00000, 0x0000000086c00000|  0%| F|  |TAMS 0x0000000086b00000, 0x0000000086b00000| Untracked 
|  44|0x0000000086c00000, 0x0000000086c00000, 0x0000000086d00000|  0%| F|  |TAMS 0x0000000086c00000, 0x0000000086c00000| Untracked 
|  45|0x0000000086d00000, 0x0000000086d00000, 0x0000000086e00000|  0%| F|  |TAMS 0x0000000086d00000, 0x0000000086d00000| Untracked 
|  46|0x0000000086e00000, 0x0000000086e00000, 0x0000000086f00000|  0%| F|  |TAMS 0x0000000086e00000, 0x0000000086e00000| Untracked 
|  47|0x0000000086f00000, 0x0000000086f00000, 0x0000000087000000|  0%| F|  |TAMS 0x0000000086f00000, 0x0000000086f00000| Untracked 
|  48|0x0000000087000000, 0x0000000087000000, 0x0000000087100000|  0%| F|  |TAMS 0x0000000087000000, 0x0000000087000000| Untracked 
|  49|0x0000000087100000, 0x0000000087100000, 0x0000000087200000|  0%| F|  |TAMS 0x0000000087100000, 0x0000000087100000| Untracked 
|  50|0x0000000087200000, 0x0000000087200000, 0x0000000087300000|  0%| F|  |TAMS 0x0000000087200000, 0x0000000087200000| Untracked 
|  51|0x0000000087300000, 0x0000000087300000, 0x0000000087400000|  0%| F|  |TAMS 0x0000000087300000, 0x0000000087300000| Untracked 
|  52|0x0000000087400000, 0x0000000087400000, 0x0000000087500000|  0%| F|  |TAMS 0x0000000087400000, 0x0000000087400000| Untracked 
|  53|0x0000000087500000, 0x0000000087500000, 0x0000000087600000|  0%| F|  |TAMS 0x0000000087500000, 0x0000000087500000| Untracked 
|  54|0x0000000087600000, 0x0000000087600000, 0x0000000087700000|  0%| F|  |TAMS 0x0000000087600000, 0x0000000087600000| Untracked 
|  55|0x0000000087700000, 0x0000000087700000, 0x0000000087800000|  0%| F|  |TAMS 0x0000000087700000, 0x0000000087700000| Untracked 
|  56|0x0000000087800000, 0x0000000087800000, 0x0000000087900000|  0%| F|  |TAMS 0x0000000087800000, 0x0000000087800000| Untracked 
|  57|0x0000000087900000, 0x0000000087900000, 0x0000000087a00000|  0%| F|  |TAMS 0x0000000087900000, 0x0000000087900000| Untracked 
|  58|0x0000000087a00000, 0x0000000087a00000, 0x0000000087b00000|  0%| F|  |TAMS 0x0000000087a00000, 0x0000000087a00000| Untracked 
|  59|0x0000000087b00000, 0x0000000087b00000, 0x0000000087c00000|  0%| F|  |TAMS 0x0000000087b00000, 0x0000000087b00000| Untracked 
|  60|0x0000000087c00000, 0x0000000087c00000, 0x0000000087d00000|  0%| F|  |TAMS 0x0000000087c00000, 0x0000000087c00000| Untracked 
|  61|0x0000000087d00000, 0x0000000087d00000, 0x0000000087e00000|  0%| F|  |TAMS 0x0000000087d00000, 0x0000000087d00000| Untracked 
|  62|0x0000000087e00000, 0x0000000087e00000, 0x0000000087f00000|  0%| F|  |TAMS 0x0000000087e00000, 0x0000000087e00000| Untracked 
|  63|0x0000000087f00000, 0x0000000087f00000, 0x0000000088000000|  0%| F|  |TAMS 0x0000000087f00000, 0x0000000087f00000| Untracked 
|  64|0x0000000088000000, 0x00000000880b3340, 0x0000000088100000| 70%| S|CS|TAMS 0x0000000088000000, 0x0000000088000000| Complete 
|  65|0x0000000088100000, 0x0000000088200000, 0x0000000088200000|100%| S|CS|TAMS 0x0000000088100000, 0x0000000088100000| Complete 
|  66|0x0000000088200000, 0x0000000088300000, 0x0000000088300000|100%| S|CS|TAMS 0x0000000088200000, 0x0000000088200000| Complete 
|  67|0x0000000088300000, 0x0000000088400000, 0x0000000088400000|100%| S|CS|TAMS 0x0000000088300000, 0x0000000088300000| Complete 
|  68|0x0000000088400000, 0x0000000088500000, 0x0000000088500000|100%| S|CS|TAMS 0x0000000088400000, 0x0000000088400000| Complete 
|  69|0x0000000088500000, 0x0000000088600000, 0x0000000088600000|100%| S|CS|TAMS 0x0000000088500000, 0x0000000088500000| Complete 
|  70|0x0000000088600000, 0x0000000088700000, 0x0000000088700000|100%| S|CS|TAMS 0x0000000088600000, 0x0000000088600000| Complete 
|  71|0x0000000088700000, 0x0000000088700000, 0x0000000088800000|  0%| F|  |TAMS 0x0000000088700000, 0x0000000088700000| Untracked 
|  72|0x0000000088800000, 0x0000000088800000, 0x0000000088900000|  0%| F|  |TAMS 0x0000000088800000, 0x0000000088800000| Untracked 
|  73|0x0000000088900000, 0x0000000088900000, 0x0000000088a00000|  0%| F|  |TAMS 0x0000000088900000, 0x0000000088900000| Untracked 
|  74|0x0000000088a00000, 0x0000000088a00000, 0x0000000088b00000|  0%| F|  |TAMS 0x0000000088a00000, 0x0000000088a00000| Untracked 
|  75|0x0000000088b00000, 0x0000000088b00000, 0x0000000088c00000|  0%| F|  |TAMS 0x0000000088b00000, 0x0000000088b00000| Untracked 
|  76|0x0000000088c00000, 0x0000000088c00000, 0x0000000088d00000|  0%| F|  |TAMS 0x0000000088c00000, 0x0000000088c00000| Untracked 
|  77|0x0000000088d00000, 0x0000000088d00000, 0x0000000088e00000|  0%| F|  |TAMS 0x0000000088d00000, 0x0000000088d00000| Untracked 
|  78|0x0000000088e00000, 0x0000000088e00000, 0x0000000088f00000|  0%| F|  |TAMS 0x0000000088e00000, 0x0000000088e00000| Untracked 
|  79|0x0000000088f00000, 0x0000000089000000, 0x0000000089000000|100%| S|CS|TAMS 0x0000000088f00000, 0x0000000088f00000| Complete 
|  80|0x0000000089000000, 0x0000000089000000, 0x0000000089100000|  0%| F|  |TAMS 0x0000000089000000, 0x0000000089000000| Untracked 
|  81|0x0000000089100000, 0x0000000089100000, 0x0000000089200000|  0%| F|  |TAMS 0x0000000089100000, 0x0000000089100000| Untracked 
|  82|0x0000000089200000, 0x0000000089200000, 0x0000000089300000|  0%| F|  |TAMS 0x0000000089200000, 0x0000000089200000| Untracked 
|  83|0x0000000089300000, 0x0000000089300000, 0x0000000089400000|  0%| F|  |TAMS 0x0000000089300000, 0x0000000089300000| Untracked 
|  84|0x0000000089400000, 0x0000000089400000, 0x0000000089500000|  0%| F|  |TAMS 0x0000000089400000, 0x0000000089400000| Untracked 
|  85|0x0000000089500000, 0x0000000089500000, 0x0000000089600000|  0%| F|  |TAMS 0x0000000089500000, 0x0000000089500000| Untracked 
|  86|0x0000000089600000, 0x0000000089600000, 0x0000000089700000|  0%| F|  |TAMS 0x0000000089600000, 0x0000000089600000| Untracked 
|  87|0x0000000089700000, 0x0000000089700000, 0x0000000089800000|  0%| F|  |TAMS 0x0000000089700000, 0x0000000089700000| Untracked 
|  88|0x0000000089800000, 0x0000000089800000, 0x0000000089900000|  0%| F|  |TAMS 0x0000000089800000, 0x0000000089800000| Untracked 
|  89|0x0000000089900000, 0x0000000089900000, 0x0000000089a00000|  0%| F|  |TAMS 0x0000000089900000, 0x0000000089900000| Untracked 
|  90|0x0000000089a00000, 0x0000000089a00000, 0x0000000089b00000|  0%| F|  |TAMS 0x0000000089a00000, 0x0000000089a00000| Untracked 
|  91|0x0000000089b00000, 0x0000000089b00000, 0x0000000089c00000|  0%| F|  |TAMS 0x0000000089b00000, 0x0000000089b00000| Untracked 
|  92|0x0000000089c00000, 0x0000000089c00000, 0x0000000089d00000|  0%| F|  |TAMS 0x0000000089c00000, 0x0000000089c00000| Untracked 
|  93|0x0000000089d00000, 0x0000000089d00000, 0x0000000089e00000|  0%| F|  |TAMS 0x0000000089d00000, 0x0000000089d00000| Untracked 
|  94|0x0000000089e00000, 0x0000000089e00000, 0x0000000089f00000|  0%| F|  |TAMS 0x0000000089e00000, 0x0000000089e00000| Untracked 
|  95|0x0000000089f00000, 0x0000000089f00000, 0x000000008a000000|  0%| F|  |TAMS 0x0000000089f00000, 0x0000000089f00000| Untracked 
|  96|0x000000008a000000, 0x000000008a000000, 0x000000008a100000|  0%| F|  |TAMS 0x000000008a000000, 0x000000008a000000| Untracked 
|  97|0x000000008a100000, 0x000000008a100000, 0x000000008a200000|  0%| F|  |TAMS 0x000000008a100000, 0x000000008a100000| Untracked 
|  98|0x000000008a200000, 0x000000008a200000, 0x000000008a300000|  0%| F|  |TAMS 0x000000008a200000, 0x000000008a200000| Untracked 
|  99|0x000000008a300000, 0x000000008a300000, 0x000000008a400000|  0%| F|  |TAMS 0x000000008a300000, 0x000000008a300000| Untracked 
| 100|0x000000008a400000, 0x000000008a400000, 0x000000008a500000|  0%| F|  |TAMS 0x000000008a400000, 0x000000008a400000| Untracked 
| 101|0x000000008a500000, 0x000000008a500000, 0x000000008a600000|  0%| F|  |TAMS 0x000000008a500000, 0x000000008a500000| Untracked 
| 102|0x000000008a600000, 0x000000008a600000, 0x000000008a700000|  0%| F|  |TAMS 0x000000008a600000, 0x000000008a600000| Untracked 
| 103|0x000000008a700000, 0x000000008a700000, 0x000000008a800000|  0%| F|  |TAMS 0x000000008a700000, 0x000000008a700000| Untracked 
| 104|0x000000008a800000, 0x000000008a800000, 0x000000008a900000|  0%| F|  |TAMS 0x000000008a800000, 0x000000008a800000| Untracked 
| 105|0x000000008a900000, 0x000000008a900000, 0x000000008aa00000|  0%| F|  |TAMS 0x000000008a900000, 0x000000008a900000| Untracked 
| 106|0x000000008aa00000, 0x000000008aa00000, 0x000000008ab00000|  0%| F|  |TAMS 0x000000008aa00000, 0x000000008aa00000| Untracked 
| 107|0x000000008ab00000, 0x000000008ab00000, 0x000000008ac00000|  0%| F|  |TAMS 0x000000008ab00000, 0x000000008ab00000| Untracked 
| 108|0x000000008ac00000, 0x000000008ac00000, 0x000000008ad00000|  0%| F|  |TAMS 0x000000008ac00000, 0x000000008ac00000| Untracked 
| 109|0x000000008ad00000, 0x000000008ad00000, 0x000000008ae00000|  0%| F|  |TAMS 0x000000008ad00000, 0x000000008ad00000| Untracked 
| 110|0x000000008ae00000, 0x000000008ae00000, 0x000000008af00000|  0%| F|  |TAMS 0x000000008ae00000, 0x000000008ae00000| Untracked 
| 111|0x000000008af00000, 0x000000008af00000, 0x000000008b000000|  0%| F|  |TAMS 0x000000008af00000, 0x000000008af00000| Untracked 
| 112|0x000000008b000000, 0x000000008b000000, 0x000000008b100000|  0%| F|  |TAMS 0x000000008b000000, 0x000000008b000000| Untracked 
| 113|0x000000008b100000, 0x000000008b100000, 0x000000008b200000|  0%| F|  |TAMS 0x000000008b100000, 0x000000008b100000| Untracked 
| 114|0x000000008b200000, 0x000000008b200000, 0x000000008b300000|  0%| F|  |TAMS 0x000000008b200000, 0x000000008b200000| Untracked 
| 115|0x000000008b300000, 0x000000008b300000, 0x000000008b400000|  0%| F|  |TAMS 0x000000008b300000, 0x000000008b300000| Untracked 
| 116|0x000000008b400000, 0x000000008b400000, 0x000000008b500000|  0%| F|  |TAMS 0x000000008b400000, 0x000000008b400000| Untracked 
| 117|0x000000008b500000, 0x000000008b500000, 0x000000008b600000|  0%| F|  |TAMS 0x000000008b500000, 0x000000008b500000| Untracked 
| 118|0x000000008b600000, 0x000000008b600000, 0x000000008b700000|  0%| F|  |TAMS 0x000000008b600000, 0x000000008b600000| Untracked 
| 119|0x000000008b700000, 0x000000008b700000, 0x000000008b800000|  0%| F|  |TAMS 0x000000008b700000, 0x000000008b700000| Untracked 
| 120|0x000000008b800000, 0x000000008b800000, 0x000000008b900000|  0%| F|  |TAMS 0x000000008b800000, 0x000000008b800000| Untracked 
| 121|0x000000008b900000, 0x000000008b900000, 0x000000008ba00000|  0%| F|  |TAMS 0x000000008b900000, 0x000000008b900000| Untracked 
| 122|0x000000008ba00000, 0x000000008ba00000, 0x000000008bb00000|  0%| F|  |TAMS 0x000000008ba00000, 0x000000008ba00000| Untracked 
| 123|0x000000008bb00000, 0x000000008bb00000, 0x000000008bc00000|  0%| F|  |TAMS 0x000000008bb00000, 0x000000008bb00000| Untracked 
| 124|0x000000008bc00000, 0x000000008bc00000, 0x000000008bd00000|  0%| F|  |TAMS 0x000000008bc00000, 0x000000008bc00000| Untracked 
| 125|0x000000008bd00000, 0x000000008bd00000, 0x000000008be00000|  0%| F|  |TAMS 0x000000008bd00000, 0x000000008bd00000| Untracked 
| 126|0x000000008be00000, 0x000000008be00000, 0x000000008bf00000|  0%| F|  |TAMS 0x000000008be00000, 0x000000008be00000| Untracked 
| 127|0x000000008bf00000, 0x000000008bf00000, 0x000000008c000000|  0%| F|  |TAMS 0x000000008bf00000, 0x000000008bf00000| Untracked 
| 128|0x000000008c000000, 0x000000008c000000, 0x000000008c100000|  0%| F|  |TAMS 0x000000008c000000, 0x000000008c000000| Untracked 
| 129|0x000000008c100000, 0x000000008c100000, 0x000000008c200000|  0%| F|  |TAMS 0x000000008c100000, 0x000000008c100000| Untracked 
| 130|0x000000008c200000, 0x000000008c200000, 0x000000008c300000|  0%| F|  |TAMS 0x000000008c200000, 0x000000008c200000| Untracked 
| 131|0x000000008c300000, 0x000000008c300000, 0x000000008c400000|  0%| F|  |TAMS 0x000000008c300000, 0x000000008c300000| Untracked 
| 132|0x000000008c400000, 0x000000008c400000, 0x000000008c500000|  0%| F|  |TAMS 0x000000008c400000, 0x000000008c400000| Untracked 
| 133|0x000000008c500000, 0x000000008c500000, 0x000000008c600000|  0%| F|  |TAMS 0x000000008c500000, 0x000000008c500000| Untracked 
| 134|0x000000008c600000, 0x000000008c600000, 0x000000008c700000|  0%| F|  |TAMS 0x000000008c600000, 0x000000008c600000| Untracked 
| 135|0x000000008c700000, 0x000000008c700000, 0x000000008c800000|  0%| F|  |TAMS 0x000000008c700000, 0x000000008c700000| Untracked 
| 136|0x000000008c800000, 0x000000008c800000, 0x000000008c900000|  0%| F|  |TAMS 0x000000008c800000, 0x000000008c800000| Untracked 
| 137|0x000000008c900000, 0x000000008c900000, 0x000000008ca00000|  0%| F|  |TAMS 0x000000008c900000, 0x000000008c900000| Untracked 
| 138|0x000000008ca00000, 0x000000008ca00000, 0x000000008cb00000|  0%| F|  |TAMS 0x000000008ca00000, 0x000000008ca00000| Untracked 
| 139|0x000000008cb00000, 0x000000008cb00000, 0x000000008cc00000|  0%| F|  |TAMS 0x000000008cb00000, 0x000000008cb00000| Untracked 
| 140|0x000000008cc00000, 0x000000008cc00000, 0x000000008cd00000|  0%| F|  |TAMS 0x000000008cc00000, 0x000000008cc00000| Untracked 
| 141|0x000000008cd00000, 0x000000008cd00000, 0x000000008ce00000|  0%| F|  |TAMS 0x000000008cd00000, 0x000000008cd00000| Untracked 
| 142|0x000000008ce00000, 0x000000008ce00000, 0x000000008cf00000|  0%| F|  |TAMS 0x000000008ce00000, 0x000000008ce00000| Untracked 
| 143|0x000000008cf00000, 0x000000008cf00000, 0x000000008d000000|  0%| F|  |TAMS 0x000000008cf00000, 0x000000008cf00000| Untracked 
| 144|0x000000008d000000, 0x000000008d000000, 0x000000008d100000|  0%| F|  |TAMS 0x000000008d000000, 0x000000008d000000| Untracked 
| 145|0x000000008d100000, 0x000000008d100000, 0x000000008d200000|  0%| F|  |TAMS 0x000000008d100000, 0x000000008d100000| Untracked 
| 146|0x000000008d200000, 0x000000008d200000, 0x000000008d300000|  0%| F|  |TAMS 0x000000008d200000, 0x000000008d200000| Untracked 
| 147|0x000000008d300000, 0x000000008d300000, 0x000000008d400000|  0%| F|  |TAMS 0x000000008d300000, 0x000000008d300000| Untracked 
| 148|0x000000008d400000, 0x000000008d400000, 0x000000008d500000|  0%| F|  |TAMS 0x000000008d400000, 0x000000008d400000| Untracked 
| 149|0x000000008d500000, 0x000000008d500000, 0x000000008d600000|  0%| F|  |TAMS 0x000000008d500000, 0x000000008d500000| Untracked 
| 150|0x000000008d600000, 0x000000008d600000, 0x000000008d700000|  0%| F|  |TAMS 0x000000008d600000, 0x000000008d600000| Untracked 
| 151|0x000000008d700000, 0x000000008d700000, 0x000000008d800000|  0%| F|  |TAMS 0x000000008d700000, 0x000000008d700000| Untracked 
| 152|0x000000008d800000, 0x000000008d800000, 0x000000008d900000|  0%| F|  |TAMS 0x000000008d800000, 0x000000008d800000| Untracked 
| 153|0x000000008d900000, 0x000000008d900000, 0x000000008da00000|  0%| F|  |TAMS 0x000000008d900000, 0x000000008d900000| Untracked 
| 154|0x000000008da00000, 0x000000008da00000, 0x000000008db00000|  0%| F|  |TAMS 0x000000008da00000, 0x000000008da00000| Untracked 
| 155|0x000000008db00000, 0x000000008db00000, 0x000000008dc00000|  0%| F|  |TAMS 0x000000008db00000, 0x000000008db00000| Untracked 
| 156|0x000000008dc00000, 0x000000008dc00000, 0x000000008dd00000|  0%| F|  |TAMS 0x000000008dc00000, 0x000000008dc00000| Untracked 
| 157|0x000000008dd00000, 0x000000008dd00000, 0x000000008de00000|  0%| F|  |TAMS 0x000000008dd00000, 0x000000008dd00000| Untracked 
| 158|0x000000008de00000, 0x000000008de00000, 0x000000008df00000|  0%| F|  |TAMS 0x000000008de00000, 0x000000008de00000| Untracked 
| 159|0x000000008df00000, 0x000000008df00000, 0x000000008e000000|  0%| F|  |TAMS 0x000000008df00000, 0x000000008df00000| Untracked 
| 160|0x000000008e000000, 0x000000008e000000, 0x000000008e100000|  0%| F|  |TAMS 0x000000008e000000, 0x000000008e000000| Untracked 
| 161|0x000000008e100000, 0x000000008e100000, 0x000000008e200000|  0%| F|  |TAMS 0x000000008e100000, 0x000000008e100000| Untracked 
| 162|0x000000008e200000, 0x000000008e200000, 0x000000008e300000|  0%| F|  |TAMS 0x000000008e200000, 0x000000008e200000| Untracked 
| 163|0x000000008e300000, 0x000000008e300000, 0x000000008e400000|  0%| F|  |TAMS 0x000000008e300000, 0x000000008e300000| Untracked 
| 164|0x000000008e400000, 0x000000008e400000, 0x000000008e500000|  0%| F|  |TAMS 0x000000008e400000, 0x000000008e400000| Untracked 
| 165|0x000000008e500000, 0x000000008e500000, 0x000000008e600000|  0%| F|  |TAMS 0x000000008e500000, 0x000000008e500000| Untracked 
| 166|0x000000008e600000, 0x000000008e600000, 0x000000008e700000|  0%| F|  |TAMS 0x000000008e600000, 0x000000008e600000| Untracked 
| 167|0x000000008e700000, 0x000000008e700000, 0x000000008e800000|  0%| F|  |TAMS 0x000000008e700000, 0x000000008e700000| Untracked 
| 168|0x000000008e800000, 0x000000008e800000, 0x000000008e900000|  0%| F|  |TAMS 0x000000008e800000, 0x000000008e800000| Untracked 
| 169|0x000000008e900000, 0x000000008e900000, 0x000000008ea00000|  0%| F|  |TAMS 0x000000008e900000, 0x000000008e900000| Untracked 
| 170|0x000000008ea00000, 0x000000008ea00000, 0x000000008eb00000|  0%| F|  |TAMS 0x000000008ea00000, 0x000000008ea00000| Untracked 
| 171|0x000000008eb00000, 0x000000008eb00000, 0x000000008ec00000|  0%| F|  |TAMS 0x000000008eb00000, 0x000000008eb00000| Untracked 
| 172|0x000000008ec00000, 0x000000008ec00000, 0x000000008ed00000|  0%| F|  |TAMS 0x000000008ec00000, 0x000000008ec00000| Untracked 
| 173|0x000000008ed00000, 0x000000008ed00000, 0x000000008ee00000|  0%| F|  |TAMS 0x000000008ed00000, 0x000000008ed00000| Untracked 
| 174|0x000000008ee00000, 0x000000008ee00000, 0x000000008ef00000|  0%| F|  |TAMS 0x000000008ee00000, 0x000000008ee00000| Untracked 
| 175|0x000000008ef00000, 0x000000008ef80800, 0x000000008f000000| 50%| E|  |TAMS 0x000000008ef00000, 0x000000008ef00000| Complete 
| 176|0x000000008f000000, 0x000000008f100000, 0x000000008f100000|100%| E|CS|TAMS 0x000000008f000000, 0x000000008f000000| Complete 
| 177|0x000000008f100000, 0x000000008f200000, 0x000000008f200000|100%| E|CS|TAMS 0x000000008f100000, 0x000000008f100000| Complete 
| 178|0x000000008f200000, 0x000000008f300000, 0x000000008f300000|100%| E|CS|TAMS 0x000000008f200000, 0x000000008f200000| Complete 

Card table byte_map: [0x000001a838df0000,0x000001a8391d0000] _byte_map_base: 0x000001a8389d0000

Marking Bits (Prev, Next): (CMBitMap*) 0x000001a821fa8e50, (CMBitMap*) 0x000001a821fa8e90
 Prev Bits: [0x000001a8395b0000, 0x000001a83b4b0000)
 Next Bits: [0x000001a83b4b0000, 0x000001a83d3b0000)

Polling page: 0x000001a81fee0000

Metaspace:

Usage:
  Non-class:     14.03 MB used.
      Class:      1.76 MB used.
       Both:     15.79 MB used.

Virtual space:
  Non-class space:       16.00 MB reserved,      14.12 MB ( 88%) committed,  2 nodes.
      Class space:        1.00 GB reserved,       1.88 MB ( <1%) committed,  1 nodes.
              Both:        1.02 GB reserved,      16.00 MB (  2%) committed. 

Chunk freelists:
   Non-Class:  992.00 KB
       Class:  2.11 MB
        Both:  3.08 MB

MaxMetaspaceSize: 17179869184.00 GB
CompressedClassSpaceSize: 1.00 GB
 - commit_granule_bytes: 65536.
 - commit_granule_words: 8192.
 - virtual_space_node_default_size: 1048576.
 - enlarge_chunks_in_place: 1.
 - new_chunks_are_fully_committed: 0.
 - uncommit_free_chunks: 1.
 - use_allocation_guard: 0.
 - handle_deallocations: 1.


Internal statistics:

num_allocs_failed_limit: 0.
num_arena_births: 130.
num_arena_deaths: 0.
num_vsnodes_births: 3.
num_vsnodes_deaths: 0.
num_space_committed: 256.
num_space_uncommitted: 0.
num_chunks_returned_to_freelist: 0.
num_chunks_taken_from_freelist: 223.
num_chunk_merges: 0.
num_chunk_splits: 121.
num_chunks_enlarged: 63.
num_purges: 0.

CodeHeap 'non-profiled nmethods': size=120000Kb used=1744Kb max_used=1744Kb free=118255Kb
 bounds [0x000001a8311b0000, 0x000001a831420000, 0x000001a8386e0000]
CodeHeap 'profiled nmethods': size=120000Kb used=5362Kb max_used=5362Kb free=114637Kb
 bounds [0x000001a829c80000, 0x000001a82a1c0000, 0x000001a8311b0000]
CodeHeap 'non-nmethods': size=5760Kb used=1448Kb max_used=1514Kb free=4312Kb
 bounds [0x000001a8296e0000, 0x000001a829950000, 0x000001a829c80000]
 total_blobs=3368 nmethods=2665 adapters=614
 compilation: enabled
              stopped_count=0, restarted_count=0
 full_count=0

Compilation events (20 events):
Event: 187.502 Thread 0x000001a83fd94220 2658       3       sun.awt.image.SunVolatileImage::contentsLost (8 bytes)
Event: 187.502 Thread 0x000001a83fd94220 nmethod 2658 0x000001a82a1b8490 code [0x000001a82a1b8620, 0x000001a82a1b87d8]
Event: 187.561 Thread 0x000001a83fd94220 2659       3       java.awt.ModalEventFilter::acceptEvent (131 bytes)
Event: 187.562 Thread 0x000001a83fd94220 nmethod 2659 0x000001a82a1b8890 code [0x000001a82a1b8ac0, 0x000001a82a1b9808]
Event: 189.147 Thread 0x000001a83fd94220 2660       3       java.awt.Window::getOwner_NoClientCode (8 bytes)
Event: 189.147 Thread 0x000001a83fd94220 nmethod 2660 0x000001a82a1b9a10 code [0x000001a82a1b9bc0, 0x000001a82a1b9dd8]
Event: 189.168 Thread 0x000001a83fd94220 2661       3       java.awt.WaitDispatchSupport$1::evaluate (133 bytes)
Event: 189.168 Thread 0x000001a83fd94220 nmethod 2661 0x000001a82a1b9e90 code [0x000001a82a1ba100, 0x000001a82a1baba8]
Event: 189.168 Thread 0x000001a83fd94220 2662       3       java.awt.Dialog$$Lambda$165/0x0000000800de57f8::evaluate (4 bytes)
Event: 189.169 Thread 0x000001a83fd94220 nmethod 2662 0x000001a82a1bb010 code [0x000001a82a1bb1c0, 0x000001a82a1bb338]
Event: 189.291 Thread 0x000001a83fd94220 2663       3       sun.java2d.marlin.DRenderer::moveTo (41 bytes)
Event: 189.291 Thread 0x000001a83fd94220 nmethod 2663 0x000001a82a1bb410 code [0x000001a82a1bb600, 0x000001a82a1bb848]
Event: 189.291 Thread 0x000001a83fd94220 2664       3       sun.java2d.marlin.DRenderer::pathDone (5 bytes)
Event: 189.291 Thread 0x000001a83fd94220 nmethod 2664 0x000001a82a1bb990 code [0x000001a82a1bbb40, 0x000001a82a1bbc88]
Event: 189.292 Thread 0x000001a83fd94220 2665       3       java.awt.geom.AffineTransform::setToTranslation (66 bytes)
Event: 189.292 Thread 0x000001a83fd94220 nmethod 2665 0x000001a82a1bbd10 code [0x000001a82a1bbee0, 0x000001a82a1bc158]
Event: 189.397 Thread 0x000001a83fd94220 2666       1       java.awt.Component::setAutoFocusTransferOnDisposal (6 bytes)
Event: 189.397 Thread 0x000001a83fd94220 nmethod 2666 0x000001a831363e90 code [0x000001a831364020, 0x000001a8313640f8]
Event: 189.398 Thread 0x000001a83fd94220 2667  s    3       java.awt.KeyboardFocusManager::getMostRecentFocusOwner (29 bytes)
Event: 189.398 Thread 0x000001a83fd94220 nmethod 2667 0x000001a82a1bc210 code [0x000001a82a1bc3e0, 0x000001a82a1bc998]

GC Heap History (20 events):
Event: 94.108 GC heap before
{Heap before GC invocations=11 (full 0):
 garbage-first heap   total 152576K, used 108522K [0x0000000084000000, 0x0000000100000000)
  region size 1024K, 89 young (91136K), 5 survivors (5120K)
 Metaspace       used 16082K, committed 16320K, reserved 1064960K
  class space    used 1795K, committed 1920K, reserved 1048576K
}
Event: 94.132 GC heap after
{Heap after GC invocations=12 (full 0):
 garbage-first heap   total 152576K, used 24153K [0x0000000084000000, 0x0000000100000000)
  region size 1024K, 7 young (7168K), 7 survivors (7168K)
 Metaspace       used 16082K, committed 16320K, reserved 1064960K
  class space    used 1795K, committed 1920K, reserved 1048576K
}
Event: 95.821 GC heap before
{Heap before GC invocations=12 (full 0):
 garbage-first heap   total 152576K, used 108121K [0x0000000084000000, 0x0000000100000000)
  region size 1024K, 89 young (91136K), 7 survivors (7168K)
 Metaspace       used 16082K, committed 16320K, reserved 1064960K
  class space    used 1795K, committed 1920K, reserved 1048576K
}
Event: 95.845 GC heap after
{Heap after GC invocations=13 (full 0):
 garbage-first heap   total 152576K, used 23820K [0x0000000084000000, 0x0000000100000000)
  region size 1024K, 7 young (7168K), 7 survivors (7168K)
 Metaspace       used 16082K, committed 16320K, reserved 1064960K
  class space    used 1795K, committed 1920K, reserved 1048576K
}
Event: 97.489 GC heap before
{Heap before GC invocations=13 (full 0):
 garbage-first heap   total 152576K, used 107788K [0x0000000084000000, 0x0000000100000000)
  region size 1024K, 89 young (91136K), 7 survivors (7168K)
 Metaspace       used 16082K, committed 16320K, reserved 1064960K
  class space    used 1795K, committed 1920K, reserved 1048576K
}
Event: 97.513 GC heap after
{Heap after GC invocations=14 (full 0):
 garbage-first heap   total 152576K, used 23825K [0x0000000084000000, 0x0000000100000000)
  region size 1024K, 7 young (7168K), 7 survivors (7168K)
 Metaspace       used 16082K, committed 16320K, reserved 1064960K
  class space    used 1795K, committed 1920K, reserved 1048576K
}
Event: 99.231 GC heap before
{Heap before GC invocations=14 (full 0):
 garbage-first heap   total 152576K, used 107793K [0x0000000084000000, 0x0000000100000000)
  region size 1024K, 89 young (91136K), 7 survivors (7168K)
 Metaspace       used 16082K, committed 16320K, reserved 1064960K
  class space    used 1795K, committed 1920K, reserved 1048576K
}
Event: 99.254 GC heap after
{Heap after GC invocations=15 (full 0):
 garbage-first heap   total 183296K, used 23827K [0x0000000084000000, 0x0000000100000000)
  region size 1024K, 7 young (7168K), 7 survivors (7168K)
 Metaspace       used 16082K, committed 16320K, reserved 1064960K
  class space    used 1795K, committed 1920K, reserved 1048576K
}
Event: 101.242 GC heap before
{Heap before GC invocations=15 (full 0):
 garbage-first heap   total 183296K, used 126227K [0x0000000084000000, 0x0000000100000000)
  region size 1024K, 107 young (109568K), 7 survivors (7168K)
 Metaspace       used 16082K, committed 16320K, reserved 1064960K
  class space    used 1795K, committed 1920K, reserved 1048576K
}
Event: 101.268 GC heap after
{Heap after GC invocations=16 (full 0):
 garbage-first heap   total 183296K, used 25296K [0x0000000084000000, 0x0000000100000000)
  region size 1024K, 8 young (8192K), 8 survivors (8192K)
 Metaspace       used 16082K, committed 16320K, reserved 1064960K
  class space    used 1795K, committed 1920K, reserved 1048576K
}
Event: 103.283 GC heap before
{Heap before GC invocations=16 (full 0):
 garbage-first heap   total 183296K, used 126672K [0x0000000084000000, 0x0000000100000000)
  region size 1024K, 107 young (109568K), 8 survivors (8192K)
 Metaspace       used 16082K, committed 16320K, reserved 1064960K
  class space    used 1795K, committed 1920K, reserved 1048576K
}
Event: 103.306 GC heap after
{Heap after GC invocations=17 (full 0):
 garbage-first heap   total 183296K, used 25256K [0x0000000084000000, 0x0000000100000000)
  region size 1024K, 8 young (8192K), 8 survivors (8192K)
 Metaspace       used 16082K, committed 16320K, reserved 1064960K
  class space    used 1795K, committed 1920K, reserved 1048576K
}
Event: 105.270 GC heap before
{Heap before GC invocations=17 (full 0):
 garbage-first heap   total 183296K, used 126632K [0x0000000084000000, 0x0000000100000000)
  region size 1024K, 107 young (109568K), 8 survivors (8192K)
 Metaspace       used 16082K, committed 16320K, reserved 1064960K
  class space    used 1795K, committed 1920K, reserved 1048576K
}
Event: 105.298 GC heap after
{Heap after GC invocations=18 (full 0):
 garbage-first heap   total 183296K, used 25272K [0x0000000084000000, 0x0000000100000000)
  region size 1024K, 8 young (8192K), 8 survivors (8192K)
 Metaspace       used 16082K, committed 16320K, reserved 1064960K
  class space    used 1795K, committed 1920K, reserved 1048576K
}
Event: 107.422 GC heap before
{Heap before GC invocations=18 (full 0):
 garbage-first heap   total 183296K, used 126648K [0x0000000084000000, 0x0000000100000000)
  region size 1024K, 107 young (109568K), 8 survivors (8192K)
 Metaspace       used 16082K, committed 16320K, reserved 1064960K
  class space    used 1795K, committed 1920K, reserved 1048576K
}
Event: 107.447 GC heap after
{Heap after GC invocations=19 (full 0):
 garbage-first heap   total 183296K, used 25105K [0x0000000084000000, 0x0000000100000000)
  region size 1024K, 8 young (8192K), 8 survivors (8192K)
 Metaspace       used 16082K, committed 16320K, reserved 1064960K
  class space    used 1795K, committed 1920K, reserved 1048576K
}
Event: 109.411 GC heap before
{Heap before GC invocations=19 (full 0):
 garbage-first heap   total 183296K, used 126481K [0x0000000084000000, 0x0000000100000000)
  region size 1024K, 107 young (109568K), 8 survivors (8192K)
 Metaspace       used 16082K, committed 16320K, reserved 1064960K
  class space    used 1795K, committed 1920K, reserved 1048576K
}
Event: 109.438 GC heap after
{Heap after GC invocations=20 (full 0):
 garbage-first heap   total 183296K, used 25290K [0x0000000084000000, 0x0000000100000000)
  region size 1024K, 8 young (8192K), 8 survivors (8192K)
 Metaspace       used 16082K, committed 16320K, reserved 1064960K
  class space    used 1795K, committed 1920K, reserved 1048576K
}
Event: 111.371 GC heap before
{Heap before GC invocations=20 (full 0):
 garbage-first heap   total 183296K, used 126666K [0x0000000084000000, 0x0000000100000000)
  region size 1024K, 107 young (109568K), 8 survivors (8192K)
 Metaspace       used 16082K, committed 16320K, reserved 1064960K
  class space    used 1795K, committed 1920K, reserved 1048576K
}
Event: 111.397 GC heap after
{Heap after GC invocations=21 (full 0):
 garbage-first heap   total 183296K, used 25295K [0x0000000084000000, 0x0000000100000000)
  region size 1024K, 8 young (8192K), 8 survivors (8192K)
 Metaspace       used 16082K, committed 16320K, reserved 1064960K
  class space    used 1795K, committed 1920K, reserved 1048576K
}

Deoptimization events (20 events):
Event: 131.044 Thread 0x000001a8416ea060 DEOPT PACKING pc=0x000001a82a0590bc sp=0x00000053b34fee20
Event: 131.044 Thread 0x000001a8416ea060 DEOPT UNPACKING pc=0x000001a82972e77e sp=0x00000053b34fe2c0 mode 0
Event: 131.044 Thread 0x000001a8416ea060 DEOPT PACKING pc=0x000001a82a013004 sp=0x00000053b34fee60
Event: 131.044 Thread 0x000001a8416ea060 DEOPT UNPACKING pc=0x000001a82972e77e sp=0x00000053b34fe280 mode 0
Event: 131.044 Thread 0x000001a8416ea060 DEOPT PACKING pc=0x000001a82a022f84 sp=0x00000053b34fef20
Event: 131.044 Thread 0x000001a8416ea060 DEOPT UNPACKING pc=0x000001a82972e77e sp=0x00000053b34fe250 mode 0
Event: 131.045 Thread 0x000001a8416ea060 DEOPT PACKING pc=0x000001a82a05ddec sp=0x00000053b34ff0b0
Event: 131.045 Thread 0x000001a8416ea060 DEOPT UNPACKING pc=0x000001a82972e77e sp=0x00000053b34fe5b0 mode 0
Event: 163.345 Thread 0x000001a840a417b0 Uncommon trap: trap_request=0xffffff3d fr.pc=0x000001a83131e558 relative=0x0000000000000558
Event: 163.345 Thread 0x000001a840a417b0 Uncommon trap: reason=unstable_fused_if action=reinterpret pc=0x000001a83131e558 method=com.bmjo.hackbug.usb.USBHelper.readUsb()[B @ 70 c2
Event: 163.345 Thread 0x000001a840a417b0 DEOPT PACKING pc=0x000001a83131e558 sp=0x00000053b18feec0
Event: 163.345 Thread 0x000001a840a417b0 DEOPT UNPACKING pc=0x000001a82972f92e sp=0x00000053b18fee70 mode 2
Event: 178.056 Thread 0x000001a8416ea060 DEOPT PACKING pc=0x000001a82a136dc2 sp=0x00000053b34fd180
Event: 178.056 Thread 0x000001a8416ea060 DEOPT UNPACKING pc=0x000001a82972e77e sp=0x00000053b34fc5e0 mode 0
Event: 178.058 Thread 0x000001a8416ea060 DEOPT PACKING pc=0x000001a829f6c1e2 sp=0x00000053b34fcd10
Event: 178.058 Thread 0x000001a8416ea060 DEOPT UNPACKING pc=0x000001a82972e77e sp=0x00000053b34fc200 mode 0
Event: 181.457 Thread 0x000001a8416ea060 DEOPT PACKING pc=0x000001a829e70fe9 sp=0x00000053b34fcb70
Event: 181.457 Thread 0x000001a8416ea060 DEOPT UNPACKING pc=0x000001a82972e77e sp=0x00000053b34fc030 mode 1
Event: 181.457 Thread 0x000001a8416ea060 DEOPT PACKING pc=0x000001a829e70a64 sp=0x00000053b34fcc70
Event: 181.457 Thread 0x000001a8416ea060 DEOPT UNPACKING pc=0x000001a82972e77e sp=0x00000053b34fc128 mode 1

Classes unloaded (0 events):
No events

Classes redefined (0 events):
No events

Internal exceptions (20 events):
Event: 111.400 Thread 0x000001a842fd7010 Exception <a 'java/lang/IllegalStateException'{0x000000008f216898}: deviceHandlePointer is not initialized> (0x000000008f216898) 
thrown [t:\workspace\open\src\hotspot\share\prims\jni.cpp, line 600]
Event: 111.400 Thread 0x000001a842fd7010 Exception <a 'java/lang/IllegalStateException'{0x000000008f216c90}: deviceHandlePointer is not initialized> (0x000000008f216c90) 
thrown [t:\workspace\open\src\hotspot\share\prims\jni.cpp, line 600]
Event: 111.400 Thread 0x000001a842fd7010 Exception <a 'java/lang/IllegalStateException'{0x000000008f217088}: deviceHandlePointer is not initialized> (0x000000008f217088) 
thrown [t:\workspace\open\src\hotspot\share\prims\jni.cpp, line 600]
Event: 111.400 Thread 0x000001a842fd7010 Exception <a 'java/lang/IllegalStateException'{0x000000008f217480}: deviceHandlePointer is not initialized> (0x000000008f217480) 
thrown [t:\workspace\open\src\hotspot\share\prims\jni.cpp, line 600]
Event: 111.400 Thread 0x000001a842fd7010 Exception <a 'java/lang/IllegalStateException'{0x000000008f217878}: deviceHandlePointer is not initialized> (0x000000008f217878) 
thrown [t:\workspace\open\src\hotspot\share\prims\jni.cpp, line 600]
Event: 111.400 Thread 0x000001a842fd7010 Exception <a 'java/lang/IllegalStateException'{0x000000008f217c70}: deviceHandlePointer is not initialized> (0x000000008f217c70) 
thrown [t:\workspace\open\src\hotspot\share\prims\jni.cpp, line 600]
Event: 111.400 Thread 0x000001a842fd7010 Exception <a 'java/lang/IllegalStateException'{0x000000008f218068}: deviceHandlePointer is not initialized> (0x000000008f218068) 
thrown [t:\workspace\open\src\hotspot\share\prims\jni.cpp, line 600]
Event: 111.400 Thread 0x000001a842fd7010 Exception <a 'java/lang/IllegalStateException'{0x000000008f218460}: deviceHandlePointer is not initialized> (0x000000008f218460) 
thrown [t:\workspace\open\src\hotspot\share\prims\jni.cpp, line 600]
Event: 111.400 Thread 0x000001a842fd7010 Exception <a 'java/lang/IllegalStateException'{0x000000008f218858}: deviceHandlePointer is not initialized> (0x000000008f218858) 
thrown [t:\workspace\open\src\hotspot\share\prims\jni.cpp, line 600]
Event: 111.400 Thread 0x000001a842fd7010 Exception <a 'java/lang/IllegalStateException'{0x000000008f218c50}: deviceHandlePointer is not initialized> (0x000000008f218c50) 
thrown [t:\workspace\open\src\hotspot\share\prims\jni.cpp, line 600]
Event: 111.400 Thread 0x000001a842fd7010 Exception <a 'java/lang/IllegalStateException'{0x000000008f219048}: deviceHandlePointer is not initialized> (0x000000008f219048) 
thrown [t:\workspace\open\src\hotspot\share\prims\jni.cpp, line 600]
Event: 111.400 Thread 0x000001a842fd7010 Exception <a 'java/lang/IllegalStateException'{0x000000008f219440}: deviceHandlePointer is not initialized> (0x000000008f219440) 
thrown [t:\workspace\open\src\hotspot\share\prims\jni.cpp, line 600]
Event: 111.400 Thread 0x000001a842fd7010 Exception <a 'java/lang/IllegalStateException'{0x000000008f219838}: deviceHandlePointer is not initialized> (0x000000008f219838) 
thrown [t:\workspace\open\src\hotspot\share\prims\jni.cpp, line 600]
Event: 111.400 Thread 0x000001a842fd7010 Exception <a 'java/lang/IllegalStateException'{0x000000008f219c30}: deviceHandlePointer is not initialized> (0x000000008f219c30) 
thrown [t:\workspace\open\src\hotspot\share\prims\jni.cpp, line 600]
Event: 111.400 Thread 0x000001a842fd7010 Exception <a 'java/lang/IllegalStateException'{0x000000008f21a028}: deviceHandlePointer is not initialized> (0x000000008f21a028) 
thrown [t:\workspace\open\src\hotspot\share\prims\jni.cpp, line 600]
Event: 111.400 Thread 0x000001a842fd7010 Exception <a 'java/lang/IllegalStateException'{0x000000008f21a420}: deviceHandlePointer is not initialized> (0x000000008f21a420) 
thrown [t:\workspace\open\src\hotspot\share\prims\jni.cpp, line 600]
Event: 111.400 Thread 0x000001a842fd7010 Exception <a 'java/lang/IllegalStateException'{0x000000008f21a818}: deviceHandlePointer is not initialized> (0x000000008f21a818) 
thrown [t:\workspace\open\src\hotspot\share\prims\jni.cpp, line 600]
Event: 111.400 Thread 0x000001a842fd7010 Exception <a 'java/lang/IllegalStateException'{0x000000008f21ac10}: deviceHandlePointer is not initialized> (0x000000008f21ac10) 
thrown [t:\workspace\open\src\hotspot\share\prims\jni.cpp, line 600]
Event: 111.400 Thread 0x000001a842fd7010 Exception <a 'java/lang/IllegalStateException'{0x000000008f21b008}: deviceHandlePointer is not initialized> (0x000000008f21b008) 
thrown [t:\workspace\open\src\hotspot\share\prims\jni.cpp, line 600]
Event: 162.310 Thread 0x000001a8416ea060 Exception <a 'java/lang/IllegalStateException'{0x000000008f1dc3c8}: deviceHandlePointer is not initialized> (0x000000008f1dc3c8) 
thrown [t:\workspace\open\src\hotspot\share\prims\jni.cpp, line 600]

Events (20 events):
Event: 176.747 Executing  VM operation: Cleanup
Event: 176.747 Executing  VM operation: Cleanup done
Event: 178.324 Executing  VM operation: get/set locals
Event: 178.324 Executing  VM operation: get/set locals done
Event: 178.324 Executing  VM operation: get/set locals
Event: 178.324 Executing  VM operation: get/set locals done
Event: 178.325 Executing  VM operation: get/set locals
Event: 178.325 Executing  VM operation: get/set locals done
Event: 178.325 Executing  VM operation: get/set locals
Event: 178.326 Executing  VM operation: get/set locals done
Event: 187.828 loading class java/awt/Scrollbar
Event: 187.834 loading class java/awt/Scrollbar done
Event: 188.403 Executing  VM operation: Cleanup
Event: 188.404 Executing  VM operation: Cleanup done
Event: 189.406 Executing  VM operation: Cleanup
Event: 189.406 Executing  VM operation: Cleanup done
Event: 189.566 Executing  VM operation: get/set locals
Event: 189.566 Executing  VM operation: get/set locals done
Event: 194.845 Executing  VM operation: get/set locals
Event: 194.845 Executing  VM operation: get/set locals done


Dynamic libraries:
0x00007ff68c440000 - 0x00007ff68c450000 	C:\Program Files\Java\jdk-16\bin\java.exe
0x00007ffd344b0000 - 0x00007ffd346a5000 	C:\Windows\SYSTEM32\ntdll.dll
0x00007ffd32630000 - 0x00007ffd326ed000 	C:\Windows\System32\KERNEL32.DLL
0x00007ffd31f80000 - 0x00007ffd32248000 	C:\Windows\System32\KERNELBASE.dll
0x00007ffd32310000 - 0x00007ffd32410000 	C:\Windows\System32\ucrtbase.dll
0x00007ffd209b0000 - 0x00007ffd209c8000 	C:\Program Files\Java\jdk-16\bin\jli.dll
0x00007ffd2d2b0000 - 0x00007ffd2d2c9000 	C:\Program Files\Java\jdk-16\bin\VCRUNTIME140.dll
0x00007ffd32f40000 - 0x00007ffd32fec000 	C:\Windows\System32\ADVAPI32.dll
0x00007ffd32d00000 - 0x00007ffd32d9e000 	C:\Windows\System32\msvcrt.dll
0x00007ffd32950000 - 0x00007ffd329eb000 	C:\Windows\System32\sechost.dll
0x00007ffd32ac0000 - 0x00007ffd32beb000 	C:\Windows\System32\RPCRT4.dll
0x00007ffd32da0000 - 0x00007ffd32f40000 	C:\Windows\System32\USER32.dll
0x00007ffd31eb0000 - 0x00007ffd31ed2000 	C:\Windows\System32\win32u.dll
0x00007ffd33b60000 - 0x00007ffd33b8a000 	C:\Windows\System32\GDI32.dll
0x00007ffd32410000 - 0x00007ffd3251b000 	C:\Windows\System32\gdi32full.dll
0x00007ffd31ee0000 - 0x00007ffd31f7d000 	C:\Windows\System32\msvcp_win.dll
0x00007ffd1a9e0000 - 0x00007ffd1ac7a000 	C:\Windows\WinSxS\amd64_microsoft.windows.common-controls_6595b64144ccf1df_6.0.19041.1052_none_60b8f8fd71f5e8cb\COMCTL32.dll
0x00007ffd2aa40000 - 0x00007ffd2aa4a000 	C:\Windows\SYSTEM32\VERSION.dll
0x00007ffd32bf0000 - 0x00007ffd32c20000 	C:\Windows\System32\IMM32.DLL
0x00007ffd2d560000 - 0x00007ffd2d56c000 	C:\Program Files\Java\jdk-16\bin\vcruntime140_1.dll
0x00007ffd01da0000 - 0x00007ffd01e31000 	C:\Program Files\Java\jdk-16\bin\msvcp140.dll
0x00007ffcf04c0000 - 0x00007ffcf106b000 	C:\Program Files\Java\jdk-16\bin\server\jvm.dll
0x00007ffd33360000 - 0x00007ffd33368000 	C:\Windows\System32\PSAPI.DLL
0x00007ffd1fc00000 - 0x00007ffd1fc09000 	C:\Windows\SYSTEM32\WSOCK32.dll
0x00007ffd21f00000 - 0x00007ffd21f27000 	C:\Windows\SYSTEM32\WINMM.dll
0x00007ffd33370000 - 0x00007ffd333db000 	C:\Windows\System32\WS2_32.dll
0x00007ffd30480000 - 0x00007ffd30492000 	C:\Windows\SYSTEM32\kernel.appcore.dll
0x00007ffd2d350000 - 0x00007ffd2d35a000 	C:\Program Files\Java\jdk-16\bin\jimage.dll
0x00007ffd2fa00000 - 0x00007ffd2fbe4000 	C:\Windows\SYSTEM32\DBGHELP.DLL
0x00007ffd1a4f0000 - 0x00007ffd1a51c000 	C:\Windows\SYSTEM32\dbgcore.DLL
0x00007ffd32280000 - 0x00007ffd32303000 	C:\Windows\System32\bcryptPrimitives.dll
0x00007ffd15d10000 - 0x00007ffd15d4b000 	C:\Program Files\Java\jdk-16\bin\jdwp.dll
0x00007ffd2bd30000 - 0x00007ffd2bd55000 	C:\Program Files\Java\jdk-16\bin\java.dll
0x00007ffd33ca0000 - 0x00007ffd343df000 	C:\Windows\System32\SHELL32.dll
0x00007ffd2fce0000 - 0x00007ffd30470000 	C:\Windows\SYSTEM32\windows.storage.dll
0x00007ffd33000000 - 0x00007ffd33355000 	C:\Windows\System32\combase.dll
0x00007ffd31590000 - 0x00007ffd315bc000 	C:\Windows\SYSTEM32\Wldp.dll
0x00007ffd33bf0000 - 0x00007ffd33c9e000 	C:\Windows\System32\SHCORE.dll
0x00007ffd33950000 - 0x00007ffd339a5000 	C:\Windows\System32\shlwapi.dll
0x00007ffd31b30000 - 0x00007ffd31b4f000 	C:\Windows\SYSTEM32\profapi.dll
0x00007ffd2d3b0000 - 0x00007ffd2d3bb000 	C:\Program Files\Java\jdk-16\bin\dt_shmem.dll
0x00007ffd2d270000 - 0x00007ffd2d289000 	C:\Program Files\Java\jdk-16\bin\net.dll
0x00007ffd234c0000 - 0x00007ffd235cb000 	C:\Windows\SYSTEM32\WINHTTP.dll
0x00007ffd312b0000 - 0x00007ffd3131a000 	C:\Windows\system32\mswsock.dll
0x00007ffd22310000 - 0x00007ffd22323000 	C:\Program Files\Java\jdk-16\bin\nio.dll
0x00007ffd22110000 - 0x00007ffd22128000 	C:\Program Files\Java\jdk-16\bin\zip.dll
0x00007ffcf0340000 - 0x00007ffcf04c0000 	C:\Program Files\Java\jdk-16\bin\awt.dll
0x00007ffd329f0000 - 0x00007ffd32abd000 	C:\Windows\System32\OLEAUT32.dll
0x00007ffd2f0c0000 - 0x00007ffd2f150000 	C:\Windows\SYSTEM32\apphelp.dll
0x00007ffd2f2a0000 - 0x00007ffd2f33e000 	C:\Windows\system32\uxtheme.dll
0x00007ffd32820000 - 0x00007ffd32935000 	C:\Windows\System32\MSCTF.dll
0x00007ffd326f0000 - 0x00007ffd3281a000 	C:\Windows\System32\ole32.dll
0x00007ffd2f470000 - 0x00007ffd2f49f000 	C:\Windows\system32\DWMAPI.DLL
0x00007ffcf77e0000 - 0x00007ffcf7869000 	C:\Program Files\Java\jdk-16\bin\freetype.dll
0x00007ffcf0240000 - 0x00007ffcf0336000 	C:\Program Files\Java\jdk-16\bin\harfbuzz.dll
0x00007ffd21ea0000 - 0x00007ffd21eb2000 	C:\Program Files\Java\jdk-16\bin\fontmanager.dll
0x00007ffd10980000 - 0x00007ffd10aa6000 	C:\Windows\system32\opengl32.dll
0x00007ffd10f60000 - 0x00007ffd10f8c000 	C:\Windows\SYSTEM32\GLU32.dll
0x00007ffd14fc0000 - 0x00007ffd14fe5000 	C:\Users\bijum\AppData\Local\Temp\jSerialComm\1625296022093-jSerialComm.dll
0x00007ffd333e0000 - 0x00007ffd33849000 	C:\Windows\System32\SETUPAPI.dll
0x00007ffd31e60000 - 0x00007ffd31eae000 	C:\Windows\System32\cfgmgr32.dll
0x00007ffd32250000 - 0x00007ffd32277000 	C:\Windows\System32\bcrypt.dll
0x00007ffd318d0000 - 0x00007ffd318fc000 	C:\Windows\SYSTEM32\DEVOBJ.dll
0x00007ffd31e00000 - 0x00007ffd31e60000 	C:\Windows\System32\WINTRUST.dll
0x00007ffd31ca0000 - 0x00007ffd31dff000 	C:\Windows\System32\CRYPT32.dll
0x00007ffd31710000 - 0x00007ffd31722000 	C:\Windows\SYSTEM32\MSASN1.dll
0x00007ffd314c0000 - 0x00007ffd314d8000 	C:\Windows\SYSTEM32\CRYPTSP.dll
0x00007ffd30c60000 - 0x00007ffd30c94000 	C:\Windows\system32\rsaenh.dll
0x00007ffd31af0000 - 0x00007ffd31b1e000 	C:\Windows\SYSTEM32\USERENV.dll
0x00007ffd314b0000 - 0x00007ffd314bc000 	C:\Windows\SYSTEM32\CRYPTBASE.dll
0x00007ffd30fc0000 - 0x00007ffd30ffb000 	C:\Windows\SYSTEM32\IPHLPAPI.DLL
0x00007ffd32ff0000 - 0x00007ffd32ff8000 	C:\Windows\System32\NSI.dll
0x00007ffd29930000 - 0x00007ffd29947000 	C:\Windows\SYSTEM32\dhcpcsvc6.DLL
0x00007ffd295a0000 - 0x00007ffd295bd000 	C:\Windows\SYSTEM32\dhcpcsvc.DLL
0x00007ffd31000000 - 0x00007ffd310cc000 	C:\Windows\SYSTEM32\DNSAPI.dll
0x00007ffd14ba0000 - 0x00007ffd14c03000 	C:\Users\bijum\AppData\Local\Temp\usb4java12327152485760734243.tmp\libusb4java.dll
0x00007ffd08490000 - 0x00007ffd0849c000 	C:\Windows\SYSTEM32\WinUSB.DLL
0x00007ffd30470000 - 0x00007ffd3047d000 	C:\Windows\SYSTEM32\hid.DLL
0x00007ffd32580000 - 0x00007ffd32629000 	C:\Windows\System32\clbcatq.dll
0x00007ffd2add0000 - 0x00007ffd2af84000 	C:\Windows\SYSTEM32\WindowsCodecs.dll
0x00007ffd08830000 - 0x00007ffd0886e000 	C:\Windows\system32\dataexchange.dll
0x00007ffd2e4e0000 - 0x00007ffd2e6c6000 	C:\Windows\system32\dcomp.dll
0x00007ffd2dcb0000 - 0x00007ffd2df14000 	C:\Windows\system32\d3d11.dll
0x00007ffd304f0000 - 0x00007ffd305e4000 	C:\Windows\system32\dxgi.dll
0x00007ffd2b1d0000 - 0x00007ffd2b3d1000 	C:\Windows\system32\twinapi.appcore.dll
0x00007ffced720000 - 0x00007ffced7ba000 	C:\Windows\system32\RICHED20.DLL
0x00007ffd14fa0000 - 0x00007ffd14fb9000 	C:\Windows\SYSTEM32\USP10.dll
0x00007ffd08e60000 - 0x00007ffd08e99000 	C:\Windows\SYSTEM32\msls31.dll
0x00007ffd0f090000 - 0x00007ffd0f189000 	C:\Windows\SYSTEM32\textinputframework.dll
0x00007ffd2ea50000 - 0x00007ffd2edae000 	C:\Windows\System32\CoreUIComponents.dll
0x00007ffd2edb0000 - 0x00007ffd2eea2000 	C:\Windows\System32\CoreMessaging.dll
0x00007ffd308f0000 - 0x00007ffd30923000 	C:\Windows\SYSTEM32\ntmarta.dll
0x00007ffd2d6f0000 - 0x00007ffd2d844000 	C:\Windows\SYSTEM32\wintypes.dll

dbghelp: loaded successfully - version: 4.0.5 - missing functions: none
symbol engine: initialized successfully - sym options: 0x614 - pdb path: .;C:\Program Files\Java\jdk-16\bin;C:\Windows\SYSTEM32;C:\Windows\WinSxS\amd64_microsoft.windows.common-controls_6595b64144ccf1df_6.0.19041.1052_none_60b8f8fd71f5e8cb;C:\Program Files\Java\jdk-16\bin\server;C:\Users\bijum\AppData\Local\Temp\jSerialComm;C:\Users\bijum\AppData\Local\Temp\usb4java12327152485760734243.tmp

VM Arguments:
jvm_args: -Dfile.encoding=UTF-8 -agentlib:jdwp=transport=dt_shmem,address=javadebug 
java_command: hackbugant.HackBugAnt
java_class_path (initial): C:\Program Files\NetBeans-12.3\netbeans\java\modules\ext\AbsoluteLayout.jar;D:\Works\HackBug\HackBugAnt\lib\usb-api-1.0.2.jar;D:\Works\HackBug\HackBugAnt\lib\usb4java-1.3.0.jar;D:\Works\HackBug\HackBugAnt\lib\jSerialComm-2.6.2.jar;D:\Works\HackBug\HackBugAnt\lib\json-simple-1.1.1.jar;D:\Works\HackBug\HackBugAnt\lib\commons-lang3-3.8.1.jar;D:\Works\HackBug\HackBugAnt\lib\LibusbJava.jar;D:\Works\HackBug\HackBugAnt\lib\libusb4java-1.3.0-win32-x86-64.jar;D:\Works\HackBug\HackBugAnt\build\classes
Launcher Type: SUN_STANDARD

[Global flags]
     intx CICompilerCount                          = 4                                         {product} {ergonomic}
     uint ConcGCThreads                            = 2                                         {product} {ergonomic}
     uint G1ConcRefinementThreads                  = 8                                         {product} {ergonomic}
   size_t G1HeapRegionSize                         = 1048576                                   {product} {ergonomic}
    uintx GCDrainStackTargetSize                   = 64                                        {product} {ergonomic}
   size_t InitialHeapSize                          = 130023424                                 {product} {ergonomic}
   size_t MarkStackSize                            = 4194304                                   {product} {ergonomic}
   size_t MaxHeapSize                              = 2080374784                                {product} {ergonomic}
   size_t MaxNewSize                               = 1247805440                                {product} {ergonomic}
   size_t MinHeapDeltaBytes                        = 1048576                                   {product} {ergonomic}
   size_t MinHeapSize                              = 8388608                                   {product} {ergonomic}
    uintx NonNMethodCodeHeapSize                   = 5839372                                {pd product} {ergonomic}
    uintx NonProfiledCodeHeapSize                  = 122909434                              {pd product} {ergonomic}
    uintx ProfiledCodeHeapSize                     = 122909434                              {pd product} {ergonomic}
    uintx ReservedCodeCacheSize                    = 251658240                              {pd product} {ergonomic}
     bool SegmentedCodeCache                       = true                                      {product} {ergonomic}
   size_t SoftMaxHeapSize                          = 2080374784                             {manageable} {ergonomic}
     bool UseCompressedClassPointers               = true                           {product lp64_product} {ergonomic}
     bool UseCompressedOops                        = true                           {product lp64_product} {ergonomic}
     bool UseG1GC                                  = true                                      {product} {ergonomic}
     bool UseLargePagesIndividualAllocation        = false                                  {pd product} {ergonomic}

Logging:
Log output configuration:
 #0: stdout all=warning uptime,level,tags
 #1: stderr all=off uptime,level,tags

Environment Variables:
CLASSPATH=C:\Program Files\Java\jdk-16;C:\Program Files\Java\jdk-16\conf
PATH=D:\programs\python\Scripts\;D:\programs\python\;C:\Program Files\Common Files\Oracle\Java\javapath;C:\Program Files (x86)\Common Files\Oracle\Java\javapath;C:\Windows\system32;C:\Windows;C:\Windows\System32\Wbem;C:\Windows\System32\WindowsPowerShell\v1.0\;C:\Windows\System32\OpenSSH\;D:\Git\cmd;C:\Program Files\Docker\Docker\resources\bin;C:\ProgramData\DockerDesktop\version-bin;C:\Python27;C:\Program Files\dotnet\;C:\Users\bijum\AppData\Local\Microsoft\WindowsApps;C:\Users\bijum\AppData\Local\GitHubDesktop\bin;D:\Microsoft VS Code\bin;D:\programs\Pycharm\PyCharm Community Edition 2021.1.2\bin;;C:\Users\bijum\.dotnet\tools
USERNAME=bijum
OS=Windows_NT
PROCESSOR_IDENTIFIER=Intel64 Family 6 Model 126 Stepping 5, GenuineIntel



---------------  S Y S T E M  ---------------

OS:
 Windows 10 , 64 bit Build 19041 (10.0.19041.1023)
OS uptime: 7 days 1:45 hours
Hyper-V role detected

CPU: total 8 (initial active 8) (4 cores per cpu, 2 threads per core) family 6 model 126 stepping 5 microcode 0xa0, cx8, cmov, fxsr, ht, mmx, 3dnowpref, sse, sse2, sse3, ssse3, sse4.1, sse4.2, popcnt, lzcnt, tsc, tscinvbit, avx, avx2, aes, erms, clmul, bmi1, bmi2, adx, avx512f, avx512dq, avx512cd, avx512bw, avx512vl, sha, fma, vzeroupper, avx512_vpopcntdq, avx512_vpclmulqdq, avx512_vaes, avx512_vnni, clflush, clflushopt, avx512_vmbi2, avx512_vmbi, hv

Memory: 4k page, system-wide physical 7934M (954M free)
TotalPageFile size 22813M (AvailPageFile size 5422M)
current process WorkingSet (physical memory assigned to process): 235M, peak: 254M
current process commit charge ("private bytes"): 294M, peak: 314M

vm_info: Java HotSpot(TM) 64-Bit Server VM (16+36-2231) for windows-amd64 JRE (16+36-2231), built on Feb  8 2021 11:43:10 by "mach5one" with MS VC++ 16.7 (VS2019)

END.
