#
# A fatal error has been detected by the Java Runtime Environment:
#
#  EXCEPTION_ACCESS_VIOLATION (0xc0000005) at pc=0x00007ffd20b13a22, pid=25260, tid=6236
#
# JRE version: Java(TM) SE Runtime Environment (16.0+36) (build 16+36-2231)
# Java VM: Java HotSpot(TM) 64-Bit Server VM (16+36-2231, mixed mode, sharing, tiered, compressed oops, g1 gc, windows-amd64)
# Problematic frame:
# C  [libusb4java.dll+0x13a22]
#
# No core dump will be written. Minidumps are not enabled by default on client versions of Windows
#
# If you would like to submit a bug report, please visit:
#   https://bugreport.java.com/bugreport/crash.jsp
# The crash happened outside the Java Virtual Machine in native code.
# See problematic frame for where to report the bug.
#

---------------  S U M M A R Y ------------

Command Line: -Dfile.encoding=UTF-8 hackbugant.HackBugAnt

Host: Intel(R) Core(TM) i5-1035G1 CPU @ 1.00GHz, 8 cores, 7G,  Windows 10 , 64 bit Build 19041 (10.0.19041.1023)
Time: Sat Jul  3 13:41:40 2021 India Standard Time elapsed time: 113.928714 seconds (0d 0h 1m 53s)

---------------  T H R E A D  ---------------

Current thread (0x00000228ac127770):  JavaThread "Thread-3" [_thread_in_native, id=6236, stack(0x000000ddc5500000,0x000000ddc5600000)]

Stack: [0x000000ddc5500000,0x000000ddc5600000],  sp=0x000000ddc55fec20,  free space=1019k
Native frames: (J=compiled Java code, j=interpreted, Vv=VM code, C=native code)
C  [libusb4java.dll+0x13a22]

Java frames: (J=compiled Java code, j=interpreted, Vv=VM code)
j  org.usb4java.LibUsb.bulkTransfer(Lorg/usb4java/DeviceHandle;BLjava/nio/ByteBuffer;Ljava/nio/IntBuffer;J)I+0
J 2713 c1 com.bmjo.hackbug.usb.USBHelper.readUsb()[B (160 bytes) @ 0x000002289449b364 [0x000002289449b080+0x00000000000002e4]
j  com.bmjo.hackbug.usb.UsbControler$ReadUsbData.run()V+17
j  java.lang.Thread.run()V+11 java.base@16
v  ~StubRoutines::call_stub

siginfo: EXCEPTION_ACCESS_VIOLATION (0xc0000005), reading address 0x0000000000000040


Register to memory mapping:

RIP=0x00007ffd20b13a22 libusb4java.dll
RAX=0x0 is NULL
RBX=0x00000228ac127a80 points into unknown readable memory: 0x00007ffcf0f333d0 | d0 33 f3 f0 fc 7f 00 00
RCX=0x00000228ab5957a0 points into unknown readable memory: 0x0000000000000000 | 00 00 00 00 00 00 00 00
RDX=0x0000000000000004 is an unknown value
RSP=0x000000ddc55fec20 is pointing into the stack for thread: 0x00000228ac127770
RBP=0x000000ddc55feeb8 is pointing into the stack for thread: 0x00000228ac127770
RSI=0x00000228ac55e420 points into unknown readable memory: 0x00000228ac1256a0 | a0 56 12 ac 28 02 00 00
RDI=0x000000ddc55feef0 is pointing into the stack for thread: 0x00000228ac127770
R8 =0x00007ffd20b532a0 libusb4java.dll
R9 =0x00007ffd20b53290 libusb4java.dll
R10=0x0 is NULL
R11=0x0000000000000246 is an unknown value
R12=0x0 is NULL
R13={method} {0x00000228acd0a238} 'bulkTransfer' '(Lorg/usb4java/DeviceHandle;BLjava/nio/ByteBuffer;Ljava/nio/IntBuffer;J)I' in 'org/usb4java/LibUsb'
R14=0x00000228ac5655a0 points into unknown readable memory: 0x0000000000000000 | 00 00 00 00 00 00 00 00
R15=0x0000000000000083 is an unknown value


Registers:
RAX=0x0000000000000000, RBX=0x00000228ac127a80, RCX=0x00000228ab5957a0, RDX=0x0000000000000004
RSP=0x000000ddc55fec20, RBP=0x000000ddc55feeb8, RSI=0x00000228ac55e420, RDI=0x000000ddc55feef0
R8 =0x00007ffd20b532a0, R9 =0x00007ffd20b53290, R10=0x0000000000000000, R11=0x0000000000000246
R12=0x0000000000000000, R13=0x00000228acd0a230, R14=0x00000228ac5655a0, R15=0x0000000000000083
RIP=0x00007ffd20b13a22, EFLAGS=0x0000000000010202

Top of Stack: (sp=0x000000ddc55fec20)
0x000000ddc55fec20:   00007ffd20b532a0 00007ffd20b0dab4
0x000000ddc55fec30:   000000ddc55fec80 000000ddc55fec58
0x000000ddc55fec40:   0000000000000000 00007ffd20b53840
0x000000ddc55fec50:   00007ffdfffffffb 00007ffd20b0cb14
0x000000ddc55fec60:   00000228ab5957a0 00007ffd00000004
0x000000ddc55fec70:   00007ffd20b532a0 00007ffd20b53290
0x000000ddc55fec80:   00000228ab595808 00000228ab5957c8
0x000000ddc55fec90:   0000000000000000 00000228ab5957a0
0x000000ddc55feca0:   00000228ac127a80 00007ffd20b0fd0e
0x000000ddc55fecb0:   00000228ab595808 000000dd00000001
0x000000ddc55fecc0:   00007ffd20b53c58 00007ffd20b53c10
0x000000ddc55fecd0:   00007ffd20b51a60 00007ffd20b0fc12
0x000000ddc55fece0:   00000228fffffffb 000000ddc55fed58
0x000000ddc55fecf0:   00000228ac6996f0 0000000000000118
0x000000ddc55fed00:   00007ffcf0db9328 00007ffd20b0fe0f
0x000000ddc55fed10:   00000228ab595808 00000228ac55e420 

Instructions: (pc=0x00007ffd20b13a22)
0x00007ffd20b13922:   8b 4c 24 40 ff 50 70 48 83 c4 38 c3 cc cc cc cc
0x00007ffd20b13932:   cc cc cc cc cc cc cc cc cc cc cc cc cc cc 48 89
0x00007ffd20b13942:   4c 24 08 48 83 ec 38 48 8b 44 24 40 48 8b 40 40
0x00007ffd20b13952:   48 8b 48 30 e8 f5 e5 ff ff 48 89 44 24 20 48 8b
0x00007ffd20b13962:   44 24 20 48 8b 00 48 8b 4c 24 40 ff 50 78 48 83
0x00007ffd20b13972:   c4 38 c3 cc cc cc cc cc cc cc cc cc cc cc 48 89
0x00007ffd20b13982:   4c 24 08 48 83 ec 38 48 8b 44 24 40 48 8b 48 30
0x00007ffd20b13992:   e8 b9 e5 ff ff 48 89 44 24 20 48 8b 44 24 20 48
0x00007ffd20b139a2:   8b 00 48 8b 4c 24 40 ff 90 80 00 00 00 48 83 c4
0x00007ffd20b139b2:   38 c3 cc cc cc cc cc cc cc cc cc cc cc cc 48 89
0x00007ffd20b139c2:   4c 24 08 48 83 ec 38 48 8b 44 24 40 48 8b 40 68
0x00007ffd20b139d2:   48 8b 40 40 48 8b 48 30 e8 71 e5 ff ff 48 89 44
0x00007ffd20b139e2:   24 20 48 8b 44 24 20 48 8b 00 48 8b 4c 24 40 ff
0x00007ffd20b139f2:   90 88 00 00 00 48 83 c4 38 c3 cc cc cc cc cc cc
0x00007ffd20b13a02:   cc cc cc cc cc cc cc cc cc cc cc cc cc cc 48 89
0x00007ffd20b13a12:   4c 24 08 48 83 ec 38 48 8b 44 24 40 48 8b 40 68
0x00007ffd20b13a22:   48 8b 40 40 48 8b 48 30 e8 21 e5 ff ff 48 89 44
0x00007ffd20b13a32:   24 20 48 8b 44 24 20 48 8b 00 48 8b 4c 24 40 ff
0x00007ffd20b13a42:   90 90 00 00 00 48 83 c4 38 c3 cc cc cc cc cc cc
0x00007ffd20b13a52:   cc cc cc cc cc cc cc cc cc cc cc cc cc cc 48 89
0x00007ffd20b13a62:   4c 24 08 48 83 ec 38 48 8b 44 24 40 48 8b 40 68
0x00007ffd20b13a72:   48 8b 40 40 48 8b 48 30 e8 d1 e4 ff ff 48 89 44
0x00007ffd20b13a82:   24 20 48 8b 44 24 20 48 8b 00 48 8b 4c 24 40 ff
0x00007ffd20b13a92:   90 98 00 00 00 48 83 c4 38 c3 cc cc cc cc cc cc
0x00007ffd20b13aa2:   cc cc cc cc cc cc cc cc cc cc cc cc cc cc 44 89
0x00007ffd20b13ab2:   4c 24 20 44 89 44 24 18 48 89 54 24 10 48 89 4c
0x00007ffd20b13ac2:   24 08 48 83 ec 68 48 8b 4c 24 70 e8 7e e4 ff ff
0x00007ffd20b13ad2:   48 89 44 24 50 c7 44 24 3c 00 00 00 00 48 8b 44
0x00007ffd20b13ae2:   24 70 48 83 c0 58 48 8b c8 e8 b0 dd ff ff c7 44
0x00007ffd20b13af2:   24 30 00 00 00 00 eb 0a 8b 44 24 30 ff c0 89 44
0x00007ffd20b13b02:   24 30 8b 84 24 80 00 00 00 39 44 24 30 0f 83 a8
0x00007ffd20b13b12:   01 00 00 83 bc 24 88 00 00 00 00 0f 8e 9a 01 00 


Stack slot to memory mapping:
stack at sp + 0 slots: 0x00007ffd20b532a0 libusb4java.dll
stack at sp + 1 slots: 0x00007ffd20b0dab4 libusb4java.dll
stack at sp + 2 slots: 0x000000ddc55fec80 is pointing into the stack for thread: 0x00000228ac127770
stack at sp + 3 slots: 0x000000ddc55fec58 is pointing into the stack for thread: 0x00000228ac127770
stack at sp + 4 slots: 0x0 is NULL
stack at sp + 5 slots: 0x00007ffd20b53840 libusb4java.dll
stack at sp + 6 slots: 0x00007ffdfffffffb is an unknown value
stack at sp + 7 slots: 0x00007ffd20b0cb14 libusb4java.dll


---------------  P R O C E S S  ---------------

Threads class SMR info:
_java_thread_list=0x00000228ac755120, length=18, elements={
0x00000228aa82e800, 0x00000228aa82f110, 0x00000228aa83c2f0, 0x00000228aa83ec10,
0x00000228aa83f730, 0x00000228aa840040, 0x00000228aa8431e0, 0x00000228aa843be0,
0x00000228aa846150, 0x00000228ab497830, 0x00000228ab4a1aa0, 0x00000228ab6e0d50,
0x00000228ab6e1270, 0x00000228ab6e1790, 0x00000228ab7c95a0, 0x000002288aa78e20,
0x00000228ac502a80, 0x00000228ac127770
}

Java Threads: ( => current thread )
  0x00000228aa82e800 JavaThread "Reference Handler" daemon [_thread_blocked, id=1484, stack(0x000000ddc5f00000,0x000000ddc6000000)]
  0x00000228aa82f110 JavaThread "Finalizer" daemon [_thread_blocked, id=24300, stack(0x000000ddc6000000,0x000000ddc6100000)]
  0x00000228aa83c2f0 JavaThread "Signal Dispatcher" daemon [_thread_blocked, id=20752, stack(0x000000ddc6100000,0x000000ddc6200000)]
  0x00000228aa83ec10 JavaThread "Attach Listener" daemon [_thread_blocked, id=21612, stack(0x000000ddc6200000,0x000000ddc6300000)]
  0x00000228aa83f730 JavaThread "Service Thread" daemon [_thread_blocked, id=10532, stack(0x000000ddc6300000,0x000000ddc6400000)]
  0x00000228aa840040 JavaThread "Monitor Deflation Thread" daemon [_thread_blocked, id=28176, stack(0x000000ddc6400000,0x000000ddc6500000)]
  0x00000228aa8431e0 JavaThread "C2 CompilerThread0" daemon [_thread_blocked, id=27972, stack(0x000000ddc6500000,0x000000ddc6600000)]
  0x00000228aa843be0 JavaThread "C1 CompilerThread0" daemon [_thread_blocked, id=20652, stack(0x000000ddc6600000,0x000000ddc6700000)]
  0x00000228aa846150 JavaThread "Sweeper thread" daemon [_thread_blocked, id=1736, stack(0x000000ddc6700000,0x000000ddc6800000)]
  0x00000228ab497830 JavaThread "Notification Thread" daemon [_thread_blocked, id=10052, stack(0x000000ddc6800000,0x000000ddc6900000)]
  0x00000228ab4a1aa0 JavaThread "Common-Cleaner" daemon [_thread_blocked, id=6068, stack(0x000000ddc6a00000,0x000000ddc6b00000)]
  0x00000228ab6e0d50 JavaThread "Java2D Disposer" daemon [_thread_blocked, id=22900, stack(0x000000ddc6b00000,0x000000ddc6c00000)]
  0x00000228ab6e1270 JavaThread "AWT-Shutdown" [_thread_blocked, id=8040, stack(0x000000ddc6c00000,0x000000ddc6d00000)]
  0x00000228ab6e1790 JavaThread "AWT-Windows" daemon [_thread_in_native, id=20624, stack(0x000000ddc6d00000,0x000000ddc6e00000)]
  0x00000228ab7c95a0 JavaThread "AWT-EventQueue-0" [_thread_blocked, id=3188, stack(0x000000ddc6e00000,0x000000ddc6f00000)]
  0x000002288aa78e20 JavaThread "DestroyJavaVM" [_thread_blocked, id=880, stack(0x000000ddc5800000,0x000000ddc5900000)]
  0x00000228ac502a80 JavaThread "TimerQueue" daemon [_thread_blocked, id=18548, stack(0x000000ddc6f00000,0x000000ddc7000000)]
=>0x00000228ac127770 JavaThread "Thread-3" [_thread_in_native, id=6236, stack(0x000000ddc5500000,0x000000ddc5600000)]

Other Threads:
  0x00000228aa826f30 VMThread "VM Thread" [stack: 0x000000ddc5e00000,0x000000ddc5f00000] [id=13284]
  0x00000228ab49b180 WatcherThread [stack: 0x000000ddc6900000,0x000000ddc6a00000] [id=3536]
  0x000002288aab76c0 GCTaskThread "GC Thread#0" [stack: 0x000000ddc5900000,0x000000ddc5a00000] [id=25652]
  0x00000228ac6ff1a0 GCTaskThread "GC Thread#1" [stack: 0x000000ddc7700000,0x000000ddc7800000] [id=27796]
  0x00000228ac6ae6f0 GCTaskThread "GC Thread#2" [stack: 0x000000ddc7800000,0x000000ddc7900000] [id=22104]
  0x00000228ac6aea00 GCTaskThread "GC Thread#3" [stack: 0x000000ddc7900000,0x000000ddc7a00000] [id=20560]
  0x00000228ac6a1ed0 GCTaskThread "GC Thread#4" [stack: 0x000000ddc7a00000,0x000000ddc7b00000] [id=28204]
  0x00000228ac6b2580 GCTaskThread "GC Thread#5" [stack: 0x000000ddc7b00000,0x000000ddc7c00000] [id=9052]
  0x00000228ac6e6d70 GCTaskThread "GC Thread#6" [stack: 0x000000ddc7c00000,0x000000ddc7d00000] [id=31268]
  0x00000228ac6c7800 GCTaskThread "GC Thread#7" [stack: 0x000000ddc7d00000,0x000000ddc7e00000] [id=6868]
  0x000002288aaca340 ConcurrentGCThread "G1 Main Marker" [stack: 0x000000ddc5a00000,0x000000ddc5b00000] [id=23072]
  0x000002288aacad40 ConcurrentGCThread "G1 Conc#0" [stack: 0x000000ddc5b00000,0x000000ddc5c00000] [id=12836]
  0x000002288ab41c20 ConcurrentGCThread "G1 Refine#0" [stack: 0x000000ddc5c00000,0x000000ddc5d00000] [id=15632]
  0x00000228ac6b2c90 ConcurrentGCThread "G1 Refine#1" [stack: 0x000000ddc7e00000,0x000000ddc7f00000] [id=31564]
  0x000002288ab42630 ConcurrentGCThread "G1 Service" [stack: 0x000000ddc5d00000,0x000000ddc5e00000] [id=23528]

Threads with active compile tasks:

VM state: not at safepoint (normal execution)

VM Mutex/Monitor currently owned by a thread: None

Heap address: 0x0000000084000000, size: 1984 MB, Compressed Oops mode: 32-bit
CDS archive(s) mapped at: [0x0000000800000000-0x0000000800bb0000-0x0000000800bb0000), size 12255232, SharedBaseAddress: 0x0000000800000000, ArchiveRelocationMode: 0.
Compressed class space mapped at: 0x0000000800c00000-0x0000000840c00000, reserved size: 1073741824
Narrow klass base: 0x0000000800000000, Narrow klass shift: 3, Narrow klass range: 0x100000000

GC Precious Log:
 CPUs: 8 total, 8 available
 Memory: 7934M
 Large Page Support: Disabled
 NUMA Support: Disabled
 Compressed Oops: Enabled (32-bit)
 Heap Region Size: 1M
 Heap Min Capacity: 8M
 Heap Initial Capacity: 124M
 Heap Max Capacity: 1984M
 Pre-touch: Disabled
 Parallel Workers: 8
 Concurrent Workers: 2
 Concurrent Refinement Workers: 8
 Periodic GC: Disabled

Heap:
 garbage-first heap   total 68608K, used 28498K [0x0000000084000000, 0x0000000100000000)
  region size 1024K, 12 young (12288K), 0 survivors (0K)
 Metaspace       used 16500K, committed 16704K, reserved 1064960K
  class space    used 1805K, committed 1920K, reserved 1048576K

Heap Regions: E=young(eden), S=young(survivor), O=old, HS=humongous(starts), HC=humongous(continues), CS=collection set, F=free, OA=open archive, CA=closed archive, TAMS=top-at-mark-start (previous, next)
|   0|0x0000000084000000, 0x0000000084100000, 0x0000000084100000|100%|HS|  |TAMS 0x0000000084100000, 0x0000000084000000| Untracked 
|   1|0x0000000084100000, 0x0000000084200000, 0x0000000084200000|100%|HC|  |TAMS 0x0000000084200000, 0x0000000084100000| Untracked 
|   2|0x0000000084200000, 0x0000000084300000, 0x0000000084300000|100%|HC|  |TAMS 0x0000000084300000, 0x0000000084200000| Untracked 
|   3|0x0000000084300000, 0x0000000084400000, 0x0000000084400000|100%|HC|  |TAMS 0x0000000084400000, 0x0000000084300000| Untracked 
|   4|0x0000000084400000, 0x0000000084500000, 0x0000000084500000|100%|HC|  |TAMS 0x0000000084500000, 0x0000000084400000| Untracked 
|   5|0x0000000084500000, 0x00000000845fb178, 0x0000000084600000| 98%| O|  |TAMS 0x0000000084500000, 0x0000000084500000| Untracked 
|   6|0x0000000084600000, 0x0000000084700000, 0x0000000084700000|100%|HS|  |TAMS 0x0000000084700000, 0x0000000084600000| Untracked 
|   7|0x0000000084700000, 0x0000000084800000, 0x0000000084800000|100%|HC|  |TAMS 0x0000000084800000, 0x0000000084700000| Untracked 
|   8|0x0000000084800000, 0x0000000084900000, 0x0000000084900000|100%|HC|  |TAMS 0x0000000084900000, 0x0000000084800000| Untracked 
|   9|0x0000000084900000, 0x0000000084a00000, 0x0000000084a00000|100%|HC|  |TAMS 0x0000000084a00000, 0x0000000084900000| Untracked 
|  10|0x0000000084a00000, 0x0000000084b00000, 0x0000000084b00000|100%|HC|  |TAMS 0x0000000084b00000, 0x0000000084a00000| Untracked 
|  11|0x0000000084b00000, 0x0000000084c00000, 0x0000000084c00000|100%|HC|  |TAMS 0x0000000084c00000, 0x0000000084b00000| Untracked 
|  12|0x0000000084c00000, 0x0000000084d00000, 0x0000000084d00000|100%|HC|  |TAMS 0x0000000084d00000, 0x0000000084c00000| Untracked 
|  13|0x0000000084d00000, 0x0000000084dff898, 0x0000000084e00000| 99%| O|  |TAMS 0x0000000084d00000, 0x0000000084d00000| Untracked 
|  14|0x0000000084e00000, 0x0000000084efa230, 0x0000000084f00000| 97%| O|  |TAMS 0x0000000084e00000, 0x0000000084e00000| Untracked 
|  15|0x0000000084f00000, 0x0000000084fffff0, 0x0000000085000000| 99%| O|  |TAMS 0x0000000084f00000, 0x0000000084f00000| Untracked 
|  16|0x0000000085000000, 0x000000008504f5d0, 0x0000000085100000| 31%| O|  |TAMS 0x0000000085000000, 0x0000000085000000| Untracked 
|  17|0x0000000085100000, 0x0000000085100000, 0x0000000085200000|  0%| F|  |TAMS 0x0000000085100000, 0x0000000085100000| Untracked 
|  18|0x0000000085200000, 0x0000000085200000, 0x0000000085300000|  0%| F|  |TAMS 0x0000000085200000, 0x0000000085200000| Untracked 
|  19|0x0000000085300000, 0x0000000085300000, 0x0000000085400000|  0%| F|  |TAMS 0x0000000085300000, 0x0000000085300000| Untracked 
|  20|0x0000000085400000, 0x0000000085400000, 0x0000000085500000|  0%| F|  |TAMS 0x0000000085400000, 0x0000000085400000| Untracked 
|  21|0x0000000085500000, 0x0000000085500000, 0x0000000085600000|  0%| F|  |TAMS 0x0000000085500000, 0x0000000085500000| Untracked 
|  22|0x0000000085600000, 0x0000000085600000, 0x0000000085700000|  0%| F|  |TAMS 0x0000000085600000, 0x0000000085600000| Untracked 
|  23|0x0000000085700000, 0x0000000085700000, 0x0000000085800000|  0%| F|  |TAMS 0x0000000085700000, 0x0000000085700000| Untracked 
|  24|0x0000000085800000, 0x0000000085800000, 0x0000000085900000|  0%| F|  |TAMS 0x0000000085800000, 0x0000000085800000| Untracked 
|  25|0x0000000085900000, 0x0000000085900000, 0x0000000085a00000|  0%| F|  |TAMS 0x0000000085900000, 0x0000000085900000| Untracked 
|  26|0x0000000085a00000, 0x0000000085a1eb70, 0x0000000085b00000| 11%| O|  |TAMS 0x0000000085a00000, 0x0000000085a00000| Untracked 
|  27|0x0000000085b00000, 0x0000000085b00000, 0x0000000085c00000|  0%| F|  |TAMS 0x0000000085b00000, 0x0000000085b00000| Untracked 
|  28|0x0000000085c00000, 0x0000000085c00000, 0x0000000085d00000|  0%| F|  |TAMS 0x0000000085c00000, 0x0000000085c00000| Untracked 
|  29|0x0000000085d00000, 0x0000000085d00000, 0x0000000085e00000|  0%| F|  |TAMS 0x0000000085d00000, 0x0000000085d00000| Untracked 
|  30|0x0000000085e00000, 0x0000000085e00000, 0x0000000085f00000|  0%| F|  |TAMS 0x0000000085e00000, 0x0000000085e00000| Untracked 
|  31|0x0000000085f00000, 0x0000000085f00000, 0x0000000086000000|  0%| F|  |TAMS 0x0000000085f00000, 0x0000000085f00000| Untracked 
|  32|0x0000000086000000, 0x0000000086000000, 0x0000000086100000|  0%| F|  |TAMS 0x0000000086000000, 0x0000000086000000| Untracked 
|  33|0x0000000086100000, 0x0000000086100000, 0x0000000086200000|  0%| F|  |TAMS 0x0000000086100000, 0x0000000086100000| Untracked 
|  34|0x0000000086200000, 0x000000008622c230, 0x0000000086300000| 17%| O|  |TAMS 0x0000000086200000, 0x0000000086200000| Untracked 
|  35|0x0000000086300000, 0x0000000086300000, 0x0000000086400000|  0%| F|  |TAMS 0x0000000086300000, 0x0000000086300000| Untracked 
|  36|0x0000000086400000, 0x0000000086400000, 0x0000000086500000|  0%| F|  |TAMS 0x0000000086400000, 0x0000000086400000| Untracked 
|  37|0x0000000086500000, 0x0000000086500000, 0x0000000086600000|  0%| F|  |TAMS 0x0000000086500000, 0x0000000086500000| Untracked 
|  38|0x0000000086600000, 0x0000000086600000, 0x0000000086700000|  0%| F|  |TAMS 0x0000000086600000, 0x0000000086600000| Untracked 
|  39|0x0000000086700000, 0x0000000086700000, 0x0000000086800000|  0%| F|  |TAMS 0x0000000086700000, 0x0000000086700000| Untracked 
|  40|0x0000000086800000, 0x0000000086800000, 0x0000000086900000|  0%| F|  |TAMS 0x0000000086800000, 0x0000000086800000| Untracked 
|  41|0x0000000086900000, 0x0000000086900000, 0x0000000086a00000|  0%| F|  |TAMS 0x0000000086900000, 0x0000000086900000| Untracked 
|  42|0x0000000086a00000, 0x0000000086a00000, 0x0000000086b00000|  0%| F|  |TAMS 0x0000000086a00000, 0x0000000086a00000| Untracked 
|  43|0x0000000086b00000, 0x0000000086b00000, 0x0000000086c00000|  0%| F|  |TAMS 0x0000000086b00000, 0x0000000086b00000| Untracked 
|  44|0x0000000086c00000, 0x0000000086c00000, 0x0000000086d00000|  0%| F|  |TAMS 0x0000000086c00000, 0x0000000086c00000| Untracked 
|  45|0x0000000086d00000, 0x0000000086d00000, 0x0000000086e00000|  0%| F|  |TAMS 0x0000000086d00000, 0x0000000086d00000| Untracked 
|  46|0x0000000086e00000, 0x0000000086e00000, 0x0000000086f00000|  0%| F|  |TAMS 0x0000000086e00000, 0x0000000086e00000| Untracked 
|  47|0x0000000086f00000, 0x0000000086f00000, 0x0000000087000000|  0%| F|  |TAMS 0x0000000086f00000, 0x0000000086f00000| Untracked 
|  48|0x0000000087000000, 0x0000000087000000, 0x0000000087100000|  0%| F|  |TAMS 0x0000000087000000, 0x0000000087000000| Untracked 
|  49|0x0000000087100000, 0x0000000087100000, 0x0000000087200000|  0%| F|  |TAMS 0x0000000087100000, 0x0000000087100000| Untracked 
|  50|0x0000000087200000, 0x0000000087200000, 0x0000000087300000|  0%| F|  |TAMS 0x0000000087200000, 0x0000000087200000| Untracked 
|  51|0x0000000087300000, 0x0000000087300000, 0x0000000087400000|  0%| F|  |TAMS 0x0000000087300000, 0x0000000087300000| Untracked 
|  52|0x0000000087400000, 0x0000000087400000, 0x0000000087500000|  0%| F|  |TAMS 0x0000000087400000, 0x0000000087400000| Untracked 
|  53|0x0000000087500000, 0x0000000087500000, 0x0000000087600000|  0%| F|  |TAMS 0x0000000087500000, 0x0000000087500000| Untracked 
|  54|0x0000000087600000, 0x0000000087700000, 0x0000000087700000|100%| E|  |TAMS 0x0000000087600000, 0x0000000087600000| Complete 
|  55|0x0000000087700000, 0x0000000087800000, 0x0000000087800000|100%| E|CS|TAMS 0x0000000087700000, 0x0000000087700000| Complete 
|  56|0x0000000087800000, 0x0000000087900000, 0x0000000087900000|100%| E|CS|TAMS 0x0000000087800000, 0x0000000087800000| Complete 
|  57|0x0000000087900000, 0x0000000087a00000, 0x0000000087a00000|100%| E|CS|TAMS 0x0000000087900000, 0x0000000087900000| Complete 
|  58|0x0000000087a00000, 0x0000000087b00000, 0x0000000087b00000|100%| E|CS|TAMS 0x0000000087a00000, 0x0000000087a00000| Complete 
|  59|0x0000000087b00000, 0x0000000087c00000, 0x0000000087c00000|100%| E|CS|TAMS 0x0000000087b00000, 0x0000000087b00000| Complete 
|  60|0x0000000087c00000, 0x0000000087d00000, 0x0000000087d00000|100%| E|CS|TAMS 0x0000000087c00000, 0x0000000087c00000| Complete 
|  61|0x0000000087d00000, 0x0000000087e00000, 0x0000000087e00000|100%| E|CS|TAMS 0x0000000087d00000, 0x0000000087d00000| Complete 
|  62|0x0000000087e00000, 0x0000000087f00000, 0x0000000087f00000|100%| E|CS|TAMS 0x0000000087e00000, 0x0000000087e00000| Complete 
|  63|0x0000000087f00000, 0x0000000088000000, 0x0000000088000000|100%| E|CS|TAMS 0x0000000087f00000, 0x0000000087f00000| Complete 
|  64|0x0000000088000000, 0x0000000088100000, 0x0000000088100000|100%| E|CS|TAMS 0x0000000088000000, 0x0000000088000000| Complete 
|  65|0x0000000088100000, 0x0000000088200000, 0x0000000088200000|100%| E|CS|TAMS 0x0000000088100000, 0x0000000088100000| Complete 
|  76|0x0000000088c00000, 0x0000000088c45928, 0x0000000088d00000| 27%| O|  |TAMS 0x0000000088c00000, 0x0000000088c00000| Untracked 

Card table byte_map: [0x00000228a3820000,0x00000228a3c00000] _byte_map_base: 0x00000228a3400000

Marking Bits (Prev, Next): (CMBitMap*) 0x000002288aab9110, (CMBitMap*) 0x000002288aab90d0
 Prev Bits: [0x00000228a5ee0000, 0x00000228a7de0000)
 Next Bits: [0x00000228a3fe0000, 0x00000228a5ee0000)

Polling page: 0x000002288ab60000

Metaspace:

Usage:
  Non-class:     14.35 MB used.
      Class:      1.76 MB used.
       Both:     16.11 MB used.

Virtual space:
  Non-class space:       16.00 MB reserved,      14.44 MB ( 90%) committed,  2 nodes.
      Class space:        1.00 GB reserved,       1.88 MB ( <1%) committed,  1 nodes.
              Both:        1.02 GB reserved,      16.31 MB (  2%) committed. 

Chunk freelists:
   Non-Class:  976.00 KB
       Class:  2.11 MB
        Both:  3.06 MB

MaxMetaspaceSize: 17179869184.00 GB
CompressedClassSpaceSize: 1.00 GB
 - commit_granule_bytes: 65536.
 - commit_granule_words: 8192.
 - virtual_space_node_default_size: 1048576.
 - enlarge_chunks_in_place: 1.
 - new_chunks_are_fully_committed: 0.
 - uncommit_free_chunks: 1.
 - use_allocation_guard: 0.
 - handle_deallocations: 1.


Internal statistics:

num_allocs_failed_limit: 0.
num_arena_births: 130.
num_arena_deaths: 0.
num_vsnodes_births: 3.
num_vsnodes_deaths: 0.
num_space_committed: 261.
num_space_uncommitted: 0.
num_chunks_returned_to_freelist: 0.
num_chunks_taken_from_freelist: 229.
num_chunk_merges: 0.
num_chunk_splits: 122.
num_chunks_enlarged: 63.
num_purges: 0.

CodeHeap 'non-profiled nmethods': size=120000Kb used=1594Kb max_used=1594Kb free=118406Kb
 bounds [0x000002289b490000, 0x000002289b700000, 0x00000228a29c0000]
CodeHeap 'profiled nmethods': size=120000Kb used=6469Kb max_used=6469Kb free=113530Kb
 bounds [0x0000022893f60000, 0x00000228945c0000, 0x000002289b490000]
CodeHeap 'non-nmethods': size=5760Kb used=1377Kb max_used=1408Kb free=4382Kb
 bounds [0x00000228939c0000, 0x0000022893c30000, 0x0000022893f60000]
 total_blobs=3903 nmethods=3198 adapters=614
 compilation: enabled
              stopped_count=0, restarted_count=0
 full_count=0

Compilation events (20 events):
Event: 109.912 Thread 0x00000228aa843be0 3191       1       sun.util.locale.LanguageTag::getRegion (5 bytes)
Event: 109.912 Thread 0x00000228aa843be0 nmethod 3191 0x000002289b61c990 code [0x000002289b61cb20, 0x000002289b61cbf8]
Event: 109.912 Thread 0x00000228aa843be0 3192       1       sun.util.locale.LanguageTag::getPrivateuse (5 bytes)
Event: 109.912 Thread 0x00000228aa843be0 nmethod 3192 0x000002289b61cc90 code [0x000002289b61ce20, 0x000002289b61cef8]
Event: 111.083 Thread 0x00000228aa8431e0 3193   !   4       sun.awt.AWTAutoShutdown::getPeer (43 bytes)
Event: 111.089 Thread 0x00000228aa8431e0 nmethod 3193 0x000002289b61cf90 code [0x000002289b61d140, 0x000002289b61d808]
Event: 111.108 Thread 0x00000228aa8431e0 3194       4       sun.awt.windows.WObjectPeer::getPeerForTarget (10 bytes)
Event: 111.112 Thread 0x00000228aa8431e0 nmethod 3194 0x000002289b61db90 code [0x000002289b61dd40, 0x000002289b61e428]
Event: 112.935 Thread 0x00000228aa843be0 3195       3       java.awt.ModalEventFilter::acceptEvent (131 bytes)
Event: 112.936 Thread 0x00000228aa843be0 nmethod 3195 0x00000228945ada90 code [0x00000228945adcc0, 0x00000228945ae9e8]
Event: 112.948 Thread 0x00000228aa843be0 3196       3       java.awt.WaitDispatchSupport$1::evaluate (133 bytes)
Event: 112.950 Thread 0x00000228aa843be0 nmethod 3196 0x00000228945aeb90 code [0x00000228945aee00, 0x00000228945af8a8]
Event: 112.950 Thread 0x00000228aa843be0 3197       3       java.awt.Dialog$$Lambda$165/0x0000000800de4258::evaluate (4 bytes)
Event: 112.950 Thread 0x00000228aa843be0 nmethod 3197 0x00000228945afd10 code [0x00000228945afec0, 0x00000228945b0038]
Event: 113.315 Thread 0x00000228aa843be0 3198       3       java.awt.Window::getOwner_NoClientCode (8 bytes)
Event: 113.315 Thread 0x00000228aa843be0 nmethod 3198 0x00000228945b0110 code [0x00000228945b02c0, 0x00000228945b04d8]
Event: 113.528 Thread 0x00000228aa843be0 3200       3       java.lang.Enum::compareTo (44 bytes)
Event: 113.528 Thread 0x00000228aa843be0 nmethod 3200 0x00000228945b0590 code [0x00000228945b0780, 0x00000228945b0ca8]
Event: 113.529 Thread 0x00000228aa843be0 3199       3       java.awt.Window::isModalExcluded (43 bytes)
Event: 113.529 Thread 0x00000228aa843be0 nmethod 3199 0x00000228945b0e90 code [0x00000228945b1060, 0x00000228945b1538]

GC Heap History (6 events):
Event: 1.030 GC heap before
{Heap before GC invocations=0 (full 0):
 garbage-first heap   total 126976K, used 27648K [0x0000000084000000, 0x0000000100000000)
  region size 1024K, 23 young (23552K), 0 survivors (0K)
 Metaspace       used 13822K, committed 14016K, reserved 1064960K
  class space    used 1618K, committed 1728K, reserved 1048576K
}
Event: 1.035 GC heap after
{Heap after GC invocations=1 (full 0):
 garbage-first heap   total 126976K, used 9119K [0x0000000084000000, 0x0000000100000000)
  region size 1024K, 3 young (3072K), 3 survivors (3072K)
 Metaspace       used 13822K, committed 14016K, reserved 1064960K
  class space    used 1618K, committed 1728K, reserved 1048576K
}
Event: 3.205 GC heap before
{Heap before GC invocations=1 (full 0):
 garbage-first heap   total 126976K, used 43935K [0x0000000084000000, 0x0000000100000000)
  region size 1024K, 30 young (30720K), 3 survivors (3072K)
 Metaspace       used 15039K, committed 15232K, reserved 1064960K
  class space    used 1730K, committed 1856K, reserved 1048576K
}
Event: 3.210 GC heap after
{Heap after GC invocations=2 (full 0):
 garbage-first heap   total 126976K, used 17463K [0x0000000084000000, 0x0000000100000000)
  region size 1024K, 2 young (2048K), 2 survivors (2048K)
 Metaspace       used 15039K, committed 15232K, reserved 1064960K
  class space    used 1730K, committed 1856K, reserved 1048576K
}
Event: 51.366 GC heap before
{Heap before GC invocations=2 (full 0):
 garbage-first heap   total 126976K, used 31799K [0x0000000084000000, 0x0000000100000000)
  region size 1024K, 17 young (17408K), 2 survivors (2048K)
 Metaspace       used 16241K, committed 16448K, reserved 1064960K
  class space    used 1799K, committed 1920K, reserved 1048576K
}
Event: 51.378 GC heap after
{Heap after GC invocations=3 (full 1):
 garbage-first heap   total 68608K, used 17234K [0x0000000084000000, 0x0000000100000000)
  region size 1024K, 0 young (0K), 0 survivors (0K)
 Metaspace       used 16241K, committed 16448K, reserved 1064960K
  class space    used 1799K, committed 1920K, reserved 1048576K
}

Deoptimization events (20 events):
Event: 44.151 Thread 0x00000228ab7c95a0 DEOPT PACKING pc=0x000002289b58e0d8 sp=0x000000ddc6efe730
Event: 44.151 Thread 0x00000228ab7c95a0 DEOPT UNPACKING pc=0x0000022893a0f92e sp=0x000000ddc6efe638 mode 2
Event: 44.166 Thread 0x00000228ab7c95a0 Uncommon trap: trap_request=0xffffffde fr.pc=0x000002289b58e0d8 relative=0x0000000000000df8
Event: 44.166 Thread 0x00000228ab7c95a0 Uncommon trap: reason=class_check action=maybe_recompile pc=0x000002289b58e0d8 method=java.awt.Container.getMouseEventTargetImpl(IIZLjava/awt/Container$EventTargetFilter;ZZ)Ljava/awt/Component; @ 64 c2
Event: 44.166 Thread 0x00000228ab7c95a0 DEOPT PACKING pc=0x000002289b58e0d8 sp=0x000000ddc6efe730
Event: 44.166 Thread 0x00000228ab7c95a0 DEOPT UNPACKING pc=0x0000022893a0f92e sp=0x000000ddc6efe638 mode 2
Event: 44.166 Thread 0x00000228ab7c95a0 Uncommon trap: trap_request=0xffffffde fr.pc=0x000002289b58e0d8 relative=0x0000000000000df8
Event: 44.166 Thread 0x00000228ab7c95a0 Uncommon trap: reason=class_check action=maybe_recompile pc=0x000002289b58e0d8 method=java.awt.Container.getMouseEventTargetImpl(IIZLjava/awt/Container$EventTargetFilter;ZZ)Ljava/awt/Component; @ 64 c2
Event: 44.166 Thread 0x00000228ab7c95a0 DEOPT PACKING pc=0x000002289b58e0d8 sp=0x000000ddc6efe730
Event: 44.166 Thread 0x00000228ab7c95a0 DEOPT UNPACKING pc=0x0000022893a0f92e sp=0x000000ddc6efe638 mode 2
Event: 62.861 Thread 0x00000228ab7c95a0 Uncommon trap: trap_request=0xffffff45 fr.pc=0x000002289b5b2a78 relative=0x0000000000002258
Event: 62.861 Thread 0x00000228ab7c95a0 Uncommon trap: reason=unstable_if action=reinterpret pc=0x000002289b5b2a78 method=sun.java2d.marlin.MarlinTileGenerator.getAlphaRLE([BII)V @ 1052 c2
Event: 62.861 Thread 0x00000228ab7c95a0 DEOPT PACKING pc=0x000002289b5b2a78 sp=0x000000ddc6efc050
Event: 62.861 Thread 0x00000228ab7c95a0 DEOPT UNPACKING pc=0x0000022893a0f92e sp=0x000000ddc6efbef0 mode 2
Event: 62.861 Thread 0x00000228ab7c95a0 Uncommon trap: trap_request=0xffffff45 fr.pc=0x000002289b527c80 relative=0x0000000000001060
Event: 62.861 Thread 0x00000228ab7c95a0 Uncommon trap: reason=unstable_if action=reinterpret pc=0x000002289b527c80 method=sun.java2d.marlin.MarlinTileGenerator.getAlphaRLE([BII)V @ 1052 c2
Event: 62.861 Thread 0x00000228ab7c95a0 DEOPT PACKING pc=0x000002289b527c80 sp=0x000000ddc6efc000
Event: 62.861 Thread 0x00000228ab7c95a0 DEOPT UNPACKING pc=0x0000022893a0f92e sp=0x000000ddc6efbef0 mode 2
Event: 67.133 Thread 0x00000228ab7c95a0 DEOPT PACKING pc=0x0000022894542308 sp=0x000000ddc6efc260
Event: 67.133 Thread 0x00000228ab7c95a0 DEOPT UNPACKING pc=0x0000022893a0e77e sp=0x000000ddc6efb660 mode 0

Classes unloaded (0 events):
No events

Classes redefined (0 events):
No events

Internal exceptions (20 events):
Event: 0.925 Thread 0x00000228ab7c95a0 Exception <a 'java/lang/ClassCastException'{0x000000008b0b8f18}: class javax.swing.JButton cannot be cast to class javax.swing.JTextField (javax.swing.JButton and javax.swing.JTextField are in module java.desktop of loader 'bootstrap')> (0x000000008b0b8f18) 
thrown [t:\workspace\open\src\hotspot\share\interpreter\interpreterRuntime.cpp, line 441]
Event: 0.925 Thread 0x00000228ab7c95a0 Exception <a 'java/lang/ClassCastException'{0x000000008b0b92c0}: class javax.swing.JButton cannot be cast to class javax.swing.JTextField (javax.swing.JButton and javax.swing.JTextField are in module java.desktop of loader 'bootstrap')> (0x000000008b0b92c0) 
thrown [t:\workspace\open\src\hotspot\share\interpreter\interpreterRuntime.cpp, line 441]
Event: 0.925 Thread 0x00000228ab7c95a0 Exception <a 'java/lang/ClassCastException'{0x000000008b0b9668}: class javax.swing.JButton cannot be cast to class javax.swing.JTextField (javax.swing.JButton and javax.swing.JTextField are in module java.desktop of loader 'bootstrap')> (0x000000008b0b9668) 
thrown [t:\workspace\open\src\hotspot\share\interpreter\interpreterRuntime.cpp, line 441]
Event: 0.925 Thread 0x00000228ab7c95a0 Exception <a 'java/lang/ClassCastException'{0x000000008b0b9a10}: class javax.swing.JButton cannot be cast to class javax.swing.JTextField (javax.swing.JButton and javax.swing.JTextField are in module java.desktop of loader 'bootstrap')> (0x000000008b0b9a10) 
thrown [t:\workspace\open\src\hotspot\share\interpreter\interpreterRuntime.cpp, line 441]
Event: 0.925 Thread 0x00000228ab7c95a0 Exception <a 'java/lang/ClassCastException'{0x000000008b0b9db8}: class javax.swing.JButton cannot be cast to class javax.swing.JTextField (javax.swing.JButton and javax.swing.JTextField are in module java.desktop of loader 'bootstrap')> (0x000000008b0b9db8) 
thrown [t:\workspace\open\src\hotspot\share\interpreter\interpreterRuntime.cpp, line 441]
Event: 0.925 Thread 0x00000228ab7c95a0 Exception <a 'java/lang/ClassCastException'{0x000000008b0ba160}: class javax.swing.JButton cannot be cast to class javax.swing.JTextField (javax.swing.JButton and javax.swing.JTextField are in module java.desktop of loader 'bootstrap')> (0x000000008b0ba160) 
thrown [t:\workspace\open\src\hotspot\share\interpreter\interpreterRuntime.cpp, line 441]
Event: 0.930 Thread 0x00000228ac5ffd90 Exception <a 'java/io/FileNotFoundException'{0x000000008b0eda50}> (0x000000008b0eda50) 
thrown [t:\workspace\open\src\hotspot\share\prims\jni.cpp, line 579]
Event: 1.264 Thread 0x00000228ab7c95a0 Implicit null exception at 0x000002289b519ac9 to 0x000002289b519fb1
Event: 1.264 Thread 0x00000228ab7c95a0 Implicit null exception at 0x000002289b512b2a to 0x000002289b5131f4
Event: 1.264 Thread 0x00000228ab7c95a0 Implicit null exception at 0x000002289b519ac9 to 0x000002289b519fb1
Event: 1.264 Thread 0x00000228ab7c95a0 Implicit null exception at 0x000002289b512b2a to 0x000002289b5131f4
Event: 1.264 Thread 0x00000228ab7c95a0 Implicit null exception at 0x000002289b519ac9 to 0x000002289b519fb1
Event: 3.866 Thread 0x00000228ab7c95a0 Exception <a 'java/lang/NullPointerException'{0x000000008bb36968}> (0x000000008bb36968) 
thrown [t:\workspace\open\src\hotspot\share\interpreter\linkResolver.cpp, line 1385]
Event: 18.049 Thread 0x00000228ab7c95a0 Exception <a 'java/lang/NullPointerException'{0x000000008b8af7f0}> (0x000000008b8af7f0) 
thrown [t:\workspace\open\src\hotspot\share\interpreter\linkResolver.cpp, line 1385]
Event: 18.109 Thread 0x00000228ab7c95a0 Exception <a 'java/lang/NoSuchMethodError'{0x000000008b8d75b0}: 'int java.lang.invoke.DirectMethodHandle$Holder.invokeStatic(java.lang.Object)'> (0x000000008b8d75b0) 
thrown [t:\workspace\open\src\hotspot\share\interpreter\linkResolver.cpp, line 790]
Event: 29.806 Thread 0x00000228ab7c95a0 Exception <a 'java/lang/NullPointerException'{0x000000008b529018}> (0x000000008b529018) 
thrown [t:\workspace\open\src\hotspot\share\interpreter\linkResolver.cpp, line 1385]
Event: 29.830 Thread 0x00000228ae806020 Implicit null exception at 0x000002289b4ce6d5 to 0x000002289b4cec8c
Event: 39.053 Thread 0x00000228ab7c95a0 Exception <a 'java/lang/IllegalStateException'{0x000000008b3a6128}: deviceHandlePointer is not initialized> (0x000000008b3a6128) 
thrown [t:\workspace\open\src\hotspot\share\prims\jni.cpp, line 600]
Event: 46.437 Thread 0x00000228ab7c95a0 Exception <a 'java/lang/IllegalStateException'{0x000000008b09a3e0}: deviceHandlePointer is not initialized> (0x000000008b09a3e0) 
thrown [t:\workspace\open\src\hotspot\share\prims\jni.cpp, line 600]
Event: 48.228 Thread 0x00000228ab7c95a0 Exception <a 'java/lang/IllegalStateException'{0x000000008ae140e8}: deviceHandlePointer is not initialized> (0x000000008ae140e8) 
thrown [t:\workspace\open\src\hotspot\share\prims\jni.cpp, line 600]

Events (20 events):
Event: 93.830 Executing  VM operation: Cleanup done
Event: 94.103 Thread 0x00000228ac127770 Thread added: 0x00000228ac127770
Event: 94.842 Executing  VM operation: Cleanup
Event: 94.842 Executing  VM operation: Cleanup done
Event: 101.913 Executing  VM operation: Cleanup
Event: 101.913 Executing  VM operation: Cleanup done
Event: 102.926 Executing  VM operation: Cleanup
Event: 102.926 Executing  VM operation: Cleanup done
Event: 103.937 Executing  VM operation: Cleanup
Event: 103.937 Executing  VM operation: Cleanup done
Event: 104.940 Executing  VM operation: Cleanup
Event: 104.940 Executing  VM operation: Cleanup done
Event: 105.951 Executing  VM operation: Cleanup
Event: 105.952 Executing  VM operation: Cleanup done
Event: 106.966 Executing  VM operation: Cleanup
Event: 106.966 Executing  VM operation: Cleanup done
Event: 109.995 Executing  VM operation: Cleanup
Event: 109.995 Executing  VM operation: Cleanup done
Event: 113.031 Executing  VM operation: Cleanup
Event: 113.031 Executing  VM operation: Cleanup done


Dynamic libraries:
0x00007ff6f2450000 - 0x00007ff6f2460000 	C:\Program Files\Java\jdk-16\bin\java.exe
0x00007ffd344b0000 - 0x00007ffd346a5000 	C:\Windows\SYSTEM32\ntdll.dll
0x00007ffd32630000 - 0x00007ffd326ed000 	C:\Windows\System32\KERNEL32.DLL
0x00007ffd31f80000 - 0x00007ffd32248000 	C:\Windows\System32\KERNELBASE.dll
0x00007ffd32310000 - 0x00007ffd32410000 	C:\Windows\System32\ucrtbase.dll
0x00007ffd2d2b0000 - 0x00007ffd2d2c9000 	C:\Program Files\Java\jdk-16\bin\VCRUNTIME140.dll
0x00007ffd2c290000 - 0x00007ffd2c2a8000 	C:\Program Files\Java\jdk-16\bin\jli.dll
0x00007ffd32f40000 - 0x00007ffd32fec000 	C:\Windows\System32\ADVAPI32.dll
0x00007ffd32d00000 - 0x00007ffd32d9e000 	C:\Windows\System32\msvcrt.dll
0x00007ffd32950000 - 0x00007ffd329eb000 	C:\Windows\System32\sechost.dll
0x00007ffd32ac0000 - 0x00007ffd32beb000 	C:\Windows\System32\RPCRT4.dll
0x00007ffd32da0000 - 0x00007ffd32f40000 	C:\Windows\System32\USER32.dll
0x00007ffd31eb0000 - 0x00007ffd31ed2000 	C:\Windows\System32\win32u.dll
0x00007ffd33b60000 - 0x00007ffd33b8a000 	C:\Windows\System32\GDI32.dll
0x00007ffd32410000 - 0x00007ffd3251b000 	C:\Windows\System32\gdi32full.dll
0x00007ffd1a9e0000 - 0x00007ffd1ac7a000 	C:\Windows\WinSxS\amd64_microsoft.windows.common-controls_6595b64144ccf1df_6.0.19041.1052_none_60b8f8fd71f5e8cb\COMCTL32.dll
0x00007ffd31ee0000 - 0x00007ffd31f7d000 	C:\Windows\System32\msvcp_win.dll
0x00007ffd2aa40000 - 0x00007ffd2aa4a000 	C:\Windows\SYSTEM32\VERSION.dll
0x00007ffd32bf0000 - 0x00007ffd32c20000 	C:\Windows\System32\IMM32.DLL
0x00007ffd2d560000 - 0x00007ffd2d56c000 	C:\Program Files\Java\jdk-16\bin\vcruntime140_1.dll
0x00007ffd01da0000 - 0x00007ffd01e31000 	C:\Program Files\Java\jdk-16\bin\msvcp140.dll
0x00007ffcf04c0000 - 0x00007ffcf106b000 	C:\Program Files\Java\jdk-16\bin\server\jvm.dll
0x00007ffd33360000 - 0x00007ffd33368000 	C:\Windows\System32\PSAPI.DLL
0x00007ffd1fc00000 - 0x00007ffd1fc09000 	C:\Windows\SYSTEM32\WSOCK32.dll
0x00007ffd21f00000 - 0x00007ffd21f27000 	C:\Windows\SYSTEM32\WINMM.dll
0x00007ffd33370000 - 0x00007ffd333db000 	C:\Windows\System32\WS2_32.dll
0x00007ffd30480000 - 0x00007ffd30492000 	C:\Windows\SYSTEM32\kernel.appcore.dll
0x00007ffd2d350000 - 0x00007ffd2d35a000 	C:\Program Files\Java\jdk-16\bin\jimage.dll
0x00007ffd2fa00000 - 0x00007ffd2fbe4000 	C:\Windows\SYSTEM32\DBGHELP.DLL
0x00007ffd1a4f0000 - 0x00007ffd1a51c000 	C:\Windows\SYSTEM32\dbgcore.DLL
0x00007ffd32280000 - 0x00007ffd32303000 	C:\Windows\System32\bcryptPrimitives.dll
0x00007ffd2bd30000 - 0x00007ffd2bd55000 	C:\Program Files\Java\jdk-16\bin\java.dll
0x00007ffd33ca0000 - 0x00007ffd343df000 	C:\Windows\System32\SHELL32.dll
0x00007ffd2fce0000 - 0x00007ffd30470000 	C:\Windows\SYSTEM32\windows.storage.dll
0x00007ffd33000000 - 0x00007ffd33355000 	C:\Windows\System32\combase.dll
0x00007ffd31590000 - 0x00007ffd315bc000 	C:\Windows\SYSTEM32\Wldp.dll
0x00007ffd33bf0000 - 0x00007ffd33c9e000 	C:\Windows\System32\SHCORE.dll
0x00007ffd33950000 - 0x00007ffd339a5000 	C:\Windows\System32\shlwapi.dll
0x00007ffd31b30000 - 0x00007ffd31b4f000 	C:\Windows\SYSTEM32\profapi.dll
0x00007ffd2d270000 - 0x00007ffd2d289000 	C:\Program Files\Java\jdk-16\bin\net.dll
0x00007ffd234c0000 - 0x00007ffd235cb000 	C:\Windows\SYSTEM32\WINHTTP.dll
0x00007ffd312b0000 - 0x00007ffd3131a000 	C:\Windows\system32\mswsock.dll
0x00007ffd22310000 - 0x00007ffd22323000 	C:\Program Files\Java\jdk-16\bin\nio.dll
0x00007ffd22110000 - 0x00007ffd22128000 	C:\Program Files\Java\jdk-16\bin\zip.dll
0x00007ffcf0340000 - 0x00007ffcf04c0000 	C:\Program Files\Java\jdk-16\bin\awt.dll
0x00007ffd329f0000 - 0x00007ffd32abd000 	C:\Windows\System32\OLEAUT32.dll
0x00007ffd2f0c0000 - 0x00007ffd2f150000 	C:\Windows\SYSTEM32\apphelp.dll
0x00007ffd2f2a0000 - 0x00007ffd2f33e000 	C:\Windows\system32\uxtheme.dll
0x00007ffd32820000 - 0x00007ffd32935000 	C:\Windows\System32\MSCTF.dll
0x00007ffd326f0000 - 0x00007ffd3281a000 	C:\Windows\System32\ole32.dll
0x00007ffd2f470000 - 0x00007ffd2f49f000 	C:\Windows\system32\DWMAPI.DLL
0x00007ffcf77e0000 - 0x00007ffcf7869000 	C:\Program Files\Java\jdk-16\bin\freetype.dll
0x00007ffcf0240000 - 0x00007ffcf0336000 	C:\Program Files\Java\jdk-16\bin\harfbuzz.dll
0x00007ffd21ea0000 - 0x00007ffd21eb2000 	C:\Program Files\Java\jdk-16\bin\fontmanager.dll
0x00007ffd10980000 - 0x00007ffd10aa6000 	C:\Windows\system32\opengl32.dll
0x00007ffd10f60000 - 0x00007ffd10f8c000 	C:\Windows\SYSTEM32\GLU32.dll
0x00007ffd20bd0000 - 0x00007ffd20bf5000 	C:\Users\bijum\AppData\Local\Temp\jSerialComm\1625299787163-jSerialComm.dll
0x00007ffd333e0000 - 0x00007ffd33849000 	C:\Windows\System32\SETUPAPI.dll
0x00007ffd31e60000 - 0x00007ffd31eae000 	C:\Windows\System32\cfgmgr32.dll
0x00007ffd32250000 - 0x00007ffd32277000 	C:\Windows\System32\bcrypt.dll
0x00007ffd318d0000 - 0x00007ffd318fc000 	C:\Windows\SYSTEM32\DEVOBJ.dll
0x00007ffd31e00000 - 0x00007ffd31e60000 	C:\Windows\System32\WINTRUST.dll
0x00007ffd31ca0000 - 0x00007ffd31dff000 	C:\Windows\System32\CRYPT32.dll
0x00007ffd31710000 - 0x00007ffd31722000 	C:\Windows\SYSTEM32\MSASN1.dll
0x00007ffd314c0000 - 0x00007ffd314d8000 	C:\Windows\SYSTEM32\CRYPTSP.dll
0x00007ffd30c60000 - 0x00007ffd30c94000 	C:\Windows\system32\rsaenh.dll
0x00007ffd31af0000 - 0x00007ffd31b1e000 	C:\Windows\SYSTEM32\USERENV.dll
0x00007ffd314b0000 - 0x00007ffd314bc000 	C:\Windows\SYSTEM32\CRYPTBASE.dll
0x00007ffd30fc0000 - 0x00007ffd30ffb000 	C:\Windows\SYSTEM32\IPHLPAPI.DLL
0x00007ffd32ff0000 - 0x00007ffd32ff8000 	C:\Windows\System32\NSI.dll
0x00007ffd29930000 - 0x00007ffd29947000 	C:\Windows\SYSTEM32\dhcpcsvc6.DLL
0x00007ffd295a0000 - 0x00007ffd295bd000 	C:\Windows\SYSTEM32\dhcpcsvc.DLL
0x00007ffd31000000 - 0x00007ffd310cc000 	C:\Windows\SYSTEM32\DNSAPI.dll
0x00007ffd20b00000 - 0x00007ffd20b63000 	C:\Users\bijum\AppData\Local\Temp\usb4java14325199720211533125.tmp\libusb4java.dll
0x00007ffd08490000 - 0x00007ffd0849c000 	C:\Windows\SYSTEM32\WinUSB.DLL
0x00007ffd30470000 - 0x00007ffd3047d000 	C:\Windows\SYSTEM32\hid.DLL
0x00007ffd32580000 - 0x00007ffd32629000 	C:\Windows\System32\clbcatq.dll
0x00007ffd2add0000 - 0x00007ffd2af84000 	C:\Windows\SYSTEM32\WindowsCodecs.dll
0x00007ffd08830000 - 0x00007ffd0886e000 	C:\Windows\system32\dataexchange.dll
0x00007ffd2e4e0000 - 0x00007ffd2e6c6000 	C:\Windows\system32\dcomp.dll
0x00007ffd2dcb0000 - 0x00007ffd2df14000 	C:\Windows\system32\d3d11.dll
0x00007ffd304f0000 - 0x00007ffd305e4000 	C:\Windows\system32\dxgi.dll
0x00007ffd2b1d0000 - 0x00007ffd2b3d1000 	C:\Windows\system32\twinapi.appcore.dll
0x00007ffd14560000 - 0x00007ffd145fa000 	C:\Windows\system32\RICHED20.DLL
0x00007ffd20bb0000 - 0x00007ffd20bc9000 	C:\Windows\SYSTEM32\USP10.dll
0x00007ffd08e60000 - 0x00007ffd08e99000 	C:\Windows\SYSTEM32\msls31.dll
0x00007ffd0f090000 - 0x00007ffd0f189000 	C:\Windows\SYSTEM32\textinputframework.dll
0x00007ffd2edb0000 - 0x00007ffd2eea2000 	C:\Windows\System32\CoreMessaging.dll
0x00007ffd2ea50000 - 0x00007ffd2edae000 	C:\Windows\System32\CoreUIComponents.dll
0x00007ffd308f0000 - 0x00007ffd30923000 	C:\Windows\SYSTEM32\ntmarta.dll
0x00007ffd2d6f0000 - 0x00007ffd2d844000 	C:\Windows\SYSTEM32\wintypes.dll
0x00007ffd0d570000 - 0x00007ffd0d61c000 	C:\Windows\SYSTEM32\TextShaping.dll

dbghelp: loaded successfully - version: 4.0.5 - missing functions: none
symbol engine: initialized successfully - sym options: 0x614 - pdb path: .;C:\Program Files\Java\jdk-16\bin;C:\Windows\SYSTEM32;C:\Windows\WinSxS\amd64_microsoft.windows.common-controls_6595b64144ccf1df_6.0.19041.1052_none_60b8f8fd71f5e8cb;C:\Program Files\Java\jdk-16\bin\server;C:\Users\bijum\AppData\Local\Temp\jSerialComm;C:\Users\bijum\AppData\Local\Temp\usb4java14325199720211533125.tmp

VM Arguments:
jvm_args: -Dfile.encoding=UTF-8 
java_command: hackbugant.HackBugAnt
java_class_path (initial): C:\Program Files\NetBeans-12.3\netbeans\java\modules\ext\AbsoluteLayout.jar;D:\Works\HackBug\HackBugAnt\lib\usb-api-1.0.2.jar;D:\Works\HackBug\HackBugAnt\lib\usb4java-1.3.0.jar;D:\Works\HackBug\HackBugAnt\lib\jSerialComm-2.6.2.jar;D:\Works\HackBug\HackBugAnt\lib\json-simple-1.1.1.jar;D:\Works\HackBug\HackBugAnt\lib\commons-lang3-3.8.1.jar;D:\Works\HackBug\HackBugAnt\lib\LibusbJava.jar;D:\Works\HackBug\HackBugAnt\lib\libusb4java-1.3.0-win32-x86-64.jar;D:\Works\HackBug\HackBugAnt\build\classes
Launcher Type: SUN_STANDARD

[Global flags]
     intx CICompilerCount                          = 4                                         {product} {ergonomic}
     uint ConcGCThreads                            = 2                                         {product} {ergonomic}
     uint G1ConcRefinementThreads                  = 8                                         {product} {ergonomic}
   size_t G1HeapRegionSize                         = 1048576                                   {product} {ergonomic}
    uintx GCDrainStackTargetSize                   = 64                                        {product} {ergonomic}
   size_t InitialHeapSize                          = 130023424                                 {product} {ergonomic}
   size_t MarkStackSize                            = 4194304                                   {product} {ergonomic}
   size_t MaxHeapSize                              = 2080374784                                {product} {ergonomic}
   size_t MaxNewSize                               = 1247805440                                {product} {ergonomic}
   size_t MinHeapDeltaBytes                        = 1048576                                   {product} {ergonomic}
   size_t MinHeapSize                              = 8388608                                   {product} {ergonomic}
    uintx NonNMethodCodeHeapSize                   = 5839372                                {pd product} {ergonomic}
    uintx NonProfiledCodeHeapSize                  = 122909434                              {pd product} {ergonomic}
    uintx ProfiledCodeHeapSize                     = 122909434                              {pd product} {ergonomic}
    uintx ReservedCodeCacheSize                    = 251658240                              {pd product} {ergonomic}
     bool SegmentedCodeCache                       = true                                      {product} {ergonomic}
   size_t SoftMaxHeapSize                          = 2080374784                             {manageable} {ergonomic}
     bool UseCompressedClassPointers               = true                           {product lp64_product} {ergonomic}
     bool UseCompressedOops                        = true                           {product lp64_product} {ergonomic}
     bool UseG1GC                                  = true                                      {product} {ergonomic}
     bool UseLargePagesIndividualAllocation        = false                                  {pd product} {ergonomic}

Logging:
Log output configuration:
 #0: stdout all=warning uptime,level,tags
 #1: stderr all=off uptime,level,tags

Environment Variables:
CLASSPATH=C:\Program Files\Java\jdk-16;C:\Program Files\Java\jdk-16\conf
PATH=D:\programs\python\Scripts\;D:\programs\python\;C:\Program Files\Common Files\Oracle\Java\javapath;C:\Program Files (x86)\Common Files\Oracle\Java\javapath;C:\Windows\system32;C:\Windows;C:\Windows\System32\Wbem;C:\Windows\System32\WindowsPowerShell\v1.0\;C:\Windows\System32\OpenSSH\;D:\Git\cmd;C:\Program Files\Docker\Docker\resources\bin;C:\ProgramData\DockerDesktop\version-bin;C:\Python27;C:\Program Files\dotnet\;C:\Users\bijum\AppData\Local\Microsoft\WindowsApps;C:\Users\bijum\AppData\Local\GitHubDesktop\bin;D:\Microsoft VS Code\bin;D:\programs\Pycharm\PyCharm Community Edition 2021.1.2\bin;;C:\Users\bijum\.dotnet\tools
USERNAME=bijum
OS=Windows_NT
PROCESSOR_IDENTIFIER=Intel64 Family 6 Model 126 Stepping 5, GenuineIntel



---------------  S Y S T E M  ---------------

OS:
 Windows 10 , 64 bit Build 19041 (10.0.19041.1023)
OS uptime: 7 days 2:46 hours
Hyper-V role detected

CPU: total 8 (initial active 8) (4 cores per cpu, 2 threads per core) family 6 model 126 stepping 5 microcode 0xa0, cx8, cmov, fxsr, ht, mmx, 3dnowpref, sse, sse2, sse3, ssse3, sse4.1, sse4.2, popcnt, lzcnt, tsc, tscinvbit, avx, avx2, aes, erms, clmul, bmi1, bmi2, adx, avx512f, avx512dq, avx512cd, avx512bw, avx512vl, sha, fma, vzeroupper, avx512_vpopcntdq, avx512_vpclmulqdq, avx512_vaes, avx512_vnni, clflush, clflushopt, avx512_vmbi2, avx512_vmbi, hv

Memory: 4k page, system-wide physical 7934M (779M free)
TotalPageFile size 22813M (AvailPageFile size 5365M)
current process WorkingSet (physical memory assigned to process): 104M, peak: 138M
current process commit charge ("private bytes"): 178M, peak: 256M

vm_info: Java HotSpot(TM) 64-Bit Server VM (16+36-2231) for windows-amd64 JRE (16+36-2231), built on Feb  8 2021 11:43:10 by "mach5one" with MS VC++ 16.7 (VS2019)

END.
