#
# A fatal error has been detected by the Java Runtime Environment:
#
#  EXCEPTION_ACCESS_VIOLATION (0xc0000005) at pc=0x00007ffd14f93a22, pid=6356, tid=10760
#
# JRE version: Java(TM) SE Runtime Environment (16.0+36) (build 16+36-2231)
# Java VM: Java HotSpot(TM) 64-Bit Server VM (16+36-2231, mixed mode, sharing, tiered, compressed oops, g1 gc, windows-amd64)
# Problematic frame:
# C  [libusb4java.dll+0x13a22]
#
# No core dump will be written. Minidumps are not enabled by default on client versions of Windows
#
# If you would like to submit a bug report, please visit:
#   https://bugreport.java.com/bugreport/crash.jsp
# The crash happened outside the Java Virtual Machine in native code.
# See problematic frame for where to report the bug.
#

---------------  S U M M A R Y ------------

Command Line: -Dfile.encoding=UTF-8 -agentlib:jdwp=transport=dt_shmem,address=javadebug hackbugant.HackBugAnt

Host: Intel(R) Core(TM) i5-1035G1 CPU @ 1.00GHz, 8 cores, 7G,  Windows 10 , 64 bit Build 19041 (10.0.19041.1023)
Time: Sat Jul  3 12:36:28 2021 India Standard Time elapsed time: 79.400409 seconds (0d 0h 1m 19s)

---------------  T H R E A D  ---------------

Current thread (0x0000029aee1ae3e0):  JavaThread "Thread-0" [_thread_in_native, id=10760, stack(0x000000ae3ef00000,0x000000ae3f000000)]

Stack: [0x000000ae3ef00000,0x000000ae3f000000],  sp=0x000000ae3efff150,  free space=1020k
Native frames: (J=compiled Java code, j=interpreted, Vv=VM code, C=native code)
C  [libusb4java.dll+0x13a22]

Java frames: (J=compiled Java code, j=interpreted, Vv=VM code)
j  org.usb4java.LibUsb.bulkTransfer(Lorg/usb4java/DeviceHandle;BLjava/nio/ByteBuffer;Ljava/nio/IntBuffer;J)I+0
j  com.bmjo.hackbug.usb.USBHelper.readUsb()[B+63
j  com.bmjo.hackbug.usb.UsbControler$ReadUsbData.run()V+17
j  java.lang.Thread.run()V+11 java.base@16
v  ~StubRoutines::call_stub

siginfo: EXCEPTION_ACCESS_VIOLATION (0xc0000005), reading address 0x0000000000000040


Register to memory mapping:

RIP=0x00007ffd14f93a22 libusb4java.dll
RAX=0x0 is NULL
RBX=0x0000029aee1ae6f0 points into unknown readable memory: 0x00007ffcf0f333d0 | d0 33 f3 f0 fc 7f 00 00
RCX=0x0000029aef4b5800 points into unknown readable memory: 0x0000000000000000 | 00 00 00 00 00 00 00 00
RDX=0x0000000000000004 is an unknown value
RSP=0x000000ae3efff150 is pointing into the stack for thread: 0x0000029aee1ae3e0
RBP=0x000000ae3efff3f0 is pointing into the stack for thread: 0x0000029aee1ae3e0
RSI=0x0000029aefddf010 points into unknown readable memory: 0x0000029aee3db0e0 | e0 b0 3d ee 9a 02 00 00
RDI=0x000000ae3efff428 is pointing into the stack for thread: 0x0000029aee1ae3e0
R8 =0x00007ffd14fd32a0 libusb4java.dll
R9 =0x00007ffd14fd3290 libusb4java.dll
R10=0x0 is NULL
R11=0x0000000000000246 is an unknown value
R12=0x0 is NULL
R13={method} {0x0000029aee90ddf8} 'bulkTransfer' '(Lorg/usb4java/DeviceHandle;BLjava/nio/ByteBuffer;Ljava/nio/IntBuffer;J)I' in 'org/usb4java/LibUsb'
R14=0x0000029aed0d5ea0 points into unknown readable memory: 0x0000000000000000 | 00 00 00 00 00 00 00 00
R15=0x0000000000000083 is an unknown value


Registers:
RAX=0x0000000000000000, RBX=0x0000029aee1ae6f0, RCX=0x0000029aef4b5800, RDX=0x0000000000000004
RSP=0x000000ae3efff150, RBP=0x000000ae3efff3f0, RSI=0x0000029aefddf010, RDI=0x000000ae3efff428
R8 =0x00007ffd14fd32a0, R9 =0x00007ffd14fd3290, R10=0x0000000000000000, R11=0x0000000000000246
R12=0x0000000000000000, R13=0x0000029aee90ddf0, R14=0x0000029aed0d5ea0, R15=0x0000000000000083
RIP=0x00007ffd14f93a22, EFLAGS=0x0000000000010206

Top of Stack: (sp=0x000000ae3efff150)
0x000000ae3efff150:   00007ffd14fd32a0 00007ffd14f8dab4
0x000000ae3efff160:   000000ae3efff1b0 000000ae3efff188
0x000000ae3efff170:   0000000000000000 00007ffd14fd3840
0x000000ae3efff180:   00007ffdfffffffb 00007ffd14f8cb14
0x000000ae3efff190:   0000029aef4b5800 00007ffd00000004
0x000000ae3efff1a0:   00007ffd14fd32a0 00007ffd14fd3290
0x000000ae3efff1b0:   0000029aef4b5868 0000029aef4b5828
0x000000ae3efff1c0:   0000000000000000 0000029aef4b5800
0x000000ae3efff1d0:   0000029aee1ae6f0 00007ffd14f8fd0e
0x000000ae3efff1e0:   0000029aef4b5868 000000ae00000001
0x000000ae3efff1f0:   00007ffd14fd3c58 00007ffd14fd3c10
0x000000ae3efff200:   00007ffd14fd1a60 00007ffd14f8fc12
0x000000ae3efff210:   0000029afffffffb 000000ae3efff288
0x000000ae3efff220:   0000029aee3c8e00 0000000000000118
0x000000ae3efff230:   00007ffcf0db9328 00007ffd14f8fe0f
0x000000ae3efff240:   0000029aef4b5868 0000029aefddf010 

Instructions: (pc=0x00007ffd14f93a22)
0x00007ffd14f93922:   8b 4c 24 40 ff 50 70 48 83 c4 38 c3 cc cc cc cc
0x00007ffd14f93932:   cc cc cc cc cc cc cc cc cc cc cc cc cc cc 48 89
0x00007ffd14f93942:   4c 24 08 48 83 ec 38 48 8b 44 24 40 48 8b 40 40
0x00007ffd14f93952:   48 8b 48 30 e8 f5 e5 ff ff 48 89 44 24 20 48 8b
0x00007ffd14f93962:   44 24 20 48 8b 00 48 8b 4c 24 40 ff 50 78 48 83
0x00007ffd14f93972:   c4 38 c3 cc cc cc cc cc cc cc cc cc cc cc 48 89
0x00007ffd14f93982:   4c 24 08 48 83 ec 38 48 8b 44 24 40 48 8b 48 30
0x00007ffd14f93992:   e8 b9 e5 ff ff 48 89 44 24 20 48 8b 44 24 20 48
0x00007ffd14f939a2:   8b 00 48 8b 4c 24 40 ff 90 80 00 00 00 48 83 c4
0x00007ffd14f939b2:   38 c3 cc cc cc cc cc cc cc cc cc cc cc cc 48 89
0x00007ffd14f939c2:   4c 24 08 48 83 ec 38 48 8b 44 24 40 48 8b 40 68
0x00007ffd14f939d2:   48 8b 40 40 48 8b 48 30 e8 71 e5 ff ff 48 89 44
0x00007ffd14f939e2:   24 20 48 8b 44 24 20 48 8b 00 48 8b 4c 24 40 ff
0x00007ffd14f939f2:   90 88 00 00 00 48 83 c4 38 c3 cc cc cc cc cc cc
0x00007ffd14f93a02:   cc cc cc cc cc cc cc cc cc cc cc cc cc cc 48 89
0x00007ffd14f93a12:   4c 24 08 48 83 ec 38 48 8b 44 24 40 48 8b 40 68
0x00007ffd14f93a22:   48 8b 40 40 48 8b 48 30 e8 21 e5 ff ff 48 89 44
0x00007ffd14f93a32:   24 20 48 8b 44 24 20 48 8b 00 48 8b 4c 24 40 ff
0x00007ffd14f93a42:   90 90 00 00 00 48 83 c4 38 c3 cc cc cc cc cc cc
0x00007ffd14f93a52:   cc cc cc cc cc cc cc cc cc cc cc cc cc cc 48 89
0x00007ffd14f93a62:   4c 24 08 48 83 ec 38 48 8b 44 24 40 48 8b 40 68
0x00007ffd14f93a72:   48 8b 40 40 48 8b 48 30 e8 d1 e4 ff ff 48 89 44
0x00007ffd14f93a82:   24 20 48 8b 44 24 20 48 8b 00 48 8b 4c 24 40 ff
0x00007ffd14f93a92:   90 98 00 00 00 48 83 c4 38 c3 cc cc cc cc cc cc
0x00007ffd14f93aa2:   cc cc cc cc cc cc cc cc cc cc cc cc cc cc 44 89
0x00007ffd14f93ab2:   4c 24 20 44 89 44 24 18 48 89 54 24 10 48 89 4c
0x00007ffd14f93ac2:   24 08 48 83 ec 68 48 8b 4c 24 70 e8 7e e4 ff ff
0x00007ffd14f93ad2:   48 89 44 24 50 c7 44 24 3c 00 00 00 00 48 8b 44
0x00007ffd14f93ae2:   24 70 48 83 c0 58 48 8b c8 e8 b0 dd ff ff c7 44
0x00007ffd14f93af2:   24 30 00 00 00 00 eb 0a 8b 44 24 30 ff c0 89 44
0x00007ffd14f93b02:   24 30 8b 84 24 80 00 00 00 39 44 24 30 0f 83 a8
0x00007ffd14f93b12:   01 00 00 83 bc 24 88 00 00 00 00 0f 8e 9a 01 00 


Stack slot to memory mapping:
stack at sp + 0 slots: 0x00007ffd14fd32a0 libusb4java.dll
stack at sp + 1 slots: 0x00007ffd14f8dab4 libusb4java.dll
stack at sp + 2 slots: 0x000000ae3efff1b0 is pointing into the stack for thread: 0x0000029aee1ae3e0
stack at sp + 3 slots: 0x000000ae3efff188 is pointing into the stack for thread: 0x0000029aee1ae3e0
stack at sp + 4 slots: 0x0 is NULL
stack at sp + 5 slots: 0x00007ffd14fd3840 libusb4java.dll
stack at sp + 6 slots: 0x00007ffdfffffffb is an unknown value
stack at sp + 7 slots: 0x00007ffd14f8cb14 libusb4java.dll


---------------  P R O C E S S  ---------------

Threads class SMR info:
_java_thread_list=0x0000029aef45ab30, length=22, elements={
0x0000029aec49a6b0, 0x0000029aec49b0b0, 0x0000029aec4ab9c0, 0x0000029aec4ae3d0,
0x0000029aec4aedd0, 0x0000029aec4aff70, 0x0000029aec4b10b0, 0x0000029aec4b6800,
0x0000029aec4ba230, 0x0000029aed0b6320, 0x0000029aed0a70e0, 0x0000029aed0a7620,
0x0000029aed0cbe10, 0x0000029aed0d3e30, 0x0000029aed34f370, 0x0000029aed34f890,
0x0000029aed34fdb0, 0x0000029aed3f6420, 0x0000029acc6d8a50, 0x0000029aeddb7ee0,
0x0000029aee2668b0, 0x0000029aee1ae3e0
}

Java Threads: ( => current thread )
  0x0000029aec49a6b0 JavaThread "Reference Handler" daemon [_thread_blocked, id=13860, stack(0x000000ae3d600000,0x000000ae3d700000)]
  0x0000029aec49b0b0 JavaThread "Finalizer" daemon [_thread_blocked, id=21852, stack(0x000000ae3d700000,0x000000ae3d800000)]
  0x0000029aec4ab9c0 JavaThread "Signal Dispatcher" daemon [_thread_blocked, id=27436, stack(0x000000ae3d800000,0x000000ae3d900000)]
  0x0000029aec4ae3d0 JavaThread "Attach Listener" daemon [_thread_blocked, id=20444, stack(0x000000ae3d900000,0x000000ae3da00000)]
  0x0000029aec4aedd0 JavaThread "Service Thread" daemon [_thread_blocked, id=31356, stack(0x000000ae3da00000,0x000000ae3db00000)]
  0x0000029aec4aff70 JavaThread "Monitor Deflation Thread" daemon [_thread_blocked, id=8344, stack(0x000000ae3db00000,0x000000ae3dc00000)]
  0x0000029aec4b10b0 JavaThread "C2 CompilerThread0" daemon [_thread_blocked, id=27248, stack(0x000000ae3dc00000,0x000000ae3dd00000)]
  0x0000029aec4b6800 JavaThread "C1 CompilerThread0" daemon [_thread_blocked, id=2308, stack(0x000000ae3dd00000,0x000000ae3de00000)]
  0x0000029aec4ba230 JavaThread "Sweeper thread" daemon [_thread_blocked, id=31232, stack(0x000000ae3de00000,0x000000ae3df00000)]
  0x0000029aed0b6320 JavaThread "JDWP Transport Listener: dt_shmem" daemon [_thread_blocked, id=7956, stack(0x000000ae3df00000,0x000000ae3e000000)]
  0x0000029aed0a70e0 JavaThread "JDWP Event Helper Thread" daemon [_thread_blocked, id=3312, stack(0x000000ae3e000000,0x000000ae3e100000)]
  0x0000029aed0a7620 JavaThread "JDWP Command Reader" daemon [_thread_in_native, id=21596, stack(0x000000ae3e100000,0x000000ae3e200000)]
  0x0000029aed0cbe10 JavaThread "Notification Thread" daemon [_thread_blocked, id=19232, stack(0x000000ae3e200000,0x000000ae3e300000)]
  0x0000029aed0d3e30 JavaThread "Common-Cleaner" daemon [_thread_blocked, id=20532, stack(0x000000ae3e400000,0x000000ae3e500000)]
  0x0000029aed34f370 JavaThread "Java2D Disposer" daemon [_thread_blocked, id=31704, stack(0x000000ae3e500000,0x000000ae3e600000)]
  0x0000029aed34f890 JavaThread "AWT-Shutdown" [_thread_blocked, id=14056, stack(0x000000ae3e600000,0x000000ae3e700000)]
  0x0000029aed34fdb0 JavaThread "AWT-Windows" daemon [_thread_in_native, id=5228, stack(0x000000ae3e700000,0x000000ae3e800000)]
  0x0000029aed3f6420 JavaThread "AWT-EventQueue-0" [_thread_blocked, id=19300, stack(0x000000ae3e800000,0x000000ae3e900000)]
  0x0000029acc6d8a50 JavaThread "DestroyJavaVM" [_thread_blocked, id=24600, stack(0x000000ae3cf00000,0x000000ae3d000000)]
  0x0000029aeddb7ee0 JavaThread "org.netbeans.modules.debugger.jpda.visual AWT Access Loop" daemon [_thread_blocked, id=25988, stack(0x000000ae3e900000,0x000000ae3ea00000)]
  0x0000029aee2668b0 JavaThread "TimerQueue" daemon [_thread_blocked, id=27860, stack(0x000000ae3ea00000,0x000000ae3eb00000)]
=>0x0000029aee1ae3e0 JavaThread "Thread-0" [_thread_in_native, id=10760, stack(0x000000ae3ef00000,0x000000ae3f000000)]

Other Threads:
  0x0000029aec493f00 VMThread "VM Thread" [stack: 0x000000ae3d500000,0x000000ae3d600000] [id=17244]
  0x0000029aed0c8da0 WatcherThread [stack: 0x000000ae3e300000,0x000000ae3e400000] [id=1212]
  0x0000029acc717350 GCTaskThread "GC Thread#0" [stack: 0x000000ae3d000000,0x000000ae3d100000] [id=30140]
  0x0000029aee4bf750 GCTaskThread "GC Thread#1" [stack: 0x000000ae3f200000,0x000000ae3f300000] [id=16704]
  0x0000029aee4bfa60 GCTaskThread "GC Thread#2" [stack: 0x000000ae3f300000,0x000000ae3f400000] [id=17884]
  0x0000029aee4bfd70 GCTaskThread "GC Thread#3" [stack: 0x000000ae3f400000,0x000000ae3f500000] [id=6368]
  0x0000029aee4f2910 GCTaskThread "GC Thread#4" [stack: 0x000000ae3f500000,0x000000ae3f600000] [id=25672]
  0x0000029aee4f19c0 GCTaskThread "GC Thread#5" [stack: 0x000000ae3f600000,0x000000ae3f700000] [id=31564]
  0x0000029aee4f2f30 GCTaskThread "GC Thread#6" [stack: 0x000000ae3f700000,0x000000ae3f800000] [id=13536]
  0x0000029aee4f2600 GCTaskThread "GC Thread#7" [stack: 0x000000ae3f800000,0x000000ae3f900000] [id=26452]
  0x0000029acc728ca0 ConcurrentGCThread "G1 Main Marker" [stack: 0x000000ae3d100000,0x000000ae3d200000] [id=20560]
  0x0000029acc729790 ConcurrentGCThread "G1 Conc#0" [stack: 0x000000ae3d200000,0x000000ae3d300000] [id=16956]
  0x0000029acc7a1360 ConcurrentGCThread "G1 Refine#0" [stack: 0x000000ae3d300000,0x000000ae3d400000] [id=6716]
  0x0000029aef4f6750 ConcurrentGCThread "G1 Refine#1" [stack: 0x000000ae3f900000,0x000000ae3fa00000] [id=31740]
  0x0000029acc7a1e60 ConcurrentGCThread "G1 Service" [stack: 0x000000ae3d400000,0x000000ae3d500000] [id=19208]

Threads with active compile tasks:

VM state: not at safepoint (normal execution)

VM Mutex/Monitor currently owned by a thread: None

Heap address: 0x0000000084000000, size: 1984 MB, Compressed Oops mode: 32-bit
CDS archive(s) mapped at: [0x0000000800000000-0x0000000800bb0000-0x0000000800bb0000), size 12255232, SharedBaseAddress: 0x0000000800000000, ArchiveRelocationMode: 0.
Compressed class space mapped at: 0x0000000800c00000-0x0000000840c00000, reserved size: 1073741824
Narrow klass base: 0x0000000800000000, Narrow klass shift: 3, Narrow klass range: 0x100000000

GC Precious Log:
 CPUs: 8 total, 8 available
 Memory: 7934M
 Large Page Support: Disabled
 NUMA Support: Disabled
 Compressed Oops: Enabled (32-bit)
 Heap Region Size: 1M
 Heap Min Capacity: 8M
 Heap Initial Capacity: 124M
 Heap Max Capacity: 1984M
 Pre-touch: Disabled
 Parallel Workers: 8
 Concurrent Workers: 2
 Concurrent Refinement Workers: 8
 Periodic GC: Disabled

Heap:
 garbage-first heap   total 126976K, used 23498K [0x0000000084000000, 0x0000000100000000)
  region size 1024K, 8 young (8192K), 1 survivors (1024K)
 Metaspace       used 16003K, committed 16256K, reserved 1064960K
  class space    used 1795K, committed 1920K, reserved 1048576K

Heap Regions: E=young(eden), S=young(survivor), O=old, HS=humongous(starts), HC=humongous(continues), CS=collection set, F=free, OA=open archive, CA=closed archive, TAMS=top-at-mark-start (previous, next)
|   0|0x0000000084000000, 0x0000000084100000, 0x0000000084100000|100%|HS|  |TAMS 0x0000000084000000, 0x0000000084000000| Complete 
|   1|0x0000000084100000, 0x0000000084200000, 0x0000000084200000|100%|HC|  |TAMS 0x0000000084100000, 0x0000000084100000| Complete 
|   2|0x0000000084200000, 0x0000000084300000, 0x0000000084300000|100%|HC|  |TAMS 0x0000000084200000, 0x0000000084200000| Complete 
|   3|0x0000000084300000, 0x0000000084400000, 0x0000000084400000|100%|HC|  |TAMS 0x0000000084300000, 0x0000000084300000| Complete 
|   4|0x0000000084400000, 0x0000000084500000, 0x0000000084500000|100%|HC|  |TAMS 0x0000000084400000, 0x0000000084400000| Complete 
|   5|0x0000000084500000, 0x0000000084600000, 0x0000000084600000|100%| O|  |TAMS 0x0000000084500000, 0x0000000084500000| Untracked 
|   6|0x0000000084600000, 0x0000000084700000, 0x0000000084700000|100%|HS|  |TAMS 0x0000000084600000, 0x0000000084600000| Complete 
|   7|0x0000000084700000, 0x0000000084800000, 0x0000000084800000|100%|HC|  |TAMS 0x0000000084700000, 0x0000000084700000| Complete 
|   8|0x0000000084800000, 0x0000000084900000, 0x0000000084900000|100%|HC|  |TAMS 0x0000000084800000, 0x0000000084800000| Complete 
|   9|0x0000000084900000, 0x0000000084a00000, 0x0000000084a00000|100%|HC|  |TAMS 0x0000000084900000, 0x0000000084900000| Complete 
|  10|0x0000000084a00000, 0x0000000084b00000, 0x0000000084b00000|100%|HC|  |TAMS 0x0000000084a00000, 0x0000000084a00000| Complete 
|  11|0x0000000084b00000, 0x0000000084c00000, 0x0000000084c00000|100%|HC|  |TAMS 0x0000000084b00000, 0x0000000084b00000| Complete 
|  12|0x0000000084c00000, 0x0000000084d00000, 0x0000000084d00000|100%|HC|  |TAMS 0x0000000084c00000, 0x0000000084c00000| Complete 
|  13|0x0000000084d00000, 0x0000000084e00000, 0x0000000084e00000|100%| O|  |TAMS 0x0000000084d00000, 0x0000000084d00000| Untracked 
|  14|0x0000000084e00000, 0x0000000084f00000, 0x0000000084f00000|100%| O|  |TAMS 0x0000000084e00000, 0x0000000084e00000| Untracked 
|  15|0x0000000084f00000, 0x0000000084ff2a00, 0x0000000085000000| 94%| O|  |TAMS 0x0000000084f00000, 0x0000000084f00000| Untracked 
|  16|0x0000000085000000, 0x0000000085000000, 0x0000000085100000|  0%| F|  |TAMS 0x0000000085000000, 0x0000000085000000| Untracked 
|  17|0x0000000085100000, 0x0000000085100000, 0x0000000085200000|  0%| F|  |TAMS 0x0000000085100000, 0x0000000085100000| Untracked 
|  18|0x0000000085200000, 0x0000000085200000, 0x0000000085300000|  0%| F|  |TAMS 0x0000000085200000, 0x0000000085200000| Untracked 
|  19|0x0000000085300000, 0x0000000085300000, 0x0000000085400000|  0%| F|  |TAMS 0x0000000085300000, 0x0000000085300000| Untracked 
|  20|0x0000000085400000, 0x0000000085400000, 0x0000000085500000|  0%| F|  |TAMS 0x0000000085400000, 0x0000000085400000| Untracked 
|  21|0x0000000085500000, 0x0000000085500000, 0x0000000085600000|  0%| F|  |TAMS 0x0000000085500000, 0x0000000085500000| Untracked 
|  22|0x0000000085600000, 0x0000000085600000, 0x0000000085700000|  0%| F|  |TAMS 0x0000000085600000, 0x0000000085600000| Untracked 
|  23|0x0000000085700000, 0x0000000085700000, 0x0000000085800000|  0%| F|  |TAMS 0x0000000085700000, 0x0000000085700000| Untracked 
|  24|0x0000000085800000, 0x0000000085800000, 0x0000000085900000|  0%| F|  |TAMS 0x0000000085800000, 0x0000000085800000| Untracked 
|  25|0x0000000085900000, 0x0000000085900000, 0x0000000085a00000|  0%| F|  |TAMS 0x0000000085900000, 0x0000000085900000| Untracked 
|  26|0x0000000085a00000, 0x0000000085a00000, 0x0000000085b00000|  0%| F|  |TAMS 0x0000000085a00000, 0x0000000085a00000| Untracked 
|  27|0x0000000085b00000, 0x0000000085b00000, 0x0000000085c00000|  0%| F|  |TAMS 0x0000000085b00000, 0x0000000085b00000| Untracked 
|  28|0x0000000085c00000, 0x0000000085c00000, 0x0000000085d00000|  0%| F|  |TAMS 0x0000000085c00000, 0x0000000085c00000| Untracked 
|  29|0x0000000085d00000, 0x0000000085d00000, 0x0000000085e00000|  0%| F|  |TAMS 0x0000000085d00000, 0x0000000085d00000| Untracked 
|  30|0x0000000085e00000, 0x0000000085e00000, 0x0000000085f00000|  0%| F|  |TAMS 0x0000000085e00000, 0x0000000085e00000| Untracked 
|  31|0x0000000085f00000, 0x0000000085f00000, 0x0000000086000000|  0%| F|  |TAMS 0x0000000085f00000, 0x0000000085f00000| Untracked 
|  32|0x0000000086000000, 0x0000000086000000, 0x0000000086100000|  0%| F|  |TAMS 0x0000000086000000, 0x0000000086000000| Untracked 
|  33|0x0000000086100000, 0x0000000086100000, 0x0000000086200000|  0%| F|  |TAMS 0x0000000086100000, 0x0000000086100000| Untracked 
|  34|0x0000000086200000, 0x0000000086200000, 0x0000000086300000|  0%| F|  |TAMS 0x0000000086200000, 0x0000000086200000| Untracked 
|  35|0x0000000086300000, 0x0000000086300000, 0x0000000086400000|  0%| F|  |TAMS 0x0000000086300000, 0x0000000086300000| Untracked 
|  36|0x0000000086400000, 0x0000000086400000, 0x0000000086500000|  0%| F|  |TAMS 0x0000000086400000, 0x0000000086400000| Untracked 
|  37|0x0000000086500000, 0x0000000086500000, 0x0000000086600000|  0%| F|  |TAMS 0x0000000086500000, 0x0000000086500000| Untracked 
|  38|0x0000000086600000, 0x0000000086600000, 0x0000000086700000|  0%| F|  |TAMS 0x0000000086600000, 0x0000000086600000| Untracked 
|  39|0x0000000086700000, 0x0000000086700000, 0x0000000086800000|  0%| F|  |TAMS 0x0000000086700000, 0x0000000086700000| Untracked 
|  40|0x0000000086800000, 0x0000000086800000, 0x0000000086900000|  0%| F|  |TAMS 0x0000000086800000, 0x0000000086800000| Untracked 
|  41|0x0000000086900000, 0x0000000086900000, 0x0000000086a00000|  0%| F|  |TAMS 0x0000000086900000, 0x0000000086900000| Untracked 
|  42|0x0000000086a00000, 0x0000000086a00000, 0x0000000086b00000|  0%| F|  |TAMS 0x0000000086a00000, 0x0000000086a00000| Untracked 
|  43|0x0000000086b00000, 0x0000000086b00000, 0x0000000086c00000|  0%| F|  |TAMS 0x0000000086b00000, 0x0000000086b00000| Untracked 
|  44|0x0000000086c00000, 0x0000000086c00000, 0x0000000086d00000|  0%| F|  |TAMS 0x0000000086c00000, 0x0000000086c00000| Untracked 
|  45|0x0000000086d00000, 0x0000000086d00000, 0x0000000086e00000|  0%| F|  |TAMS 0x0000000086d00000, 0x0000000086d00000| Untracked 
|  46|0x0000000086e00000, 0x0000000086e00000, 0x0000000086f00000|  0%| F|  |TAMS 0x0000000086e00000, 0x0000000086e00000| Untracked 
|  47|0x0000000086f00000, 0x0000000086f00000, 0x0000000087000000|  0%| F|  |TAMS 0x0000000086f00000, 0x0000000086f00000| Untracked 
|  48|0x0000000087000000, 0x0000000087000000, 0x0000000087100000|  0%| F|  |TAMS 0x0000000087000000, 0x0000000087000000| Untracked 
|  49|0x0000000087100000, 0x0000000087100000, 0x0000000087200000|  0%| F|  |TAMS 0x0000000087100000, 0x0000000087100000| Untracked 
|  50|0x0000000087200000, 0x0000000087200000, 0x0000000087300000|  0%| F|  |TAMS 0x0000000087200000, 0x0000000087200000| Untracked 
|  51|0x0000000087300000, 0x0000000087300000, 0x0000000087400000|  0%| F|  |TAMS 0x0000000087300000, 0x0000000087300000| Untracked 
|  52|0x0000000087400000, 0x0000000087400000, 0x0000000087500000|  0%| F|  |TAMS 0x0000000087400000, 0x0000000087400000| Untracked 
|  53|0x0000000087500000, 0x0000000087500000, 0x0000000087600000|  0%| F|  |TAMS 0x0000000087500000, 0x0000000087500000| Untracked 
|  54|0x0000000087600000, 0x0000000087600000, 0x0000000087700000|  0%| F|  |TAMS 0x0000000087600000, 0x0000000087600000| Untracked 
|  55|0x0000000087700000, 0x0000000087700000, 0x0000000087800000|  0%| F|  |TAMS 0x0000000087700000, 0x0000000087700000| Untracked 
|  56|0x0000000087800000, 0x0000000087800000, 0x0000000087900000|  0%| F|  |TAMS 0x0000000087800000, 0x0000000087800000| Untracked 
|  57|0x0000000087900000, 0x0000000087900000, 0x0000000087a00000|  0%| F|  |TAMS 0x0000000087900000, 0x0000000087900000| Untracked 
|  58|0x0000000087a00000, 0x0000000087a00000, 0x0000000087b00000|  0%| F|  |TAMS 0x0000000087a00000, 0x0000000087a00000| Untracked 
|  59|0x0000000087b00000, 0x0000000087b00000, 0x0000000087c00000|  0%| F|  |TAMS 0x0000000087b00000, 0x0000000087b00000| Untracked 
|  60|0x0000000087c00000, 0x0000000087c00000, 0x0000000087d00000|  0%| F|  |TAMS 0x0000000087c00000, 0x0000000087c00000| Untracked 
|  61|0x0000000087d00000, 0x0000000087d00000, 0x0000000087e00000|  0%| F|  |TAMS 0x0000000087d00000, 0x0000000087d00000| Untracked 
|  62|0x0000000087e00000, 0x0000000087e00000, 0x0000000087f00000|  0%| F|  |TAMS 0x0000000087e00000, 0x0000000087e00000| Untracked 
|  63|0x0000000087f00000, 0x0000000087f00000, 0x0000000088000000|  0%| F|  |TAMS 0x0000000087f00000, 0x0000000087f00000| Untracked 
|  64|0x0000000088000000, 0x0000000088000000, 0x0000000088100000|  0%| F|  |TAMS 0x0000000088000000, 0x0000000088000000| Untracked 
|  65|0x0000000088100000, 0x0000000088100000, 0x0000000088200000|  0%| F|  |TAMS 0x0000000088100000, 0x0000000088100000| Untracked 
|  66|0x0000000088200000, 0x0000000088200000, 0x0000000088300000|  0%| F|  |TAMS 0x0000000088200000, 0x0000000088200000| Untracked 
|  67|0x0000000088300000, 0x0000000088300000, 0x0000000088400000|  0%| F|  |TAMS 0x0000000088300000, 0x0000000088300000| Untracked 
|  68|0x0000000088400000, 0x0000000088400000, 0x0000000088500000|  0%| F|  |TAMS 0x0000000088400000, 0x0000000088400000| Untracked 
|  69|0x0000000088500000, 0x0000000088500000, 0x0000000088600000|  0%| F|  |TAMS 0x0000000088500000, 0x0000000088500000| Untracked 
|  70|0x0000000088600000, 0x0000000088600000, 0x0000000088700000|  0%| F|  |TAMS 0x0000000088600000, 0x0000000088600000| Untracked 
|  71|0x0000000088700000, 0x0000000088700000, 0x0000000088800000|  0%| F|  |TAMS 0x0000000088700000, 0x0000000088700000| Untracked 
|  72|0x0000000088800000, 0x0000000088800000, 0x0000000088900000|  0%| F|  |TAMS 0x0000000088800000, 0x0000000088800000| Untracked 
|  73|0x0000000088900000, 0x0000000088900000, 0x0000000088a00000|  0%| F|  |TAMS 0x0000000088900000, 0x0000000088900000| Untracked 
|  74|0x0000000088a00000, 0x0000000088a00000, 0x0000000088b00000|  0%| F|  |TAMS 0x0000000088a00000, 0x0000000088a00000| Untracked 
|  75|0x0000000088b00000, 0x0000000088b00000, 0x0000000088c00000|  0%| F|  |TAMS 0x0000000088b00000, 0x0000000088b00000| Untracked 
|  76|0x0000000088c00000, 0x0000000088c00000, 0x0000000088d00000|  0%| F|  |TAMS 0x0000000088c00000, 0x0000000088c00000| Untracked 
|  77|0x0000000088d00000, 0x0000000088d00000, 0x0000000088e00000|  0%| F|  |TAMS 0x0000000088d00000, 0x0000000088d00000| Untracked 
|  78|0x0000000088e00000, 0x0000000088e00000, 0x0000000088f00000|  0%| F|  |TAMS 0x0000000088e00000, 0x0000000088e00000| Untracked 
|  79|0x0000000088f00000, 0x0000000088f00000, 0x0000000089000000|  0%| F|  |TAMS 0x0000000088f00000, 0x0000000088f00000| Untracked 
|  80|0x0000000089000000, 0x0000000089000000, 0x0000000089100000|  0%| F|  |TAMS 0x0000000089000000, 0x0000000089000000| Untracked 
|  81|0x0000000089100000, 0x0000000089100000, 0x0000000089200000|  0%| F|  |TAMS 0x0000000089100000, 0x0000000089100000| Untracked 
|  82|0x0000000089200000, 0x0000000089200000, 0x0000000089300000|  0%| F|  |TAMS 0x0000000089200000, 0x0000000089200000| Untracked 
|  83|0x0000000089300000, 0x0000000089300000, 0x0000000089400000|  0%| F|  |TAMS 0x0000000089300000, 0x0000000089300000| Untracked 
|  84|0x0000000089400000, 0x0000000089400000, 0x0000000089500000|  0%| F|  |TAMS 0x0000000089400000, 0x0000000089400000| Untracked 
|  85|0x0000000089500000, 0x0000000089500000, 0x0000000089600000|  0%| F|  |TAMS 0x0000000089500000, 0x0000000089500000| Untracked 
|  86|0x0000000089600000, 0x0000000089600000, 0x0000000089700000|  0%| F|  |TAMS 0x0000000089600000, 0x0000000089600000| Untracked 
|  87|0x0000000089700000, 0x0000000089700000, 0x0000000089800000|  0%| F|  |TAMS 0x0000000089700000, 0x0000000089700000| Untracked 
|  88|0x0000000089800000, 0x0000000089800000, 0x0000000089900000|  0%| F|  |TAMS 0x0000000089800000, 0x0000000089800000| Untracked 
|  89|0x0000000089900000, 0x0000000089900000, 0x0000000089a00000|  0%| F|  |TAMS 0x0000000089900000, 0x0000000089900000| Untracked 
|  90|0x0000000089a00000, 0x0000000089a00000, 0x0000000089b00000|  0%| F|  |TAMS 0x0000000089a00000, 0x0000000089a00000| Untracked 
|  91|0x0000000089b00000, 0x0000000089b00000, 0x0000000089c00000|  0%| F|  |TAMS 0x0000000089b00000, 0x0000000089b00000| Untracked 
|  92|0x0000000089c00000, 0x0000000089c00000, 0x0000000089d00000|  0%| F|  |TAMS 0x0000000089c00000, 0x0000000089c00000| Untracked 
|  93|0x0000000089d00000, 0x0000000089e00000, 0x0000000089e00000|100%| S|CS|TAMS 0x0000000089d00000, 0x0000000089d00000| Complete 
|  94|0x0000000089e00000, 0x0000000089e00000, 0x0000000089f00000|  0%| F|  |TAMS 0x0000000089e00000, 0x0000000089e00000| Untracked 
|  95|0x0000000089f00000, 0x0000000089f00000, 0x000000008a000000|  0%| F|  |TAMS 0x0000000089f00000, 0x0000000089f00000| Untracked 
|  96|0x000000008a000000, 0x000000008a000000, 0x000000008a100000|  0%| F|  |TAMS 0x000000008a000000, 0x000000008a000000| Untracked 
|  97|0x000000008a100000, 0x000000008a100000, 0x000000008a200000|  0%| F|  |TAMS 0x000000008a100000, 0x000000008a100000| Untracked 
|  98|0x000000008a200000, 0x000000008a200000, 0x000000008a300000|  0%| F|  |TAMS 0x000000008a200000, 0x000000008a200000| Untracked 
|  99|0x000000008a300000, 0x000000008a300000, 0x000000008a400000|  0%| F|  |TAMS 0x000000008a300000, 0x000000008a300000| Untracked 
| 100|0x000000008a400000, 0x000000008a400000, 0x000000008a500000|  0%| F|  |TAMS 0x000000008a400000, 0x000000008a400000| Untracked 
| 101|0x000000008a500000, 0x000000008a500000, 0x000000008a600000|  0%| F|  |TAMS 0x000000008a500000, 0x000000008a500000| Untracked 
| 102|0x000000008a600000, 0x000000008a600000, 0x000000008a700000|  0%| F|  |TAMS 0x000000008a600000, 0x000000008a600000| Untracked 
| 103|0x000000008a700000, 0x000000008a700000, 0x000000008a800000|  0%| F|  |TAMS 0x000000008a700000, 0x000000008a700000| Untracked 
| 104|0x000000008a800000, 0x000000008a800000, 0x000000008a900000|  0%| F|  |TAMS 0x000000008a800000, 0x000000008a800000| Untracked 
| 105|0x000000008a900000, 0x000000008a900000, 0x000000008aa00000|  0%| F|  |TAMS 0x000000008a900000, 0x000000008a900000| Untracked 
| 106|0x000000008aa00000, 0x000000008aa00000, 0x000000008ab00000|  0%| F|  |TAMS 0x000000008aa00000, 0x000000008aa00000| Untracked 
| 107|0x000000008ab00000, 0x000000008ab00000, 0x000000008ac00000|  0%| F|  |TAMS 0x000000008ab00000, 0x000000008ab00000| Untracked 
| 108|0x000000008ac00000, 0x000000008ac00000, 0x000000008ad00000|  0%| F|  |TAMS 0x000000008ac00000, 0x000000008ac00000| Untracked 
| 109|0x000000008ad00000, 0x000000008ad00000, 0x000000008ae00000|  0%| F|  |TAMS 0x000000008ad00000, 0x000000008ad00000| Untracked 
| 110|0x000000008ae00000, 0x000000008ae00000, 0x000000008af00000|  0%| F|  |TAMS 0x000000008ae00000, 0x000000008ae00000| Untracked 
| 111|0x000000008af00000, 0x000000008af00000, 0x000000008b000000|  0%| F|  |TAMS 0x000000008af00000, 0x000000008af00000| Untracked 
| 112|0x000000008b000000, 0x000000008b000000, 0x000000008b100000|  0%| F|  |TAMS 0x000000008b000000, 0x000000008b000000| Untracked 
| 113|0x000000008b100000, 0x000000008b100000, 0x000000008b200000|  0%| F|  |TAMS 0x000000008b100000, 0x000000008b100000| Untracked 
| 114|0x000000008b200000, 0x000000008b200000, 0x000000008b300000|  0%| F|  |TAMS 0x000000008b200000, 0x000000008b200000| Untracked 
| 115|0x000000008b300000, 0x000000008b300000, 0x000000008b400000|  0%| F|  |TAMS 0x000000008b300000, 0x000000008b300000| Untracked 
| 116|0x000000008b400000, 0x000000008b400000, 0x000000008b500000|  0%| F|  |TAMS 0x000000008b400000, 0x000000008b400000| Untracked 
| 117|0x000000008b500000, 0x000000008b500800, 0x000000008b600000|  0%| E|  |TAMS 0x000000008b500000, 0x000000008b500000| Complete 
| 118|0x000000008b600000, 0x000000008b700000, 0x000000008b700000|100%| E|CS|TAMS 0x000000008b600000, 0x000000008b600000| Complete 
| 119|0x000000008b700000, 0x000000008b800000, 0x000000008b800000|100%| E|CS|TAMS 0x000000008b700000, 0x000000008b700000| Complete 
| 120|0x000000008b800000, 0x000000008b900000, 0x000000008b900000|100%| E|CS|TAMS 0x000000008b800000, 0x000000008b800000| Complete 
| 121|0x000000008b900000, 0x000000008ba00000, 0x000000008ba00000|100%| E|CS|TAMS 0x000000008b900000, 0x000000008b900000| Complete 
| 122|0x000000008ba00000, 0x000000008bb00000, 0x000000008bb00000|100%| E|CS|TAMS 0x000000008ba00000, 0x000000008ba00000| Complete 
| 123|0x000000008bb00000, 0x000000008bc00000, 0x000000008bc00000|100%| E|CS|TAMS 0x000000008bb00000, 0x000000008bb00000| Complete 

Card table byte_map: [0x0000029ae5490000,0x0000029ae5870000] _byte_map_base: 0x0000029ae5070000

Marking Bits (Prev, Next): (CMBitMap*) 0x0000029acc717a40, (CMBitMap*) 0x0000029acc717a80
 Prev Bits: [0x0000029ae5c50000, 0x0000029ae7b50000)
 Next Bits: [0x0000029ae7b50000, 0x0000029ae9a50000)

Polling page: 0x0000029acc7c0000

Metaspace:

Usage:
  Non-class:     13.88 MB used.
      Class:      1.75 MB used.
       Both:     15.63 MB used.

Virtual space:
  Non-class space:       16.00 MB reserved,      14.00 MB ( 88%) committed,  2 nodes.
      Class space:        1.00 GB reserved,       1.88 MB ( <1%) committed,  1 nodes.
              Both:        1.02 GB reserved,      15.88 MB (  2%) committed. 

Chunk freelists:
   Non-Class:  1.97 MB
       Class:  2.11 MB
        Both:  4.08 MB

MaxMetaspaceSize: 17179869184.00 GB
CompressedClassSpaceSize: 1.00 GB
 - commit_granule_bytes: 65536.
 - commit_granule_words: 8192.
 - virtual_space_node_default_size: 1048576.
 - enlarge_chunks_in_place: 1.
 - new_chunks_are_fully_committed: 0.
 - uncommit_free_chunks: 1.
 - use_allocation_guard: 0.
 - handle_deallocations: 1.


Internal statistics:

num_allocs_failed_limit: 0.
num_arena_births: 130.
num_arena_deaths: 0.
num_vsnodes_births: 3.
num_vsnodes_deaths: 0.
num_space_committed: 254.
num_space_uncommitted: 0.
num_chunks_returned_to_freelist: 0.
num_chunks_taken_from_freelist: 223.
num_chunk_merges: 0.
num_chunk_splits: 123.
num_chunks_enlarged: 63.
num_purges: 0.

CodeHeap 'non-profiled nmethods': size=120000Kb used=1519Kb max_used=1519Kb free=118480Kb
 bounds [0x0000029add120000, 0x0000029add390000, 0x0000029ae4650000]
CodeHeap 'profiled nmethods': size=120000Kb used=4884Kb max_used=4884Kb free=115115Kb
 bounds [0x0000029ad5bf0000, 0x0000029ad60c0000, 0x0000029add120000]
CodeHeap 'non-nmethods': size=5760Kb used=1449Kb max_used=1517Kb free=4310Kb
 bounds [0x0000029ad5650000, 0x0000029ad58c0000, 0x0000029ad5bf0000]
 total_blobs=3092 nmethods=2388 adapters=614
 compilation: enabled
              stopped_count=0, restarted_count=0
 full_count=0

Compilation events (20 events):
Event: 57.375 Thread 0x0000029aec4b6800 nmethod 2382 0x0000029ad60ae890 code [0x0000029ad60aea60, 0x0000029ad60aece8]
Event: 57.375 Thread 0x0000029aec4b6800 2383       3       java.lang.invoke.LambdaForm$MH/0x0000000800c11800::invoke (148 bytes)
Event: 57.376 Thread 0x0000029aec4b6800 nmethod 2383 0x0000029ad60aee10 code [0x0000029ad60af0a0, 0x0000029ad60b0128]
Event: 57.381 Thread 0x0000029aec4b10b0 nmethod 2376 0x0000029add29a010 code [0x0000029add29a1a0, 0x0000029add29a4d8]
Event: 57.561 Thread 0x0000029aec4b10b0 2384       4       java.awt.Component::getCursor_NoClientCode (30 bytes)
Event: 57.562 Thread 0x0000029aec4b10b0 nmethod 2384 0x0000029add29a690 code [0x0000029add29a820, 0x0000029add29a928]
Event: 58.651 Thread 0x0000029aec4b6800 2385       1       javax.swing.DefaultButtonModel::getMnemonic (5 bytes)
Event: 58.652 Thread 0x0000029aec4b6800 nmethod 2385 0x0000029add29aa10 code [0x0000029add29aba0, 0x0000029add29ac78]
Event: 58.652 Thread 0x0000029aec4b6800 2386       3       java.awt.geom.AffineTransform::transform (663 bytes)
Event: 58.652 Thread 0x0000029aec4b6800 nmethod 2386 0x0000029ad60b0810 code [0x0000029ad60b0b00, 0x0000029ad60b1e68]
Event: 58.652 Thread 0x0000029aec4b6800 2387       3       sun.java2d.SunGraphics2D::getDeviceConfiguration (8 bytes)
Event: 58.653 Thread 0x0000029aec4b6800 nmethod 2387 0x0000029ad60b2b10 code [0x0000029ad60b2cc0, 0x0000029ad60b2ea8]
Event: 58.653 Thread 0x0000029aec4b6800 2388       3       javax.swing.plaf.synth.SynthButtonUI::getSynthIcon (23 bytes)
Event: 58.653 Thread 0x0000029aec4b6800 nmethod 2388 0x0000029ad60b2f90 code [0x0000029ad60b3300, 0x0000029ad60b4a68]
Event: 58.953 Thread 0x0000029aec4b6800 2389       1       javax.swing.tree.TreePath::getParentPath (5 bytes)
Event: 58.953 Thread 0x0000029aec4b6800 nmethod 2389 0x0000029add29ad10 code [0x0000029add29aea0, 0x0000029add29af78]
Event: 64.978 Thread 0x0000029aec4b10b0 2390   !   4       sun.awt.AWTAutoShutdown::setToolkitBusy (124 bytes)
Event: 64.981 Thread 0x0000029aec4b10b0 nmethod 2390 0x0000029add29b010 code [0x0000029add29b1c0, 0x0000029add29b7b8]
Event: 70.451 Thread 0x0000029aec4b10b0 2391       4       org.netbeans.modules.debugger.jpda.visual.remote.RemoteAWTService::access$400 (4 bytes)
Event: 70.451 Thread 0x0000029aec4b10b0 nmethod 2391 0x0000029add29bb10 code [0x0000029add29bc80, 0x0000029add29bcd8]

GC Heap History (4 events):
Event: 1.167 GC heap before
{Heap before GC invocations=0 (full 0):
 garbage-first heap   total 126976K, used 27648K [0x0000000084000000, 0x0000000100000000)
  region size 1024K, 23 young (23552K), 0 survivors (0K)
 Metaspace       used 13994K, committed 14208K, reserved 1064960K
  class space    used 1623K, committed 1728K, reserved 1048576K
}
Event: 1.172 GC heap after
{Heap after GC invocations=1 (full 0):
 garbage-first heap   total 126976K, used 9121K [0x0000000084000000, 0x0000000100000000)
  region size 1024K, 3 young (3072K), 3 survivors (3072K)
 Metaspace       used 13994K, committed 14208K, reserved 1064960K
  class space    used 1623K, committed 1728K, reserved 1048576K
}
Event: 3.495 GC heap before
{Heap before GC invocations=1 (full 0):
 garbage-first heap   total 126976K, used 43937K [0x0000000084000000, 0x0000000100000000)
  region size 1024K, 30 young (30720K), 3 survivors (3072K)
 Metaspace       used 15259K, committed 15488K, reserved 1064960K
  class space    used 1734K, committed 1856K, reserved 1048576K
}
Event: 3.498 GC heap after
{Heap after GC invocations=2 (full 0):
 garbage-first heap   total 126976K, used 17354K [0x0000000084000000, 0x0000000100000000)
  region size 1024K, 1 young (1024K), 1 survivors (1024K)
 Metaspace       used 15259K, committed 15488K, reserved 1064960K
  class space    used 1734K, committed 1856K, reserved 1048576K
}

Deoptimization events (20 events):
Event: 52.354 Thread 0x0000029aed3f6420 DEOPT PACKING pc=0x0000029ad5f8bf04 sp=0x000000ae3e8fea20
Event: 52.354 Thread 0x0000029aed3f6420 DEOPT UNPACKING pc=0x0000029ad569e77e sp=0x000000ae3e8fdd50 mode 0
Event: 52.354 Thread 0x0000029aed3f6420 DEOPT PACKING pc=0x0000029ad5f8ebec sp=0x000000ae3e8febb0
Event: 52.354 Thread 0x0000029aed3f6420 DEOPT UNPACKING pc=0x0000029ad569e77e sp=0x000000ae3e8fe0b0 mode 0
Event: 55.968 Thread 0x0000029aed3f6420 DEOPT PACKING pc=0x0000029ad60635a1 sp=0x000000ae3e8fca60
Event: 55.968 Thread 0x0000029aed3f6420 DEOPT UNPACKING pc=0x0000029ad569e77e sp=0x000000ae3e8fbed0 mode 0
Event: 55.972 Thread 0x0000029aed3f6420 DEOPT PACKING pc=0x0000029ad60635a1 sp=0x000000ae3e8fc950
Event: 55.972 Thread 0x0000029aed3f6420 DEOPT UNPACKING pc=0x0000029ad569e77e sp=0x000000ae3e8fbdc0 mode 0
Event: 55.972 Thread 0x0000029aed3f6420 DEOPT PACKING pc=0x0000029ad6080f38 sp=0x000000ae3e8fcc80
Event: 55.972 Thread 0x0000029aed3f6420 DEOPT UNPACKING pc=0x0000029ad569e77e sp=0x000000ae3e8fc0e0 mode 0
Event: 55.973 Thread 0x0000029aed3f6420 DEOPT PACKING pc=0x0000029ad60635a1 sp=0x000000ae3e8fca60
Event: 55.973 Thread 0x0000029aed3f6420 DEOPT UNPACKING pc=0x0000029ad569e77e sp=0x000000ae3e8fbed0 mode 0
Event: 55.974 Thread 0x0000029aed3f6420 DEOPT PACKING pc=0x0000029ad60635a1 sp=0x000000ae3e8fca60
Event: 55.974 Thread 0x0000029aed3f6420 DEOPT UNPACKING pc=0x0000029ad569e77e sp=0x000000ae3e8fbed0 mode 0
Event: 55.975 Thread 0x0000029aed3f6420 DEOPT PACKING pc=0x0000029ad60635a1 sp=0x000000ae3e8fca60
Event: 55.975 Thread 0x0000029aed3f6420 DEOPT UNPACKING pc=0x0000029ad569e77e sp=0x000000ae3e8fbed0 mode 0
Event: 55.983 Thread 0x0000029aed3f6420 DEOPT PACKING pc=0x0000029ad60635a1 sp=0x000000ae3e8fca60
Event: 55.983 Thread 0x0000029aed3f6420 DEOPT UNPACKING pc=0x0000029ad569e77e sp=0x000000ae3e8fbed0 mode 0
Event: 55.983 Thread 0x0000029aed3f6420 DEOPT PACKING pc=0x0000029ad6080ec2 sp=0x000000ae3e8fcc80
Event: 55.983 Thread 0x0000029aed3f6420 DEOPT UNPACKING pc=0x0000029ad569e77e sp=0x000000ae3e8fc0e0 mode 0

Classes unloaded (0 events):
No events

Classes redefined (0 events):
No events

Internal exceptions (20 events):
Event: 1.055 Thread 0x0000029aed3f6420 Exception <a 'java/lang/ClassCastException'{0x000000008b0646c8}: class javax.swing.JButton cannot be cast to class javax.swing.JTextField (javax.swing.JButton and javax.swing.JTextField are in module java.desktop of loader 'bootstrap')> (0x000000008b0646c8) 
thrown [t:\workspace\open\src\hotspot\share\interpreter\interpreterRuntime.cpp, line 441]
Event: 1.055 Thread 0x0000029aed3f6420 Exception <a 'java/lang/ClassCastException'{0x000000008b064a70}: class javax.swing.JButton cannot be cast to class javax.swing.JTextField (javax.swing.JButton and javax.swing.JTextField are in module java.desktop of loader 'bootstrap')> (0x000000008b064a70) 
thrown [t:\workspace\open\src\hotspot\share\interpreter\interpreterRuntime.cpp, line 441]
Event: 1.055 Thread 0x0000029aed3f6420 Exception <a 'java/lang/ClassCastException'{0x000000008b064e18}: class javax.swing.JButton cannot be cast to class javax.swing.JTextField (javax.swing.JButton and javax.swing.JTextField are in module java.desktop of loader 'bootstrap')> (0x000000008b064e18) 
thrown [t:\workspace\open\src\hotspot\share\interpreter\interpreterRuntime.cpp, line 441]
Event: 1.055 Thread 0x0000029aed3f6420 Exception <a 'java/lang/ClassCastException'{0x000000008b0651c0}: class javax.swing.JButton cannot be cast to class javax.swing.JTextField (javax.swing.JButton and javax.swing.JTextField are in module java.desktop of loader 'bootstrap')> (0x000000008b0651c0) 
thrown [t:\workspace\open\src\hotspot\share\interpreter\interpreterRuntime.cpp, line 441]
Event: 1.055 Thread 0x0000029aed3f6420 Exception <a 'java/lang/ClassCastException'{0x000000008b067868}: class javax.swing.JButton cannot be cast to class javax.swing.JTextField (javax.swing.JButton and javax.swing.JTextField are in module java.desktop of loader 'bootstrap')> (0x000000008b067868) 
thrown [t:\workspace\open\src\hotspot\share\interpreter\interpreterRuntime.cpp, line 441]
Event: 1.055 Thread 0x0000029aed3f6420 Exception <a 'java/lang/ClassCastException'{0x000000008b067c10}: class javax.swing.JButton cannot be cast to class javax.swing.JTextField (javax.swing.JButton and javax.swing.JTextField are in module java.desktop of loader 'bootstrap')> (0x000000008b067c10) 
thrown [t:\workspace\open\src\hotspot\share\interpreter\interpreterRuntime.cpp, line 441]
Event: 1.055 Thread 0x0000029aed3f6420 Exception <a 'java/lang/ClassCastException'{0x000000008b067fb8}: class javax.swing.JButton cannot be cast to class javax.swing.JTextField (javax.swing.JButton and javax.swing.JTextField are in module java.desktop of loader 'bootstrap')> (0x000000008b067fb8) 
thrown [t:\workspace\open\src\hotspot\share\interpreter\interpreterRuntime.cpp, line 441]
Event: 1.055 Thread 0x0000029aed3f6420 Exception <a 'java/lang/ClassCastException'{0x000000008b068360}: class javax.swing.JButton cannot be cast to class javax.swing.JTextField (javax.swing.JButton and javax.swing.JTextField are in module java.desktop of loader 'bootstrap')> (0x000000008b068360) 
thrown [t:\workspace\open\src\hotspot\share\interpreter\interpreterRuntime.cpp, line 441]
Event: 1.055 Thread 0x0000029aed3f6420 Exception <a 'java/lang/ClassCastException'{0x000000008b068708}: class javax.swing.JButton cannot be cast to class javax.swing.JTextField (javax.swing.JButton and javax.swing.JTextField are in module java.desktop of loader 'bootstrap')> (0x000000008b068708) 
thrown [t:\workspace\open\src\hotspot\share\interpreter\interpreterRuntime.cpp, line 441]
Event: 1.055 Thread 0x0000029aed3f6420 Exception <a 'java/lang/ClassCastException'{0x000000008b068ab0}: class javax.swing.JButton cannot be cast to class javax.swing.JTextField (javax.swing.JButton and javax.swing.JTextField are in module java.desktop of loader 'bootstrap')> (0x000000008b068ab0) 
thrown [t:\workspace\open\src\hotspot\share\interpreter\interpreterRuntime.cpp, line 441]
Event: 1.056 Thread 0x0000029aed3f6420 Exception <a 'java/lang/ClassCastException'{0x000000008b06b158}: class javax.swing.JButton cannot be cast to class javax.swing.JTextField (javax.swing.JButton and javax.swing.JTextField are in module java.desktop of loader 'bootstrap')> (0x000000008b06b158) 
thrown [t:\workspace\open\src\hotspot\share\interpreter\interpreterRuntime.cpp, line 441]
Event: 1.056 Thread 0x0000029aed3f6420 Exception <a 'java/lang/ClassCastException'{0x000000008b06b500}: class javax.swing.JButton cannot be cast to class javax.swing.JTextField (javax.swing.JButton and javax.swing.JTextField are in module java.desktop of loader 'bootstrap')> (0x000000008b06b500) 
thrown [t:\workspace\open\src\hotspot\share\interpreter\interpreterRuntime.cpp, line 441]
Event: 1.056 Thread 0x0000029aed3f6420 Exception <a 'java/lang/ClassCastException'{0x000000008b06b8a8}: class javax.swing.JButton cannot be cast to class javax.swing.JTextField (javax.swing.JButton and javax.swing.JTextField are in module java.desktop of loader 'bootstrap')> (0x000000008b06b8a8) 
thrown [t:\workspace\open\src\hotspot\share\interpreter\interpreterRuntime.cpp, line 441]
Event: 1.056 Thread 0x0000029aed3f6420 Exception <a 'java/lang/ClassCastException'{0x000000008b06bc50}: class javax.swing.JButton cannot be cast to class javax.swing.JTextField (javax.swing.JButton and javax.swing.JTextField are in module java.desktop of loader 'bootstrap')> (0x000000008b06bc50) 
thrown [t:\workspace\open\src\hotspot\share\interpreter\interpreterRuntime.cpp, line 441]
Event: 1.056 Thread 0x0000029aed3f6420 Exception <a 'java/lang/ClassCastException'{0x000000008b06bff8}: class javax.swing.JButton cannot be cast to class javax.swing.JTextField (javax.swing.JButton and javax.swing.JTextField are in module java.desktop of loader 'bootstrap')> (0x000000008b06bff8) 
thrown [t:\workspace\open\src\hotspot\share\interpreter\interpreterRuntime.cpp, line 441]
Event: 1.056 Thread 0x0000029aed3f6420 Exception <a 'java/lang/ClassCastException'{0x000000008b06c3a0}: class javax.swing.JButton cannot be cast to class javax.swing.JTextField (javax.swing.JButton and javax.swing.JTextField are in module java.desktop of loader 'bootstrap')> (0x000000008b06c3a0) 
thrown [t:\workspace\open\src\hotspot\share\interpreter\interpreterRuntime.cpp, line 441]
Event: 1.060 Thread 0x0000029aee41d040 Exception <a 'java/io/FileNotFoundException'{0x000000008b0765e0}> (0x000000008b0765e0) 
thrown [t:\workspace\open\src\hotspot\share\prims\jni.cpp, line 579]
Event: 4.353 Thread 0x0000029aed3f6420 Exception <a 'java/lang/NullPointerException'{0x000000008bb3d490}> (0x000000008bb3d490) 
thrown [t:\workspace\open\src\hotspot\share\interpreter\linkResolver.cpp, line 1385]
Event: 18.754 Thread 0x0000029aed3f6420 Exception <a 'java/lang/NoSuchMethodError'{0x000000008b8c9ed8}: 'int java.lang.invoke.DirectMethodHandle$Holder.invokeStatic(java.lang.Object)'> (0x000000008b8c9ed8) 
thrown [t:\workspace\open\src\hotspot\share\interpreter\linkResolver.cpp, line 790]
Event: 44.841 Thread 0x0000029aed3f6420 Exception <a 'java/lang/NullPointerException'{0x000000008b732ca0}> (0x000000008b732ca0) 
thrown [t:\workspace\open\src\hotspot\share\interpreter\linkResolver.cpp, line 1385]

Events (20 events):
Event: 76.927 Executing  VM operation: get/set locals
Event: 76.927 Executing  VM operation: get/set locals done
Event: 78.156 Executing  VM operation: ChangeBreakpoints
Event: 78.157 Executing  VM operation: ChangeBreakpoints done
Event: 78.157 Executing  VM operation: ChangeSingleStep
Event: 78.158 Executing  VM operation: ChangeSingleStep done
Event: 78.162 Executing  VM operation: ChangeSingleStep
Event: 78.162 Executing  VM operation: ChangeSingleStep done
Event: 78.162 Executing  VM operation: ChangeBreakpoints
Event: 78.163 Executing  VM operation: ChangeBreakpoints done
Event: 78.165 Executing  VM operation: ChangeSingleStep
Event: 78.165 Executing  VM operation: ChangeSingleStep done
Event: 78.167 Executing  VM operation: ChangeSingleStep
Event: 78.167 Executing  VM operation: ChangeSingleStep done
Event: 78.323 Executing  VM operation: get/set locals
Event: 78.324 Executing  VM operation: get/set locals done
Event: 79.351 Executing  VM operation: ChangeSingleStep
Event: 79.352 Executing  VM operation: ChangeSingleStep done
Event: 79.356 Executing  VM operation: ChangeSingleStep
Event: 79.356 Executing  VM operation: ChangeSingleStep done


Dynamic libraries:
0x00007ff68c440000 - 0x00007ff68c450000 	C:\Program Files\Java\jdk-16\bin\java.exe
0x00007ffd344b0000 - 0x00007ffd346a5000 	C:\Windows\SYSTEM32\ntdll.dll
0x00007ffd32630000 - 0x00007ffd326ed000 	C:\Windows\System32\KERNEL32.DLL
0x00007ffd31f80000 - 0x00007ffd32248000 	C:\Windows\System32\KERNELBASE.dll
0x00007ffd32310000 - 0x00007ffd32410000 	C:\Windows\System32\ucrtbase.dll
0x00007ffd2d2b0000 - 0x00007ffd2d2c9000 	C:\Program Files\Java\jdk-16\bin\VCRUNTIME140.dll
0x00007ffd20be0000 - 0x00007ffd20bf8000 	C:\Program Files\Java\jdk-16\bin\jli.dll
0x00007ffd32f40000 - 0x00007ffd32fec000 	C:\Windows\System32\ADVAPI32.dll
0x00007ffd32d00000 - 0x00007ffd32d9e000 	C:\Windows\System32\msvcrt.dll
0x00007ffd32950000 - 0x00007ffd329eb000 	C:\Windows\System32\sechost.dll
0x00007ffd32ac0000 - 0x00007ffd32beb000 	C:\Windows\System32\RPCRT4.dll
0x00007ffd32da0000 - 0x00007ffd32f40000 	C:\Windows\System32\USER32.dll
0x00007ffd31eb0000 - 0x00007ffd31ed2000 	C:\Windows\System32\win32u.dll
0x00007ffd33b60000 - 0x00007ffd33b8a000 	C:\Windows\System32\GDI32.dll
0x00007ffd1a9e0000 - 0x00007ffd1ac7a000 	C:\Windows\WinSxS\amd64_microsoft.windows.common-controls_6595b64144ccf1df_6.0.19041.1052_none_60b8f8fd71f5e8cb\COMCTL32.dll
0x00007ffd32410000 - 0x00007ffd3251b000 	C:\Windows\System32\gdi32full.dll
0x00007ffd31ee0000 - 0x00007ffd31f7d000 	C:\Windows\System32\msvcp_win.dll
0x00007ffd2aa40000 - 0x00007ffd2aa4a000 	C:\Windows\SYSTEM32\VERSION.dll
0x00007ffd32bf0000 - 0x00007ffd32c20000 	C:\Windows\System32\IMM32.DLL
0x00007ffd2d560000 - 0x00007ffd2d56c000 	C:\Program Files\Java\jdk-16\bin\vcruntime140_1.dll
0x00007ffd01da0000 - 0x00007ffd01e31000 	C:\Program Files\Java\jdk-16\bin\msvcp140.dll
0x00007ffcf04c0000 - 0x00007ffcf106b000 	C:\Program Files\Java\jdk-16\bin\server\jvm.dll
0x00007ffd33360000 - 0x00007ffd33368000 	C:\Windows\System32\PSAPI.DLL
0x00007ffd1fc00000 - 0x00007ffd1fc09000 	C:\Windows\SYSTEM32\WSOCK32.dll
0x00007ffd21f00000 - 0x00007ffd21f27000 	C:\Windows\SYSTEM32\WINMM.dll
0x00007ffd33370000 - 0x00007ffd333db000 	C:\Windows\System32\WS2_32.dll
0x00007ffd30480000 - 0x00007ffd30492000 	C:\Windows\SYSTEM32\kernel.appcore.dll
0x00007ffd2d350000 - 0x00007ffd2d35a000 	C:\Program Files\Java\jdk-16\bin\jimage.dll
0x00007ffd2fa00000 - 0x00007ffd2fbe4000 	C:\Windows\SYSTEM32\DBGHELP.DLL
0x00007ffd1a4f0000 - 0x00007ffd1a51c000 	C:\Windows\SYSTEM32\dbgcore.DLL
0x00007ffd32280000 - 0x00007ffd32303000 	C:\Windows\System32\bcryptPrimitives.dll
0x00007ffd20ba0000 - 0x00007ffd20bdb000 	C:\Program Files\Java\jdk-16\bin\jdwp.dll
0x00007ffd2bd30000 - 0x00007ffd2bd55000 	C:\Program Files\Java\jdk-16\bin\java.dll
0x00007ffd33ca0000 - 0x00007ffd343df000 	C:\Windows\System32\SHELL32.dll
0x00007ffd2fce0000 - 0x00007ffd30470000 	C:\Windows\SYSTEM32\windows.storage.dll
0x00007ffd33000000 - 0x00007ffd33355000 	C:\Windows\System32\combase.dll
0x00007ffd31590000 - 0x00007ffd315bc000 	C:\Windows\SYSTEM32\Wldp.dll
0x00007ffd33bf0000 - 0x00007ffd33c9e000 	C:\Windows\System32\SHCORE.dll
0x00007ffd33950000 - 0x00007ffd339a5000 	C:\Windows\System32\shlwapi.dll
0x00007ffd31b30000 - 0x00007ffd31b4f000 	C:\Windows\SYSTEM32\profapi.dll
0x00007ffd2d3b0000 - 0x00007ffd2d3bb000 	C:\Program Files\Java\jdk-16\bin\dt_shmem.dll
0x00007ffd2d270000 - 0x00007ffd2d289000 	C:\Program Files\Java\jdk-16\bin\net.dll
0x00007ffd234c0000 - 0x00007ffd235cb000 	C:\Windows\SYSTEM32\WINHTTP.dll
0x00007ffd312b0000 - 0x00007ffd3131a000 	C:\Windows\system32\mswsock.dll
0x00007ffd22310000 - 0x00007ffd22323000 	C:\Program Files\Java\jdk-16\bin\nio.dll
0x00007ffd22110000 - 0x00007ffd22128000 	C:\Program Files\Java\jdk-16\bin\zip.dll
0x00007ffcf0340000 - 0x00007ffcf04c0000 	C:\Program Files\Java\jdk-16\bin\awt.dll
0x00007ffd329f0000 - 0x00007ffd32abd000 	C:\Windows\System32\OLEAUT32.dll
0x00007ffd2f0c0000 - 0x00007ffd2f150000 	C:\Windows\SYSTEM32\apphelp.dll
0x00007ffd2f2a0000 - 0x00007ffd2f33e000 	C:\Windows\system32\uxtheme.dll
0x00007ffd32820000 - 0x00007ffd32935000 	C:\Windows\System32\MSCTF.dll
0x00007ffd326f0000 - 0x00007ffd3281a000 	C:\Windows\System32\ole32.dll
0x00007ffd2f470000 - 0x00007ffd2f49f000 	C:\Windows\system32\DWMAPI.DLL
0x00007ffcf77e0000 - 0x00007ffcf7869000 	C:\Program Files\Java\jdk-16\bin\freetype.dll
0x00007ffcf0240000 - 0x00007ffcf0336000 	C:\Program Files\Java\jdk-16\bin\harfbuzz.dll
0x00007ffd21ea0000 - 0x00007ffd21eb2000 	C:\Program Files\Java\jdk-16\bin\fontmanager.dll
0x00007ffd10980000 - 0x00007ffd10aa6000 	C:\Windows\system32\opengl32.dll
0x00007ffd10f60000 - 0x00007ffd10f8c000 	C:\Windows\SYSTEM32\GLU32.dll
0x00007ffd20b70000 - 0x00007ffd20b95000 	C:\Users\bijum\AppData\Local\Temp\jSerialComm\1625295909486-jSerialComm.dll
0x00007ffd333e0000 - 0x00007ffd33849000 	C:\Windows\System32\SETUPAPI.dll
0x00007ffd31e60000 - 0x00007ffd31eae000 	C:\Windows\System32\cfgmgr32.dll
0x00007ffd32250000 - 0x00007ffd32277000 	C:\Windows\System32\bcrypt.dll
0x00007ffd318d0000 - 0x00007ffd318fc000 	C:\Windows\SYSTEM32\DEVOBJ.dll
0x00007ffd31e00000 - 0x00007ffd31e60000 	C:\Windows\System32\WINTRUST.dll
0x00007ffd31ca0000 - 0x00007ffd31dff000 	C:\Windows\System32\CRYPT32.dll
0x00007ffd31710000 - 0x00007ffd31722000 	C:\Windows\SYSTEM32\MSASN1.dll
0x00007ffd314c0000 - 0x00007ffd314d8000 	C:\Windows\SYSTEM32\CRYPTSP.dll
0x00007ffd30c60000 - 0x00007ffd30c94000 	C:\Windows\system32\rsaenh.dll
0x00007ffd31af0000 - 0x00007ffd31b1e000 	C:\Windows\SYSTEM32\USERENV.dll
0x00007ffd314b0000 - 0x00007ffd314bc000 	C:\Windows\SYSTEM32\CRYPTBASE.dll
0x00007ffd30fc0000 - 0x00007ffd30ffb000 	C:\Windows\SYSTEM32\IPHLPAPI.DLL
0x00007ffd32ff0000 - 0x00007ffd32ff8000 	C:\Windows\System32\NSI.dll
0x00007ffd29930000 - 0x00007ffd29947000 	C:\Windows\SYSTEM32\dhcpcsvc6.DLL
0x00007ffd295a0000 - 0x00007ffd295bd000 	C:\Windows\SYSTEM32\dhcpcsvc.DLL
0x00007ffd31000000 - 0x00007ffd310cc000 	C:\Windows\SYSTEM32\DNSAPI.dll
0x00007ffd14f80000 - 0x00007ffd14fe3000 	C:\Users\bijum\AppData\Local\Temp\usb4java4180661721806872397.tmp\libusb4java.dll
0x00007ffd08490000 - 0x00007ffd0849c000 	C:\Windows\SYSTEM32\WinUSB.DLL
0x00007ffd30470000 - 0x00007ffd3047d000 	C:\Windows\SYSTEM32\hid.DLL
0x00007ffd32580000 - 0x00007ffd32629000 	C:\Windows\System32\clbcatq.dll
0x00007ffd2add0000 - 0x00007ffd2af84000 	C:\Windows\SYSTEM32\WindowsCodecs.dll
0x00007ffd08830000 - 0x00007ffd0886e000 	C:\Windows\system32\dataexchange.dll
0x00007ffd2dcb0000 - 0x00007ffd2df14000 	C:\Windows\system32\d3d11.dll
0x00007ffd2e4e0000 - 0x00007ffd2e6c6000 	C:\Windows\system32\dcomp.dll
0x00007ffd304f0000 - 0x00007ffd305e4000 	C:\Windows\system32\dxgi.dll
0x00007ffd2b1d0000 - 0x00007ffd2b3d1000 	C:\Windows\system32\twinapi.appcore.dll
0x00007ffd14b70000 - 0x00007ffd14c0a000 	C:\Windows\system32\RICHED20.DLL
0x00007ffd08e60000 - 0x00007ffd08e99000 	C:\Windows\SYSTEM32\msls31.dll
0x00007ffd20b50000 - 0x00007ffd20b69000 	C:\Windows\SYSTEM32\USP10.dll
0x00007ffd0f090000 - 0x00007ffd0f189000 	C:\Windows\SYSTEM32\textinputframework.dll
0x00007ffd2ea50000 - 0x00007ffd2edae000 	C:\Windows\System32\CoreUIComponents.dll
0x00007ffd2edb0000 - 0x00007ffd2eea2000 	C:\Windows\System32\CoreMessaging.dll
0x00007ffd2d6f0000 - 0x00007ffd2d844000 	C:\Windows\SYSTEM32\wintypes.dll
0x00007ffd308f0000 - 0x00007ffd30923000 	C:\Windows\SYSTEM32\ntmarta.dll

dbghelp: loaded successfully - version: 4.0.5 - missing functions: none
symbol engine: initialized successfully - sym options: 0x614 - pdb path: .;C:\Program Files\Java\jdk-16\bin;C:\Windows\SYSTEM32;C:\Windows\WinSxS\amd64_microsoft.windows.common-controls_6595b64144ccf1df_6.0.19041.1052_none_60b8f8fd71f5e8cb;C:\Program Files\Java\jdk-16\bin\server;C:\Users\bijum\AppData\Local\Temp\jSerialComm;C:\Users\bijum\AppData\Local\Temp\usb4java4180661721806872397.tmp

VM Arguments:
jvm_args: -Dfile.encoding=UTF-8 -agentlib:jdwp=transport=dt_shmem,address=javadebug 
java_command: hackbugant.HackBugAnt
java_class_path (initial): C:\Program Files\NetBeans-12.3\netbeans\java\modules\ext\AbsoluteLayout.jar;D:\Works\HackBug\HackBugAnt\lib\usb-api-1.0.2.jar;D:\Works\HackBug\HackBugAnt\lib\usb4java-1.3.0.jar;D:\Works\HackBug\HackBugAnt\lib\jSerialComm-2.6.2.jar;D:\Works\HackBug\HackBugAnt\lib\json-simple-1.1.1.jar;D:\Works\HackBug\HackBugAnt\lib\commons-lang3-3.8.1.jar;D:\Works\HackBug\HackBugAnt\lib\LibusbJava.jar;D:\Works\HackBug\HackBugAnt\lib\libusb4java-1.3.0-win32-x86-64.jar;D:\Works\HackBug\HackBugAnt\build\classes
Launcher Type: SUN_STANDARD

[Global flags]
     intx CICompilerCount                          = 4                                         {product} {ergonomic}
     uint ConcGCThreads                            = 2                                         {product} {ergonomic}
     uint G1ConcRefinementThreads                  = 8                                         {product} {ergonomic}
   size_t G1HeapRegionSize                         = 1048576                                   {product} {ergonomic}
    uintx GCDrainStackTargetSize                   = 64                                        {product} {ergonomic}
   size_t InitialHeapSize                          = 130023424                                 {product} {ergonomic}
   size_t MarkStackSize                            = 4194304                                   {product} {ergonomic}
   size_t MaxHeapSize                              = 2080374784                                {product} {ergonomic}
   size_t MaxNewSize                               = 1247805440                                {product} {ergonomic}
   size_t MinHeapDeltaBytes                        = 1048576                                   {product} {ergonomic}
   size_t MinHeapSize                              = 8388608                                   {product} {ergonomic}
    uintx NonNMethodCodeHeapSize                   = 5839372                                {pd product} {ergonomic}
    uintx NonProfiledCodeHeapSize                  = 122909434                              {pd product} {ergonomic}
    uintx ProfiledCodeHeapSize                     = 122909434                              {pd product} {ergonomic}
    uintx ReservedCodeCacheSize                    = 251658240                              {pd product} {ergonomic}
     bool SegmentedCodeCache                       = true                                      {product} {ergonomic}
   size_t SoftMaxHeapSize                          = 2080374784                             {manageable} {ergonomic}
     bool UseCompressedClassPointers               = true                           {product lp64_product} {ergonomic}
     bool UseCompressedOops                        = true                           {product lp64_product} {ergonomic}
     bool UseG1GC                                  = true                                      {product} {ergonomic}
     bool UseLargePagesIndividualAllocation        = false                                  {pd product} {ergonomic}

Logging:
Log output configuration:
 #0: stdout all=warning uptime,level,tags
 #1: stderr all=off uptime,level,tags

Environment Variables:
CLASSPATH=C:\Program Files\Java\jdk-16;C:\Program Files\Java\jdk-16\conf
PATH=D:\programs\python\Scripts\;D:\programs\python\;C:\Program Files\Common Files\Oracle\Java\javapath;C:\Program Files (x86)\Common Files\Oracle\Java\javapath;C:\Windows\system32;C:\Windows;C:\Windows\System32\Wbem;C:\Windows\System32\WindowsPowerShell\v1.0\;C:\Windows\System32\OpenSSH\;D:\Git\cmd;C:\Program Files\Docker\Docker\resources\bin;C:\ProgramData\DockerDesktop\version-bin;C:\Python27;C:\Program Files\dotnet\;C:\Users\bijum\AppData\Local\Microsoft\WindowsApps;C:\Users\bijum\AppData\Local\GitHubDesktop\bin;D:\Microsoft VS Code\bin;D:\programs\Pycharm\PyCharm Community Edition 2021.1.2\bin;;C:\Users\bijum\.dotnet\tools
USERNAME=bijum
OS=Windows_NT
PROCESSOR_IDENTIFIER=Intel64 Family 6 Model 126 Stepping 5, GenuineIntel



---------------  S Y S T E M  ---------------

OS:
 Windows 10 , 64 bit Build 19041 (10.0.19041.1023)
OS uptime: 7 days 1:41 hours
Hyper-V role detected

CPU: total 8 (initial active 8) (4 cores per cpu, 2 threads per core) family 6 model 126 stepping 5 microcode 0xa0, cx8, cmov, fxsr, ht, mmx, 3dnowpref, sse, sse2, sse3, ssse3, sse4.1, sse4.2, popcnt, lzcnt, tsc, tscinvbit, avx, avx2, aes, erms, clmul, bmi1, bmi2, adx, avx512f, avx512dq, avx512cd, avx512bw, avx512vl, sha, fma, vzeroupper, avx512_vpopcntdq, avx512_vpclmulqdq, avx512_vaes, avx512_vnni, clflush, clflushopt, avx512_vmbi2, avx512_vmbi, hv

Memory: 4k page, system-wide physical 7934M (658M free)
TotalPageFile size 22813M (AvailPageFile size 5463M)
current process WorkingSet (physical memory assigned to process): 120M, peak: 146M
current process commit charge ("private bytes"): 236M, peak: 263M

vm_info: Java HotSpot(TM) 64-Bit Server VM (16+36-2231) for windows-amd64 JRE (16+36-2231), built on Feb  8 2021 11:43:10 by "mach5one" with MS VC++ 16.7 (VS2019)

END.
