#
# A fatal error has been detected by the Java Runtime Environment:
#
#  EXCEPTION_ACCESS_VIOLATION (0xc0000005) at pc=0x00007ffced98d9b6, pid=1764, tid=9716
#
# JRE version: Java(TM) SE Runtime Environment (16.0+36) (build 16+36-2231)
# Java VM: Java HotSpot(TM) 64-Bit Server VM (16+36-2231, mixed mode, sharing, tiered, compressed oops, g1 gc, windows-amd64)
# Problematic frame:
# C  [libusb4java.dll+0xd9b6]
#
# No core dump will be written. Minidumps are not enabled by default on client versions of Windows
#
# If you would like to submit a bug report, please visit:
#   https://bugreport.java.com/bugreport/crash.jsp
# The crash happened outside the Java Virtual Machine in native code.
# See problematic frame for where to report the bug.
#

---------------  S U M M A R Y ------------

Command Line: -Dfile.encoding=UTF-8 -agentlib:jdwp=transport=dt_shmem,address=javadebug hackbugant.HackBugAnt

Host: Intel(R) Core(TM) i5-1035G1 CPU @ 1.00GHz, 8 cores, 7G,  Windows 10 , 64 bit Build 19041 (10.0.19041.1023)
Time: Sat Jul  3 12:34:36 2021 India Standard Time elapsed time: 94.854629 seconds (0d 0h 1m 34s)

---------------  T H R E A D  ---------------

Current thread (0x000001f0f47077d0):  JavaThread "Thread-0" [_thread_in_native, id=9716, stack(0x0000007a1a600000,0x0000007a1a700000)]

Stack: [0x0000007a1a600000,0x0000007a1a700000],  sp=0x0000007a1a6ff128,  free space=1020k
Native frames: (J=compiled Java code, j=interpreted, Vv=VM code, C=native code)
C  [libusb4java.dll+0xd9b6]

Java frames: (J=compiled Java code, j=interpreted, Vv=VM code)
J 2380  org.usb4java.LibUsb.bulkTransfer(Lorg/usb4java/DeviceHandle;BLjava/nio/ByteBuffer;Ljava/nio/IntBuffer;J)I (0 bytes) @ 0x000001f0e378253f [0x000001f0e37824a0+0x000000000000009f]
J 2427 c2 com.bmjo.hackbug.usb.USBHelper.readUsb()[B (160 bytes) @ 0x000001f0e378c9a8 [0x000001f0e378c780+0x0000000000000228]
j  com.bmjo.hackbug.usb.UsbControler$ReadUsbData.run()V+17
j  java.lang.Thread.run()V+11 java.base@16
v  ~StubRoutines::call_stub

siginfo: EXCEPTION_ACCESS_VIOLATION (0xc0000005), writing address 0x0000000000000000


Register to memory mapping:

RIP=0x00007ffced98d9b6 libusb4java.dll
RAX=0x0 is NULL
RBX=0x000001f0f4707ae0 points into unknown readable memory: 0x00007ffcf0f333d0 | d0 33 f3 f0 fc 7f 00 00
RCX=0x0 is NULL
RDX=0x00000000fffffffe is an unallocated location in the heap
RSP=0x0000007a1a6ff128 is pointing into the stack for thread: 0x000001f0f47077d0
RBP=0x0000007a1a6ff370 is pointing into the stack for thread: 0x000001f0f47077d0
RSI=0x000001f0f5b56370 points into unknown readable memory: 0x000001f0f4624460 | 60 44 62 f4 f0 01 00 00
RDI=0x0000007a1a6ff338 is pointing into the stack for thread: 0x000001f0f47077d0
R8 =0x0 is NULL
R9 =0x000001f0f5958848 points into unknown readable memory: 0x0000000000000000 | 00 00 00 00 00 00 00 00
R10=0x0000000000008000 is an unknown value
R11=0x0000007a1a6fef40 is pointing into the stack for thread: 0x000001f0f47077d0
R12=0x0 is NULL
R13=0x00000000882403b8 is an oop: jdk.internal.ref.Cleaner 
{0x00000000882403b8} - klass: 'jdk/internal/ref/Cleaner'
R14=0x000001f0f3590e20 points into unknown readable memory: 0x0000000000000000 | 00 00 00 00 00 00 00 00
R15=0x0000000000000081 is an unknown value


Registers:
RAX=0x0000000000000000, RBX=0x000001f0f4707ae0, RCX=0x0000000000000000, RDX=0x00000000fffffffe
RSP=0x0000007a1a6ff128, RBP=0x0000007a1a6ff370, RSI=0x000001f0f5b56370, RDI=0x0000007a1a6ff338
R8 =0x0000000000000000, R9 =0x000001f0f5958848, R10=0x0000000000008000, R11=0x0000007a1a6fef40
R12=0x0000000000000000, R13=0x00000000882403b8, R14=0x000001f0f3590e20, R15=0x0000000000000081
RIP=0x00007ffced98d9b6, EFLAGS=0x0000000000010206

Top of Stack: (sp=0x0000007a1a6ff128)
0x0000007a1a6ff128:   00007ffced98ea22 000001f0f5d5fd18
0x0000007a1a6ff138:   00007ffced9939f7 0000007a1a6ff338
0x0000007a1a6ff148:   00007ffced98dad4 0000000000000000
0x0000007a1a6ff158:   000001f000000000 000001f0f5958770
0x0000007a1a6ff168:   000001f0f5b56370 000001f0f4707ae0
0x0000007a1a6ff178:   00007ffced98ca7f 000001f0f5d5fd10
0x0000007a1a6ff188:   00007ffc00000004 00007ffced9d3278
0x0000007a1a6ff198:   00007ffced9d3268 000001f0f5d5fd78
0x0000007a1a6ff1a8:   00007ffced98fc12 000001f0ffffffff
0x0000007a1a6ff1b8:   000001f0f5d5fd10 000001f0f5958770
0x0000007a1a6ff1c8:   0000000000000118 0000000000000000
0x0000007a1a6ff1d8:   00007ffced98fde7 000001f0f5d5fd78
0x0000007a1a6ff1e8:   000001f0f5b56370 0000000000000081
0x0000007a1a6ff1f8:   000001f0f3590e20 0000000000000004
0x0000007a1a6ff208:   00007ffced98fc20 0000007a1a6ff228
0x0000007a1a6ff218:   00007ffc000003e8 00002e3772131360 

Instructions: (pc=0x00007ffced98d9b6)
0x00007ffced98d8b6:   8b 4c 24 20 48 89 88 08 01 00 00 c3 cc cc cc cc
0x00007ffced98d8c6:   cc cc cc cc cc cc cc cc cc cc 48 89 4c 24 08 48
0x00007ffced98d8d6:   8b 44 24 08 48 8b 4c 24 08 48 89 48 08 48 8b 44
0x00007ffced98d8e6:   24 08 48 8b 4c 24 08 48 89 08 c3 cc cc cc cc cc
0x00007ffced98d8f6:   cc cc cc cc cc cc cc cc cc cc 48 89 54 24 10 48
0x00007ffced98d906:   89 4c 24 08 48 8b 44 24 08 48 8b 4c 24 10 48 8b
0x00007ffced98d916:   49 08 48 89 48 08 48 8b 44 24 08 48 8b 4c 24 10
0x00007ffced98d926:   48 89 08 48 8b 44 24 10 48 8b 40 08 48 8b 4c 24
0x00007ffced98d936:   08 48 89 08 48 8b 44 24 10 48 8b 4c 24 08 48 89
0x00007ffced98d946:   48 08 c3 cc cc cc cc cc cc cc 48 89 54 24 10 48
0x00007ffced98d956:   89 4c 24 08 48 8b 44 24 08 48 8b 4c 24 10 48 89
0x00007ffced98d966:   48 08 48 8b 44 24 08 48 8b 4c 24 10 48 8b 09 48
0x00007ffced98d976:   89 08 48 8b 44 24 10 48 8b 00 48 8b 4c 24 08 48
0x00007ffced98d986:   89 48 08 48 8b 44 24 10 48 8b 4c 24 08 48 89 08
0x00007ffced98d996:   c3 cc cc cc cc cc cc cc cc cc 48 89 4c 24 08 48
0x00007ffced98d9a6:   8b 44 24 08 48 8b 40 08 48 8b 4c 24 08 48 8b 09
0x00007ffced98d9b6:   48 89 08 48 8b 44 24 08 48 8b 00 48 8b 4c 24 08
0x00007ffced98d9c6:   48 8b 49 08 48 89 48 08 48 8b 44 24 08 48 c7 00
0x00007ffced98d9d6:   00 00 00 00 48 8b 44 24 08 48 c7 40 08 00 00 00
0x00007ffced98d9e6:   00 c3 cc cc cc cc cc cc cc cc 48 89 54 24 10 48
0x00007ffced98d9f6:   89 4c 24 08 48 83 ec 28 48 8b 44 24 38 48 8b 4c
0x00007ffced98da06:   24 38 48 39 48 08 75 02 eb 4e 48 8b 44 24 30 48
0x00007ffced98da16:   8b 4c 24 38 48 8b 49 08 48 89 48 08 48 8b 44 24
0x00007ffced98da26:   30 48 8b 40 08 48 8b 4c 24 30 48 89 08 48 8b 44
0x00007ffced98da36:   24 30 48 8b 4c 24 38 48 8b 09 48 89 08 48 8b 44
0x00007ffced98da46:   24 30 48 8b 00 48 8b 4c 24 30 48 89 48 08 48 8b
0x00007ffced98da56:   4c 24 38 e8 72 fe ff ff 48 83 c4 28 c3 cc cc cc
0x00007ffced98da66:   cc cc cc cc cc cc cc cc cc cc 48 89 4c 24 08 48
0x00007ffced98da76:   83 ec 28 48 8b 4c 24 30 ff 15 dc 36 03 00 33 c0
0x00007ffced98da86:   48 83 c4 28 c3 cc cc cc cc cc cc cc cc cc cc cc
0x00007ffced98da96:   cc cc cc cc cc cc cc cc cc cc 48 89 4c 24 08 48
0x00007ffced98daa6:   83 ec 28 48 8b 4c 24 30 ff 15 9c 36 03 00 48 83 


Stack slot to memory mapping:
stack at sp + 0 slots: 0x00007ffced98ea22 libusb4java.dll
stack at sp + 1 slots: 0x000001f0f5d5fd18 points into unknown readable memory: 0x0000000000000000 | 00 00 00 00 00 00 00 00
stack at sp + 2 slots: 0x00007ffced9939f7 libusb4java.dll
stack at sp + 3 slots: 0x0000007a1a6ff338 is pointing into the stack for thread: 0x000001f0f47077d0
stack at sp + 4 slots: 0x00007ffced98dad4 libusb4java.dll
stack at sp + 5 slots: 0x0 is NULL
stack at sp + 6 slots: 0x000001f000000000 is an unknown value
stack at sp + 7 slots: 0x000001f0f5958770 points into unknown readable memory: 0x0000000000000000 | 00 00 00 00 00 00 00 00


---------------  P R O C E S S  ---------------

Threads class SMR info:
_java_thread_list=0x000001f0f4a27cf0, length=22, elements={
0x000001f0f29ce410, 0x000001f0f29cee10, 0x000001f0f29df240, 0x000001f0f29e1c50,
0x000001f0f29e2a60, 0x000001f0f29e6960, 0x000001f0f29e7690, 0x000001f0f29f0190,
0x000001f0f29f2c00, 0x000001f0f34afea0, 0x000001f0f34c2ea0, 0x000001f0f34c6610,
0x000001f0f34d39e0, 0x000001f0f34dffc0, 0x000001f0f3766040, 0x000001f0f3766b70,
0x000001f0f37672a0, 0x000001f0f42c4940, 0x000001f0d2bf8a80, 0x000001f0f42d8b90,
0x000001f0f47c2110, 0x000001f0f47077d0
}

Java Threads: ( => current thread )
  0x000001f0f29ce410 JavaThread "Reference Handler" daemon [_thread_blocked, id=24768, stack(0x0000007a18d00000,0x0000007a18e00000)]
  0x000001f0f29cee10 JavaThread "Finalizer" daemon [_thread_blocked, id=30128, stack(0x0000007a18e00000,0x0000007a18f00000)]
  0x000001f0f29df240 JavaThread "Signal Dispatcher" daemon [_thread_blocked, id=30956, stack(0x0000007a18f00000,0x0000007a19000000)]
  0x000001f0f29e1c50 JavaThread "Attach Listener" daemon [_thread_blocked, id=29100, stack(0x0000007a19000000,0x0000007a19100000)]
  0x000001f0f29e2a60 JavaThread "Service Thread" daemon [_thread_blocked, id=2712, stack(0x0000007a19100000,0x0000007a19200000)]
  0x000001f0f29e6960 JavaThread "Monitor Deflation Thread" daemon [_thread_blocked, id=31632, stack(0x0000007a19200000,0x0000007a19300000)]
  0x000001f0f29e7690 JavaThread "C2 CompilerThread0" daemon [_thread_blocked, id=21788, stack(0x0000007a19300000,0x0000007a19400000)]
  0x000001f0f29f0190 JavaThread "C1 CompilerThread0" daemon [_thread_blocked, id=25024, stack(0x0000007a19400000,0x0000007a19500000)]
  0x000001f0f29f2c00 JavaThread "Sweeper thread" daemon [_thread_blocked, id=26544, stack(0x0000007a19500000,0x0000007a19600000)]
  0x000001f0f34afea0 JavaThread "JDWP Transport Listener: dt_shmem" daemon [_thread_blocked, id=15524, stack(0x0000007a19600000,0x0000007a19700000)]
  0x000001f0f34c2ea0 JavaThread "JDWP Event Helper Thread" daemon [_thread_blocked, id=7644, stack(0x0000007a19700000,0x0000007a19800000)]
  0x000001f0f34c6610 JavaThread "JDWP Command Reader" daemon [_thread_in_native, id=9528, stack(0x0000007a19800000,0x0000007a19900000)]
  0x000001f0f34d39e0 JavaThread "Notification Thread" daemon [_thread_blocked, id=27924, stack(0x0000007a19900000,0x0000007a19a00000)]
  0x000001f0f34dffc0 JavaThread "Common-Cleaner" daemon [_thread_blocked, id=16128, stack(0x0000007a19b00000,0x0000007a19c00000)]
  0x000001f0f3766040 JavaThread "Java2D Disposer" daemon [_thread_blocked, id=23936, stack(0x0000007a19c00000,0x0000007a19d00000)]
  0x000001f0f3766b70 JavaThread "AWT-Shutdown" [_thread_blocked, id=21208, stack(0x0000007a19d00000,0x0000007a19e00000)]
  0x000001f0f37672a0 JavaThread "AWT-Windows" daemon [_thread_in_native, id=15476, stack(0x0000007a19e00000,0x0000007a19f00000)]
  0x000001f0f42c4940 JavaThread "AWT-EventQueue-0" [_thread_blocked, id=19684, stack(0x0000007a19f00000,0x0000007a1a000000)]
  0x000001f0d2bf8a80 JavaThread "DestroyJavaVM" [_thread_blocked, id=29932, stack(0x0000007a18600000,0x0000007a18700000)]
  0x000001f0f42d8b90 JavaThread "org.netbeans.modules.debugger.jpda.visual AWT Access Loop" daemon [_thread_blocked, id=27152, stack(0x0000007a1a000000,0x0000007a1a100000)]
  0x000001f0f47c2110 JavaThread "TimerQueue" daemon [_thread_blocked, id=26264, stack(0x0000007a1a100000,0x0000007a1a200000)]
=>0x000001f0f47077d0 JavaThread "Thread-0" [_thread_in_native, id=9716, stack(0x0000007a1a600000,0x0000007a1a700000)]

Other Threads:
  0x000001f0f29c8a10 VMThread "VM Thread" [stack: 0x0000007a18c00000,0x0000007a18d00000] [id=28888]
  0x000001f0f34d6360 WatcherThread [stack: 0x0000007a19a00000,0x0000007a19b00000] [id=29324]
  0x000001f0d2c37580 GCTaskThread "GC Thread#0" [stack: 0x0000007a18700000,0x0000007a18800000] [id=16140]
  0x000001f0f489fa30 GCTaskThread "GC Thread#1" [stack: 0x0000007a1a800000,0x0000007a1a900000] [id=26960]
  0x000001f0f48a0150 GCTaskThread "GC Thread#2" [stack: 0x0000007a1a900000,0x0000007a1aa00000] [id=13820]
  0x000001f0f48a0460 GCTaskThread "GC Thread#3" [stack: 0x0000007a1aa00000,0x0000007a1ab00000] [id=18488]
  0x000001f0f48a0770 GCTaskThread "GC Thread#4" [stack: 0x0000007a1ab00000,0x0000007a1ac00000] [id=11508]
  0x000001f0f4957390 GCTaskThread "GC Thread#5" [stack: 0x0000007a1ac00000,0x0000007a1ad00000] [id=24908]
  0x000001f0f5956b90 GCTaskThread "GC Thread#6" [stack: 0x0000007a1ad00000,0x0000007a1ae00000] [id=18384]
  0x000001f0f5956ea0 GCTaskThread "GC Thread#7" [stack: 0x0000007a1ae00000,0x0000007a1af00000] [id=20852]
  0x000001f0d2c48ed0 ConcurrentGCThread "G1 Main Marker" [stack: 0x0000007a18800000,0x0000007a18900000] [id=13716]
  0x000001f0d2c4a160 ConcurrentGCThread "G1 Conc#0" [stack: 0x0000007a18900000,0x0000007a18a00000] [id=29952]
  0x000001f0d2cc1f60 ConcurrentGCThread "G1 Refine#0" [stack: 0x0000007a18a00000,0x0000007a18b00000] [id=22960]
  0x000001f0d2cc2a60 ConcurrentGCThread "G1 Service" [stack: 0x0000007a18b00000,0x0000007a18c00000] [id=25012]

Threads with active compile tasks:

VM state: not at safepoint (normal execution)

VM Mutex/Monitor currently owned by a thread: None

Heap address: 0x0000000084000000, size: 1984 MB, Compressed Oops mode: 32-bit
CDS archive(s) mapped at: [0x0000000800000000-0x0000000800bb0000-0x0000000800bb0000), size 12255232, SharedBaseAddress: 0x0000000800000000, ArchiveRelocationMode: 0.
Compressed class space mapped at: 0x0000000800c00000-0x0000000840c00000, reserved size: 1073741824
Narrow klass base: 0x0000000800000000, Narrow klass shift: 3, Narrow klass range: 0x100000000

GC Precious Log:
 CPUs: 8 total, 8 available
 Memory: 7934M
 Large Page Support: Disabled
 NUMA Support: Disabled
 Compressed Oops: Enabled (32-bit)
 Heap Region Size: 1M
 Heap Min Capacity: 8M
 Heap Initial Capacity: 124M
 Heap Max Capacity: 1984M
 Pre-touch: Disabled
 Parallel Workers: 8
 Concurrent Workers: 2
 Concurrent Refinement Workers: 8
 Periodic GC: Disabled

Heap:
 garbage-first heap   total 126976K, used 81064K [0x0000000084000000, 0x0000000100000000)
  region size 1024K, 64 young (65536K), 6 survivors (6144K)
 Metaspace       used 16044K, committed 16256K, reserved 1064960K
  class space    used 1796K, committed 1920K, reserved 1048576K

Heap Regions: E=young(eden), S=young(survivor), O=old, HS=humongous(starts), HC=humongous(continues), CS=collection set, F=free, OA=open archive, CA=closed archive, TAMS=top-at-mark-start (previous, next)
|   0|0x0000000084000000, 0x0000000084100000, 0x0000000084100000|100%|HS|  |TAMS 0x0000000084000000, 0x0000000084000000| Complete 
|   1|0x0000000084100000, 0x0000000084200000, 0x0000000084200000|100%|HC|  |TAMS 0x0000000084100000, 0x0000000084100000| Complete 
|   2|0x0000000084200000, 0x0000000084300000, 0x0000000084300000|100%|HC|  |TAMS 0x0000000084200000, 0x0000000084200000| Complete 
|   3|0x0000000084300000, 0x0000000084400000, 0x0000000084400000|100%|HC|  |TAMS 0x0000000084300000, 0x0000000084300000| Complete 
|   4|0x0000000084400000, 0x0000000084500000, 0x0000000084500000|100%|HC|  |TAMS 0x0000000084400000, 0x0000000084400000| Complete 
|   5|0x0000000084500000, 0x0000000084600000, 0x0000000084600000|100%| O|  |TAMS 0x0000000084500000, 0x0000000084500000| Untracked 
|   6|0x0000000084600000, 0x0000000084700000, 0x0000000084700000|100%|HS|  |TAMS 0x0000000084600000, 0x0000000084600000| Complete 
|   7|0x0000000084700000, 0x0000000084800000, 0x0000000084800000|100%|HC|  |TAMS 0x0000000084700000, 0x0000000084700000| Complete 
|   8|0x0000000084800000, 0x0000000084900000, 0x0000000084900000|100%|HC|  |TAMS 0x0000000084800000, 0x0000000084800000| Complete 
|   9|0x0000000084900000, 0x0000000084a00000, 0x0000000084a00000|100%|HC|  |TAMS 0x0000000084900000, 0x0000000084900000| Complete 
|  10|0x0000000084a00000, 0x0000000084b00000, 0x0000000084b00000|100%|HC|  |TAMS 0x0000000084a00000, 0x0000000084a00000| Complete 
|  11|0x0000000084b00000, 0x0000000084c00000, 0x0000000084c00000|100%|HC|  |TAMS 0x0000000084b00000, 0x0000000084b00000| Complete 
|  12|0x0000000084c00000, 0x0000000084d00000, 0x0000000084d00000|100%|HC|  |TAMS 0x0000000084c00000, 0x0000000084c00000| Complete 
|  13|0x0000000084d00000, 0x0000000084e00000, 0x0000000084e00000|100%| O|  |TAMS 0x0000000084d00000, 0x0000000084d00000| Untracked 
|  14|0x0000000084e00000, 0x0000000084f00000, 0x0000000084f00000|100%| O|  |TAMS 0x0000000084e00000, 0x0000000084e00000| Untracked 
|  15|0x0000000084f00000, 0x0000000085000000, 0x0000000085000000|100%| O|  |TAMS 0x0000000084f00000, 0x0000000084f00000| Untracked 
|  16|0x0000000085000000, 0x000000008508f400, 0x0000000085100000| 55%| O|  |TAMS 0x0000000085000000, 0x0000000085000000| Untracked 
|  17|0x0000000085100000, 0x0000000085100000, 0x0000000085200000|  0%| F|  |TAMS 0x0000000085100000, 0x0000000085100000| Untracked 
|  18|0x0000000085200000, 0x0000000085200000, 0x0000000085300000|  0%| F|  |TAMS 0x0000000085200000, 0x0000000085200000| Untracked 
|  19|0x0000000085300000, 0x0000000085300000, 0x0000000085400000|  0%| F|  |TAMS 0x0000000085300000, 0x0000000085300000| Untracked 
|  20|0x0000000085400000, 0x0000000085400000, 0x0000000085500000|  0%| F|  |TAMS 0x0000000085400000, 0x0000000085400000| Untracked 
|  21|0x0000000085500000, 0x0000000085500000, 0x0000000085600000|  0%| F|  |TAMS 0x0000000085500000, 0x0000000085500000| Untracked 
|  22|0x0000000085600000, 0x0000000085600000, 0x0000000085700000|  0%| F|  |TAMS 0x0000000085600000, 0x0000000085600000| Untracked 
|  23|0x0000000085700000, 0x0000000085700000, 0x0000000085800000|  0%| F|  |TAMS 0x0000000085700000, 0x0000000085700000| Untracked 
|  24|0x0000000085800000, 0x0000000085800000, 0x0000000085900000|  0%| F|  |TAMS 0x0000000085800000, 0x0000000085800000| Untracked 
|  25|0x0000000085900000, 0x0000000085900000, 0x0000000085a00000|  0%| F|  |TAMS 0x0000000085900000, 0x0000000085900000| Untracked 
|  26|0x0000000085a00000, 0x0000000085a00000, 0x0000000085b00000|  0%| F|  |TAMS 0x0000000085a00000, 0x0000000085a00000| Untracked 
|  27|0x0000000085b00000, 0x0000000085b00000, 0x0000000085c00000|  0%| F|  |TAMS 0x0000000085b00000, 0x0000000085b00000| Untracked 
|  28|0x0000000085c00000, 0x0000000085c00000, 0x0000000085d00000|  0%| F|  |TAMS 0x0000000085c00000, 0x0000000085c00000| Untracked 
|  29|0x0000000085d00000, 0x0000000085d00000, 0x0000000085e00000|  0%| F|  |TAMS 0x0000000085d00000, 0x0000000085d00000| Untracked 
|  30|0x0000000085e00000, 0x0000000085e00000, 0x0000000085f00000|  0%| F|  |TAMS 0x0000000085e00000, 0x0000000085e00000| Untracked 
|  31|0x0000000085f00000, 0x0000000085f00000, 0x0000000086000000|  0%| F|  |TAMS 0x0000000085f00000, 0x0000000085f00000| Untracked 
|  32|0x0000000086000000, 0x0000000086000000, 0x0000000086100000|  0%| F|  |TAMS 0x0000000086000000, 0x0000000086000000| Untracked 
|  33|0x0000000086100000, 0x0000000086100000, 0x0000000086200000|  0%| F|  |TAMS 0x0000000086100000, 0x0000000086100000| Untracked 
|  34|0x0000000086200000, 0x0000000086200000, 0x0000000086300000|  0%| F|  |TAMS 0x0000000086200000, 0x0000000086200000| Untracked 
|  35|0x0000000086300000, 0x0000000086300000, 0x0000000086400000|  0%| F|  |TAMS 0x0000000086300000, 0x0000000086300000| Untracked 
|  36|0x0000000086400000, 0x0000000086400000, 0x0000000086500000|  0%| F|  |TAMS 0x0000000086400000, 0x0000000086400000| Untracked 
|  37|0x0000000086500000, 0x0000000086500000, 0x0000000086600000|  0%| F|  |TAMS 0x0000000086500000, 0x0000000086500000| Untracked 
|  38|0x0000000086600000, 0x0000000086600000, 0x0000000086700000|  0%| F|  |TAMS 0x0000000086600000, 0x0000000086600000| Untracked 
|  39|0x0000000086700000, 0x0000000086700000, 0x0000000086800000|  0%| F|  |TAMS 0x0000000086700000, 0x0000000086700000| Untracked 
|  40|0x0000000086800000, 0x0000000086800000, 0x0000000086900000|  0%| F|  |TAMS 0x0000000086800000, 0x0000000086800000| Untracked 
|  41|0x0000000086900000, 0x0000000086900000, 0x0000000086a00000|  0%| F|  |TAMS 0x0000000086900000, 0x0000000086900000| Untracked 
|  42|0x0000000086a00000, 0x0000000086a00000, 0x0000000086b00000|  0%| F|  |TAMS 0x0000000086a00000, 0x0000000086a00000| Untracked 
|  43|0x0000000086b00000, 0x0000000086b00000, 0x0000000086c00000|  0%| F|  |TAMS 0x0000000086b00000, 0x0000000086b00000| Untracked 
|  44|0x0000000086c00000, 0x0000000086c00000, 0x0000000086d00000|  0%| F|  |TAMS 0x0000000086c00000, 0x0000000086c00000| Untracked 
|  45|0x0000000086d00000, 0x0000000086d00000, 0x0000000086e00000|  0%| F|  |TAMS 0x0000000086d00000, 0x0000000086d00000| Untracked 
|  46|0x0000000086e00000, 0x0000000086e00000, 0x0000000086f00000|  0%| F|  |TAMS 0x0000000086e00000, 0x0000000086e00000| Untracked 
|  47|0x0000000086f00000, 0x0000000086f00000, 0x0000000087000000|  0%| F|  |TAMS 0x0000000086f00000, 0x0000000086f00000| Untracked 
|  48|0x0000000087000000, 0x0000000087000000, 0x0000000087100000|  0%| F|  |TAMS 0x0000000087000000, 0x0000000087000000| Untracked 
|  49|0x0000000087100000, 0x0000000087100000, 0x0000000087200000|  0%| F|  |TAMS 0x0000000087100000, 0x0000000087100000| Untracked 
|  50|0x0000000087200000, 0x000000008729af88, 0x0000000087300000| 60%| S|CS|TAMS 0x0000000087200000, 0x0000000087200000| Complete 
|  51|0x0000000087300000, 0x0000000087400000, 0x0000000087400000|100%| S|CS|TAMS 0x0000000087300000, 0x0000000087300000| Complete 
|  52|0x0000000087400000, 0x0000000087500000, 0x0000000087500000|100%| S|CS|TAMS 0x0000000087400000, 0x0000000087400000| Complete 
|  53|0x0000000087500000, 0x0000000087600000, 0x0000000087600000|100%| S|CS|TAMS 0x0000000087500000, 0x0000000087500000| Complete 
|  54|0x0000000087600000, 0x0000000087700000, 0x0000000087700000|100%| S|CS|TAMS 0x0000000087600000, 0x0000000087600000| Complete 
|  55|0x0000000087700000, 0x0000000087800000, 0x0000000087800000|100%| S|CS|TAMS 0x0000000087700000, 0x0000000087700000| Complete 
|  56|0x0000000087800000, 0x0000000087800000, 0x0000000087900000|  0%| F|  |TAMS 0x0000000087800000, 0x0000000087800000| Untracked 
|  57|0x0000000087900000, 0x0000000087900000, 0x0000000087a00000|  0%| F|  |TAMS 0x0000000087900000, 0x0000000087900000| Untracked 
|  58|0x0000000087a00000, 0x0000000087a00000, 0x0000000087b00000|  0%| F|  |TAMS 0x0000000087a00000, 0x0000000087a00000| Untracked 
|  59|0x0000000087b00000, 0x0000000087b00000, 0x0000000087c00000|  0%| F|  |TAMS 0x0000000087b00000, 0x0000000087b00000| Untracked 
|  60|0x0000000087c00000, 0x0000000087c00000, 0x0000000087d00000|  0%| F|  |TAMS 0x0000000087c00000, 0x0000000087c00000| Untracked 
|  61|0x0000000087d00000, 0x0000000087d00000, 0x0000000087e00000|  0%| F|  |TAMS 0x0000000087d00000, 0x0000000087d00000| Untracked 
|  62|0x0000000087e00000, 0x0000000087e00000, 0x0000000087f00000|  0%| F|  |TAMS 0x0000000087e00000, 0x0000000087e00000| Untracked 
|  63|0x0000000087f00000, 0x0000000087f00000, 0x0000000088000000|  0%| F|  |TAMS 0x0000000087f00000, 0x0000000087f00000| Untracked 
|  64|0x0000000088000000, 0x0000000088000000, 0x0000000088100000|  0%| F|  |TAMS 0x0000000088000000, 0x0000000088000000| Untracked 
|  65|0x0000000088100000, 0x0000000088100000, 0x0000000088200000|  0%| F|  |TAMS 0x0000000088100000, 0x0000000088100000| Untracked 
|  66|0x0000000088200000, 0x0000000088292578, 0x0000000088300000| 57%| E|  |TAMS 0x0000000088200000, 0x0000000088200000| Complete 
|  67|0x0000000088300000, 0x0000000088400000, 0x0000000088400000|100%| E|CS|TAMS 0x0000000088300000, 0x0000000088300000| Complete 
|  68|0x0000000088400000, 0x0000000088500000, 0x0000000088500000|100%| E|CS|TAMS 0x0000000088400000, 0x0000000088400000| Complete 
|  69|0x0000000088500000, 0x0000000088600000, 0x0000000088600000|100%| E|CS|TAMS 0x0000000088500000, 0x0000000088500000| Complete 
|  70|0x0000000088600000, 0x0000000088700000, 0x0000000088700000|100%| E|CS|TAMS 0x0000000088600000, 0x0000000088600000| Complete 
|  71|0x0000000088700000, 0x0000000088800000, 0x0000000088800000|100%| E|CS|TAMS 0x0000000088700000, 0x0000000088700000| Complete 
|  72|0x0000000088800000, 0x0000000088900000, 0x0000000088900000|100%| E|CS|TAMS 0x0000000088800000, 0x0000000088800000| Complete 
|  73|0x0000000088900000, 0x0000000088a00000, 0x0000000088a00000|100%| E|CS|TAMS 0x0000000088900000, 0x0000000088900000| Complete 
|  74|0x0000000088a00000, 0x0000000088b00000, 0x0000000088b00000|100%| E|CS|TAMS 0x0000000088a00000, 0x0000000088a00000| Complete 
|  75|0x0000000088b00000, 0x0000000088c00000, 0x0000000088c00000|100%| E|CS|TAMS 0x0000000088b00000, 0x0000000088b00000| Complete 
|  76|0x0000000088c00000, 0x0000000088d00000, 0x0000000088d00000|100%| E|CS|TAMS 0x0000000088c00000, 0x0000000088c00000| Complete 
|  77|0x0000000088d00000, 0x0000000088e00000, 0x0000000088e00000|100%| E|CS|TAMS 0x0000000088d00000, 0x0000000088d00000| Complete 
|  78|0x0000000088e00000, 0x0000000088f00000, 0x0000000088f00000|100%| E|CS|TAMS 0x0000000088e00000, 0x0000000088e00000| Complete 
|  79|0x0000000088f00000, 0x0000000089000000, 0x0000000089000000|100%| E|CS|TAMS 0x0000000088f00000, 0x0000000088f00000| Complete 
|  80|0x0000000089000000, 0x0000000089100000, 0x0000000089100000|100%| E|CS|TAMS 0x0000000089000000, 0x0000000089000000| Complete 
|  81|0x0000000089100000, 0x0000000089200000, 0x0000000089200000|100%| E|CS|TAMS 0x0000000089100000, 0x0000000089100000| Complete 
|  82|0x0000000089200000, 0x0000000089300000, 0x0000000089300000|100%| E|CS|TAMS 0x0000000089200000, 0x0000000089200000| Complete 
|  83|0x0000000089300000, 0x0000000089400000, 0x0000000089400000|100%| E|CS|TAMS 0x0000000089300000, 0x0000000089300000| Complete 
|  84|0x0000000089400000, 0x0000000089500000, 0x0000000089500000|100%| E|CS|TAMS 0x0000000089400000, 0x0000000089400000| Complete 
|  85|0x0000000089500000, 0x0000000089600000, 0x0000000089600000|100%| E|CS|TAMS 0x0000000089500000, 0x0000000089500000| Complete 
|  86|0x0000000089600000, 0x0000000089700000, 0x0000000089700000|100%| E|CS|TAMS 0x0000000089600000, 0x0000000089600000| Complete 
|  87|0x0000000089700000, 0x0000000089800000, 0x0000000089800000|100%| E|CS|TAMS 0x0000000089700000, 0x0000000089700000| Complete 
|  88|0x0000000089800000, 0x0000000089900000, 0x0000000089900000|100%| E|CS|TAMS 0x0000000089800000, 0x0000000089800000| Complete 
|  89|0x0000000089900000, 0x0000000089a00000, 0x0000000089a00000|100%| E|CS|TAMS 0x0000000089900000, 0x0000000089900000| Complete 
|  90|0x0000000089a00000, 0x0000000089b00000, 0x0000000089b00000|100%| E|CS|TAMS 0x0000000089a00000, 0x0000000089a00000| Complete 
|  91|0x0000000089b00000, 0x0000000089c00000, 0x0000000089c00000|100%| E|CS|TAMS 0x0000000089b00000, 0x0000000089b00000| Complete 
|  92|0x0000000089c00000, 0x0000000089d00000, 0x0000000089d00000|100%| E|CS|TAMS 0x0000000089c00000, 0x0000000089c00000| Complete 
|  93|0x0000000089d00000, 0x0000000089e00000, 0x0000000089e00000|100%| E|CS|TAMS 0x0000000089d00000, 0x0000000089d00000| Complete 
|  94|0x0000000089e00000, 0x0000000089f00000, 0x0000000089f00000|100%| E|CS|TAMS 0x0000000089e00000, 0x0000000089e00000| Complete 
|  95|0x0000000089f00000, 0x000000008a000000, 0x000000008a000000|100%| E|CS|TAMS 0x0000000089f00000, 0x0000000089f00000| Complete 
|  96|0x000000008a000000, 0x000000008a100000, 0x000000008a100000|100%| E|CS|TAMS 0x000000008a000000, 0x000000008a000000| Complete 
|  97|0x000000008a100000, 0x000000008a200000, 0x000000008a200000|100%| E|CS|TAMS 0x000000008a100000, 0x000000008a100000| Complete 
|  98|0x000000008a200000, 0x000000008a300000, 0x000000008a300000|100%| E|CS|TAMS 0x000000008a200000, 0x000000008a200000| Complete 
|  99|0x000000008a300000, 0x000000008a400000, 0x000000008a400000|100%| E|CS|TAMS 0x000000008a300000, 0x000000008a300000| Complete 
| 100|0x000000008a400000, 0x000000008a500000, 0x000000008a500000|100%| E|CS|TAMS 0x000000008a400000, 0x000000008a400000| Complete 
| 101|0x000000008a500000, 0x000000008a600000, 0x000000008a600000|100%| E|CS|TAMS 0x000000008a500000, 0x000000008a500000| Complete 
| 102|0x000000008a600000, 0x000000008a700000, 0x000000008a700000|100%| E|CS|TAMS 0x000000008a600000, 0x000000008a600000| Complete 
| 103|0x000000008a700000, 0x000000008a800000, 0x000000008a800000|100%| E|CS|TAMS 0x000000008a700000, 0x000000008a700000| Complete 
| 104|0x000000008a800000, 0x000000008a900000, 0x000000008a900000|100%| E|CS|TAMS 0x000000008a800000, 0x000000008a800000| Complete 
| 105|0x000000008a900000, 0x000000008aa00000, 0x000000008aa00000|100%| E|CS|TAMS 0x000000008a900000, 0x000000008a900000| Complete 
| 106|0x000000008aa00000, 0x000000008ab00000, 0x000000008ab00000|100%| E|CS|TAMS 0x000000008aa00000, 0x000000008aa00000| Complete 
| 107|0x000000008ab00000, 0x000000008ac00000, 0x000000008ac00000|100%| E|CS|TAMS 0x000000008ab00000, 0x000000008ab00000| Complete 
| 108|0x000000008ac00000, 0x000000008ad00000, 0x000000008ad00000|100%| E|CS|TAMS 0x000000008ac00000, 0x000000008ac00000| Complete 
| 109|0x000000008ad00000, 0x000000008ae00000, 0x000000008ae00000|100%| E|CS|TAMS 0x000000008ad00000, 0x000000008ad00000| Complete 
| 110|0x000000008ae00000, 0x000000008af00000, 0x000000008af00000|100%| E|CS|TAMS 0x000000008ae00000, 0x000000008ae00000| Complete 
| 111|0x000000008af00000, 0x000000008b000000, 0x000000008b000000|100%| E|CS|TAMS 0x000000008af00000, 0x000000008af00000| Complete 
| 112|0x000000008b000000, 0x000000008b100000, 0x000000008b100000|100%| E|CS|TAMS 0x000000008b000000, 0x000000008b000000| Complete 
| 113|0x000000008b100000, 0x000000008b200000, 0x000000008b200000|100%| E|CS|TAMS 0x000000008b100000, 0x000000008b100000| Complete 
| 114|0x000000008b200000, 0x000000008b300000, 0x000000008b300000|100%| E|CS|TAMS 0x000000008b200000, 0x000000008b200000| Complete 
| 115|0x000000008b300000, 0x000000008b400000, 0x000000008b400000|100%| E|CS|TAMS 0x000000008b300000, 0x000000008b300000| Complete 
| 116|0x000000008b400000, 0x000000008b500000, 0x000000008b500000|100%| E|CS|TAMS 0x000000008b400000, 0x000000008b400000| Complete 
| 117|0x000000008b500000, 0x000000008b600000, 0x000000008b600000|100%| E|CS|TAMS 0x000000008b500000, 0x000000008b500000| Complete 
| 118|0x000000008b600000, 0x000000008b700000, 0x000000008b700000|100%| E|CS|TAMS 0x000000008b600000, 0x000000008b600000| Complete 
| 119|0x000000008b700000, 0x000000008b800000, 0x000000008b800000|100%| E|CS|TAMS 0x000000008b700000, 0x000000008b700000| Complete 
| 120|0x000000008b800000, 0x000000008b900000, 0x000000008b900000|100%| E|CS|TAMS 0x000000008b800000, 0x000000008b800000| Complete 
| 121|0x000000008b900000, 0x000000008ba00000, 0x000000008ba00000|100%| E|CS|TAMS 0x000000008b900000, 0x000000008b900000| Complete 
| 122|0x000000008ba00000, 0x000000008bb00000, 0x000000008bb00000|100%| E|CS|TAMS 0x000000008ba00000, 0x000000008ba00000| Complete 
| 123|0x000000008bb00000, 0x000000008bc00000, 0x000000008bc00000|100%| E|CS|TAMS 0x000000008bb00000, 0x000000008bb00000| Complete 

Card table byte_map: [0x000001f0eb9c0000,0x000001f0ebda0000] _byte_map_base: 0x000001f0eb5a0000

Marking Bits (Prev, Next): (CMBitMap*) 0x000001f0d2c37c70, (CMBitMap*) 0x000001f0d2c37cb0
 Prev Bits: [0x000001f0ec180000, 0x000001f0ee080000)
 Next Bits: [0x000001f0ee080000, 0x000001f0eff80000)

Polling page: 0x000001f0d2ce0000

Metaspace:

Usage:
  Non-class:     13.91 MB used.
      Class:      1.75 MB used.
       Both:     15.67 MB used.

Virtual space:
  Non-class space:       16.00 MB reserved,      14.00 MB ( 88%) committed,  2 nodes.
      Class space:        1.00 GB reserved,       1.88 MB ( <1%) committed,  1 nodes.
              Both:        1.02 GB reserved,      15.88 MB (  2%) committed. 

Chunk freelists:
   Non-Class:  1.97 MB
       Class:  2.11 MB
        Both:  4.08 MB

MaxMetaspaceSize: 17179869184.00 GB
CompressedClassSpaceSize: 1.00 GB
 - commit_granule_bytes: 65536.
 - commit_granule_words: 8192.
 - virtual_space_node_default_size: 1048576.
 - enlarge_chunks_in_place: 1.
 - new_chunks_are_fully_committed: 0.
 - uncommit_free_chunks: 1.
 - use_allocation_guard: 0.
 - handle_deallocations: 1.


Internal statistics:

num_allocs_failed_limit: 0.
num_arena_births: 130.
num_arena_deaths: 0.
num_vsnodes_births: 3.
num_vsnodes_deaths: 0.
num_space_committed: 254.
num_space_uncommitted: 0.
num_chunks_returned_to_freelist: 0.
num_chunks_taken_from_freelist: 225.
num_chunk_merges: 0.
num_chunk_splits: 121.
num_chunks_enlarged: 62.
num_purges: 0.

CodeHeap 'non-profiled nmethods': size=120000Kb used=1403Kb max_used=1403Kb free=118596Kb
 bounds [0x000001f0e3650000, 0x000001f0e38c0000, 0x000001f0eab80000]
CodeHeap 'profiled nmethods': size=120000Kb used=4942Kb max_used=4942Kb free=115057Kb
 bounds [0x000001f0dc120000, 0x000001f0dc600000, 0x000001f0e3650000]
CodeHeap 'non-nmethods': size=5760Kb used=1444Kb max_used=1503Kb free=4315Kb
 bounds [0x000001f0dbb80000, 0x000001f0dbdf0000, 0x000001f0dc120000]
 total_blobs=3204 nmethods=2500 adapters=614
 compilation: enabled
              stopped_count=0, restarted_count=0
 full_count=0

Compilation events (20 events):
Event: 73.508 Thread 0x000001f0f29f0190 2495       3       sun.java2d.pipe.AAShapePipe::fill (8 bytes)
Event: 73.508 Thread 0x000001f0f29f0190 nmethod 2495 0x000001f0dc5f0710 code [0x000001f0dc5f08c0, 0x000001f0dc5f0a28]
Event: 73.508 Thread 0x000001f0f29f0190 2496       3       sun.java2d.marlin.DMarlinRenderingEngine$NormMode$3::getNormalizingPathIterator (2 bytes)
Event: 73.508 Thread 0x000001f0f29f0190 nmethod 2496 0x000001f0dc5f0b10 code [0x000001f0dc5f0ca0, 0x000001f0dc5f0db8]
Event: 73.508 Thread 0x000001f0f29f0190 2497       3       sun.java2d.marlin.DTransformingPathConsumer2D$PathClipFilter::moveTo (49 bytes)
Event: 73.508 Thread 0x000001f0f29f0190 nmethod 2497 0x000001f0dc5f0e90 code [0x000001f0dc5f1060, 0x000001f0dc5f1488]
Event: 73.508 Thread 0x000001f0f29f0190 2498       3       sun.java2d.marlin.DTransformingPathConsumer2D$PathClipFilter::closePath (49 bytes)
Event: 73.508 Thread 0x000001f0f29f0190 nmethod 2498 0x000001f0dc5f1610 code [0x000001f0dc5f17e0, 0x000001f0dc5f1bc8]
Event: 73.508 Thread 0x000001f0f29f0190 2499       3       javax.swing.plaf.nimbus.ImageCache::isImageCachable (16 bytes)
Event: 73.508 Thread 0x000001f0f29f0190 nmethod 2499 0x000001f0dc5f1d10 code [0x000001f0dc5f1ea0, 0x000001f0dc5f2018]
Event: 73.508 Thread 0x000001f0f29f0190 2494       1       sun.java2d.loops.ScaledBlit::makePrimitive (2 bytes)
Event: 73.508 Thread 0x000001f0f29e7690 2500       4       sun.java2d.marlin.DCurve::set (153 bytes)
Event: 73.508 Thread 0x000001f0f29f0190 nmethod 2494 0x000001f0e37ad290 code [0x000001f0e37ad420, 0x000001f0e37ad4f8]
Event: 73.509 Thread 0x000001f0f29e7690 nmethod 2500 0x000001f0e37ad590 code [0x000001f0e37ad740, 0x000001f0e37ad858]
Event: 73.509 Thread 0x000001f0f29e7690 2501       4       javax.swing.plaf.nimbus.NimbusStyle::getExtendedState (248 bytes)
Event: 73.516 Thread 0x000001f0f29e7690 nmethod 2501 0x000001f0e37ad910 code [0x000001f0e37adae0, 0x000001f0e37ae568]
Event: 85.408 Thread 0x000001f0f29e7690 2502       4       sun.awt.SunToolkit::getAppContext (42 bytes)
Event: 85.408 Thread 0x000001f0f29e7690 nmethod 2502 0x000001f0e37aeb10 code [0x000001f0e37aeca0, 0x000001f0e37aed78]
Event: 87.505 Thread 0x000001f0f29f0190 2503       3       java.util.WeakHashMap::put (160 bytes)
Event: 87.506 Thread 0x000001f0f29f0190 nmethod 2503 0x000001f0dc5f2090 code [0x000001f0dc5f2320, 0x000001f0dc5f3368]

GC Heap History (20 events):
Event: 73.672 GC heap before
{Heap before GC invocations=6 (full 0):
 garbage-first heap   total 126976K, used 91952K [0x0000000084000000, 0x0000000100000000)
  region size 1024K, 74 young (75776K), 6 survivors (6144K)
 Metaspace       used 16041K, committed 16256K, reserved 1064960K
  class space    used 1796K, committed 1920K, reserved 1048576K
}
Event: 73.688 GC heap after
{Heap after GC invocations=7 (full 0):
 garbage-first heap   total 126976K, used 22447K [0x0000000084000000, 0x0000000100000000)
  region size 1024K, 6 young (6144K), 6 survivors (6144K)
 Metaspace       used 16041K, committed 16256K, reserved 1064960K
  class space    used 1796K, committed 1920K, reserved 1048576K
}
Event: 75.945 GC heap before
{Heap before GC invocations=7 (full 0):
 garbage-first heap   total 126976K, used 92079K [0x0000000084000000, 0x0000000100000000)
  region size 1024K, 74 young (75776K), 6 survivors (6144K)
 Metaspace       used 16041K, committed 16256K, reserved 1064960K
  class space    used 1796K, committed 1920K, reserved 1048576K
}
Event: 75.962 GC heap after
{Heap after GC invocations=8 (full 0):
 garbage-first heap   total 126976K, used 22571K [0x0000000084000000, 0x0000000100000000)
  region size 1024K, 6 young (6144K), 6 survivors (6144K)
 Metaspace       used 16041K, committed 16256K, reserved 1064960K
  class space    used 1796K, committed 1920K, reserved 1048576K
}
Event: 78.017 GC heap before
{Heap before GC invocations=8 (full 0):
 garbage-first heap   total 126976K, used 92203K [0x0000000084000000, 0x0000000100000000)
  region size 1024K, 74 young (75776K), 6 survivors (6144K)
 Metaspace       used 16041K, committed 16256K, reserved 1064960K
  class space    used 1796K, committed 1920K, reserved 1048576K
}
Event: 78.034 GC heap after
{Heap after GC invocations=9 (full 0):
 garbage-first heap   total 126976K, used 22574K [0x0000000084000000, 0x0000000100000000)
  region size 1024K, 6 young (6144K), 6 survivors (6144K)
 Metaspace       used 16041K, committed 16256K, reserved 1064960K
  class space    used 1796K, committed 1920K, reserved 1048576K
}
Event: 80.121 GC heap before
{Heap before GC invocations=9 (full 0):
 garbage-first heap   total 126976K, used 92206K [0x0000000084000000, 0x0000000100000000)
  region size 1024K, 74 young (75776K), 6 survivors (6144K)
 Metaspace       used 16041K, committed 16256K, reserved 1064960K
  class space    used 1796K, committed 1920K, reserved 1048576K
}
Event: 80.138 GC heap after
{Heap after GC invocations=10 (full 0):
 garbage-first heap   total 126976K, used 22452K [0x0000000084000000, 0x0000000100000000)
  region size 1024K, 6 young (6144K), 6 survivors (6144K)
 Metaspace       used 16041K, committed 16256K, reserved 1064960K
  class space    used 1796K, committed 1920K, reserved 1048576K
}
Event: 82.285 GC heap before
{Heap before GC invocations=10 (full 0):
 garbage-first heap   total 126976K, used 92084K [0x0000000084000000, 0x0000000100000000)
  region size 1024K, 74 young (75776K), 6 survivors (6144K)
 Metaspace       used 16041K, committed 16256K, reserved 1064960K
  class space    used 1796K, committed 1920K, reserved 1048576K
}
Event: 82.302 GC heap after
{Heap after GC invocations=11 (full 0):
 garbage-first heap   total 126976K, used 22580K [0x0000000084000000, 0x0000000100000000)
  region size 1024K, 6 young (6144K), 6 survivors (6144K)
 Metaspace       used 16041K, committed 16256K, reserved 1064960K
  class space    used 1796K, committed 1920K, reserved 1048576K
}
Event: 84.544 GC heap before
{Heap before GC invocations=11 (full 0):
 garbage-first heap   total 126976K, used 92212K [0x0000000084000000, 0x0000000100000000)
  region size 1024K, 74 young (75776K), 6 survivors (6144K)
 Metaspace       used 16041K, committed 16256K, reserved 1064960K
  class space    used 1796K, committed 1920K, reserved 1048576K
}
Event: 84.560 GC heap after
{Heap after GC invocations=12 (full 0):
 garbage-first heap   total 126976K, used 22570K [0x0000000084000000, 0x0000000100000000)
  region size 1024K, 6 young (6144K), 6 survivors (6144K)
 Metaspace       used 16041K, committed 16256K, reserved 1064960K
  class space    used 1796K, committed 1920K, reserved 1048576K
}
Event: 86.850 GC heap before
{Heap before GC invocations=12 (full 0):
 garbage-first heap   total 126976K, used 92202K [0x0000000084000000, 0x0000000100000000)
  region size 1024K, 74 young (75776K), 6 survivors (6144K)
 Metaspace       used 16041K, committed 16256K, reserved 1064960K
  class space    used 1796K, committed 1920K, reserved 1048576K
}
Event: 86.867 GC heap after
{Heap after GC invocations=13 (full 0):
 garbage-first heap   total 126976K, used 22706K [0x0000000084000000, 0x0000000100000000)
  region size 1024K, 6 young (6144K), 6 survivors (6144K)
 Metaspace       used 16041K, committed 16256K, reserved 1064960K
  class space    used 1796K, committed 1920K, reserved 1048576K
}
Event: 88.967 GC heap before
{Heap before GC invocations=13 (full 0):
 garbage-first heap   total 126976K, used 92338K [0x0000000084000000, 0x0000000100000000)
  region size 1024K, 74 young (75776K), 6 survivors (6144K)
 Metaspace       used 16043K, committed 16256K, reserved 1064960K
  class space    used 1796K, committed 1920K, reserved 1048576K
}
Event: 88.984 GC heap after
{Heap after GC invocations=14 (full 0):
 garbage-first heap   total 126976K, used 22706K [0x0000000084000000, 0x0000000100000000)
  region size 1024K, 6 young (6144K), 6 survivors (6144K)
 Metaspace       used 16043K, committed 16256K, reserved 1064960K
  class space    used 1796K, committed 1920K, reserved 1048576K
}
Event: 90.985 GC heap before
{Heap before GC invocations=14 (full 0):
 garbage-first heap   total 126976K, used 92338K [0x0000000084000000, 0x0000000100000000)
  region size 1024K, 74 young (75776K), 6 survivors (6144K)
 Metaspace       used 16043K, committed 16256K, reserved 1064960K
  class space    used 1796K, committed 1920K, reserved 1048576K
}
Event: 91.003 GC heap after
{Heap after GC invocations=15 (full 0):
 garbage-first heap   total 126976K, used 22577K [0x0000000084000000, 0x0000000100000000)
  region size 1024K, 6 young (6144K), 6 survivors (6144K)
 Metaspace       used 16043K, committed 16256K, reserved 1064960K
  class space    used 1796K, committed 1920K, reserved 1048576K
}
Event: 93.037 GC heap before
{Heap before GC invocations=15 (full 0):
 garbage-first heap   total 126976K, used 92209K [0x0000000084000000, 0x0000000100000000)
  region size 1024K, 74 young (75776K), 6 survivors (6144K)
 Metaspace       used 16043K, committed 16256K, reserved 1064960K
  class space    used 1796K, committed 1920K, reserved 1048576K
}
Event: 93.053 GC heap after
{Heap after GC invocations=16 (full 0):
 garbage-first heap   total 126976K, used 22696K [0x0000000084000000, 0x0000000100000000)
  region size 1024K, 6 young (6144K), 6 survivors (6144K)
 Metaspace       used 16043K, committed 16256K, reserved 1064960K
  class space    used 1796K, committed 1920K, reserved 1048576K
}

Deoptimization events (20 events):
Event: 94.543 Thread 0x000001f0f47077d0 DEOPT PACKING pc=0x000001f0dc5cfe74 sp=0x0000007a1a6ff3f0
Event: 94.543 Thread 0x000001f0f47077d0 DEOPT UNPACKING pc=0x000001f0dbbce77e sp=0x0000007a1a6fe8d8 mode 1
Event: 94.574 Thread 0x000001f0f47077d0 DEOPT PACKING pc=0x000001f0dc5cfe74 sp=0x0000007a1a6ff3f0
Event: 94.574 Thread 0x000001f0f47077d0 DEOPT UNPACKING pc=0x000001f0dbbce77e sp=0x0000007a1a6fe8d8 mode 1
Event: 94.605 Thread 0x000001f0f47077d0 DEOPT PACKING pc=0x000001f0dc5cfe74 sp=0x0000007a1a6ff3f0
Event: 94.605 Thread 0x000001f0f47077d0 DEOPT UNPACKING pc=0x000001f0dbbce77e sp=0x0000007a1a6fe8d8 mode 1
Event: 94.633 Thread 0x000001f0f47077d0 DEOPT PACKING pc=0x000001f0dc5cfe74 sp=0x0000007a1a6ff3f0
Event: 94.633 Thread 0x000001f0f47077d0 DEOPT UNPACKING pc=0x000001f0dbbce77e sp=0x0000007a1a6fe8d8 mode 1
Event: 94.667 Thread 0x000001f0f47077d0 DEOPT PACKING pc=0x000001f0dc5cfe74 sp=0x0000007a1a6ff3f0
Event: 94.667 Thread 0x000001f0f47077d0 DEOPT UNPACKING pc=0x000001f0dbbce77e sp=0x0000007a1a6fe8d8 mode 1
Event: 94.697 Thread 0x000001f0f47077d0 DEOPT PACKING pc=0x000001f0dc5cfe74 sp=0x0000007a1a6ff3f0
Event: 94.697 Thread 0x000001f0f47077d0 DEOPT UNPACKING pc=0x000001f0dbbce77e sp=0x0000007a1a6fe8d8 mode 1
Event: 94.728 Thread 0x000001f0f47077d0 DEOPT PACKING pc=0x000001f0dc5cfe74 sp=0x0000007a1a6ff3f0
Event: 94.728 Thread 0x000001f0f47077d0 DEOPT UNPACKING pc=0x000001f0dbbce77e sp=0x0000007a1a6fe8d8 mode 1
Event: 94.759 Thread 0x000001f0f47077d0 DEOPT PACKING pc=0x000001f0dc5cfe74 sp=0x0000007a1a6ff3f0
Event: 94.759 Thread 0x000001f0f47077d0 DEOPT UNPACKING pc=0x000001f0dbbce77e sp=0x0000007a1a6fe8d8 mode 1
Event: 94.790 Thread 0x000001f0f47077d0 DEOPT PACKING pc=0x000001f0dc5cfe74 sp=0x0000007a1a6ff3f0
Event: 94.790 Thread 0x000001f0f47077d0 DEOPT UNPACKING pc=0x000001f0dbbce77e sp=0x0000007a1a6fe8d8 mode 1
Event: 94.818 Thread 0x000001f0f47077d0 DEOPT PACKING pc=0x000001f0dc5cfe74 sp=0x0000007a1a6ff3f0
Event: 94.818 Thread 0x000001f0f47077d0 DEOPT UNPACKING pc=0x000001f0dbbce77e sp=0x0000007a1a6fe8d8 mode 1

Classes unloaded (0 events):
No events

Classes redefined (0 events):
No events

Internal exceptions (20 events):
Event: 1.167 Thread 0x000001f0f42c4940 Exception <a 'java/lang/ClassCastException'{0x000000008b06b770}: class javax.swing.JButton cannot be cast to class javax.swing.JTextField (javax.swing.JButton and javax.swing.JTextField are in module java.desktop of loader 'bootstrap')> (0x000000008b06b770) 
thrown [t:\workspace\open\src\hotspot\share\interpreter\interpreterRuntime.cpp, line 441]
Event: 1.167 Thread 0x000001f0f42c4940 Exception <a 'java/lang/ClassCastException'{0x000000008b06bb18}: class javax.swing.JButton cannot be cast to class javax.swing.JTextField (javax.swing.JButton and javax.swing.JTextField are in module java.desktop of loader 'bootstrap')> (0x000000008b06bb18) 
thrown [t:\workspace\open\src\hotspot\share\interpreter\interpreterRuntime.cpp, line 441]
Event: 1.167 Thread 0x000001f0f42c4940 Exception <a 'java/lang/ClassCastException'{0x000000008b06bec0}: class javax.swing.JButton cannot be cast to class javax.swing.JTextField (javax.swing.JButton and javax.swing.JTextField are in module java.desktop of loader 'bootstrap')> (0x000000008b06bec0) 
thrown [t:\workspace\open\src\hotspot\share\interpreter\interpreterRuntime.cpp, line 441]
Event: 1.167 Thread 0x000001f0f42c4940 Exception <a 'java/lang/ClassCastException'{0x000000008b06c268}: class javax.swing.JButton cannot be cast to class javax.swing.JTextField (javax.swing.JButton and javax.swing.JTextField are in module java.desktop of loader 'bootstrap')> (0x000000008b06c268) 
thrown [t:\workspace\open\src\hotspot\share\interpreter\interpreterRuntime.cpp, line 441]
Event: 1.172 Thread 0x000001f0f489f220 Exception <a 'java/io/FileNotFoundException'{0x000000008b0765e0}> (0x000000008b0765e0) 
thrown [t:\workspace\open\src\hotspot\share\prims\jni.cpp, line 579]
Event: 4.394 Thread 0x000001f0f42c4940 Exception <a 'java/lang/NullPointerException'{0x0000000089d57630}> (0x0000000089d57630) 
thrown [t:\workspace\open\src\hotspot\share\interpreter\linkResolver.cpp, line 1385]
Event: 21.111 Thread 0x000001f0f42c4940 Exception <a 'java/lang/NoSuchMethodError'{0x000000008b8febc8}: 'int java.lang.invoke.DirectMethodHandle$Holder.invokeStatic(java.lang.Object)'> (0x000000008b8febc8) 
thrown [t:\workspace\open\src\hotspot\share\interpreter\linkResolver.cpp, line 790]
Event: 33.638 Thread 0x000001f0f42c4940 Exception <a 'java/lang/NullPointerException'{0x000000008b781b48}> (0x000000008b781b48) 
thrown [t:\workspace\open\src\hotspot\share\interpreter\linkResolver.cpp, line 1385]
Event: 55.008 Thread 0x000001f0f42c4940 Exception <a 'java/lang/ClassCastException'{0x000000008b796b80}: class javax.swing.JTextField cannot be cast to class javax.swing.JPanel (javax.swing.JTextField and javax.swing.JPanel are in module java.desktop of loader 'bootstrap')> (0x000000008b796b80) 
thrown [t:\workspace\open\src\hotspot\share\interpreter\interpreterRuntime.cpp, line 441]
Event: 55.008 Thread 0x000001f0f42c4940 Exception <a 'java/lang/ClassCastException'{0x000000008b7971c8}: class javax.swing.JTextField cannot be cast to class javax.swing.JPanel (javax.swing.JTextField and javax.swing.JPanel are in module java.desktop of loader 'bootstrap')> (0x000000008b7971c8) 
thrown [t:\workspace\open\src\hotspot\share\interpreter\interpreterRuntime.cpp, line 441]
Event: 55.008 Thread 0x000001f0f42c4940 Exception <a 'java/lang/ClassCastException'{0x000000008b797810}: class javax.swing.JTextField cannot be cast to class javax.swing.JPanel (javax.swing.JTextField and javax.swing.JPanel are in module java.desktop of loader 'bootstrap')> (0x000000008b797810) 
thrown [t:\workspace\open\src\hotspot\share\interpreter\interpreterRuntime.cpp, line 441]
Event: 55.008 Thread 0x000001f0f42c4940 Exception <a 'java/lang/ClassCastException'{0x000000008b797e58}: class javax.swing.JTextField cannot be cast to class javax.swing.JPanel (javax.swing.JTextField and javax.swing.JPanel are in module java.desktop of loader 'bootstrap')> (0x000000008b797e58) 
thrown [t:\workspace\open\src\hotspot\share\interpreter\interpreterRuntime.cpp, line 441]
Event: 55.008 Thread 0x000001f0f42c4940 Exception <a 'java/lang/ClassCastException'{0x000000008b7984a0}: class javax.swing.JTextField cannot be cast to class javax.swing.JPanel (javax.swing.JTextField and javax.swing.JPanel are in module java.desktop of loader 'bootstrap')> (0x000000008b7984a0) 
thrown [t:\workspace\open\src\hotspot\share\interpreter\interpreterRuntime.cpp, line 441]
Event: 55.008 Thread 0x000001f0f42c4940 Exception <a 'java/lang/ClassCastException'{0x000000008b798ae8}: class javax.swing.JTextField cannot be cast to class javax.swing.JPanel (javax.swing.JTextField and javax.swing.JPanel are in module java.desktop of loader 'bootstrap')> (0x000000008b798ae8) 
thrown [t:\workspace\open\src\hotspot\share\interpreter\interpreterRuntime.cpp, line 441]
Event: 55.008 Thread 0x000001f0f42c4940 Exception <a 'java/lang/ClassCastException'{0x000000008b799130}: class javax.swing.JButton cannot be cast to class javax.swing.JPanel (javax.swing.JButton and javax.swing.JPanel are in module java.desktop of loader 'bootstrap')> (0x000000008b799130) 
thrown [t:\workspace\open\src\hotspot\share\interpreter\interpreterRuntime.cpp, line 441]
Event: 55.008 Thread 0x000001f0f42c4940 Exception <a 'java/lang/ClassCastException'{0x000000008b799778}: class javax.swing.JButton cannot be cast to class javax.swing.JPanel (javax.swing.JButton and javax.swing.JPanel are in module java.desktop of loader 'bootstrap')> (0x000000008b799778) 
thrown [t:\workspace\open\src\hotspot\share\interpreter\interpreterRuntime.cpp, line 441]
Event: 55.008 Thread 0x000001f0f42c4940 Exception <a 'java/lang/ClassCastException'{0x000000008b799dc0}: class javax.swing.JButton cannot be cast to class javax.swing.JPanel (javax.swing.JButton and javax.swing.JPanel are in module java.desktop of loader 'bootstrap')> (0x000000008b799dc0) 
thrown [t:\workspace\open\src\hotspot\share\interpreter\interpreterRuntime.cpp, line 441]
Event: 55.009 Thread 0x000001f0f42c4940 Exception <a 'java/lang/ClassCastException'{0x000000008b79a408}: class javax.swing.JButton cannot be cast to class javax.swing.JPanel (javax.swing.JButton and javax.swing.JPanel are in module java.desktop of loader 'bootstrap')> (0x000000008b79a408) 
thrown [t:\workspace\open\src\hotspot\share\interpreter\interpreterRuntime.cpp, line 441]
Event: 55.009 Thread 0x000001f0f42c4940 Exception <a 'java/lang/ClassCastException'{0x000000008b79aa50}: class javax.swing.JButton cannot be cast to class javax.swing.JPanel (javax.swing.JButton and javax.swing.JPanel are in module java.desktop of loader 'bootstrap')> (0x000000008b79aa50) 
thrown [t:\workspace\open\src\hotspot\share\interpreter\interpreterRuntime.cpp, line 441]
Event: 55.009 Thread 0x000001f0f42c4940 Exception <a 'java/lang/ClassCastException'{0x000000008b79b098}: class javax.swing.JButton cannot be cast to class javax.swing.JPanel (javax.swing.JButton and javax.swing.JPanel are in module java.desktop of loader 'bootstrap')> (0x000000008b79b098) 
thrown [t:\workspace\open\src\hotspot\share\interpreter\interpreterRuntime.cpp, line 441]

Events (20 events):
Event: 93.791 Executing  VM operation: ChangeSingleStep
Event: 93.791 Executing  VM operation: ChangeSingleStep done
Event: 93.903 Executing  VM operation: get/set locals
Event: 93.903 Executing  VM operation: get/set locals done
Event: 93.903 Executing  VM operation: get/set locals
Event: 93.903 Executing  VM operation: get/set locals done
Event: 93.904 Executing  VM operation: get/set locals
Event: 93.904 Executing  VM operation: get/set locals done
Event: 93.904 Executing  VM operation: get/set locals
Event: 93.904 Executing  VM operation: get/set locals done
Event: 93.904 Executing  VM operation: get/set locals
Event: 93.904 Executing  VM operation: get/set locals done
Event: 93.904 Executing  VM operation: get/set locals
Event: 93.905 Executing  VM operation: get/set locals done
Event: 93.905 Executing  VM operation: get/set locals
Event: 93.905 Executing  VM operation: get/set locals done
Event: 94.845 Executing  VM operation: ChangeSingleStep
Event: 94.845 Executing  VM operation: ChangeSingleStep done
Event: 94.847 Executing  VM operation: ChangeSingleStep
Event: 94.847 Executing  VM operation: ChangeSingleStep done


Dynamic libraries:
0x00007ff68c440000 - 0x00007ff68c450000 	C:\Program Files\Java\jdk-16\bin\java.exe
0x00007ffd344b0000 - 0x00007ffd346a5000 	C:\Windows\SYSTEM32\ntdll.dll
0x00007ffd32630000 - 0x00007ffd326ed000 	C:\Windows\System32\KERNEL32.DLL
0x00007ffd31f80000 - 0x00007ffd32248000 	C:\Windows\System32\KERNELBASE.dll
0x00007ffd32310000 - 0x00007ffd32410000 	C:\Windows\System32\ucrtbase.dll
0x00007ffd2d2b0000 - 0x00007ffd2d2c9000 	C:\Program Files\Java\jdk-16\bin\VCRUNTIME140.dll
0x00007ffd20b80000 - 0x00007ffd20b98000 	C:\Program Files\Java\jdk-16\bin\jli.dll
0x00007ffd32f40000 - 0x00007ffd32fec000 	C:\Windows\System32\ADVAPI32.dll
0x00007ffd32d00000 - 0x00007ffd32d9e000 	C:\Windows\System32\msvcrt.dll
0x00007ffd32950000 - 0x00007ffd329eb000 	C:\Windows\System32\sechost.dll
0x00007ffd32ac0000 - 0x00007ffd32beb000 	C:\Windows\System32\RPCRT4.dll
0x00007ffd32da0000 - 0x00007ffd32f40000 	C:\Windows\System32\USER32.dll
0x00007ffd31eb0000 - 0x00007ffd31ed2000 	C:\Windows\System32\win32u.dll
0x00007ffd33b60000 - 0x00007ffd33b8a000 	C:\Windows\System32\GDI32.dll
0x00007ffd1a9e0000 - 0x00007ffd1ac7a000 	C:\Windows\WinSxS\amd64_microsoft.windows.common-controls_6595b64144ccf1df_6.0.19041.1052_none_60b8f8fd71f5e8cb\COMCTL32.dll
0x00007ffd32410000 - 0x00007ffd3251b000 	C:\Windows\System32\gdi32full.dll
0x00007ffd31ee0000 - 0x00007ffd31f7d000 	C:\Windows\System32\msvcp_win.dll
0x00007ffd2aa40000 - 0x00007ffd2aa4a000 	C:\Windows\SYSTEM32\VERSION.dll
0x00007ffd32bf0000 - 0x00007ffd32c20000 	C:\Windows\System32\IMM32.DLL
0x00007ffd2d560000 - 0x00007ffd2d56c000 	C:\Program Files\Java\jdk-16\bin\vcruntime140_1.dll
0x00007ffd01da0000 - 0x00007ffd01e31000 	C:\Program Files\Java\jdk-16\bin\msvcp140.dll
0x00007ffcf04c0000 - 0x00007ffcf106b000 	C:\Program Files\Java\jdk-16\bin\server\jvm.dll
0x00007ffd33360000 - 0x00007ffd33368000 	C:\Windows\System32\PSAPI.DLL
0x00007ffd21f00000 - 0x00007ffd21f27000 	C:\Windows\SYSTEM32\WINMM.dll
0x00007ffd1fc00000 - 0x00007ffd1fc09000 	C:\Windows\SYSTEM32\WSOCK32.dll
0x00007ffd33370000 - 0x00007ffd333db000 	C:\Windows\System32\WS2_32.dll
0x00007ffd30480000 - 0x00007ffd30492000 	C:\Windows\SYSTEM32\kernel.appcore.dll
0x00007ffd2d350000 - 0x00007ffd2d35a000 	C:\Program Files\Java\jdk-16\bin\jimage.dll
0x00007ffd2fa00000 - 0x00007ffd2fbe4000 	C:\Windows\SYSTEM32\DBGHELP.DLL
0x00007ffd1a4f0000 - 0x00007ffd1a51c000 	C:\Windows\SYSTEM32\dbgcore.DLL
0x00007ffd32280000 - 0x00007ffd32303000 	C:\Windows\System32\bcryptPrimitives.dll
0x00007ffd20b40000 - 0x00007ffd20b7b000 	C:\Program Files\Java\jdk-16\bin\jdwp.dll
0x00007ffd2bd30000 - 0x00007ffd2bd55000 	C:\Program Files\Java\jdk-16\bin\java.dll
0x00007ffd33ca0000 - 0x00007ffd343df000 	C:\Windows\System32\SHELL32.dll
0x00007ffd2fce0000 - 0x00007ffd30470000 	C:\Windows\SYSTEM32\windows.storage.dll
0x00007ffd33000000 - 0x00007ffd33355000 	C:\Windows\System32\combase.dll
0x00007ffd31590000 - 0x00007ffd315bc000 	C:\Windows\SYSTEM32\Wldp.dll
0x00007ffd33bf0000 - 0x00007ffd33c9e000 	C:\Windows\System32\SHCORE.dll
0x00007ffd33950000 - 0x00007ffd339a5000 	C:\Windows\System32\shlwapi.dll
0x00007ffd31b30000 - 0x00007ffd31b4f000 	C:\Windows\SYSTEM32\profapi.dll
0x00007ffd2d3b0000 - 0x00007ffd2d3bb000 	C:\Program Files\Java\jdk-16\bin\dt_shmem.dll
0x00007ffd2d270000 - 0x00007ffd2d289000 	C:\Program Files\Java\jdk-16\bin\net.dll
0x00007ffd234c0000 - 0x00007ffd235cb000 	C:\Windows\SYSTEM32\WINHTTP.dll
0x00007ffd312b0000 - 0x00007ffd3131a000 	C:\Windows\system32\mswsock.dll
0x00007ffd22310000 - 0x00007ffd22323000 	C:\Program Files\Java\jdk-16\bin\nio.dll
0x00007ffd22110000 - 0x00007ffd22128000 	C:\Program Files\Java\jdk-16\bin\zip.dll
0x00007ffcf0340000 - 0x00007ffcf04c0000 	C:\Program Files\Java\jdk-16\bin\awt.dll
0x00007ffd329f0000 - 0x00007ffd32abd000 	C:\Windows\System32\OLEAUT32.dll
0x00007ffd2f0c0000 - 0x00007ffd2f150000 	C:\Windows\SYSTEM32\apphelp.dll
0x00007ffd2f2a0000 - 0x00007ffd2f33e000 	C:\Windows\system32\uxtheme.dll
0x00007ffd32820000 - 0x00007ffd32935000 	C:\Windows\System32\MSCTF.dll
0x00007ffd326f0000 - 0x00007ffd3281a000 	C:\Windows\System32\ole32.dll
0x00007ffd2f470000 - 0x00007ffd2f49f000 	C:\Windows\system32\DWMAPI.DLL
0x00007ffcf77e0000 - 0x00007ffcf7869000 	C:\Program Files\Java\jdk-16\bin\freetype.dll
0x00007ffcf0240000 - 0x00007ffcf0336000 	C:\Program Files\Java\jdk-16\bin\harfbuzz.dll
0x00007ffd21ea0000 - 0x00007ffd21eb2000 	C:\Program Files\Java\jdk-16\bin\fontmanager.dll
0x00007ffd10980000 - 0x00007ffd10aa6000 	C:\Windows\system32\opengl32.dll
0x00007ffd10f60000 - 0x00007ffd10f8c000 	C:\Windows\SYSTEM32\GLU32.dll
0x00007ffd14fc0000 - 0x00007ffd14fe5000 	C:\Users\bijum\AppData\Local\Temp\jSerialComm\1625295782615-jSerialComm.dll
0x00007ffd333e0000 - 0x00007ffd33849000 	C:\Windows\System32\SETUPAPI.dll
0x00007ffd31e60000 - 0x00007ffd31eae000 	C:\Windows\System32\cfgmgr32.dll
0x00007ffd32250000 - 0x00007ffd32277000 	C:\Windows\System32\bcrypt.dll
0x00007ffd318d0000 - 0x00007ffd318fc000 	C:\Windows\SYSTEM32\DEVOBJ.dll
0x00007ffd31e00000 - 0x00007ffd31e60000 	C:\Windows\System32\WINTRUST.dll
0x00007ffd31ca0000 - 0x00007ffd31dff000 	C:\Windows\System32\CRYPT32.dll
0x00007ffd31710000 - 0x00007ffd31722000 	C:\Windows\SYSTEM32\MSASN1.dll
0x00007ffd314c0000 - 0x00007ffd314d8000 	C:\Windows\SYSTEM32\CRYPTSP.dll
0x00007ffd30c60000 - 0x00007ffd30c94000 	C:\Windows\system32\rsaenh.dll
0x00007ffd31af0000 - 0x00007ffd31b1e000 	C:\Windows\SYSTEM32\USERENV.dll
0x00007ffd314b0000 - 0x00007ffd314bc000 	C:\Windows\SYSTEM32\CRYPTBASE.dll
0x00007ffd30fc0000 - 0x00007ffd30ffb000 	C:\Windows\SYSTEM32\IPHLPAPI.DLL
0x00007ffd32ff0000 - 0x00007ffd32ff8000 	C:\Windows\System32\NSI.dll
0x00007ffd29930000 - 0x00007ffd29947000 	C:\Windows\SYSTEM32\dhcpcsvc6.DLL
0x00007ffd295a0000 - 0x00007ffd295bd000 	C:\Windows\SYSTEM32\dhcpcsvc.DLL
0x00007ffd31000000 - 0x00007ffd310cc000 	C:\Windows\SYSTEM32\DNSAPI.dll
0x00007ffced980000 - 0x00007ffced9e3000 	C:\Users\bijum\AppData\Local\Temp\usb4java13911935355164522883.tmp\libusb4java.dll
0x00007ffd08490000 - 0x00007ffd0849c000 	C:\Windows\SYSTEM32\WinUSB.DLL
0x00007ffd30470000 - 0x00007ffd3047d000 	C:\Windows\SYSTEM32\hid.DLL
0x00007ffd32580000 - 0x00007ffd32629000 	C:\Windows\System32\clbcatq.dll
0x00007ffd2add0000 - 0x00007ffd2af84000 	C:\Windows\SYSTEM32\WindowsCodecs.dll
0x00007ffd08830000 - 0x00007ffd0886e000 	C:\Windows\system32\dataexchange.dll
0x00007ffd2dcb0000 - 0x00007ffd2df14000 	C:\Windows\system32\d3d11.dll
0x00007ffd2e4e0000 - 0x00007ffd2e6c6000 	C:\Windows\system32\dcomp.dll
0x00007ffd304f0000 - 0x00007ffd305e4000 	C:\Windows\system32\dxgi.dll
0x00007ffd2b1d0000 - 0x00007ffd2b3d1000 	C:\Windows\system32\twinapi.appcore.dll
0x00007ffced8e0000 - 0x00007ffced97a000 	C:\Windows\system32\RICHED20.DLL
0x00007ffd08e60000 - 0x00007ffd08e99000 	C:\Windows\SYSTEM32\msls31.dll
0x00007ffd20b20000 - 0x00007ffd20b39000 	C:\Windows\SYSTEM32\USP10.dll
0x00007ffd0f090000 - 0x00007ffd0f189000 	C:\Windows\SYSTEM32\textinputframework.dll
0x00007ffd2edb0000 - 0x00007ffd2eea2000 	C:\Windows\System32\CoreMessaging.dll
0x00007ffd2ea50000 - 0x00007ffd2edae000 	C:\Windows\System32\CoreUIComponents.dll
0x00007ffd308f0000 - 0x00007ffd30923000 	C:\Windows\SYSTEM32\ntmarta.dll
0x00007ffd2d6f0000 - 0x00007ffd2d844000 	C:\Windows\SYSTEM32\wintypes.dll

dbghelp: loaded successfully - version: 4.0.5 - missing functions: none
symbol engine: initialized successfully - sym options: 0x614 - pdb path: .;C:\Program Files\Java\jdk-16\bin;C:\Windows\SYSTEM32;C:\Windows\WinSxS\amd64_microsoft.windows.common-controls_6595b64144ccf1df_6.0.19041.1052_none_60b8f8fd71f5e8cb;C:\Program Files\Java\jdk-16\bin\server;C:\Users\bijum\AppData\Local\Temp\jSerialComm;C:\Users\bijum\AppData\Local\Temp\usb4java13911935355164522883.tmp

VM Arguments:
jvm_args: -Dfile.encoding=UTF-8 -agentlib:jdwp=transport=dt_shmem,address=javadebug 
java_command: hackbugant.HackBugAnt
java_class_path (initial): C:\Program Files\NetBeans-12.3\netbeans\java\modules\ext\AbsoluteLayout.jar;D:\Works\HackBug\HackBugAnt\lib\usb-api-1.0.2.jar;D:\Works\HackBug\HackBugAnt\lib\usb4java-1.3.0.jar;D:\Works\HackBug\HackBugAnt\lib\jSerialComm-2.6.2.jar;D:\Works\HackBug\HackBugAnt\lib\json-simple-1.1.1.jar;D:\Works\HackBug\HackBugAnt\lib\commons-lang3-3.8.1.jar;D:\Works\HackBug\HackBugAnt\lib\LibusbJava.jar;D:\Works\HackBug\HackBugAnt\lib\libusb4java-1.3.0-win32-x86-64.jar;D:\Works\HackBug\HackBugAnt\build\classes
Launcher Type: SUN_STANDARD

[Global flags]
     intx CICompilerCount                          = 4                                         {product} {ergonomic}
     uint ConcGCThreads                            = 2                                         {product} {ergonomic}
     uint G1ConcRefinementThreads                  = 8                                         {product} {ergonomic}
   size_t G1HeapRegionSize                         = 1048576                                   {product} {ergonomic}
    uintx GCDrainStackTargetSize                   = 64                                        {product} {ergonomic}
   size_t InitialHeapSize                          = 130023424                                 {product} {ergonomic}
   size_t MarkStackSize                            = 4194304                                   {product} {ergonomic}
   size_t MaxHeapSize                              = 2080374784                                {product} {ergonomic}
   size_t MaxNewSize                               = 1247805440                                {product} {ergonomic}
   size_t MinHeapDeltaBytes                        = 1048576                                   {product} {ergonomic}
   size_t MinHeapSize                              = 8388608                                   {product} {ergonomic}
    uintx NonNMethodCodeHeapSize                   = 5839372                                {pd product} {ergonomic}
    uintx NonProfiledCodeHeapSize                  = 122909434                              {pd product} {ergonomic}
    uintx ProfiledCodeHeapSize                     = 122909434                              {pd product} {ergonomic}
    uintx ReservedCodeCacheSize                    = 251658240                              {pd product} {ergonomic}
     bool SegmentedCodeCache                       = true                                      {product} {ergonomic}
   size_t SoftMaxHeapSize                          = 2080374784                             {manageable} {ergonomic}
     bool UseCompressedClassPointers               = true                           {product lp64_product} {ergonomic}
     bool UseCompressedOops                        = true                           {product lp64_product} {ergonomic}
     bool UseG1GC                                  = true                                      {product} {ergonomic}
     bool UseLargePagesIndividualAllocation        = false                                  {pd product} {ergonomic}

Logging:
Log output configuration:
 #0: stdout all=warning uptime,level,tags
 #1: stderr all=off uptime,level,tags

Environment Variables:
CLASSPATH=C:\Program Files\Java\jdk-16;C:\Program Files\Java\jdk-16\conf
PATH=D:\programs\python\Scripts\;D:\programs\python\;C:\Program Files\Common Files\Oracle\Java\javapath;C:\Program Files (x86)\Common Files\Oracle\Java\javapath;C:\Windows\system32;C:\Windows;C:\Windows\System32\Wbem;C:\Windows\System32\WindowsPowerShell\v1.0\;C:\Windows\System32\OpenSSH\;D:\Git\cmd;C:\Program Files\Docker\Docker\resources\bin;C:\ProgramData\DockerDesktop\version-bin;C:\Python27;C:\Program Files\dotnet\;C:\Users\bijum\AppData\Local\Microsoft\WindowsApps;C:\Users\bijum\AppData\Local\GitHubDesktop\bin;D:\Microsoft VS Code\bin;D:\programs\Pycharm\PyCharm Community Edition 2021.1.2\bin;;C:\Users\bijum\.dotnet\tools
USERNAME=bijum
OS=Windows_NT
PROCESSOR_IDENTIFIER=Intel64 Family 6 Model 126 Stepping 5, GenuineIntel



---------------  S Y S T E M  ---------------

OS:
 Windows 10 , 64 bit Build 19041 (10.0.19041.1023)
OS uptime: 7 days 1:39 hours
Hyper-V role detected

CPU: total 8 (initial active 8) (4 cores per cpu, 2 threads per core) family 6 model 126 stepping 5 microcode 0xa0, cx8, cmov, fxsr, ht, mmx, 3dnowpref, sse, sse2, sse3, ssse3, sse4.1, sse4.2, popcnt, lzcnt, tsc, tscinvbit, avx, avx2, aes, erms, clmul, bmi1, bmi2, adx, avx512f, avx512dq, avx512cd, avx512bw, avx512vl, sha, fma, vzeroupper, avx512_vpopcntdq, avx512_vpclmulqdq, avx512_vaes, avx512_vnni, clflush, clflushopt, avx512_vmbi2, avx512_vmbi, hv

Memory: 4k page, system-wide physical 7934M (651M free)
TotalPageFile size 22813M (AvailPageFile size 5442M)
current process WorkingSet (physical memory assigned to process): 178M, peak: 198M
current process commit charge ("private bytes"): 236M, peak: 262M

vm_info: Java HotSpot(TM) 64-Bit Server VM (16+36-2231) for windows-amd64 JRE (16+36-2231), built on Feb  8 2021 11:43:10 by "mach5one" with MS VC++ 16.7 (VS2019)

END.
