#
# A fatal error has been detected by the Java Runtime Environment:
#
#  EXCEPTION_ACCESS_VIOLATION (0xc0000005) at pc=0x00007ffd20b13a22, pid=18116, tid=28940
#
# JRE version: Java(TM) SE Runtime Environment (16.0+36) (build 16+36-2231)
# Java VM: Java HotSpot(TM) 64-Bit Server VM (16+36-2231, mixed mode, sharing, tiered, compressed oops, g1 gc, windows-amd64)
# Problematic frame:
# C  [libusb4java.dll+0x13a22]
#
# No core dump will be written. Minidumps are not enabled by default on client versions of Windows
#
# If you would like to submit a bug report, please visit:
#   https://bugreport.java.com/bugreport/crash.jsp
# The crash happened outside the Java Virtual Machine in native code.
# See problematic frame for where to report the bug.
#

---------------  S U M M A R Y ------------

Command Line: -Dfile.encoding=UTF-8 hackbugant.HackBugAnt

Host: Intel(R) Core(TM) i5-1035G1 CPU @ 1.00GHz, 8 cores, 7G,  Windows 10 , 64 bit Build 19041 (10.0.19041.1023)
Time: Sat Jul  3 13:37:49 2021 India Standard Time elapsed time: 52.341816 seconds (0d 0h 0m 52s)

---------------  T H R E A D  ---------------

Current thread (0x000001e02842dae0):  JavaThread "Thread-0" [_thread_in_native, id=28940, stack(0x000000def8b00000,0x000000def8c00000)]

Stack: [0x000000def8b00000,0x000000def8c00000],  sp=0x000000def8bfeed0,  free space=1019k
Native frames: (J=compiled Java code, j=interpreted, Vv=VM code, C=native code)
C  [libusb4java.dll+0x13a22]

Java frames: (J=compiled Java code, j=interpreted, Vv=VM code)
j  org.usb4java.LibUsb.bulkTransfer(Lorg/usb4java/DeviceHandle;BLjava/nio/ByteBuffer;Ljava/nio/IntBuffer;J)I+0
j  com.bmjo.hackbug.usb.USBHelper.readUsb()[B+63
j  com.bmjo.hackbug.usb.UsbControler$ReadUsbData.run()V+17
j  java.lang.Thread.run()V+11 java.base@16
v  ~StubRoutines::call_stub

siginfo: EXCEPTION_ACCESS_VIOLATION (0xc0000005), reading address 0x0000000000000040


Register to memory mapping:

RIP=0x00007ffd20b13a22 libusb4java.dll
RAX=0x0 is NULL
RBX=0x000001e02842ddf0 points into unknown readable memory: 0x00007ffcf0f333d0 | d0 33 f3 f0 fc 7f 00 00
RCX=0x000001e0263f10c0 points into unknown readable memory: 0x0000000000000000 | 00 00 00 00 00 00 00 00
RDX=0x0000000000000004 is an unknown value
RSP=0x000000def8bfeed0 is pointing into the stack for thread: 0x000001e02842dae0
RBP=0x000000def8bff170 is pointing into the stack for thread: 0x000001e02842dae0
RSI=0x000001e0271fb790 points into unknown readable memory: 0x0000000000000000 | 00 00 00 00 00 00 00 00
RDI=0x000000def8bff1a8 is pointing into the stack for thread: 0x000001e02842dae0
R8 =0x00007ffd20b532a0 libusb4java.dll
R9 =0x00007ffd20b53290 libusb4java.dll
R10=0x0 is NULL
R11=0x0000000000000246 is an unknown value
R12=0x0 is NULL
R13={method} {0x000001e02750a238} 'bulkTransfer' '(Lorg/usb4java/DeviceHandle;BLjava/nio/ByteBuffer;Ljava/nio/IntBuffer;J)I' in 'org/usb4java/LibUsb'
R14=0x000001e028434550 points into unknown readable memory: 0x0000000000000000 | 00 00 00 00 00 00 00 00
R15=0x0000000000000083 is an unknown value


Registers:
RAX=0x0000000000000000, RBX=0x000001e02842ddf0, RCX=0x000001e0263f10c0, RDX=0x0000000000000004
RSP=0x000000def8bfeed0, RBP=0x000000def8bff170, RSI=0x000001e0271fb790, RDI=0x000000def8bff1a8
R8 =0x00007ffd20b532a0, R9 =0x00007ffd20b53290, R10=0x0000000000000000, R11=0x0000000000000246
R12=0x0000000000000000, R13=0x000001e02750a230, R14=0x000001e028434550, R15=0x0000000000000083
RIP=0x00007ffd20b13a22, EFLAGS=0x0000000000010202

Top of Stack: (sp=0x000000def8bfeed0)
0x000000def8bfeed0:   00007ffd20b532a0 00007ffd20b0dab4
0x000000def8bfeee0:   000000def8bfef30 000000def8bfef08
0x000000def8bfeef0:   0000000000000000 00007ffd20b53840
0x000000def8bfef00:   00007ffdfffffffb 00007ffd20b0cb14
0x000000def8bfef10:   000001e0263f10c0 00007ffd00000004
0x000000def8bfef20:   00007ffd20b532a0 00007ffd20b53290
0x000000def8bfef30:   000001e0263f1128 000001e0263f10e8
0x000000def8bfef40:   0000000000000000 000001e0263f10c0
0x000000def8bfef50:   000001e02842ddf0 00007ffd20b0fd0e
0x000000def8bfef60:   000001e0263f1128 000000de00000001
0x000000def8bfef70:   00007ffd20b53c58 00007ffd20b53c10
0x000000def8bfef80:   00007ffd20b51a60 00007ffd20b0fc12
0x000000def8bfef90:   000001e0fffffffb 000000def8bff008
0x000000def8bfefa0:   000001e027127550 0000000000000118
0x000000def8bfefb0:   00007ffcf0db9328 00007ffd20b0fe0f
0x000000def8bfefc0:   000001e0263f1128 000001e0271fb790 

Instructions: (pc=0x00007ffd20b13a22)
0x00007ffd20b13922:   8b 4c 24 40 ff 50 70 48 83 c4 38 c3 cc cc cc cc
0x00007ffd20b13932:   cc cc cc cc cc cc cc cc cc cc cc cc cc cc 48 89
0x00007ffd20b13942:   4c 24 08 48 83 ec 38 48 8b 44 24 40 48 8b 40 40
0x00007ffd20b13952:   48 8b 48 30 e8 f5 e5 ff ff 48 89 44 24 20 48 8b
0x00007ffd20b13962:   44 24 20 48 8b 00 48 8b 4c 24 40 ff 50 78 48 83
0x00007ffd20b13972:   c4 38 c3 cc cc cc cc cc cc cc cc cc cc cc 48 89
0x00007ffd20b13982:   4c 24 08 48 83 ec 38 48 8b 44 24 40 48 8b 48 30
0x00007ffd20b13992:   e8 b9 e5 ff ff 48 89 44 24 20 48 8b 44 24 20 48
0x00007ffd20b139a2:   8b 00 48 8b 4c 24 40 ff 90 80 00 00 00 48 83 c4
0x00007ffd20b139b2:   38 c3 cc cc cc cc cc cc cc cc cc cc cc cc 48 89
0x00007ffd20b139c2:   4c 24 08 48 83 ec 38 48 8b 44 24 40 48 8b 40 68
0x00007ffd20b139d2:   48 8b 40 40 48 8b 48 30 e8 71 e5 ff ff 48 89 44
0x00007ffd20b139e2:   24 20 48 8b 44 24 20 48 8b 00 48 8b 4c 24 40 ff
0x00007ffd20b139f2:   90 88 00 00 00 48 83 c4 38 c3 cc cc cc cc cc cc
0x00007ffd20b13a02:   cc cc cc cc cc cc cc cc cc cc cc cc cc cc 48 89
0x00007ffd20b13a12:   4c 24 08 48 83 ec 38 48 8b 44 24 40 48 8b 40 68
0x00007ffd20b13a22:   48 8b 40 40 48 8b 48 30 e8 21 e5 ff ff 48 89 44
0x00007ffd20b13a32:   24 20 48 8b 44 24 20 48 8b 00 48 8b 4c 24 40 ff
0x00007ffd20b13a42:   90 90 00 00 00 48 83 c4 38 c3 cc cc cc cc cc cc
0x00007ffd20b13a52:   cc cc cc cc cc cc cc cc cc cc cc cc cc cc 48 89
0x00007ffd20b13a62:   4c 24 08 48 83 ec 38 48 8b 44 24 40 48 8b 40 68
0x00007ffd20b13a72:   48 8b 40 40 48 8b 48 30 e8 d1 e4 ff ff 48 89 44
0x00007ffd20b13a82:   24 20 48 8b 44 24 20 48 8b 00 48 8b 4c 24 40 ff
0x00007ffd20b13a92:   90 98 00 00 00 48 83 c4 38 c3 cc cc cc cc cc cc
0x00007ffd20b13aa2:   cc cc cc cc cc cc cc cc cc cc cc cc cc cc 44 89
0x00007ffd20b13ab2:   4c 24 20 44 89 44 24 18 48 89 54 24 10 48 89 4c
0x00007ffd20b13ac2:   24 08 48 83 ec 68 48 8b 4c 24 70 e8 7e e4 ff ff
0x00007ffd20b13ad2:   48 89 44 24 50 c7 44 24 3c 00 00 00 00 48 8b 44
0x00007ffd20b13ae2:   24 70 48 83 c0 58 48 8b c8 e8 b0 dd ff ff c7 44
0x00007ffd20b13af2:   24 30 00 00 00 00 eb 0a 8b 44 24 30 ff c0 89 44
0x00007ffd20b13b02:   24 30 8b 84 24 80 00 00 00 39 44 24 30 0f 83 a8
0x00007ffd20b13b12:   01 00 00 83 bc 24 88 00 00 00 00 0f 8e 9a 01 00 


Stack slot to memory mapping:
stack at sp + 0 slots: 0x00007ffd20b532a0 libusb4java.dll
stack at sp + 1 slots: 0x00007ffd20b0dab4 libusb4java.dll
stack at sp + 2 slots: 0x000000def8bfef30 is pointing into the stack for thread: 0x000001e02842dae0
stack at sp + 3 slots: 0x000000def8bfef08 is pointing into the stack for thread: 0x000001e02842dae0
stack at sp + 4 slots: 0x0 is NULL
stack at sp + 5 slots: 0x00007ffd20b53840 libusb4java.dll
stack at sp + 6 slots: 0x00007ffdfffffffb is an unknown value
stack at sp + 7 slots: 0x00007ffd20b0cb14 libusb4java.dll


---------------  P R O C E S S  ---------------

Threads class SMR info:
_java_thread_list=0x000001e025428240, length=18, elements={
0x000001e02537d5a0, 0x000001e02537deb0, 0x000001e02538bc30, 0x000001e02538e550,
0x000001e02538ee60, 0x000001e02538ff10, 0x000001e0253913a0, 0x000001e025395a40,
0x000001e025398750, 0x000001e0260a31a0, 0x000001e0260b1830, 0x000001e0262dabc0,
0x000001e0262db0e0, 0x000001e0262ddc20, 0x000001e0263be240, 0x000001e0075683c0,
0x000001e02700a370, 0x000001e02842dae0
}

Java Threads: ( => current thread )
  0x000001e02537d5a0 JavaThread "Reference Handler" daemon [_thread_blocked, id=17908, stack(0x000000def7600000,0x000000def7700000)]
  0x000001e02537deb0 JavaThread "Finalizer" daemon [_thread_blocked, id=20716, stack(0x000000def7700000,0x000000def7800000)]
  0x000001e02538bc30 JavaThread "Signal Dispatcher" daemon [_thread_blocked, id=22544, stack(0x000000def7800000,0x000000def7900000)]
  0x000001e02538e550 JavaThread "Attach Listener" daemon [_thread_blocked, id=18032, stack(0x000000def7900000,0x000000def7a00000)]
  0x000001e02538ee60 JavaThread "Service Thread" daemon [_thread_blocked, id=24180, stack(0x000000def7a00000,0x000000def7b00000)]
  0x000001e02538ff10 JavaThread "Monitor Deflation Thread" daemon [_thread_blocked, id=30080, stack(0x000000def7b00000,0x000000def7c00000)]
  0x000001e0253913a0 JavaThread "C2 CompilerThread0" daemon [_thread_blocked, id=28432, stack(0x000000def7c00000,0x000000def7d00000)]
  0x000001e025395a40 JavaThread "C1 CompilerThread0" daemon [_thread_blocked, id=9224, stack(0x000000def7d00000,0x000000def7e00000)]
  0x000001e025398750 JavaThread "Sweeper thread" daemon [_thread_blocked, id=17272, stack(0x000000def7e00000,0x000000def7f00000)]
  0x000001e0260a31a0 JavaThread "Notification Thread" daemon [_thread_blocked, id=17376, stack(0x000000def7f00000,0x000000def8000000)]
  0x000001e0260b1830 JavaThread "Common-Cleaner" daemon [_thread_blocked, id=18744, stack(0x000000def8100000,0x000000def8200000)]
  0x000001e0262dabc0 JavaThread "Java2D Disposer" daemon [_thread_blocked, id=20952, stack(0x000000def8200000,0x000000def8300000)]
  0x000001e0262db0e0 JavaThread "AWT-Shutdown" [_thread_blocked, id=24444, stack(0x000000def8300000,0x000000def8400000)]
  0x000001e0262ddc20 JavaThread "AWT-Windows" daemon [_thread_in_native, id=15456, stack(0x000000def8400000,0x000000def8500000)]
  0x000001e0263be240 JavaThread "AWT-EventQueue-0" [_thread_blocked, id=25876, stack(0x000000def8500000,0x000000def8600000)]
  0x000001e0075683c0 JavaThread "DestroyJavaVM" [_thread_blocked, id=6004, stack(0x000000def6f00000,0x000000def7000000)]
  0x000001e02700a370 JavaThread "TimerQueue" daemon [_thread_blocked, id=14716, stack(0x000000def8600000,0x000000def8700000)]
=>0x000001e02842dae0 JavaThread "Thread-0" [_thread_in_native, id=28940, stack(0x000000def8b00000,0x000000def8c00000)]

Other Threads:
  0x000001e025376ce0 VMThread "VM Thread" [stack: 0x000000def7500000,0x000000def7600000] [id=28152]
  0x000001e0260a6af0 WatcherThread [stack: 0x000000def8000000,0x000000def8100000] [id=13788]
  0x000001e0075a7060 GCTaskThread "GC Thread#0" [stack: 0x000000def7000000,0x000000def7100000] [id=22456]
  0x000001e02709e340 GCTaskThread "GC Thread#1" [stack: 0x000000def8e00000,0x000000def8f00000] [id=24004]
  0x000001e02726cf60 GCTaskThread "GC Thread#2" [stack: 0x000000def8f00000,0x000000def9000000] [id=5164]
  0x000001e02726d270 GCTaskThread "GC Thread#3" [stack: 0x000000def9000000,0x000000def9100000] [id=5932]
  0x000001e02726d580 GCTaskThread "GC Thread#4" [stack: 0x000000def9100000,0x000000def9200000] [id=25496]
  0x000001e02722e980 GCTaskThread "GC Thread#5" [stack: 0x000000def9200000,0x000000def9300000] [id=19936]
  0x000001e027367df0 GCTaskThread "GC Thread#6" [stack: 0x000000def9300000,0x000000def9400000] [id=30264]
  0x000001e027368410 GCTaskThread "GC Thread#7" [stack: 0x000000def9400000,0x000000def9500000] [id=23256]
  0x000001e0075b88c0 ConcurrentGCThread "G1 Main Marker" [stack: 0x000000def7100000,0x000000def7200000] [id=25468]
  0x000001e0075b92c0 ConcurrentGCThread "G1 Conc#0" [stack: 0x000000def7200000,0x000000def7300000] [id=29256]
  0x000001e007631db0 ConcurrentGCThread "G1 Refine#0" [stack: 0x000000def7300000,0x000000def7400000] [id=20444]
  0x000001e0271af010 ConcurrentGCThread "G1 Refine#1" [stack: 0x000000def9500000,0x000000def9600000] [id=31624]
  0x000001e0076327c0 ConcurrentGCThread "G1 Service" [stack: 0x000000def7400000,0x000000def7500000] [id=30800]

Threads with active compile tasks:

VM state: not at safepoint (normal execution)

VM Mutex/Monitor currently owned by a thread: None

Heap address: 0x0000000084000000, size: 1984 MB, Compressed Oops mode: 32-bit
CDS archive(s) mapped at: [0x0000000800000000-0x0000000800bb0000-0x0000000800bb0000), size 12255232, SharedBaseAddress: 0x0000000800000000, ArchiveRelocationMode: 0.
Compressed class space mapped at: 0x0000000800c00000-0x0000000840c00000, reserved size: 1073741824
Narrow klass base: 0x0000000800000000, Narrow klass shift: 3, Narrow klass range: 0x100000000

GC Precious Log:
 CPUs: 8 total, 8 available
 Memory: 7934M
 Large Page Support: Disabled
 NUMA Support: Disabled
 Compressed Oops: Enabled (32-bit)
 Heap Region Size: 1M
 Heap Min Capacity: 8M
 Heap Initial Capacity: 124M
 Heap Max Capacity: 1984M
 Pre-touch: Disabled
 Parallel Workers: 8
 Concurrent Workers: 2
 Concurrent Refinement Workers: 8
 Periodic GC: Disabled

Heap:
 garbage-first heap   total 126976K, used 27569K [0x0000000084000000, 0x0000000100000000)
  region size 1024K, 12 young (12288K), 1 survivors (1024K)
 Metaspace       used 16067K, committed 16320K, reserved 1064960K
  class space    used 1792K, committed 1920K, reserved 1048576K

Heap Regions: E=young(eden), S=young(survivor), O=old, HS=humongous(starts), HC=humongous(continues), CS=collection set, F=free, OA=open archive, CA=closed archive, TAMS=top-at-mark-start (previous, next)
|   0|0x0000000084000000, 0x0000000084100000, 0x0000000084100000|100%|HS|  |TAMS 0x0000000084000000, 0x0000000084000000| Complete 
|   1|0x0000000084100000, 0x0000000084200000, 0x0000000084200000|100%|HC|  |TAMS 0x0000000084100000, 0x0000000084100000| Complete 
|   2|0x0000000084200000, 0x0000000084300000, 0x0000000084300000|100%|HC|  |TAMS 0x0000000084200000, 0x0000000084200000| Complete 
|   3|0x0000000084300000, 0x0000000084400000, 0x0000000084400000|100%|HC|  |TAMS 0x0000000084300000, 0x0000000084300000| Complete 
|   4|0x0000000084400000, 0x0000000084500000, 0x0000000084500000|100%|HC|  |TAMS 0x0000000084400000, 0x0000000084400000| Complete 
|   5|0x0000000084500000, 0x0000000084600000, 0x0000000084600000|100%| O|  |TAMS 0x0000000084500000, 0x0000000084500000| Untracked 
|   6|0x0000000084600000, 0x0000000084700000, 0x0000000084700000|100%|HS|  |TAMS 0x0000000084600000, 0x0000000084600000| Complete 
|   7|0x0000000084700000, 0x0000000084800000, 0x0000000084800000|100%|HC|  |TAMS 0x0000000084700000, 0x0000000084700000| Complete 
|   8|0x0000000084800000, 0x0000000084900000, 0x0000000084900000|100%|HC|  |TAMS 0x0000000084800000, 0x0000000084800000| Complete 
|   9|0x0000000084900000, 0x0000000084a00000, 0x0000000084a00000|100%|HC|  |TAMS 0x0000000084900000, 0x0000000084900000| Complete 
|  10|0x0000000084a00000, 0x0000000084b00000, 0x0000000084b00000|100%|HC|  |TAMS 0x0000000084a00000, 0x0000000084a00000| Complete 
|  11|0x0000000084b00000, 0x0000000084c00000, 0x0000000084c00000|100%|HC|  |TAMS 0x0000000084b00000, 0x0000000084b00000| Complete 
|  12|0x0000000084c00000, 0x0000000084d00000, 0x0000000084d00000|100%|HC|  |TAMS 0x0000000084c00000, 0x0000000084c00000| Complete 
|  13|0x0000000084d00000, 0x0000000084e00000, 0x0000000084e00000|100%| O|  |TAMS 0x0000000084d00000, 0x0000000084d00000| Untracked 
|  14|0x0000000084e00000, 0x0000000084f00000, 0x0000000084f00000|100%| O|  |TAMS 0x0000000084e00000, 0x0000000084e00000| Untracked 
|  15|0x0000000084f00000, 0x0000000084fec600, 0x0000000085000000| 92%| O|  |TAMS 0x0000000084f00000, 0x0000000084f00000| Untracked 
|  16|0x0000000085000000, 0x0000000085000000, 0x0000000085100000|  0%| F|  |TAMS 0x0000000085000000, 0x0000000085000000| Untracked 
|  17|0x0000000085100000, 0x0000000085100000, 0x0000000085200000|  0%| F|  |TAMS 0x0000000085100000, 0x0000000085100000| Untracked 
|  18|0x0000000085200000, 0x0000000085200000, 0x0000000085300000|  0%| F|  |TAMS 0x0000000085200000, 0x0000000085200000| Untracked 
|  19|0x0000000085300000, 0x0000000085300000, 0x0000000085400000|  0%| F|  |TAMS 0x0000000085300000, 0x0000000085300000| Untracked 
|  20|0x0000000085400000, 0x0000000085400000, 0x0000000085500000|  0%| F|  |TAMS 0x0000000085400000, 0x0000000085400000| Untracked 
|  21|0x0000000085500000, 0x0000000085500000, 0x0000000085600000|  0%| F|  |TAMS 0x0000000085500000, 0x0000000085500000| Untracked 
|  22|0x0000000085600000, 0x0000000085600000, 0x0000000085700000|  0%| F|  |TAMS 0x0000000085600000, 0x0000000085600000| Untracked 
|  23|0x0000000085700000, 0x0000000085700000, 0x0000000085800000|  0%| F|  |TAMS 0x0000000085700000, 0x0000000085700000| Untracked 
|  24|0x0000000085800000, 0x0000000085800000, 0x0000000085900000|  0%| F|  |TAMS 0x0000000085800000, 0x0000000085800000| Untracked 
|  25|0x0000000085900000, 0x0000000085900000, 0x0000000085a00000|  0%| F|  |TAMS 0x0000000085900000, 0x0000000085900000| Untracked 
|  26|0x0000000085a00000, 0x0000000085a00000, 0x0000000085b00000|  0%| F|  |TAMS 0x0000000085a00000, 0x0000000085a00000| Untracked 
|  27|0x0000000085b00000, 0x0000000085b00000, 0x0000000085c00000|  0%| F|  |TAMS 0x0000000085b00000, 0x0000000085b00000| Untracked 
|  28|0x0000000085c00000, 0x0000000085c00000, 0x0000000085d00000|  0%| F|  |TAMS 0x0000000085c00000, 0x0000000085c00000| Untracked 
|  29|0x0000000085d00000, 0x0000000085d00000, 0x0000000085e00000|  0%| F|  |TAMS 0x0000000085d00000, 0x0000000085d00000| Untracked 
|  30|0x0000000085e00000, 0x0000000085e00000, 0x0000000085f00000|  0%| F|  |TAMS 0x0000000085e00000, 0x0000000085e00000| Untracked 
|  31|0x0000000085f00000, 0x0000000085f00000, 0x0000000086000000|  0%| F|  |TAMS 0x0000000085f00000, 0x0000000085f00000| Untracked 
|  32|0x0000000086000000, 0x0000000086000000, 0x0000000086100000|  0%| F|  |TAMS 0x0000000086000000, 0x0000000086000000| Untracked 
|  33|0x0000000086100000, 0x0000000086100000, 0x0000000086200000|  0%| F|  |TAMS 0x0000000086100000, 0x0000000086100000| Untracked 
|  34|0x0000000086200000, 0x0000000086200000, 0x0000000086300000|  0%| F|  |TAMS 0x0000000086200000, 0x0000000086200000| Untracked 
|  35|0x0000000086300000, 0x0000000086300000, 0x0000000086400000|  0%| F|  |TAMS 0x0000000086300000, 0x0000000086300000| Untracked 
|  36|0x0000000086400000, 0x0000000086400000, 0x0000000086500000|  0%| F|  |TAMS 0x0000000086400000, 0x0000000086400000| Untracked 
|  37|0x0000000086500000, 0x0000000086500000, 0x0000000086600000|  0%| F|  |TAMS 0x0000000086500000, 0x0000000086500000| Untracked 
|  38|0x0000000086600000, 0x0000000086600000, 0x0000000086700000|  0%| F|  |TAMS 0x0000000086600000, 0x0000000086600000| Untracked 
|  39|0x0000000086700000, 0x0000000086700000, 0x0000000086800000|  0%| F|  |TAMS 0x0000000086700000, 0x0000000086700000| Untracked 
|  40|0x0000000086800000, 0x0000000086800000, 0x0000000086900000|  0%| F|  |TAMS 0x0000000086800000, 0x0000000086800000| Untracked 
|  41|0x0000000086900000, 0x0000000086900000, 0x0000000086a00000|  0%| F|  |TAMS 0x0000000086900000, 0x0000000086900000| Untracked 
|  42|0x0000000086a00000, 0x0000000086a00000, 0x0000000086b00000|  0%| F|  |TAMS 0x0000000086a00000, 0x0000000086a00000| Untracked 
|  43|0x0000000086b00000, 0x0000000086b00000, 0x0000000086c00000|  0%| F|  |TAMS 0x0000000086b00000, 0x0000000086b00000| Untracked 
|  44|0x0000000086c00000, 0x0000000086c00000, 0x0000000086d00000|  0%| F|  |TAMS 0x0000000086c00000, 0x0000000086c00000| Untracked 
|  45|0x0000000086d00000, 0x0000000086d00000, 0x0000000086e00000|  0%| F|  |TAMS 0x0000000086d00000, 0x0000000086d00000| Untracked 
|  46|0x0000000086e00000, 0x0000000086e00000, 0x0000000086f00000|  0%| F|  |TAMS 0x0000000086e00000, 0x0000000086e00000| Untracked 
|  47|0x0000000086f00000, 0x0000000086f00000, 0x0000000087000000|  0%| F|  |TAMS 0x0000000086f00000, 0x0000000086f00000| Untracked 
|  48|0x0000000087000000, 0x0000000087000000, 0x0000000087100000|  0%| F|  |TAMS 0x0000000087000000, 0x0000000087000000| Untracked 
|  49|0x0000000087100000, 0x0000000087100000, 0x0000000087200000|  0%| F|  |TAMS 0x0000000087100000, 0x0000000087100000| Untracked 
|  50|0x0000000087200000, 0x0000000087200000, 0x0000000087300000|  0%| F|  |TAMS 0x0000000087200000, 0x0000000087200000| Untracked 
|  51|0x0000000087300000, 0x0000000087300000, 0x0000000087400000|  0%| F|  |TAMS 0x0000000087300000, 0x0000000087300000| Untracked 
|  52|0x0000000087400000, 0x0000000087400000, 0x0000000087500000|  0%| F|  |TAMS 0x0000000087400000, 0x0000000087400000| Untracked 
|  53|0x0000000087500000, 0x0000000087500000, 0x0000000087600000|  0%| F|  |TAMS 0x0000000087500000, 0x0000000087500000| Untracked 
|  54|0x0000000087600000, 0x0000000087600000, 0x0000000087700000|  0%| F|  |TAMS 0x0000000087600000, 0x0000000087600000| Untracked 
|  55|0x0000000087700000, 0x0000000087700000, 0x0000000087800000|  0%| F|  |TAMS 0x0000000087700000, 0x0000000087700000| Untracked 
|  56|0x0000000087800000, 0x0000000087800000, 0x0000000087900000|  0%| F|  |TAMS 0x0000000087800000, 0x0000000087800000| Untracked 
|  57|0x0000000087900000, 0x0000000087900000, 0x0000000087a00000|  0%| F|  |TAMS 0x0000000087900000, 0x0000000087900000| Untracked 
|  58|0x0000000087a00000, 0x0000000087a00000, 0x0000000087b00000|  0%| F|  |TAMS 0x0000000087a00000, 0x0000000087a00000| Untracked 
|  59|0x0000000087b00000, 0x0000000087b00000, 0x0000000087c00000|  0%| F|  |TAMS 0x0000000087b00000, 0x0000000087b00000| Untracked 
|  60|0x0000000087c00000, 0x0000000087c00000, 0x0000000087d00000|  0%| F|  |TAMS 0x0000000087c00000, 0x0000000087c00000| Untracked 
|  61|0x0000000087d00000, 0x0000000087d00000, 0x0000000087e00000|  0%| F|  |TAMS 0x0000000087d00000, 0x0000000087d00000| Untracked 
|  62|0x0000000087e00000, 0x0000000087e00000, 0x0000000087f00000|  0%| F|  |TAMS 0x0000000087e00000, 0x0000000087e00000| Untracked 
|  63|0x0000000087f00000, 0x0000000087f00000, 0x0000000088000000|  0%| F|  |TAMS 0x0000000087f00000, 0x0000000087f00000| Untracked 
|  64|0x0000000088000000, 0x0000000088000000, 0x0000000088100000|  0%| F|  |TAMS 0x0000000088000000, 0x0000000088000000| Untracked 
|  65|0x0000000088100000, 0x0000000088100000, 0x0000000088200000|  0%| F|  |TAMS 0x0000000088100000, 0x0000000088100000| Untracked 
|  66|0x0000000088200000, 0x0000000088200000, 0x0000000088300000|  0%| F|  |TAMS 0x0000000088200000, 0x0000000088200000| Untracked 
|  67|0x0000000088300000, 0x0000000088300000, 0x0000000088400000|  0%| F|  |TAMS 0x0000000088300000, 0x0000000088300000| Untracked 
|  68|0x0000000088400000, 0x0000000088400000, 0x0000000088500000|  0%| F|  |TAMS 0x0000000088400000, 0x0000000088400000| Untracked 
|  69|0x0000000088500000, 0x0000000088500000, 0x0000000088600000|  0%| F|  |TAMS 0x0000000088500000, 0x0000000088500000| Untracked 
|  70|0x0000000088600000, 0x0000000088600000, 0x0000000088700000|  0%| F|  |TAMS 0x0000000088600000, 0x0000000088600000| Untracked 
|  71|0x0000000088700000, 0x0000000088700000, 0x0000000088800000|  0%| F|  |TAMS 0x0000000088700000, 0x0000000088700000| Untracked 
|  72|0x0000000088800000, 0x0000000088800000, 0x0000000088900000|  0%| F|  |TAMS 0x0000000088800000, 0x0000000088800000| Untracked 
|  73|0x0000000088900000, 0x0000000088900000, 0x0000000088a00000|  0%| F|  |TAMS 0x0000000088900000, 0x0000000088900000| Untracked 
|  74|0x0000000088a00000, 0x0000000088a00000, 0x0000000088b00000|  0%| F|  |TAMS 0x0000000088a00000, 0x0000000088a00000| Untracked 
|  75|0x0000000088b00000, 0x0000000088b00000, 0x0000000088c00000|  0%| F|  |TAMS 0x0000000088b00000, 0x0000000088b00000| Untracked 
|  76|0x0000000088c00000, 0x0000000088c00000, 0x0000000088d00000|  0%| F|  |TAMS 0x0000000088c00000, 0x0000000088c00000| Untracked 
|  77|0x0000000088d00000, 0x0000000088d00000, 0x0000000088e00000|  0%| F|  |TAMS 0x0000000088d00000, 0x0000000088d00000| Untracked 
|  78|0x0000000088e00000, 0x0000000088e00000, 0x0000000088f00000|  0%| F|  |TAMS 0x0000000088e00000, 0x0000000088e00000| Untracked 
|  79|0x0000000088f00000, 0x0000000088f00000, 0x0000000089000000|  0%| F|  |TAMS 0x0000000088f00000, 0x0000000088f00000| Untracked 
|  80|0x0000000089000000, 0x0000000089000000, 0x0000000089100000|  0%| F|  |TAMS 0x0000000089000000, 0x0000000089000000| Untracked 
|  81|0x0000000089100000, 0x0000000089100000, 0x0000000089200000|  0%| F|  |TAMS 0x0000000089100000, 0x0000000089100000| Untracked 
|  82|0x0000000089200000, 0x0000000089200000, 0x0000000089300000|  0%| F|  |TAMS 0x0000000089200000, 0x0000000089200000| Untracked 
|  83|0x0000000089300000, 0x0000000089300000, 0x0000000089400000|  0%| F|  |TAMS 0x0000000089300000, 0x0000000089300000| Untracked 
|  84|0x0000000089400000, 0x0000000089400000, 0x0000000089500000|  0%| F|  |TAMS 0x0000000089400000, 0x0000000089400000| Untracked 
|  85|0x0000000089500000, 0x0000000089500000, 0x0000000089600000|  0%| F|  |TAMS 0x0000000089500000, 0x0000000089500000| Untracked 
|  86|0x0000000089600000, 0x0000000089600000, 0x0000000089700000|  0%| F|  |TAMS 0x0000000089600000, 0x0000000089600000| Untracked 
|  87|0x0000000089700000, 0x0000000089700000, 0x0000000089800000|  0%| F|  |TAMS 0x0000000089700000, 0x0000000089700000| Untracked 
|  88|0x0000000089800000, 0x0000000089800000, 0x0000000089900000|  0%| F|  |TAMS 0x0000000089800000, 0x0000000089800000| Untracked 
|  89|0x0000000089900000, 0x0000000089900000, 0x0000000089a00000|  0%| F|  |TAMS 0x0000000089900000, 0x0000000089900000| Untracked 
|  90|0x0000000089a00000, 0x0000000089a00000, 0x0000000089b00000|  0%| F|  |TAMS 0x0000000089a00000, 0x0000000089a00000| Untracked 
|  91|0x0000000089b00000, 0x0000000089b00000, 0x0000000089c00000|  0%| F|  |TAMS 0x0000000089b00000, 0x0000000089b00000| Untracked 
|  92|0x0000000089c00000, 0x0000000089c00000, 0x0000000089d00000|  0%| F|  |TAMS 0x0000000089c00000, 0x0000000089c00000| Untracked 
|  93|0x0000000089d00000, 0x0000000089e00000, 0x0000000089e00000|100%| S|CS|TAMS 0x0000000089d00000, 0x0000000089d00000| Complete 
|  94|0x0000000089e00000, 0x0000000089e00000, 0x0000000089f00000|  0%| F|  |TAMS 0x0000000089e00000, 0x0000000089e00000| Untracked 
|  95|0x0000000089f00000, 0x0000000089f00000, 0x000000008a000000|  0%| F|  |TAMS 0x0000000089f00000, 0x0000000089f00000| Untracked 
|  96|0x000000008a000000, 0x000000008a000000, 0x000000008a100000|  0%| F|  |TAMS 0x000000008a000000, 0x000000008a000000| Untracked 
|  97|0x000000008a100000, 0x000000008a100000, 0x000000008a200000|  0%| F|  |TAMS 0x000000008a100000, 0x000000008a100000| Untracked 
|  98|0x000000008a200000, 0x000000008a200000, 0x000000008a300000|  0%| F|  |TAMS 0x000000008a200000, 0x000000008a200000| Untracked 
|  99|0x000000008a300000, 0x000000008a300000, 0x000000008a400000|  0%| F|  |TAMS 0x000000008a300000, 0x000000008a300000| Untracked 
| 100|0x000000008a400000, 0x000000008a400000, 0x000000008a500000|  0%| F|  |TAMS 0x000000008a400000, 0x000000008a400000| Untracked 
| 101|0x000000008a500000, 0x000000008a500000, 0x000000008a600000|  0%| F|  |TAMS 0x000000008a500000, 0x000000008a500000| Untracked 
| 102|0x000000008a600000, 0x000000008a600000, 0x000000008a700000|  0%| F|  |TAMS 0x000000008a600000, 0x000000008a600000| Untracked 
| 103|0x000000008a700000, 0x000000008a700000, 0x000000008a800000|  0%| F|  |TAMS 0x000000008a700000, 0x000000008a700000| Untracked 
| 104|0x000000008a800000, 0x000000008a800000, 0x000000008a900000|  0%| F|  |TAMS 0x000000008a800000, 0x000000008a800000| Untracked 
| 105|0x000000008a900000, 0x000000008a900000, 0x000000008aa00000|  0%| F|  |TAMS 0x000000008a900000, 0x000000008a900000| Untracked 
| 106|0x000000008aa00000, 0x000000008aa00000, 0x000000008ab00000|  0%| F|  |TAMS 0x000000008aa00000, 0x000000008aa00000| Untracked 
| 107|0x000000008ab00000, 0x000000008ab00000, 0x000000008ac00000|  0%| F|  |TAMS 0x000000008ab00000, 0x000000008ab00000| Untracked 
| 108|0x000000008ac00000, 0x000000008ac00000, 0x000000008ad00000|  0%| F|  |TAMS 0x000000008ac00000, 0x000000008ac00000| Untracked 
| 109|0x000000008ad00000, 0x000000008ad00000, 0x000000008ae00000|  0%| F|  |TAMS 0x000000008ad00000, 0x000000008ad00000| Untracked 
| 110|0x000000008ae00000, 0x000000008ae00000, 0x000000008af00000|  0%| F|  |TAMS 0x000000008ae00000, 0x000000008ae00000| Untracked 
| 111|0x000000008af00000, 0x000000008af00000, 0x000000008b000000|  0%| F|  |TAMS 0x000000008af00000, 0x000000008af00000| Untracked 
| 112|0x000000008b000000, 0x000000008b000000, 0x000000008b100000|  0%| F|  |TAMS 0x000000008b000000, 0x000000008b000000| Untracked 
| 113|0x000000008b100000, 0x000000008b100800, 0x000000008b200000|  0%| E|  |TAMS 0x000000008b100000, 0x000000008b100000| Complete 
| 114|0x000000008b200000, 0x000000008b300000, 0x000000008b300000|100%| E|CS|TAMS 0x000000008b200000, 0x000000008b200000| Complete 
| 115|0x000000008b300000, 0x000000008b400000, 0x000000008b400000|100%| E|CS|TAMS 0x000000008b300000, 0x000000008b300000| Complete 
| 116|0x000000008b400000, 0x000000008b500000, 0x000000008b500000|100%| E|CS|TAMS 0x000000008b400000, 0x000000008b400000| Complete 
| 117|0x000000008b500000, 0x000000008b600000, 0x000000008b600000|100%| E|CS|TAMS 0x000000008b500000, 0x000000008b500000| Complete 
| 118|0x000000008b600000, 0x000000008b700000, 0x000000008b700000|100%| E|CS|TAMS 0x000000008b600000, 0x000000008b600000| Complete 
| 119|0x000000008b700000, 0x000000008b800000, 0x000000008b800000|100%| E|CS|TAMS 0x000000008b700000, 0x000000008b700000| Complete 
| 120|0x000000008b800000, 0x000000008b900000, 0x000000008b900000|100%| E|CS|TAMS 0x000000008b800000, 0x000000008b800000| Complete 
| 121|0x000000008b900000, 0x000000008ba00000, 0x000000008ba00000|100%| E|CS|TAMS 0x000000008b900000, 0x000000008b900000| Complete 
| 122|0x000000008ba00000, 0x000000008bb00000, 0x000000008bb00000|100%| E|CS|TAMS 0x000000008ba00000, 0x000000008ba00000| Complete 
| 123|0x000000008bb00000, 0x000000008bc00000, 0x000000008bc00000|100%| E|CS|TAMS 0x000000008bb00000, 0x000000008bb00000| Complete 

Card table byte_map: [0x000001e01e3f0000,0x000001e01e7d0000] _byte_map_base: 0x000001e01dfd0000

Marking Bits (Prev, Next): (CMBitMap*) 0x000001e0075a8670, (CMBitMap*) 0x000001e0075a86b0
 Prev Bits: [0x000001e01ebb0000, 0x000001e020ab0000)
 Next Bits: [0x000001e020ab0000, 0x000001e0229b0000)

Polling page: 0x000001e006d50000

Metaspace:

Usage:
  Non-class:     13.94 MB used.
      Class:      1.75 MB used.
       Both:     15.69 MB used.

Virtual space:
  Non-class space:       16.00 MB reserved,      14.06 MB ( 88%) committed,  2 nodes.
      Class space:        1.00 GB reserved,       1.88 MB ( <1%) committed,  1 nodes.
              Both:        1.02 GB reserved,      15.94 MB (  2%) committed. 

Chunk freelists:
   Non-Class:  1.97 MB
       Class:  2.11 MB
        Both:  4.08 MB

MaxMetaspaceSize: 17179869184.00 GB
CompressedClassSpaceSize: 1.00 GB
 - commit_granule_bytes: 65536.
 - commit_granule_words: 8192.
 - virtual_space_node_default_size: 1048576.
 - enlarge_chunks_in_place: 1.
 - new_chunks_are_fully_committed: 0.
 - uncommit_free_chunks: 1.
 - use_allocation_guard: 0.
 - handle_deallocations: 1.


Internal statistics:

num_allocs_failed_limit: 0.
num_arena_births: 130.
num_arena_deaths: 0.
num_vsnodes_births: 3.
num_vsnodes_deaths: 0.
num_space_committed: 255.
num_space_uncommitted: 0.
num_chunks_returned_to_freelist: 0.
num_chunks_taken_from_freelist: 225.
num_chunk_merges: 0.
num_chunk_splits: 121.
num_chunks_enlarged: 63.
num_purges: 0.

CodeHeap 'non-profiled nmethods': size=120000Kb used=1306Kb max_used=1306Kb free=118693Kb
 bounds [0x000001e0167b0000, 0x000001e016a20000, 0x000001e01dce0000]
CodeHeap 'profiled nmethods': size=120000Kb used=5382Kb max_used=5382Kb free=114617Kb
 bounds [0x000001e00f280000, 0x000001e00f7d0000, 0x000001e0167b0000]
CodeHeap 'non-nmethods': size=5760Kb used=1373Kb max_used=1413Kb free=4386Kb
 bounds [0x000001e00ece0000, 0x000001e00ef50000, 0x000001e00f280000]
 total_blobs=3392 nmethods=2690 adapters=614
 compilation: enabled
              stopped_count=0, restarted_count=0
 full_count=0

Compilation events (20 events):
Event: 42.289 Thread 0x000001e025395a40 nmethod 2682 0x000001e00f7bcd90 code [0x000001e00f7bcf40, 0x000001e00f7bd178]
Event: 42.289 Thread 0x000001e025395a40 2683       3       java.util.HashSet::iterator (13 bytes)
Event: 42.289 Thread 0x000001e025395a40 nmethod 2683 0x000001e00f7bd210 code [0x000001e00f7bd3c0, 0x000001e00f7bd678]
Event: 42.412 Thread 0x000001e025395a40 2685       3       jdk.internal.loader.BuiltinClassLoader::findLoadedModule (33 bytes)
Event: 42.412 Thread 0x000001e025395a40 nmethod 2685 0x000001e00f7bd790 code [0x000001e00f7bd9c0, 0x000001e00f7be018]
Event: 42.412 Thread 0x000001e025395a40 2686       3       java.lang.String::regionMatches (150 bytes)
Event: 42.413 Thread 0x000001e025395a40 nmethod 2686 0x000001e00f7be290 code [0x000001e00f7be4e0, 0x000001e00f7bece8]
Event: 42.413 Thread 0x000001e025395a40 2687       3       javax.swing.SwingUtilities::computeUnion (149 bytes)
Event: 42.413 Thread 0x000001e025395a40 nmethod 2687 0x000001e00f7bef90 code [0x000001e00f7bf140, 0x000001e00f7bf398]
Event: 42.414 Thread 0x000001e025395a40 2688   !   3       java.awt.Container::validate (105 bytes)
Event: 42.415 Thread 0x000001e025395a40 nmethod 2688 0x000001e00f7bf490 code [0x000001e00f7bf6c0, 0x000001e00f7c0288]
Event: 52.194 Thread 0x000001e025395a40 2689       3       sun.java2d.Disposer::addRecord (17 bytes)
Event: 52.195 Thread 0x000001e025395a40 nmethod 2689 0x000001e00f7c0590 code [0x000001e00f7c0740, 0x000001e00f7c09c8]
Event: 52.195 Thread 0x000001e025395a40 2690       3       sun.java2d.DefaultDisposerRecord::<init> (15 bytes)
Event: 52.195 Thread 0x000001e025395a40 nmethod 2690 0x000001e00f7c0b10 code [0x000001e00f7c0cc0, 0x000001e00f7c0e38]
Event: 52.331 Thread 0x000001e025395a40 2691       1       javax.swing.JTree::getSelectionModel (5 bytes)
Event: 52.331 Thread 0x000001e025395a40 nmethod 2691 0x000001e0168f6810 code [0x000001e0168f69a0, 0x000001e0168f6a78]
Event: 52.331 Thread 0x000001e025395a40 2692       3       java.util.concurrent.ConcurrentHashMap::values (25 bytes)
Event: 52.331 Thread 0x000001e025395a40 nmethod 2692 0x000001e00f7c0f10 code [0x000001e00f7c10e0, 0x000001e00f7c1478]
Event: 52.332 Thread 0x000001e025395a40 2693       3       java.util.concurrent.ConcurrentHashMap$ValuesView::iterator (34 bytes)

GC Heap History (4 events):
Event: 1.016 GC heap before
{Heap before GC invocations=0 (full 0):
 garbage-first heap   total 126976K, used 28672K [0x0000000084000000, 0x0000000100000000)
  region size 1024K, 23 young (23552K), 0 survivors (0K)
 Metaspace       used 13843K, committed 14016K, reserved 1064960K
  class space    used 1619K, committed 1728K, reserved 1048576K
}
Event: 1.022 GC heap after
{Heap after GC invocations=1 (full 0):
 garbage-first heap   total 126976K, used 9114K [0x0000000084000000, 0x0000000100000000)
  region size 1024K, 3 young (3072K), 3 survivors (3072K)
 Metaspace       used 13843K, committed 14016K, reserved 1064960K
  class space    used 1619K, committed 1728K, reserved 1048576K
}
Event: 3.850 GC heap before
{Heap before GC invocations=1 (full 0):
 garbage-first heap   total 126976K, used 43930K [0x0000000084000000, 0x0000000100000000)
  region size 1024K, 30 young (30720K), 3 survivors (3072K)
 Metaspace       used 15098K, committed 15296K, reserved 1064960K
  class space    used 1731K, committed 1856K, reserved 1048576K
}
Event: 3.854 GC heap after
{Heap after GC invocations=2 (full 0):
 garbage-first heap   total 126976K, used 17329K [0x0000000084000000, 0x0000000100000000)
  region size 1024K, 1 young (1024K), 1 survivors (1024K)
 Metaspace       used 15098K, committed 15296K, reserved 1064960K
  class space    used 1731K, committed 1856K, reserved 1048576K
}

Deoptimization events (20 events):
Event: 10.588 Thread 0x000001e0263be240 DEOPT PACKING pc=0x000001e01686e5cc sp=0x000000def85fd7d0
Event: 10.588 Thread 0x000001e0263be240 DEOPT UNPACKING pc=0x000001e00ed2f92e sp=0x000000def85fd660 mode 2
Event: 11.708 Thread 0x000001e0263be240 DEOPT PACKING pc=0x000001e00f640ca0 sp=0x000000def85fd2a0
Event: 11.708 Thread 0x000001e0263be240 DEOPT UNPACKING pc=0x000001e00ed2e77e sp=0x000000def85fc668 mode 0
Event: 15.215 Thread 0x000001e0263be240 DEOPT PACKING pc=0x000001e00f6fab71 sp=0x000000def85fc000
Event: 15.215 Thread 0x000001e0263be240 DEOPT UNPACKING pc=0x000001e00ed2e77e sp=0x000000def85fb400 mode 0
Event: 15.412 Thread 0x000001e0263be240 DEOPT PACKING pc=0x000001e00f6d568d sp=0x000000def85fd240
Event: 15.412 Thread 0x000001e0263be240 DEOPT UNPACKING pc=0x000001e00ed2e77e sp=0x000000def85fc690 mode 0
Event: 15.417 Thread 0x000001e0263be240 DEOPT PACKING pc=0x000001e00f6d568d sp=0x000000def85fd180
Event: 15.417 Thread 0x000001e0263be240 DEOPT UNPACKING pc=0x000001e00ed2e77e sp=0x000000def85fc5d0 mode 0
Event: 19.695 Thread 0x000001e0263be240 DEOPT PACKING pc=0x000001e00f671545 sp=0x000000def85fb460
Event: 19.695 Thread 0x000001e0263be240 DEOPT UNPACKING pc=0x000001e00ed2e77e sp=0x000000def85fa8a0 mode 0
Event: 23.195 Thread 0x000001e0263be240 DEOPT PACKING pc=0x000001e00f6fa89a sp=0x000000def85fc4d0
Event: 23.195 Thread 0x000001e0263be240 DEOPT UNPACKING pc=0x000001e00ed2e77e sp=0x000000def85fb8c8 mode 0
Event: 24.219 Thread 0x000001e0263be240 Uncommon trap: trap_request=0xffffff45 fr.pc=0x000001e0168c9a64 relative=0x0000000000000f04
Event: 24.219 Thread 0x000001e0263be240 Uncommon trap: reason=unstable_if action=reinterpret pc=0x000001e0168c9a64 method=java.awt.Container$MouseEventTargetFilter.accept(Ljava/awt/Component;)Z @ 23 c2
Event: 24.219 Thread 0x000001e0263be240 DEOPT PACKING pc=0x000001e0168c9a64 sp=0x000000def85fea00
Event: 24.219 Thread 0x000001e0263be240 DEOPT UNPACKING pc=0x000001e00ed2f92e sp=0x000000def85fe8a0 mode 2
Event: 26.238 Thread 0x000001e0263be240 DEOPT PACKING pc=0x000001e00f552c09 sp=0x000000def85fc950
Event: 26.238 Thread 0x000001e0263be240 DEOPT UNPACKING pc=0x000001e00ed2e77e sp=0x000000def85fbe30 mode 0

Classes unloaded (0 events):
No events

Classes redefined (0 events):
No events

Internal exceptions (20 events):
Event: 0.906 Thread 0x000001e0263be240 Exception <a 'java/lang/ClassCastException'{0x000000008b0a56b0}: class javax.swing.JButton cannot be cast to class javax.swing.JTextField (javax.swing.JButton and javax.swing.JTextField are in module java.desktop of loader 'bootstrap')> (0x000000008b0a56b0) 
thrown [t:\workspace\open\src\hotspot\share\interpreter\interpreterRuntime.cpp, line 441]
Event: 0.906 Thread 0x000001e0263be240 Exception <a 'java/lang/ClassCastException'{0x000000008b0a5a58}: class javax.swing.JButton cannot be cast to class javax.swing.JTextField (javax.swing.JButton and javax.swing.JTextField are in module java.desktop of loader 'bootstrap')> (0x000000008b0a5a58) 
thrown [t:\workspace\open\src\hotspot\share\interpreter\interpreterRuntime.cpp, line 441]
Event: 0.906 Thread 0x000001e0263be240 Exception <a 'java/lang/ClassCastException'{0x000000008b0a5e00}: class javax.swing.JButton cannot be cast to class javax.swing.JTextField (javax.swing.JButton and javax.swing.JTextField are in module java.desktop of loader 'bootstrap')> (0x000000008b0a5e00) 
thrown [t:\workspace\open\src\hotspot\share\interpreter\interpreterRuntime.cpp, line 441]
Event: 0.906 Thread 0x000001e0263be240 Exception <a 'java/lang/ClassCastException'{0x000000008b0a61a8}: class javax.swing.JButton cannot be cast to class javax.swing.JTextField (javax.swing.JButton and javax.swing.JTextField are in module java.desktop of loader 'bootstrap')> (0x000000008b0a61a8) 
thrown [t:\workspace\open\src\hotspot\share\interpreter\interpreterRuntime.cpp, line 441]
Event: 0.906 Thread 0x000001e0263be240 Exception <a 'java/lang/ClassCastException'{0x000000008b0a6550}: class javax.swing.JButton cannot be cast to class javax.swing.JTextField (javax.swing.JButton and javax.swing.JTextField are in module java.desktop of loader 'bootstrap')> (0x000000008b0a6550) 
thrown [t:\workspace\open\src\hotspot\share\interpreter\interpreterRuntime.cpp, line 441]
Event: 0.906 Thread 0x000001e0263be240 Exception <a 'java/lang/ClassCastException'{0x000000008b0a68f8}: class javax.swing.JButton cannot be cast to class javax.swing.JTextField (javax.swing.JButton and javax.swing.JTextField are in module java.desktop of loader 'bootstrap')> (0x000000008b0a68f8) 
thrown [t:\workspace\open\src\hotspot\share\interpreter\interpreterRuntime.cpp, line 441]
Event: 0.912 Thread 0x000001e0271747f0 Exception <a 'java/io/FileNotFoundException'{0x000000008b0ec270}> (0x000000008b0ec270) 
thrown [t:\workspace\open\src\hotspot\share\prims\jni.cpp, line 579]
Event: 1.243 Thread 0x000001e0263be240 Implicit null exception at 0x000001e016839a4f to 0x000001e016839f70
Event: 1.243 Thread 0x000001e0263be240 Implicit null exception at 0x000001e016833baa to 0x000001e016834274
Event: 1.243 Thread 0x000001e0263be240 Implicit null exception at 0x000001e016839a4f to 0x000001e016839f70
Event: 1.243 Thread 0x000001e0263be240 Implicit null exception at 0x000001e016833baa to 0x000001e016834274
Event: 1.243 Thread 0x000001e0263be240 Implicit null exception at 0x000001e016839a4f to 0x000001e016839f70
Event: 4.556 Thread 0x000001e0263be240 Exception <a 'java/lang/NullPointerException'{0x000000008bb37578}> (0x000000008bb37578) 
thrown [t:\workspace\open\src\hotspot\share\interpreter\linkResolver.cpp, line 1385]
Event: 12.648 Thread 0x000001e0263be240 Exception <a 'java/lang/NullPointerException'{0x000000008b82a248}> (0x000000008b82a248) 
thrown [t:\workspace\open\src\hotspot\share\interpreter\linkResolver.cpp, line 1385]
Event: 12.746 Thread 0x000001e0263be240 Exception <a 'java/lang/NoSuchMethodError'{0x000000008b852008}: 'int java.lang.invoke.DirectMethodHandle$Holder.invokeStatic(java.lang.Object)'> (0x000000008b852008) 
thrown [t:\workspace\open\src\hotspot\share\interpreter\linkResolver.cpp, line 790]
Event: 19.648 Thread 0x000001e0263be240 Exception <a 'java/lang/NullPointerException'{0x000000008b73a4b0}> (0x000000008b73a4b0) 
thrown [t:\workspace\open\src\hotspot\share\interpreter\linkResolver.cpp, line 1385]
Event: 25.010 Thread 0x000001e0263be240 Exception <a 'java/lang/NullPointerException'{0x000000008b696038}> (0x000000008b696038) 
thrown [t:\workspace\open\src\hotspot\share\interpreter\linkResolver.cpp, line 1385]
Event: 31.340 Thread 0x000001e0263be240 Exception <a 'java/lang/IllegalStateException'{0x000000008b452b38}: contextPointer is not initialized> (0x000000008b452b38) 
thrown [t:\workspace\open\src\hotspot\share\prims\jni.cpp, line 600]
Event: 31.340 Thread 0x000001e0263be240 Exception <a 'java/lang/NullPointerException'{0x000000008b4530b0}> (0x000000008b4530b0) 
thrown [t:\workspace\open\src\hotspot\share\interpreter\linkResolver.cpp, line 1385]
Event: 42.392 Thread 0x000001e0263be240 Exception <a 'java/lang/NullPointerException'{0x000000008b2c6730}> (0x000000008b2c6730) 
thrown [t:\workspace\open\src\hotspot\share\interpreter\linkResolver.cpp, line 1385]

Events (20 events):
Event: 32.197 Executing  VM operation: Cleanup done
Event: 33.197 Executing  VM operation: Cleanup
Event: 33.198 Executing  VM operation: Cleanup done
Event: 35.227 Executing  VM operation: Cleanup
Event: 35.227 Executing  VM operation: Cleanup done
Event: 36.238 Executing  VM operation: Cleanup
Event: 36.238 Executing  VM operation: Cleanup done
Event: 37.247 Executing  VM operation: Cleanup
Event: 37.247 Executing  VM operation: Cleanup done
Event: 39.272 Executing  VM operation: Cleanup
Event: 39.272 Executing  VM operation: Cleanup done
Event: 41.296 Executing  VM operation: Cleanup
Event: 41.296 Executing  VM operation: Cleanup done
Event: 42.311 Executing  VM operation: Cleanup
Event: 42.311 Executing  VM operation: Cleanup done
Event: 42.413 Thread 0x000001e02842dae0 Thread added: 0x000001e02842dae0
Event: 42.413 loading class java/nio/HeapIntBuffer
Event: 42.413 loading class java/nio/HeapIntBuffer done
Event: 43.312 Executing  VM operation: Cleanup
Event: 43.312 Executing  VM operation: Cleanup done


Dynamic libraries:
0x00007ff6f2450000 - 0x00007ff6f2460000 	C:\Program Files\Java\jdk-16\bin\java.exe
0x00007ffd344b0000 - 0x00007ffd346a5000 	C:\Windows\SYSTEM32\ntdll.dll
0x00007ffd32630000 - 0x00007ffd326ed000 	C:\Windows\System32\KERNEL32.DLL
0x00007ffd31f80000 - 0x00007ffd32248000 	C:\Windows\System32\KERNELBASE.dll
0x00007ffd32310000 - 0x00007ffd32410000 	C:\Windows\System32\ucrtbase.dll
0x00007ffd2d2b0000 - 0x00007ffd2d2c9000 	C:\Program Files\Java\jdk-16\bin\VCRUNTIME140.dll
0x00007ffd2c290000 - 0x00007ffd2c2a8000 	C:\Program Files\Java\jdk-16\bin\jli.dll
0x00007ffd32f40000 - 0x00007ffd32fec000 	C:\Windows\System32\ADVAPI32.dll
0x00007ffd32d00000 - 0x00007ffd32d9e000 	C:\Windows\System32\msvcrt.dll
0x00007ffd32950000 - 0x00007ffd329eb000 	C:\Windows\System32\sechost.dll
0x00007ffd32ac0000 - 0x00007ffd32beb000 	C:\Windows\System32\RPCRT4.dll
0x00007ffd32da0000 - 0x00007ffd32f40000 	C:\Windows\System32\USER32.dll
0x00007ffd31eb0000 - 0x00007ffd31ed2000 	C:\Windows\System32\win32u.dll
0x00007ffd33b60000 - 0x00007ffd33b8a000 	C:\Windows\System32\GDI32.dll
0x00007ffd32410000 - 0x00007ffd3251b000 	C:\Windows\System32\gdi32full.dll
0x00007ffd1a9e0000 - 0x00007ffd1ac7a000 	C:\Windows\WinSxS\amd64_microsoft.windows.common-controls_6595b64144ccf1df_6.0.19041.1052_none_60b8f8fd71f5e8cb\COMCTL32.dll
0x00007ffd31ee0000 - 0x00007ffd31f7d000 	C:\Windows\System32\msvcp_win.dll
0x00007ffd2aa40000 - 0x00007ffd2aa4a000 	C:\Windows\SYSTEM32\VERSION.dll
0x00007ffd32bf0000 - 0x00007ffd32c20000 	C:\Windows\System32\IMM32.DLL
0x00007ffd2d560000 - 0x00007ffd2d56c000 	C:\Program Files\Java\jdk-16\bin\vcruntime140_1.dll
0x00007ffd01da0000 - 0x00007ffd01e31000 	C:\Program Files\Java\jdk-16\bin\msvcp140.dll
0x00007ffcf04c0000 - 0x00007ffcf106b000 	C:\Program Files\Java\jdk-16\bin\server\jvm.dll
0x00007ffd33360000 - 0x00007ffd33368000 	C:\Windows\System32\PSAPI.DLL
0x00007ffd21f00000 - 0x00007ffd21f27000 	C:\Windows\SYSTEM32\WINMM.dll
0x00007ffd1fc00000 - 0x00007ffd1fc09000 	C:\Windows\SYSTEM32\WSOCK32.dll
0x00007ffd33370000 - 0x00007ffd333db000 	C:\Windows\System32\WS2_32.dll
0x00007ffd30480000 - 0x00007ffd30492000 	C:\Windows\SYSTEM32\kernel.appcore.dll
0x00007ffd2d350000 - 0x00007ffd2d35a000 	C:\Program Files\Java\jdk-16\bin\jimage.dll
0x00007ffd2fa00000 - 0x00007ffd2fbe4000 	C:\Windows\SYSTEM32\DBGHELP.DLL
0x00007ffd1a4f0000 - 0x00007ffd1a51c000 	C:\Windows\SYSTEM32\dbgcore.DLL
0x00007ffd32280000 - 0x00007ffd32303000 	C:\Windows\System32\bcryptPrimitives.dll
0x00007ffd2bd30000 - 0x00007ffd2bd55000 	C:\Program Files\Java\jdk-16\bin\java.dll
0x00007ffd33ca0000 - 0x00007ffd343df000 	C:\Windows\System32\SHELL32.dll
0x00007ffd2fce0000 - 0x00007ffd30470000 	C:\Windows\SYSTEM32\windows.storage.dll
0x00007ffd33000000 - 0x00007ffd33355000 	C:\Windows\System32\combase.dll
0x00007ffd31590000 - 0x00007ffd315bc000 	C:\Windows\SYSTEM32\Wldp.dll
0x00007ffd33bf0000 - 0x00007ffd33c9e000 	C:\Windows\System32\SHCORE.dll
0x00007ffd33950000 - 0x00007ffd339a5000 	C:\Windows\System32\shlwapi.dll
0x00007ffd31b30000 - 0x00007ffd31b4f000 	C:\Windows\SYSTEM32\profapi.dll
0x00007ffd2d270000 - 0x00007ffd2d289000 	C:\Program Files\Java\jdk-16\bin\net.dll
0x00007ffd234c0000 - 0x00007ffd235cb000 	C:\Windows\SYSTEM32\WINHTTP.dll
0x00007ffd312b0000 - 0x00007ffd3131a000 	C:\Windows\system32\mswsock.dll
0x00007ffd22310000 - 0x00007ffd22323000 	C:\Program Files\Java\jdk-16\bin\nio.dll
0x00007ffd22110000 - 0x00007ffd22128000 	C:\Program Files\Java\jdk-16\bin\zip.dll
0x00007ffcf0340000 - 0x00007ffcf04c0000 	C:\Program Files\Java\jdk-16\bin\awt.dll
0x00007ffd329f0000 - 0x00007ffd32abd000 	C:\Windows\System32\OLEAUT32.dll
0x00007ffd2f0c0000 - 0x00007ffd2f150000 	C:\Windows\SYSTEM32\apphelp.dll
0x00007ffd2f2a0000 - 0x00007ffd2f33e000 	C:\Windows\system32\uxtheme.dll
0x00007ffd32820000 - 0x00007ffd32935000 	C:\Windows\System32\MSCTF.dll
0x00007ffd326f0000 - 0x00007ffd3281a000 	C:\Windows\System32\ole32.dll
0x00007ffd2f470000 - 0x00007ffd2f49f000 	C:\Windows\system32\DWMAPI.DLL
0x00007ffcf77e0000 - 0x00007ffcf7869000 	C:\Program Files\Java\jdk-16\bin\freetype.dll
0x00007ffcf0240000 - 0x00007ffcf0336000 	C:\Program Files\Java\jdk-16\bin\harfbuzz.dll
0x00007ffd21ea0000 - 0x00007ffd21eb2000 	C:\Program Files\Java\jdk-16\bin\fontmanager.dll
0x00007ffd10980000 - 0x00007ffd10aa6000 	C:\Windows\system32\opengl32.dll
0x00007ffd10f60000 - 0x00007ffd10f8c000 	C:\Windows\SYSTEM32\GLU32.dll
0x00007ffd20bd0000 - 0x00007ffd20bf5000 	C:\Users\bijum\AppData\Local\Temp\jSerialComm\1625299618024-jSerialComm.dll
0x00007ffd333e0000 - 0x00007ffd33849000 	C:\Windows\System32\SETUPAPI.dll
0x00007ffd31e60000 - 0x00007ffd31eae000 	C:\Windows\System32\cfgmgr32.dll
0x00007ffd32250000 - 0x00007ffd32277000 	C:\Windows\System32\bcrypt.dll
0x00007ffd318d0000 - 0x00007ffd318fc000 	C:\Windows\SYSTEM32\DEVOBJ.dll
0x00007ffd31e00000 - 0x00007ffd31e60000 	C:\Windows\System32\WINTRUST.dll
0x00007ffd31ca0000 - 0x00007ffd31dff000 	C:\Windows\System32\CRYPT32.dll
0x00007ffd31710000 - 0x00007ffd31722000 	C:\Windows\SYSTEM32\MSASN1.dll
0x00007ffd314c0000 - 0x00007ffd314d8000 	C:\Windows\SYSTEM32\CRYPTSP.dll
0x00007ffd30c60000 - 0x00007ffd30c94000 	C:\Windows\system32\rsaenh.dll
0x00007ffd31af0000 - 0x00007ffd31b1e000 	C:\Windows\SYSTEM32\USERENV.dll
0x00007ffd314b0000 - 0x00007ffd314bc000 	C:\Windows\SYSTEM32\CRYPTBASE.dll
0x00007ffd30fc0000 - 0x00007ffd30ffb000 	C:\Windows\SYSTEM32\IPHLPAPI.DLL
0x00007ffd32ff0000 - 0x00007ffd32ff8000 	C:\Windows\System32\NSI.dll
0x00007ffd29930000 - 0x00007ffd29947000 	C:\Windows\SYSTEM32\dhcpcsvc6.DLL
0x00007ffd295a0000 - 0x00007ffd295bd000 	C:\Windows\SYSTEM32\dhcpcsvc.DLL
0x00007ffd31000000 - 0x00007ffd310cc000 	C:\Windows\SYSTEM32\DNSAPI.dll
0x00007ffd20b00000 - 0x00007ffd20b63000 	C:\Users\bijum\AppData\Local\Temp\usb4java13161254610221437758.tmp\libusb4java.dll
0x00007ffd08490000 - 0x00007ffd0849c000 	C:\Windows\SYSTEM32\WinUSB.DLL
0x00007ffd30470000 - 0x00007ffd3047d000 	C:\Windows\SYSTEM32\hid.DLL
0x00007ffd32580000 - 0x00007ffd32629000 	C:\Windows\System32\clbcatq.dll
0x00007ffd2add0000 - 0x00007ffd2af84000 	C:\Windows\SYSTEM32\WindowsCodecs.dll
0x00007ffd08830000 - 0x00007ffd0886e000 	C:\Windows\system32\dataexchange.dll
0x00007ffd2e4e0000 - 0x00007ffd2e6c6000 	C:\Windows\system32\dcomp.dll
0x00007ffd2dcb0000 - 0x00007ffd2df14000 	C:\Windows\system32\d3d11.dll
0x00007ffd304f0000 - 0x00007ffd305e4000 	C:\Windows\system32\dxgi.dll
0x00007ffd2b1d0000 - 0x00007ffd2b3d1000 	C:\Windows\system32\twinapi.appcore.dll
0x00007ffd14560000 - 0x00007ffd145fa000 	C:\Windows\system32\RICHED20.DLL
0x00007ffd08e60000 - 0x00007ffd08e99000 	C:\Windows\SYSTEM32\msls31.dll
0x00007ffd20bb0000 - 0x00007ffd20bc9000 	C:\Windows\SYSTEM32\USP10.dll
0x00007ffd0f090000 - 0x00007ffd0f189000 	C:\Windows\SYSTEM32\textinputframework.dll
0x00007ffd2ea50000 - 0x00007ffd2edae000 	C:\Windows\System32\CoreUIComponents.dll
0x00007ffd2edb0000 - 0x00007ffd2eea2000 	C:\Windows\System32\CoreMessaging.dll
0x00007ffd308f0000 - 0x00007ffd30923000 	C:\Windows\SYSTEM32\ntmarta.dll
0x00007ffd2d6f0000 - 0x00007ffd2d844000 	C:\Windows\SYSTEM32\wintypes.dll

dbghelp: loaded successfully - version: 4.0.5 - missing functions: none
symbol engine: initialized successfully - sym options: 0x614 - pdb path: .;C:\Program Files\Java\jdk-16\bin;C:\Windows\SYSTEM32;C:\Windows\WinSxS\amd64_microsoft.windows.common-controls_6595b64144ccf1df_6.0.19041.1052_none_60b8f8fd71f5e8cb;C:\Program Files\Java\jdk-16\bin\server;C:\Users\bijum\AppData\Local\Temp\jSerialComm;C:\Users\bijum\AppData\Local\Temp\usb4java13161254610221437758.tmp

VM Arguments:
jvm_args: -Dfile.encoding=UTF-8 
java_command: hackbugant.HackBugAnt
java_class_path (initial): C:\Program Files\NetBeans-12.3\netbeans\java\modules\ext\AbsoluteLayout.jar;D:\Works\HackBug\HackBugAnt\lib\usb-api-1.0.2.jar;D:\Works\HackBug\HackBugAnt\lib\usb4java-1.3.0.jar;D:\Works\HackBug\HackBugAnt\lib\jSerialComm-2.6.2.jar;D:\Works\HackBug\HackBugAnt\lib\json-simple-1.1.1.jar;D:\Works\HackBug\HackBugAnt\lib\commons-lang3-3.8.1.jar;D:\Works\HackBug\HackBugAnt\lib\LibusbJava.jar;D:\Works\HackBug\HackBugAnt\lib\libusb4java-1.3.0-win32-x86-64.jar;D:\Works\HackBug\HackBugAnt\build\classes
Launcher Type: SUN_STANDARD

[Global flags]
     intx CICompilerCount                          = 4                                         {product} {ergonomic}
     uint ConcGCThreads                            = 2                                         {product} {ergonomic}
     uint G1ConcRefinementThreads                  = 8                                         {product} {ergonomic}
   size_t G1HeapRegionSize                         = 1048576                                   {product} {ergonomic}
    uintx GCDrainStackTargetSize                   = 64                                        {product} {ergonomic}
   size_t InitialHeapSize                          = 130023424                                 {product} {ergonomic}
   size_t MarkStackSize                            = 4194304                                   {product} {ergonomic}
   size_t MaxHeapSize                              = 2080374784                                {product} {ergonomic}
   size_t MaxNewSize                               = 1247805440                                {product} {ergonomic}
   size_t MinHeapDeltaBytes                        = 1048576                                   {product} {ergonomic}
   size_t MinHeapSize                              = 8388608                                   {product} {ergonomic}
    uintx NonNMethodCodeHeapSize                   = 5839372                                {pd product} {ergonomic}
    uintx NonProfiledCodeHeapSize                  = 122909434                              {pd product} {ergonomic}
    uintx ProfiledCodeHeapSize                     = 122909434                              {pd product} {ergonomic}
    uintx ReservedCodeCacheSize                    = 251658240                              {pd product} {ergonomic}
     bool SegmentedCodeCache                       = true                                      {product} {ergonomic}
   size_t SoftMaxHeapSize                          = 2080374784                             {manageable} {ergonomic}
     bool UseCompressedClassPointers               = true                           {product lp64_product} {ergonomic}
     bool UseCompressedOops                        = true                           {product lp64_product} {ergonomic}
     bool UseG1GC                                  = true                                      {product} {ergonomic}
     bool UseLargePagesIndividualAllocation        = false                                  {pd product} {ergonomic}

Logging:
Log output configuration:
 #0: stdout all=warning uptime,level,tags
 #1: stderr all=off uptime,level,tags

Environment Variables:
CLASSPATH=C:\Program Files\Java\jdk-16;C:\Program Files\Java\jdk-16\conf
PATH=D:\programs\python\Scripts\;D:\programs\python\;C:\Program Files\Common Files\Oracle\Java\javapath;C:\Program Files (x86)\Common Files\Oracle\Java\javapath;C:\Windows\system32;C:\Windows;C:\Windows\System32\Wbem;C:\Windows\System32\WindowsPowerShell\v1.0\;C:\Windows\System32\OpenSSH\;D:\Git\cmd;C:\Program Files\Docker\Docker\resources\bin;C:\ProgramData\DockerDesktop\version-bin;C:\Python27;C:\Program Files\dotnet\;C:\Users\bijum\AppData\Local\Microsoft\WindowsApps;C:\Users\bijum\AppData\Local\GitHubDesktop\bin;D:\Microsoft VS Code\bin;D:\programs\Pycharm\PyCharm Community Edition 2021.1.2\bin;;C:\Users\bijum\.dotnet\tools
USERNAME=bijum
OS=Windows_NT
PROCESSOR_IDENTIFIER=Intel64 Family 6 Model 126 Stepping 5, GenuineIntel



---------------  S Y S T E M  ---------------

OS:
 Windows 10 , 64 bit Build 19041 (10.0.19041.1023)
OS uptime: 7 days 2:42 hours
Hyper-V role detected

CPU: total 8 (initial active 8) (4 cores per cpu, 2 threads per core) family 6 model 126 stepping 5 microcode 0xa0, cx8, cmov, fxsr, ht, mmx, 3dnowpref, sse, sse2, sse3, ssse3, sse4.1, sse4.2, popcnt, lzcnt, tsc, tscinvbit, avx, avx2, aes, erms, clmul, bmi1, bmi2, adx, avx512f, avx512dq, avx512cd, avx512bw, avx512vl, sha, fma, vzeroupper, avx512_vpopcntdq, avx512_vpclmulqdq, avx512_vaes, avx512_vnni, clflush, clflushopt, avx512_vmbi2, avx512_vmbi, hv

Memory: 4k page, system-wide physical 7934M (879M free)
TotalPageFile size 22813M (AvailPageFile size 5337M)
current process WorkingSet (physical memory assigned to process): 119M, peak: 141M
current process commit charge ("private bytes"): 234M, peak: 258M

vm_info: Java HotSpot(TM) 64-Bit Server VM (16+36-2231) for windows-amd64 JRE (16+36-2231), built on Feb  8 2021 11:43:10 by "mach5one" with MS VC++ 16.7 (VS2019)

END.
