#
# A fatal error has been detected by the Java Runtime Environment:
#
#  EXCEPTION_ACCESS_VIOLATION (0xc0000005) at pc=0x00007ffd34513416, pid=25932, tid=22620
#
# JRE version: Java(TM) SE Runtime Environment (16.0+36) (build 16+36-2231)
# Java VM: Java HotSpot(TM) 64-Bit Server VM (16+36-2231, mixed mode, sharing, tiered, compressed oops, g1 gc, windows-amd64)
# Problematic frame:
# C  [ntdll.dll+0x63416]
#
# No core dump will be written. Minidumps are not enabled by default on client versions of Windows
#
# If you would like to submit a bug report, please visit:
#   https://bugreport.java.com/bugreport/crash.jsp
# The crash happened outside the Java Virtual Machine in native code.
# See problematic frame for where to report the bug.
#

---------------  S U M M A R Y ------------

Command Line: -Dfile.encoding=UTF-8 hackbugant.HackBugAnt

Host: Intel(R) Core(TM) i5-1035G1 CPU @ 1.00GHz, 8 cores, 7G,  Windows 10 , 64 bit Build 19041 (10.0.19041.1023)
Time: Sat Jul  3 13:25:35 2021 India Standard Time elapsed time: 19.074342 seconds (0d 0h 0m 19s)

---------------  T H R E A D  ---------------

Current thread (0x000001fbc0c46870):  JavaThread "Thread-0" [_thread_in_native, id=22620, stack(0x000000e74ba00000,0x000000e74bb00000)]

Stack: [0x000000e74ba00000,0x000000e74bb00000],  sp=0x000000e74bafe7c0,  free space=1017k
Native frames: (J=compiled Java code, j=interpreted, Vv=VM code, C=native code)
C  [ntdll.dll+0x63416]
C  [ntdll.dll+0x2fcb4]
C  [ntdll.dll+0x2fae2]
C  [libusb4java.dll+0xdab4]

Java frames: (J=compiled Java code, j=interpreted, Vv=VM code)
j  org.usb4java.LibUsb.bulkTransfer(Lorg/usb4java/DeviceHandle;BLjava/nio/ByteBuffer;Ljava/nio/IntBuffer;J)I+0
j  com.bmjo.hackbug.usb.USBHelper.readUsb()[B+63
j  com.bmjo.hackbug.usb.UsbControler$ReadUsbData.run()V+17
j  java.lang.Thread.run()V+11 java.base@16
v  ~StubRoutines::call_stub

siginfo: EXCEPTION_ACCESS_VIOLATION (0xc0000005), writing address 0x0000000000000024


Register to memory mapping:

RIP=0x00007ffd34513416 ntdll.dll
RAX=0x0 is NULL
RBX=0x000001fbc0bc5648 points into unknown readable memory: 0x0000000000000000 | 00 00 00 00 00 00 00 00
RCX=0x000001fbc0bc5648 points into unknown readable memory: 0x0000000000000000 | 00 00 00 00 00 00 00 00
RDX=0x00000000fffffffa is an unallocated location in the heap
RSP=0x000000e74bafe7c0 is pointing into the stack for thread: 0x000001fbc0c46870
RBP=0x000000e74bafec00 is pointing into the stack for thread: 0x000001fbc0c46870
RSI=0x0 is NULL
RDI=0x0 is NULL
R8 =0x0 is NULL
R9 =0x000001fbc0bc5600 points into unknown readable memory: 0x0000000000000000 | 00 00 00 00 00 00 00 00
R10=0x0 is NULL
R11=0x0000000000000246 is an unknown value
R12=0x0 is NULL
R13=0x000000e7499ed000 points into unknown readable memory: 0x0000000000000000 | 00 00 00 00 00 00 00 00
R14=0x0000000000000001 is an unknown value
R15=0x0 is NULL


Registers:
RAX=0x0000000000000000, RBX=0x000001fbc0bc5648, RCX=0x000001fbc0bc5648, RDX=0x00000000fffffffa
RSP=0x000000e74bafe7c0, RBP=0x000000e74bafec00, RSI=0x0000000000000000, RDI=0x0000000000000000
R8 =0x0000000000000000, R9 =0x000001fbc0bc5600, R10=0x0000000000000000, R11=0x0000000000000246
R12=0x0000000000000000, R13=0x000000e7499ed000, R14=0x0000000000000001, R15=0x0000000000000000
RIP=0x00007ffd34513416, EFLAGS=0x0000000000010213

Top of Stack: (sp=0x000000e74bafe7c0)
0x000000e74bafe7c0:   ffffffffffffffff 000001fbc0bc5648
0x000000e74bafe7d0:   0000000000000000 0000000000000000
0x000000e74bafe7e0:   0000000000000000 0000000000000000
0x000000e74bafe7f0:   0000000000000000 0000000000000000
0x000000e74bafe800:   0000000000000000 00000000fffffffa
0x000000e74bafe810:   000000e7499ed000 0000000000000001
0x000000e74bafe820:   000001fbc0baa210 000000e74bafec68
0x000000e74bafe830:   000001fbc21270f0 0000000000000818
0x000000e74bafe840:   0000000000000818 00007ffd31fa9fb5
0x000000e74bafe850:   0000f76595e35c80 000001fbc0c46b80
0x000000e74bafe860:   0000000000000000 0000000000000001
0x000000e74bafe870:   0000000000000001 0000000000000001
0x000000e74bafe880:   0000000000000000 000001fbc0bc5648
0x000000e74bafe890:   000000e74bafec00 00007ffd344dfcb4
0x000000e74bafe8a0:   00007ffd14fd3a58 00007ffd14fd3a38
0x000000e74bafe8b0:   00000000fffffffa 000000e74bafe930 

Instructions: (pc=0x00007ffd34513416)
0x00007ffd34513316:   20 e9 ed fe ff ff 48 89 41 18 e9 e4 fe ff ff cc
0x00007ffd34513326:   cc cc cc cc cc cc cc cc cc cc 80 3d d1 71 10 00
0x00007ffd34513336:   00 0f 95 c0 c3 cc cc cc cc cc cc cc cc cc cc cc
0x00007ffd34513346:   cc cc cc cc cc cc cc cc cc cc 48 83 ec 38 8b 05
0x00007ffd34513356:   d2 57 10 00 89 44 24 20 e8 41 02 00 00 48 83 c4
0x00007ffd34513366:   38 c3 cc cc cc cc cc cc cc cc 48 89 5c 24 18 55
0x00007ffd34513376:   56 57 41 54 41 55 41 56 41 57 48 81 ec a0 00 00
0x00007ffd34513386:   00 48 8b 05 82 f1 11 00 48 33 c4 48 89 84 24 90
0x00007ffd34513396:   00 00 00 65 4c 8b 2c 25 30 00 00 00 48 8d 05 4f
0x00007ffd345133a6:   11 10 00 40 32 ed 89 54 24 48 33 f6 40 88 6c 24
0x00007ffd345133b6:   40 4c 89 6c 24 50 48 8b d9 44 8b e6 48 3b c8 0f
0x00007ffd345133c6:   84 39 01 00 00 40 38 35 36 71 10 00 0f 85 a8 01
0x00007ffd345133d6:   00 00 39 35 4a 71 10 00 0f 85 6a 01 00 00 40 38
0x00007ffd345133e6:   35 0d 6c 10 00 48 8d 3d 0e 6c 10 00 48 0f 45 fe
0x00007ffd345133f6:   48 39 73 18 0f 84 d2 00 00 00 48 8b 03 48 83 f8
0x00007ffd34513406:   ff 0f 84 d2 00 00 00 44 8b fe 48 83 f8 ff 74 03
0x00007ffd34513416:   ff 40 24 4c 8b 73 18 4c 8d 2d d4 10 10 00 bd 22
0x00007ffd34513426:   17 00 00 e8 22 14 fc ff 85 c0 0f 85 7e b3 05 00
0x00007ffd34513436:   b9 82 03 fe 7f 80 39 00 0f 85 8c b3 05 00 49 83
0x00007ffd34513446:   fe ff 0f 85 1a b4 05 00 4c 8b cf c7 44 24 20 00
0x00007ffd34513456:   00 00 00 41 b8 04 00 00 00 48 8d 54 24 48 48 8d
0x00007ffd34513466:   4b 08 e8 37 01 00 00 3d 02 01 00 00 0f 84 03 b4
0x00007ffd34513476:   05 00 8b 4b 08 89 4c 24 48 f6 c1 02 75 ca 3d 02
0x00007ffd34513486:   01 00 00 0f 84 ec b3 05 00 0f b6 6c 24 40 4c 8b
0x00007ffd34513496:   6c 24 50 85 c0 0f 88 38 b5 05 00 40 84 ed 75 73
0x00007ffd345134a6:   48 8b 8c 24 90 00 00 00 48 33 cc e8 8a 8d 02 00
0x00007ffd345134b6:   48 8b 9c 24 f0 00 00 00 48 81 c4 a0 00 00 00 41
0x00007ffd345134c6:   5f 41 5e 41 5d 41 5c 5f 5e 5d c3 cc 48 8b cb e8
0x00007ffd345134d6:   56 05 00 00 e9 21 ff ff ff 8b 4b 20 48 c7 c0 ff
0x00007ffd345134e6:   ff ff ff 48 0f ba e1 18 0f 82 19 ff ff ff 48 8b
0x00007ffd345134f6:   cb e8 44 e3 fa ff 48 8b 03 e9 09 ff ff ff c6 44
0x00007ffd34513506:   24 40 01 41 c7 85 60 17 00 00 01 00 00 00 e9 b2 


Stack slot to memory mapping:
stack at sp + 0 slots: 0xffffffffffffffff is an unknown value
stack at sp + 1 slots: 0x000001fbc0bc5648 points into unknown readable memory: 0x0000000000000000 | 00 00 00 00 00 00 00 00
stack at sp + 2 slots: 0x0 is NULL
stack at sp + 3 slots: 0x0 is NULL
stack at sp + 4 slots: 0x0 is NULL
stack at sp + 5 slots: 0x0 is NULL
stack at sp + 6 slots: 0x0 is NULL
stack at sp + 7 slots: 0x0 is NULL


---------------  P R O C E S S  ---------------

Threads class SMR info:
_java_thread_list=0x000001fbc1d94810, length=18, elements={
0x000001fbbee25cb0, 0x000001fbbee265c0, 0x000001fbbee33930, 0x000001fbbee36250,
0x000001fbbee36b60, 0x000001fbbee37470, 0x000001fbbee38160, 0x000001fbbee41b80,
0x000001fbbee53700, 0x000001fbbf9051b0, 0x000001fbbf910e10, 0x000001fbbfb3fb70,
0x000001fbbfb6da00, 0x000001fbbfb6df20, 0x000001fbbfbf6440, 0x000001fba0fda4b0,
0x000001fbc0aace90, 0x000001fbc0c46870
}

Java Threads: ( => current thread )
  0x000001fbbee25cb0 JavaThread "Reference Handler" daemon [_thread_blocked, id=30272, stack(0x000000e74a500000,0x000000e74a600000)]
  0x000001fbbee265c0 JavaThread "Finalizer" daemon [_thread_blocked, id=14900, stack(0x000000e74a600000,0x000000e74a700000)]
  0x000001fbbee33930 JavaThread "Signal Dispatcher" daemon [_thread_blocked, id=31364, stack(0x000000e74a700000,0x000000e74a800000)]
  0x000001fbbee36250 JavaThread "Attach Listener" daemon [_thread_blocked, id=10604, stack(0x000000e74a800000,0x000000e74a900000)]
  0x000001fbbee36b60 JavaThread "Service Thread" daemon [_thread_blocked, id=5576, stack(0x000000e74a900000,0x000000e74aa00000)]
  0x000001fbbee37470 JavaThread "Monitor Deflation Thread" daemon [_thread_blocked, id=25748, stack(0x000000e74aa00000,0x000000e74ab00000)]
  0x000001fbbee38160 JavaThread "C2 CompilerThread0" daemon [_thread_blocked, id=22936, stack(0x000000e74ab00000,0x000000e74ac00000)]
  0x000001fbbee41b80 JavaThread "C1 CompilerThread0" daemon [_thread_blocked, id=19224, stack(0x000000e74ac00000,0x000000e74ad00000)]
  0x000001fbbee53700 JavaThread "Sweeper thread" daemon [_thread_blocked, id=7844, stack(0x000000e74ad00000,0x000000e74ae00000)]
  0x000001fbbf9051b0 JavaThread "Notification Thread" daemon [_thread_blocked, id=22064, stack(0x000000e74ae00000,0x000000e74af00000)]
  0x000001fbbf910e10 JavaThread "Common-Cleaner" daemon [_thread_blocked, id=28108, stack(0x000000e74b000000,0x000000e74b100000)]
  0x000001fbbfb3fb70 JavaThread "Java2D Disposer" daemon [_thread_blocked, id=25848, stack(0x000000e74b100000,0x000000e74b200000)]
  0x000001fbbfb6da00 JavaThread "AWT-Shutdown" [_thread_blocked, id=20044, stack(0x000000e74b200000,0x000000e74b300000)]
  0x000001fbbfb6df20 JavaThread "AWT-Windows" daemon [_thread_in_native, id=15804, stack(0x000000e74b300000,0x000000e74b400000)]
  0x000001fbbfbf6440 JavaThread "AWT-EventQueue-0" [_thread_blocked, id=22352, stack(0x000000e74b400000,0x000000e74b500000)]
  0x000001fba0fda4b0 JavaThread "DestroyJavaVM" [_thread_blocked, id=21200, stack(0x000000e749e00000,0x000000e749f00000)]
  0x000001fbc0aace90 JavaThread "TimerQueue" daemon [_thread_blocked, id=30820, stack(0x000000e74b500000,0x000000e74b600000)]
=>0x000001fbc0c46870 JavaThread "Thread-0" [_thread_in_native, id=22620, stack(0x000000e74ba00000,0x000000e74bb00000)]

Other Threads:
  0x000001fbbee20390 VMThread "VM Thread" [stack: 0x000000e74a400000,0x000000e74a500000] [id=24948]
  0x000001fbbf906af0 WatcherThread [stack: 0x000000e74af00000,0x000000e74b000000] [id=29776]
  0x000001fba10197d0 GCTaskThread "GC Thread#0" [stack: 0x000000e749f00000,0x000000e74a000000] [id=24912]
  0x000001fbc0c484b0 GCTaskThread "GC Thread#1" [stack: 0x000000e74bd00000,0x000000e74be00000] [id=30480]
  0x000001fbc0c487c0 GCTaskThread "GC Thread#2" [stack: 0x000000e74be00000,0x000000e74bf00000] [id=26276]
  0x000001fbc0c48ad0 GCTaskThread "GC Thread#3" [stack: 0x000000e74bf00000,0x000000e74c000000] [id=2268]
  0x000001fbc0c3f530 GCTaskThread "GC Thread#4" [stack: 0x000000e74c000000,0x000000e74c100000] [id=28404]
  0x000001fbc0c77b50 GCTaskThread "GC Thread#5" [stack: 0x000000e74c100000,0x000000e74c200000] [id=21116]
  0x000001fbc0d092e0 GCTaskThread "GC Thread#6" [stack: 0x000000e74c200000,0x000000e74c300000] [id=18260]
  0x000001fbc0d095f0 GCTaskThread "GC Thread#7" [stack: 0x000000e74c300000,0x000000e74c400000] [id=15248]
  0x000001fba102af30 ConcurrentGCThread "G1 Main Marker" [stack: 0x000000e74a000000,0x000000e74a100000] [id=29252]
  0x000001fba102c840 ConcurrentGCThread "G1 Conc#0" [stack: 0x000000e74a100000,0x000000e74a200000] [id=17716]
  0x000001fba10bd850 ConcurrentGCThread "G1 Refine#0" [stack: 0x000000e74a200000,0x000000e74a300000] [id=17672]
  0x000001fbc0c40450 ConcurrentGCThread "G1 Refine#1" [stack: 0x000000e74c400000,0x000000e74c500000] [id=29548]
  0x000001fba10be160 ConcurrentGCThread "G1 Service" [stack: 0x000000e74a300000,0x000000e74a400000] [id=29040]

Threads with active compile tasks:

VM state: not at safepoint (normal execution)

VM Mutex/Monitor currently owned by a thread: None

Heap address: 0x0000000084000000, size: 1984 MB, Compressed Oops mode: 32-bit
CDS archive(s) mapped at: [0x0000000800000000-0x0000000800bb0000-0x0000000800bb0000), size 12255232, SharedBaseAddress: 0x0000000800000000, ArchiveRelocationMode: 0.
Compressed class space mapped at: 0x0000000800c00000-0x0000000840c00000, reserved size: 1073741824
Narrow klass base: 0x0000000800000000, Narrow klass shift: 3, Narrow klass range: 0x100000000

GC Precious Log:
 CPUs: 8 total, 8 available
 Memory: 7934M
 Large Page Support: Disabled
 NUMA Support: Disabled
 Compressed Oops: Enabled (32-bit)
 Heap Region Size: 1M
 Heap Min Capacity: 8M
 Heap Initial Capacity: 124M
 Heap Max Capacity: 1984M
 Pre-touch: Disabled
 Parallel Workers: 8
 Concurrent Workers: 2
 Concurrent Refinement Workers: 8
 Periodic GC: Disabled

Heap:
 garbage-first heap   total 126976K, used 23433K [0x0000000084000000, 0x0000000100000000)
  region size 1024K, 8 young (8192K), 1 survivors (1024K)
 Metaspace       used 15896K, committed 16128K, reserved 1064960K
  class space    used 1791K, committed 1920K, reserved 1048576K

Heap Regions: E=young(eden), S=young(survivor), O=old, HS=humongous(starts), HC=humongous(continues), CS=collection set, F=free, OA=open archive, CA=closed archive, TAMS=top-at-mark-start (previous, next)
|   0|0x0000000084000000, 0x0000000084100000, 0x0000000084100000|100%|HS|  |TAMS 0x0000000084000000, 0x0000000084000000| Complete 
|   1|0x0000000084100000, 0x0000000084200000, 0x0000000084200000|100%|HC|  |TAMS 0x0000000084100000, 0x0000000084100000| Complete 
|   2|0x0000000084200000, 0x0000000084300000, 0x0000000084300000|100%|HC|  |TAMS 0x0000000084200000, 0x0000000084200000| Complete 
|   3|0x0000000084300000, 0x0000000084400000, 0x0000000084400000|100%|HC|  |TAMS 0x0000000084300000, 0x0000000084300000| Complete 
|   4|0x0000000084400000, 0x0000000084500000, 0x0000000084500000|100%|HC|  |TAMS 0x0000000084400000, 0x0000000084400000| Complete 
|   5|0x0000000084500000, 0x0000000084600000, 0x0000000084600000|100%| O|  |TAMS 0x0000000084500000, 0x0000000084500000| Untracked 
|   6|0x0000000084600000, 0x0000000084700000, 0x0000000084700000|100%|HS|  |TAMS 0x0000000084600000, 0x0000000084600000| Complete 
|   7|0x0000000084700000, 0x0000000084800000, 0x0000000084800000|100%|HC|  |TAMS 0x0000000084700000, 0x0000000084700000| Complete 
|   8|0x0000000084800000, 0x0000000084900000, 0x0000000084900000|100%|HC|  |TAMS 0x0000000084800000, 0x0000000084800000| Complete 
|   9|0x0000000084900000, 0x0000000084a00000, 0x0000000084a00000|100%|HC|  |TAMS 0x0000000084900000, 0x0000000084900000| Complete 
|  10|0x0000000084a00000, 0x0000000084b00000, 0x0000000084b00000|100%|HC|  |TAMS 0x0000000084a00000, 0x0000000084a00000| Complete 
|  11|0x0000000084b00000, 0x0000000084c00000, 0x0000000084c00000|100%|HC|  |TAMS 0x0000000084b00000, 0x0000000084b00000| Complete 
|  12|0x0000000084c00000, 0x0000000084d00000, 0x0000000084d00000|100%|HC|  |TAMS 0x0000000084c00000, 0x0000000084c00000| Complete 
|  13|0x0000000084d00000, 0x0000000084e00000, 0x0000000084e00000|100%| O|  |TAMS 0x0000000084d00000, 0x0000000084d00000| Untracked 
|  14|0x0000000084e00000, 0x0000000084f00000, 0x0000000084f00000|100%| O|  |TAMS 0x0000000084e00000, 0x0000000084e00000| Untracked 
|  15|0x0000000084f00000, 0x0000000084fe2600, 0x0000000085000000| 88%| O|  |TAMS 0x0000000084f00000, 0x0000000084f00000| Untracked 
|  16|0x0000000085000000, 0x0000000085000000, 0x0000000085100000|  0%| F|  |TAMS 0x0000000085000000, 0x0000000085000000| Untracked 
|  17|0x0000000085100000, 0x0000000085100000, 0x0000000085200000|  0%| F|  |TAMS 0x0000000085100000, 0x0000000085100000| Untracked 
|  18|0x0000000085200000, 0x0000000085200000, 0x0000000085300000|  0%| F|  |TAMS 0x0000000085200000, 0x0000000085200000| Untracked 
|  19|0x0000000085300000, 0x0000000085300000, 0x0000000085400000|  0%| F|  |TAMS 0x0000000085300000, 0x0000000085300000| Untracked 
|  20|0x0000000085400000, 0x0000000085400000, 0x0000000085500000|  0%| F|  |TAMS 0x0000000085400000, 0x0000000085400000| Untracked 
|  21|0x0000000085500000, 0x0000000085500000, 0x0000000085600000|  0%| F|  |TAMS 0x0000000085500000, 0x0000000085500000| Untracked 
|  22|0x0000000085600000, 0x0000000085600000, 0x0000000085700000|  0%| F|  |TAMS 0x0000000085600000, 0x0000000085600000| Untracked 
|  23|0x0000000085700000, 0x0000000085700000, 0x0000000085800000|  0%| F|  |TAMS 0x0000000085700000, 0x0000000085700000| Untracked 
|  24|0x0000000085800000, 0x0000000085800000, 0x0000000085900000|  0%| F|  |TAMS 0x0000000085800000, 0x0000000085800000| Untracked 
|  25|0x0000000085900000, 0x0000000085900000, 0x0000000085a00000|  0%| F|  |TAMS 0x0000000085900000, 0x0000000085900000| Untracked 
|  26|0x0000000085a00000, 0x0000000085a00000, 0x0000000085b00000|  0%| F|  |TAMS 0x0000000085a00000, 0x0000000085a00000| Untracked 
|  27|0x0000000085b00000, 0x0000000085b00000, 0x0000000085c00000|  0%| F|  |TAMS 0x0000000085b00000, 0x0000000085b00000| Untracked 
|  28|0x0000000085c00000, 0x0000000085c00000, 0x0000000085d00000|  0%| F|  |TAMS 0x0000000085c00000, 0x0000000085c00000| Untracked 
|  29|0x0000000085d00000, 0x0000000085d00000, 0x0000000085e00000|  0%| F|  |TAMS 0x0000000085d00000, 0x0000000085d00000| Untracked 
|  30|0x0000000085e00000, 0x0000000085e00000, 0x0000000085f00000|  0%| F|  |TAMS 0x0000000085e00000, 0x0000000085e00000| Untracked 
|  31|0x0000000085f00000, 0x0000000085f00000, 0x0000000086000000|  0%| F|  |TAMS 0x0000000085f00000, 0x0000000085f00000| Untracked 
|  32|0x0000000086000000, 0x0000000086000000, 0x0000000086100000|  0%| F|  |TAMS 0x0000000086000000, 0x0000000086000000| Untracked 
|  33|0x0000000086100000, 0x0000000086100000, 0x0000000086200000|  0%| F|  |TAMS 0x0000000086100000, 0x0000000086100000| Untracked 
|  34|0x0000000086200000, 0x0000000086200000, 0x0000000086300000|  0%| F|  |TAMS 0x0000000086200000, 0x0000000086200000| Untracked 
|  35|0x0000000086300000, 0x0000000086300000, 0x0000000086400000|  0%| F|  |TAMS 0x0000000086300000, 0x0000000086300000| Untracked 
|  36|0x0000000086400000, 0x0000000086400000, 0x0000000086500000|  0%| F|  |TAMS 0x0000000086400000, 0x0000000086400000| Untracked 
|  37|0x0000000086500000, 0x0000000086500000, 0x0000000086600000|  0%| F|  |TAMS 0x0000000086500000, 0x0000000086500000| Untracked 
|  38|0x0000000086600000, 0x0000000086600000, 0x0000000086700000|  0%| F|  |TAMS 0x0000000086600000, 0x0000000086600000| Untracked 
|  39|0x0000000086700000, 0x0000000086700000, 0x0000000086800000|  0%| F|  |TAMS 0x0000000086700000, 0x0000000086700000| Untracked 
|  40|0x0000000086800000, 0x0000000086800000, 0x0000000086900000|  0%| F|  |TAMS 0x0000000086800000, 0x0000000086800000| Untracked 
|  41|0x0000000086900000, 0x0000000086900000, 0x0000000086a00000|  0%| F|  |TAMS 0x0000000086900000, 0x0000000086900000| Untracked 
|  42|0x0000000086a00000, 0x0000000086a00000, 0x0000000086b00000|  0%| F|  |TAMS 0x0000000086a00000, 0x0000000086a00000| Untracked 
|  43|0x0000000086b00000, 0x0000000086b00000, 0x0000000086c00000|  0%| F|  |TAMS 0x0000000086b00000, 0x0000000086b00000| Untracked 
|  44|0x0000000086c00000, 0x0000000086c00000, 0x0000000086d00000|  0%| F|  |TAMS 0x0000000086c00000, 0x0000000086c00000| Untracked 
|  45|0x0000000086d00000, 0x0000000086d00000, 0x0000000086e00000|  0%| F|  |TAMS 0x0000000086d00000, 0x0000000086d00000| Untracked 
|  46|0x0000000086e00000, 0x0000000086e00000, 0x0000000086f00000|  0%| F|  |TAMS 0x0000000086e00000, 0x0000000086e00000| Untracked 
|  47|0x0000000086f00000, 0x0000000086f00000, 0x0000000087000000|  0%| F|  |TAMS 0x0000000086f00000, 0x0000000086f00000| Untracked 
|  48|0x0000000087000000, 0x0000000087000000, 0x0000000087100000|  0%| F|  |TAMS 0x0000000087000000, 0x0000000087000000| Untracked 
|  49|0x0000000087100000, 0x0000000087100000, 0x0000000087200000|  0%| F|  |TAMS 0x0000000087100000, 0x0000000087100000| Untracked 
|  50|0x0000000087200000, 0x0000000087200000, 0x0000000087300000|  0%| F|  |TAMS 0x0000000087200000, 0x0000000087200000| Untracked 
|  51|0x0000000087300000, 0x0000000087300000, 0x0000000087400000|  0%| F|  |TAMS 0x0000000087300000, 0x0000000087300000| Untracked 
|  52|0x0000000087400000, 0x0000000087400000, 0x0000000087500000|  0%| F|  |TAMS 0x0000000087400000, 0x0000000087400000| Untracked 
|  53|0x0000000087500000, 0x0000000087500000, 0x0000000087600000|  0%| F|  |TAMS 0x0000000087500000, 0x0000000087500000| Untracked 
|  54|0x0000000087600000, 0x0000000087600000, 0x0000000087700000|  0%| F|  |TAMS 0x0000000087600000, 0x0000000087600000| Untracked 
|  55|0x0000000087700000, 0x0000000087700000, 0x0000000087800000|  0%| F|  |TAMS 0x0000000087700000, 0x0000000087700000| Untracked 
|  56|0x0000000087800000, 0x0000000087800000, 0x0000000087900000|  0%| F|  |TAMS 0x0000000087800000, 0x0000000087800000| Untracked 
|  57|0x0000000087900000, 0x0000000087900000, 0x0000000087a00000|  0%| F|  |TAMS 0x0000000087900000, 0x0000000087900000| Untracked 
|  58|0x0000000087a00000, 0x0000000087a00000, 0x0000000087b00000|  0%| F|  |TAMS 0x0000000087a00000, 0x0000000087a00000| Untracked 
|  59|0x0000000087b00000, 0x0000000087b00000, 0x0000000087c00000|  0%| F|  |TAMS 0x0000000087b00000, 0x0000000087b00000| Untracked 
|  60|0x0000000087c00000, 0x0000000087c00000, 0x0000000087d00000|  0%| F|  |TAMS 0x0000000087c00000, 0x0000000087c00000| Untracked 
|  61|0x0000000087d00000, 0x0000000087d00000, 0x0000000087e00000|  0%| F|  |TAMS 0x0000000087d00000, 0x0000000087d00000| Untracked 
|  62|0x0000000087e00000, 0x0000000087e00000, 0x0000000087f00000|  0%| F|  |TAMS 0x0000000087e00000, 0x0000000087e00000| Untracked 
|  63|0x0000000087f00000, 0x0000000087f00000, 0x0000000088000000|  0%| F|  |TAMS 0x0000000087f00000, 0x0000000087f00000| Untracked 
|  64|0x0000000088000000, 0x0000000088000000, 0x0000000088100000|  0%| F|  |TAMS 0x0000000088000000, 0x0000000088000000| Untracked 
|  65|0x0000000088100000, 0x0000000088100000, 0x0000000088200000|  0%| F|  |TAMS 0x0000000088100000, 0x0000000088100000| Untracked 
|  66|0x0000000088200000, 0x0000000088200000, 0x0000000088300000|  0%| F|  |TAMS 0x0000000088200000, 0x0000000088200000| Untracked 
|  67|0x0000000088300000, 0x0000000088300000, 0x0000000088400000|  0%| F|  |TAMS 0x0000000088300000, 0x0000000088300000| Untracked 
|  68|0x0000000088400000, 0x0000000088400000, 0x0000000088500000|  0%| F|  |TAMS 0x0000000088400000, 0x0000000088400000| Untracked 
|  69|0x0000000088500000, 0x0000000088500000, 0x0000000088600000|  0%| F|  |TAMS 0x0000000088500000, 0x0000000088500000| Untracked 
|  70|0x0000000088600000, 0x0000000088600000, 0x0000000088700000|  0%| F|  |TAMS 0x0000000088600000, 0x0000000088600000| Untracked 
|  71|0x0000000088700000, 0x0000000088700000, 0x0000000088800000|  0%| F|  |TAMS 0x0000000088700000, 0x0000000088700000| Untracked 
|  72|0x0000000088800000, 0x0000000088800000, 0x0000000088900000|  0%| F|  |TAMS 0x0000000088800000, 0x0000000088800000| Untracked 
|  73|0x0000000088900000, 0x0000000088900000, 0x0000000088a00000|  0%| F|  |TAMS 0x0000000088900000, 0x0000000088900000| Untracked 
|  74|0x0000000088a00000, 0x0000000088a00000, 0x0000000088b00000|  0%| F|  |TAMS 0x0000000088a00000, 0x0000000088a00000| Untracked 
|  75|0x0000000088b00000, 0x0000000088b00000, 0x0000000088c00000|  0%| F|  |TAMS 0x0000000088b00000, 0x0000000088b00000| Untracked 
|  76|0x0000000088c00000, 0x0000000088c00000, 0x0000000088d00000|  0%| F|  |TAMS 0x0000000088c00000, 0x0000000088c00000| Untracked 
|  77|0x0000000088d00000, 0x0000000088d00000, 0x0000000088e00000|  0%| F|  |TAMS 0x0000000088d00000, 0x0000000088d00000| Untracked 
|  78|0x0000000088e00000, 0x0000000088e00000, 0x0000000088f00000|  0%| F|  |TAMS 0x0000000088e00000, 0x0000000088e00000| Untracked 
|  79|0x0000000088f00000, 0x0000000088f00000, 0x0000000089000000|  0%| F|  |TAMS 0x0000000088f00000, 0x0000000088f00000| Untracked 
|  80|0x0000000089000000, 0x0000000089000000, 0x0000000089100000|  0%| F|  |TAMS 0x0000000089000000, 0x0000000089000000| Untracked 
|  81|0x0000000089100000, 0x0000000089100000, 0x0000000089200000|  0%| F|  |TAMS 0x0000000089100000, 0x0000000089100000| Untracked 
|  82|0x0000000089200000, 0x0000000089200000, 0x0000000089300000|  0%| F|  |TAMS 0x0000000089200000, 0x0000000089200000| Untracked 
|  83|0x0000000089300000, 0x0000000089300000, 0x0000000089400000|  0%| F|  |TAMS 0x0000000089300000, 0x0000000089300000| Untracked 
|  84|0x0000000089400000, 0x0000000089400000, 0x0000000089500000|  0%| F|  |TAMS 0x0000000089400000, 0x0000000089400000| Untracked 
|  85|0x0000000089500000, 0x0000000089500000, 0x0000000089600000|  0%| F|  |TAMS 0x0000000089500000, 0x0000000089500000| Untracked 
|  86|0x0000000089600000, 0x0000000089600000, 0x0000000089700000|  0%| F|  |TAMS 0x0000000089600000, 0x0000000089600000| Untracked 
|  87|0x0000000089700000, 0x0000000089700000, 0x0000000089800000|  0%| F|  |TAMS 0x0000000089700000, 0x0000000089700000| Untracked 
|  88|0x0000000089800000, 0x0000000089800000, 0x0000000089900000|  0%| F|  |TAMS 0x0000000089800000, 0x0000000089800000| Untracked 
|  89|0x0000000089900000, 0x0000000089900000, 0x0000000089a00000|  0%| F|  |TAMS 0x0000000089900000, 0x0000000089900000| Untracked 
|  90|0x0000000089a00000, 0x0000000089a00000, 0x0000000089b00000|  0%| F|  |TAMS 0x0000000089a00000, 0x0000000089a00000| Untracked 
|  91|0x0000000089b00000, 0x0000000089b00000, 0x0000000089c00000|  0%| F|  |TAMS 0x0000000089b00000, 0x0000000089b00000| Untracked 
|  92|0x0000000089c00000, 0x0000000089c00000, 0x0000000089d00000|  0%| F|  |TAMS 0x0000000089c00000, 0x0000000089c00000| Untracked 
|  93|0x0000000089d00000, 0x0000000089e00000, 0x0000000089e00000|100%| S|CS|TAMS 0x0000000089d00000, 0x0000000089d00000| Complete 
|  94|0x0000000089e00000, 0x0000000089e00000, 0x0000000089f00000|  0%| F|  |TAMS 0x0000000089e00000, 0x0000000089e00000| Untracked 
|  95|0x0000000089f00000, 0x0000000089f00000, 0x000000008a000000|  0%| F|  |TAMS 0x0000000089f00000, 0x0000000089f00000| Untracked 
|  96|0x000000008a000000, 0x000000008a000000, 0x000000008a100000|  0%| F|  |TAMS 0x000000008a000000, 0x000000008a000000| Untracked 
|  97|0x000000008a100000, 0x000000008a100000, 0x000000008a200000|  0%| F|  |TAMS 0x000000008a100000, 0x000000008a100000| Untracked 
|  98|0x000000008a200000, 0x000000008a200000, 0x000000008a300000|  0%| F|  |TAMS 0x000000008a200000, 0x000000008a200000| Untracked 
|  99|0x000000008a300000, 0x000000008a300000, 0x000000008a400000|  0%| F|  |TAMS 0x000000008a300000, 0x000000008a300000| Untracked 
| 100|0x000000008a400000, 0x000000008a400000, 0x000000008a500000|  0%| F|  |TAMS 0x000000008a400000, 0x000000008a400000| Untracked 
| 101|0x000000008a500000, 0x000000008a500000, 0x000000008a600000|  0%| F|  |TAMS 0x000000008a500000, 0x000000008a500000| Untracked 
| 102|0x000000008a600000, 0x000000008a600000, 0x000000008a700000|  0%| F|  |TAMS 0x000000008a600000, 0x000000008a600000| Untracked 
| 103|0x000000008a700000, 0x000000008a700000, 0x000000008a800000|  0%| F|  |TAMS 0x000000008a700000, 0x000000008a700000| Untracked 
| 104|0x000000008a800000, 0x000000008a800000, 0x000000008a900000|  0%| F|  |TAMS 0x000000008a800000, 0x000000008a800000| Untracked 
| 105|0x000000008a900000, 0x000000008a900000, 0x000000008aa00000|  0%| F|  |TAMS 0x000000008a900000, 0x000000008a900000| Untracked 
| 106|0x000000008aa00000, 0x000000008aa00000, 0x000000008ab00000|  0%| F|  |TAMS 0x000000008aa00000, 0x000000008aa00000| Untracked 
| 107|0x000000008ab00000, 0x000000008ab00000, 0x000000008ac00000|  0%| F|  |TAMS 0x000000008ab00000, 0x000000008ab00000| Untracked 
| 108|0x000000008ac00000, 0x000000008ac00000, 0x000000008ad00000|  0%| F|  |TAMS 0x000000008ac00000, 0x000000008ac00000| Untracked 
| 109|0x000000008ad00000, 0x000000008ad00000, 0x000000008ae00000|  0%| F|  |TAMS 0x000000008ad00000, 0x000000008ad00000| Untracked 
| 110|0x000000008ae00000, 0x000000008ae00000, 0x000000008af00000|  0%| F|  |TAMS 0x000000008ae00000, 0x000000008ae00000| Untracked 
| 111|0x000000008af00000, 0x000000008af00000, 0x000000008b000000|  0%| F|  |TAMS 0x000000008af00000, 0x000000008af00000| Untracked 
| 112|0x000000008b000000, 0x000000008b000000, 0x000000008b100000|  0%| F|  |TAMS 0x000000008b000000, 0x000000008b000000| Untracked 
| 113|0x000000008b100000, 0x000000008b100000, 0x000000008b200000|  0%| F|  |TAMS 0x000000008b100000, 0x000000008b100000| Untracked 
| 114|0x000000008b200000, 0x000000008b200000, 0x000000008b300000|  0%| F|  |TAMS 0x000000008b200000, 0x000000008b200000| Untracked 
| 115|0x000000008b300000, 0x000000008b300000, 0x000000008b400000|  0%| F|  |TAMS 0x000000008b300000, 0x000000008b300000| Untracked 
| 116|0x000000008b400000, 0x000000008b400000, 0x000000008b500000|  0%| F|  |TAMS 0x000000008b400000, 0x000000008b400000| Untracked 
| 117|0x000000008b500000, 0x000000008b580800, 0x000000008b600000| 50%| E|  |TAMS 0x000000008b500000, 0x000000008b500000| Complete 
| 118|0x000000008b600000, 0x000000008b700000, 0x000000008b700000|100%| E|CS|TAMS 0x000000008b600000, 0x000000008b600000| Complete 
| 119|0x000000008b700000, 0x000000008b800000, 0x000000008b800000|100%| E|CS|TAMS 0x000000008b700000, 0x000000008b700000| Complete 
| 120|0x000000008b800000, 0x000000008b900000, 0x000000008b900000|100%| E|CS|TAMS 0x000000008b800000, 0x000000008b800000| Complete 
| 121|0x000000008b900000, 0x000000008ba00000, 0x000000008ba00000|100%| E|CS|TAMS 0x000000008b900000, 0x000000008b900000| Complete 
| 122|0x000000008ba00000, 0x000000008bb00000, 0x000000008bb00000|100%| E|CS|TAMS 0x000000008ba00000, 0x000000008ba00000| Complete 
| 123|0x000000008bb00000, 0x000000008bc00000, 0x000000008bc00000|100%| E|CS|TAMS 0x000000008bb00000, 0x000000008bb00000| Complete 

Card table byte_map: [0x000001fbb7e60000,0x000001fbb8240000] _byte_map_base: 0x000001fbb7a40000

Marking Bits (Prev, Next): (CMBitMap*) 0x000001fba101ace0, (CMBitMap*) 0x000001fba101ad20
 Prev Bits: [0x000001fbb8620000, 0x000001fbba520000)
 Next Bits: [0x000001fbba520000, 0x000001fbbc420000)

Polling page: 0x000001fb9ef60000

Metaspace:

Usage:
  Non-class:     13.77 MB used.
      Class:      1.75 MB used.
       Both:     15.52 MB used.

Virtual space:
  Non-class space:       16.00 MB reserved,      13.88 MB ( 87%) committed,  2 nodes.
      Class space:        1.00 GB reserved,       1.88 MB ( <1%) committed,  1 nodes.
              Both:        1.02 GB reserved,      15.75 MB (  2%) committed. 

Chunk freelists:
   Non-Class:  1.97 MB
       Class:  2.11 MB
        Both:  4.08 MB

MaxMetaspaceSize: 17179869184.00 GB
CompressedClassSpaceSize: 1.00 GB
 - commit_granule_bytes: 65536.
 - commit_granule_words: 8192.
 - virtual_space_node_default_size: 1048576.
 - enlarge_chunks_in_place: 1.
 - new_chunks_are_fully_committed: 0.
 - uncommit_free_chunks: 1.
 - use_allocation_guard: 0.
 - handle_deallocations: 1.


Internal statistics:

num_allocs_failed_limit: 0.
num_arena_births: 130.
num_arena_deaths: 0.
num_vsnodes_births: 3.
num_vsnodes_deaths: 0.
num_space_committed: 252.
num_space_uncommitted: 0.
num_chunks_returned_to_freelist: 0.
num_chunks_taken_from_freelist: 225.
num_chunk_merges: 0.
num_chunk_splits: 120.
num_chunks_enlarged: 63.
num_purges: 0.

CodeHeap 'non-profiled nmethods': size=120000Kb used=1096Kb max_used=1096Kb free=118903Kb
 bounds [0x000001fbb0220000, 0x000001fbb0490000, 0x000001fbb7750000]
CodeHeap 'profiled nmethods': size=120000Kb used=4862Kb max_used=4862Kb free=115137Kb
 bounds [0x000001fba8cf0000, 0x000001fba91b0000, 0x000001fbb0220000]
CodeHeap 'non-nmethods': size=5760Kb used=1373Kb max_used=1413Kb free=4386Kb
 bounds [0x000001fba8750000, 0x000001fba89c0000, 0x000001fba8cf0000]
 total_blobs=3156 nmethods=2453 adapters=614
 compilation: enabled
              stopped_count=0, restarted_count=0
 full_count=0

Compilation events (20 events):
Event: 17.510 Thread 0x000001fbbee41b80 nmethod 2447 0x000001fba91a9810 code [0x000001fba91a99e0, 0x000001fba91a9c68]
Event: 17.511 Thread 0x000001fbbee41b80 2448       1       java.awt.AWTEvent::isConsumed (5 bytes)
Event: 17.511 Thread 0x000001fbbee41b80 nmethod 2448 0x000001fbb032f610 code [0x000001fbb032f7a0, 0x000001fbb032f878]
Event: 17.527 Thread 0x000001fbbee38160 nmethod 2443% 0x000001fbb032f910 code [0x000001fbb032fae0, 0x000001fbb03306d8]
Event: 17.527 Thread 0x000001fbbee38160 2444       4       sun.java2d.marlin.DHelpers::outcode (70 bytes)
Event: 17.527 Thread 0x000001fbbee38160 nmethod 2444 0x000001fbb0330e90 code [0x000001fbb0331020, 0x000001fbb0331138]
Event: 18.148 Thread 0x000001fbbee38160 2449       4       java.security.AccessControlContext::optimize (319 bytes)
Event: 18.148 Thread 0x000001fbbee41b80 2450   !   3       java.awt.KeyboardFocusManager::retargetFocusEvent (244 bytes)
Event: 18.151 Thread 0x000001fbbee41b80 nmethod 2450 0x000001fba91a9d90 code [0x000001fba91aa2c0, 0x000001fba91ad6d8]
Event: 18.151 Thread 0x000001fbbee38160 nmethod 2449 0x000001fbb0331290 code [0x000001fbb0331440, 0x000001fbb0331708]
Event: 19.002 Thread 0x000001fbbee41b80 2451       3       java.util.LinkedHashMap::afterNodeAccess (116 bytes)
Event: 19.002 Thread 0x000001fbbee41b80 nmethod 2451 0x000001fba91ae590 code [0x000001fba91ae760, 0x000001fba91aedb8]
Event: 19.064 Thread 0x000001fbbee41b80 2452       1       java.awt.Window::getTemporaryLostComponent (5 bytes)
Event: 19.064 Thread 0x000001fbbee38160 2453       4       java.util.LinkedList$ListItr::next (56 bytes)
Event: 19.064 Thread 0x000001fbbee41b80 nmethod 2452 0x000001fbb0331a90 code [0x000001fbb0331c20, 0x000001fbb0331cf8]
Event: 19.064 Thread 0x000001fbbee41b80 2454       3       java.util.concurrent.ConcurrentHashMap::values (25 bytes)
Event: 19.065 Thread 0x000001fbbee41b80 nmethod 2454 0x000001fba91aef10 code [0x000001fba91af0e0, 0x000001fba91af478]
Event: 19.065 Thread 0x000001fbbee41b80 2455       3       java.util.concurrent.ConcurrentHashMap$ValuesView::iterator (34 bytes)
Event: 19.065 Thread 0x000001fbbee41b80 nmethod 2455 0x000001fba91af590 code [0x000001fba91af740, 0x000001fba91af968]
Event: 19.066 Thread 0x000001fbbee38160 nmethod 2453 0x000001fbb0331d90 code [0x000001fbb0331f20, 0x000001fbb03321d8]

GC Heap History (4 events):
Event: 0.901 GC heap before
{Heap before GC invocations=0 (full 0):
 garbage-first heap   total 126976K, used 27648K [0x0000000084000000, 0x0000000100000000)
  region size 1024K, 23 young (23552K), 0 survivors (0K)
 Metaspace       used 13844K, committed 14016K, reserved 1064960K
  class space    used 1619K, committed 1728K, reserved 1048576K
}
Event: 0.906 GC heap after
{Heap after GC invocations=1 (full 0):
 garbage-first heap   total 126976K, used 9111K [0x0000000084000000, 0x0000000100000000)
  region size 1024K, 3 young (3072K), 3 survivors (3072K)
 Metaspace       used 13844K, committed 14016K, reserved 1064960K
  class space    used 1619K, committed 1728K, reserved 1048576K
}
Event: 3.367 GC heap before
{Heap before GC invocations=1 (full 0):
 garbage-first heap   total 126976K, used 43927K [0x0000000084000000, 0x0000000100000000)
  region size 1024K, 30 young (30720K), 3 survivors (3072K)
 Metaspace       used 15070K, committed 15296K, reserved 1064960K
  class space    used 1731K, committed 1856K, reserved 1048576K
}
Event: 3.370 GC heap after
{Heap after GC invocations=2 (full 0):
 garbage-first heap   total 126976K, used 17289K [0x0000000084000000, 0x0000000100000000)
  region size 1024K, 1 young (1024K), 1 survivors (1024K)
 Metaspace       used 15070K, committed 15296K, reserved 1064960K
  class space    used 1731K, committed 1856K, reserved 1048576K
}

Deoptimization events (20 events):
Event: 10.508 Thread 0x000001fbbfbf6440 Uncommon trap: trap_request=0xffffff45 fr.pc=0x000001fbb02b729c relative=0x000000000000083c
Event: 10.508 Thread 0x000001fbbfbf6440 Uncommon trap: reason=unstable_if action=reinterpret pc=0x000001fbb02b729c method=sun.java2d.marlin.MarlinCache.copyAARowRLE_WithBlockFlags([I[IIII)V @ 307 c2
Event: 10.508 Thread 0x000001fbbfbf6440 DEOPT PACKING pc=0x000001fbb02b729c sp=0x000000e74b4fd800
Event: 10.508 Thread 0x000001fbbfbf6440 DEOPT UNPACKING pc=0x000001fba879f92e sp=0x000000e74b4fd6f8 mode 2
Event: 10.508 Thread 0x000001fbbfbf6440 Uncommon trap: trap_request=0xffffff45 fr.pc=0x000001fbb029e388 relative=0x0000000000000d08
Event: 10.508 Thread 0x000001fbbfbf6440 Uncommon trap: reason=unstable_if action=reinterpret pc=0x000001fbb029e388 method=sun.java2d.marlin.MarlinCache.copyAARowRLE_WithBlockFlags([I[IIII)V @ 307 c2
Event: 10.508 Thread 0x000001fbbfbf6440 DEOPT PACKING pc=0x000001fbb029e388 sp=0x000000e74b4fd7c0
Event: 10.508 Thread 0x000001fbbfbf6440 DEOPT UNPACKING pc=0x000001fba879f92e sp=0x000000e74b4fd6f8 mode 2
Event: 10.508 Thread 0x000001fbbfbf6440 Uncommon trap: trap_request=0xffffff45 fr.pc=0x000001fbb02e073c relative=0x0000000000001e7c
Event: 10.508 Thread 0x000001fbbfbf6440 Uncommon trap: reason=unstable_if action=reinterpret pc=0x000001fbb02e073c method=sun.java2d.marlin.MarlinTileGenerator.getAlphaRLE([BII)V @ 163 c2
Event: 10.508 Thread 0x000001fbbfbf6440 DEOPT PACKING pc=0x000001fbb02e073c sp=0x000000e74b4fdae0
Event: 10.508 Thread 0x000001fbbfbf6440 DEOPT UNPACKING pc=0x000001fba879f92e sp=0x000000e74b4fd970 mode 2
Event: 10.907 Thread 0x000001fbbfbf6440 DEOPT PACKING pc=0x000001fba90cfea0 sp=0x000000e74b4fd6a0
Event: 10.907 Thread 0x000001fbbfbf6440 DEOPT UNPACKING pc=0x000001fba879e77e sp=0x000000e74b4fca68 mode 0
Event: 14.719 Thread 0x000001fbbfbf6440 DEOPT PACKING pc=0x000001fba9147d0d sp=0x000000e74b4fd640
Event: 14.719 Thread 0x000001fbbfbf6440 DEOPT UNPACKING pc=0x000001fba879e77e sp=0x000000e74b4fca90 mode 0
Event: 14.722 Thread 0x000001fbbfbf6440 DEOPT PACKING pc=0x000001fba9147d0d sp=0x000000e74b4fd550
Event: 14.722 Thread 0x000001fbbfbf6440 DEOPT UNPACKING pc=0x000001fba879e77e sp=0x000000e74b4fc9a0 mode 0
Event: 17.517 Thread 0x000001fbbfbf6440 DEOPT PACKING pc=0x000001fba915d408 sp=0x000000e74b4fc280
Event: 17.517 Thread 0x000001fbbfbf6440 DEOPT UNPACKING pc=0x000001fba879e77e sp=0x000000e74b4fb680 mode 0

Classes unloaded (0 events):
No events

Classes redefined (0 events):
No events

Internal exceptions (20 events):
Event: 0.796 Thread 0x000001fbbfbf6440 Exception <a 'java/lang/ClassCastException'{0x000000008b0b59d0}: class javax.swing.JButton cannot be cast to class javax.swing.JTextField (javax.swing.JButton and javax.swing.JTextField are in module java.desktop of loader 'bootstrap')> (0x000000008b0b59d0) 
thrown [t:\workspace\open\src\hotspot\share\interpreter\interpreterRuntime.cpp, line 441]
Event: 0.796 Thread 0x000001fbbfbf6440 Exception <a 'java/lang/ClassCastException'{0x000000008b0b5d78}: class javax.swing.JButton cannot be cast to class javax.swing.JTextField (javax.swing.JButton and javax.swing.JTextField are in module java.desktop of loader 'bootstrap')> (0x000000008b0b5d78) 
thrown [t:\workspace\open\src\hotspot\share\interpreter\interpreterRuntime.cpp, line 441]
Event: 0.796 Thread 0x000001fbbfbf6440 Exception <a 'java/lang/ClassCastException'{0x000000008b0b6120}: class javax.swing.JButton cannot be cast to class javax.swing.JTextField (javax.swing.JButton and javax.swing.JTextField are in module java.desktop of loader 'bootstrap')> (0x000000008b0b6120) 
thrown [t:\workspace\open\src\hotspot\share\interpreter\interpreterRuntime.cpp, line 441]
Event: 0.796 Thread 0x000001fbbfbf6440 Exception <a 'java/lang/ClassCastException'{0x000000008b0b64c8}: class javax.swing.JButton cannot be cast to class javax.swing.JTextField (javax.swing.JButton and javax.swing.JTextField are in module java.desktop of loader 'bootstrap')> (0x000000008b0b64c8) 
thrown [t:\workspace\open\src\hotspot\share\interpreter\interpreterRuntime.cpp, line 441]
Event: 0.796 Thread 0x000001fbbfbf6440 Exception <a 'java/lang/ClassCastException'{0x000000008b0b6870}: class javax.swing.JButton cannot be cast to class javax.swing.JTextField (javax.swing.JButton and javax.swing.JTextField are in module java.desktop of loader 'bootstrap')> (0x000000008b0b6870) 
thrown [t:\workspace\open\src\hotspot\share\interpreter\interpreterRuntime.cpp, line 441]
Event: 0.796 Thread 0x000001fbbfbf6440 Exception <a 'java/lang/ClassCastException'{0x000000008b0b8f18}: class javax.swing.JButton cannot be cast to class javax.swing.JTextField (javax.swing.JButton and javax.swing.JTextField are in module java.desktop of loader 'bootstrap')> (0x000000008b0b8f18) 
thrown [t:\workspace\open\src\hotspot\share\interpreter\interpreterRuntime.cpp, line 441]
Event: 0.796 Thread 0x000001fbbfbf6440 Exception <a 'java/lang/ClassCastException'{0x000000008b0b92c0}: class javax.swing.JButton cannot be cast to class javax.swing.JTextField (javax.swing.JButton and javax.swing.JTextField are in module java.desktop of loader 'bootstrap')> (0x000000008b0b92c0) 
thrown [t:\workspace\open\src\hotspot\share\interpreter\interpreterRuntime.cpp, line 441]
Event: 0.796 Thread 0x000001fbbfbf6440 Exception <a 'java/lang/ClassCastException'{0x000000008b0b9668}: class javax.swing.JButton cannot be cast to class javax.swing.JTextField (javax.swing.JButton and javax.swing.JTextField are in module java.desktop of loader 'bootstrap')> (0x000000008b0b9668) 
thrown [t:\workspace\open\src\hotspot\share\interpreter\interpreterRuntime.cpp, line 441]
Event: 0.796 Thread 0x000001fbbfbf6440 Exception <a 'java/lang/ClassCastException'{0x000000008b0b9a10}: class javax.swing.JButton cannot be cast to class javax.swing.JTextField (javax.swing.JButton and javax.swing.JTextField are in module java.desktop of loader 'bootstrap')> (0x000000008b0b9a10) 
thrown [t:\workspace\open\src\hotspot\share\interpreter\interpreterRuntime.cpp, line 441]
Event: 0.796 Thread 0x000001fbbfbf6440 Exception <a 'java/lang/ClassCastException'{0x000000008b0b9db8}: class javax.swing.JButton cannot be cast to class javax.swing.JTextField (javax.swing.JButton and javax.swing.JTextField are in module java.desktop of loader 'bootstrap')> (0x000000008b0b9db8) 
thrown [t:\workspace\open\src\hotspot\share\interpreter\interpreterRuntime.cpp, line 441]
Event: 0.796 Thread 0x000001fbbfbf6440 Exception <a 'java/lang/ClassCastException'{0x000000008b0ba160}: class javax.swing.JButton cannot be cast to class javax.swing.JTextField (javax.swing.JButton and javax.swing.JTextField are in module java.desktop of loader 'bootstrap')> (0x000000008b0ba160) 
thrown [t:\workspace\open\src\hotspot\share\interpreter\interpreterRuntime.cpp, line 441]
Event: 0.801 Thread 0x000001fbc0b13f90 Exception <a 'java/io/FileNotFoundException'{0x000000008b0eda50}> (0x000000008b0eda50) 
thrown [t:\workspace\open\src\hotspot\share\prims\jni.cpp, line 579]
Event: 1.115 Thread 0x000001fbbfbf6440 Implicit null exception at 0x000001fbb02a4a4c to 0x000001fbb02a4fef
Event: 1.115 Thread 0x000001fbbfbf6440 Implicit null exception at 0x000001fbb02a20aa to 0x000001fbb02a2774
Event: 1.115 Thread 0x000001fbbfbf6440 Implicit null exception at 0x000001fbb02a4a4c to 0x000001fbb02a4fef
Event: 1.115 Thread 0x000001fbbfbf6440 Implicit null exception at 0x000001fbb02a20aa to 0x000001fbb02a2774
Event: 1.115 Thread 0x000001fbbfbf6440 Implicit null exception at 0x000001fbb02a4a4c to 0x000001fbb02a4fef
Event: 4.345 Thread 0x000001fbbfbf6440 Exception <a 'java/lang/NullPointerException'{0x000000008bb33ae8}> (0x000000008bb33ae8) 
thrown [t:\workspace\open\src\hotspot\share\interpreter\linkResolver.cpp, line 1385]
Event: 12.479 Thread 0x000001fbbfbf6440 Exception <a 'java/lang/NoSuchMethodError'{0x000000008b78ad00}: 'int java.lang.invoke.DirectMethodHandle$Holder.invokeStatic(java.lang.Object)'> (0x000000008b78ad00) 
thrown [t:\workspace\open\src\hotspot\share\interpreter\linkResolver.cpp, line 790]
Event: 14.690 Thread 0x000001fbbfbf6440 Exception <a 'java/lang/NullPointerException'{0x000000008b7f8888}> (0x000000008b7f8888) 
thrown [t:\workspace\open\src\hotspot\share\interpreter\linkResolver.cpp, line 1385]

Events (20 events):
Event: 13.507 Executing  VM operation: Cleanup done
Event: 14.522 Executing  VM operation: Cleanup
Event: 14.522 Executing  VM operation: Cleanup done
Event: 14.666 loading class java/awt/KeyboardFocusManager$2
Event: 14.666 loading class java/awt/KeyboardFocusManager$2 done
Event: 14.667 loading class sun/awt/SunToolkit$1
Event: 14.667 loading class sun/awt/SunToolkit$1 done
Event: 14.689 loading class java/awt/Window$1DisposeAction
Event: 14.689 loading class java/awt/Window$1DisposeAction done
Event: 14.713 loading class java/awt/event/TextEvent
Event: 14.713 loading class java/awt/event/TextEvent done
Event: 14.715 Thread 0x000001fbc0c46870 Thread added: 0x000001fbc0c46870
Event: 14.716 loading class java/nio/HeapIntBuffer
Event: 14.716 loading class java/nio/HeapIntBuffer done
Event: 15.535 Executing  VM operation: Cleanup
Event: 15.535 Executing  VM operation: Cleanup done
Event: 17.551 Executing  VM operation: Cleanup
Event: 17.551 Executing  VM operation: Cleanup done
Event: 18.564 Executing  VM operation: Cleanup
Event: 18.564 Executing  VM operation: Cleanup done


Dynamic libraries:
0x00007ff7fd370000 - 0x00007ff7fd380000 	C:\Program Files\Java\jdk-16\bin\java.exe
0x00007ffd344b0000 - 0x00007ffd346a5000 	C:\Windows\SYSTEM32\ntdll.dll
0x00007ffd32630000 - 0x00007ffd326ed000 	C:\Windows\System32\KERNEL32.DLL
0x00007ffd31f80000 - 0x00007ffd32248000 	C:\Windows\System32\KERNELBASE.dll
0x00007ffd32310000 - 0x00007ffd32410000 	C:\Windows\System32\ucrtbase.dll
0x00007ffd2d2b0000 - 0x00007ffd2d2c9000 	C:\Program Files\Java\jdk-16\bin\VCRUNTIME140.dll
0x00007ffd209b0000 - 0x00007ffd209c8000 	C:\Program Files\Java\jdk-16\bin\jli.dll
0x00007ffd32f40000 - 0x00007ffd32fec000 	C:\Windows\System32\ADVAPI32.dll
0x00007ffd32d00000 - 0x00007ffd32d9e000 	C:\Windows\System32\msvcrt.dll
0x00007ffd32950000 - 0x00007ffd329eb000 	C:\Windows\System32\sechost.dll
0x00007ffd32ac0000 - 0x00007ffd32beb000 	C:\Windows\System32\RPCRT4.dll
0x00007ffd32da0000 - 0x00007ffd32f40000 	C:\Windows\System32\USER32.dll
0x00007ffd31eb0000 - 0x00007ffd31ed2000 	C:\Windows\System32\win32u.dll
0x00007ffd33b60000 - 0x00007ffd33b8a000 	C:\Windows\System32\GDI32.dll
0x00007ffd1a9e0000 - 0x00007ffd1ac7a000 	C:\Windows\WinSxS\amd64_microsoft.windows.common-controls_6595b64144ccf1df_6.0.19041.1052_none_60b8f8fd71f5e8cb\COMCTL32.dll
0x00007ffd32410000 - 0x00007ffd3251b000 	C:\Windows\System32\gdi32full.dll
0x00007ffd31ee0000 - 0x00007ffd31f7d000 	C:\Windows\System32\msvcp_win.dll
0x00007ffd2aa40000 - 0x00007ffd2aa4a000 	C:\Windows\SYSTEM32\VERSION.dll
0x00007ffd32bf0000 - 0x00007ffd32c20000 	C:\Windows\System32\IMM32.DLL
0x00007ffd2d560000 - 0x00007ffd2d56c000 	C:\Program Files\Java\jdk-16\bin\vcruntime140_1.dll
0x00007ffd01da0000 - 0x00007ffd01e31000 	C:\Program Files\Java\jdk-16\bin\msvcp140.dll
0x00007ffcf04c0000 - 0x00007ffcf106b000 	C:\Program Files\Java\jdk-16\bin\server\jvm.dll
0x00007ffd33360000 - 0x00007ffd33368000 	C:\Windows\System32\PSAPI.DLL
0x00007ffd1fc00000 - 0x00007ffd1fc09000 	C:\Windows\SYSTEM32\WSOCK32.dll
0x00007ffd21f00000 - 0x00007ffd21f27000 	C:\Windows\SYSTEM32\WINMM.dll
0x00007ffd33370000 - 0x00007ffd333db000 	C:\Windows\System32\WS2_32.dll
0x00007ffd30480000 - 0x00007ffd30492000 	C:\Windows\SYSTEM32\kernel.appcore.dll
0x00007ffd2d350000 - 0x00007ffd2d35a000 	C:\Program Files\Java\jdk-16\bin\jimage.dll
0x00007ffd2fa00000 - 0x00007ffd2fbe4000 	C:\Windows\SYSTEM32\DBGHELP.DLL
0x00007ffd1a4f0000 - 0x00007ffd1a51c000 	C:\Windows\SYSTEM32\dbgcore.DLL
0x00007ffd32280000 - 0x00007ffd32303000 	C:\Windows\System32\bcryptPrimitives.dll
0x00007ffd2bd30000 - 0x00007ffd2bd55000 	C:\Program Files\Java\jdk-16\bin\java.dll
0x00007ffd33ca0000 - 0x00007ffd343df000 	C:\Windows\System32\SHELL32.dll
0x00007ffd2fce0000 - 0x00007ffd30470000 	C:\Windows\SYSTEM32\windows.storage.dll
0x00007ffd33000000 - 0x00007ffd33355000 	C:\Windows\System32\combase.dll
0x00007ffd31590000 - 0x00007ffd315bc000 	C:\Windows\SYSTEM32\Wldp.dll
0x00007ffd33bf0000 - 0x00007ffd33c9e000 	C:\Windows\System32\SHCORE.dll
0x00007ffd33950000 - 0x00007ffd339a5000 	C:\Windows\System32\shlwapi.dll
0x00007ffd31b30000 - 0x00007ffd31b4f000 	C:\Windows\SYSTEM32\profapi.dll
0x00007ffd2d270000 - 0x00007ffd2d289000 	C:\Program Files\Java\jdk-16\bin\net.dll
0x00007ffd234c0000 - 0x00007ffd235cb000 	C:\Windows\SYSTEM32\WINHTTP.dll
0x00007ffd312b0000 - 0x00007ffd3131a000 	C:\Windows\system32\mswsock.dll
0x00007ffd22310000 - 0x00007ffd22323000 	C:\Program Files\Java\jdk-16\bin\nio.dll
0x00007ffd22110000 - 0x00007ffd22128000 	C:\Program Files\Java\jdk-16\bin\zip.dll
0x00007ffcf0340000 - 0x00007ffcf04c0000 	C:\Program Files\Java\jdk-16\bin\awt.dll
0x00007ffd329f0000 - 0x00007ffd32abd000 	C:\Windows\System32\OLEAUT32.dll
0x00007ffd2f0c0000 - 0x00007ffd2f150000 	C:\Windows\SYSTEM32\apphelp.dll
0x00007ffd2f2a0000 - 0x00007ffd2f33e000 	C:\Windows\system32\uxtheme.dll
0x00007ffd32820000 - 0x00007ffd32935000 	C:\Windows\System32\MSCTF.dll
0x00007ffd326f0000 - 0x00007ffd3281a000 	C:\Windows\System32\ole32.dll
0x00007ffd2f470000 - 0x00007ffd2f49f000 	C:\Windows\system32\DWMAPI.DLL
0x00007ffcf77e0000 - 0x00007ffcf7869000 	C:\Program Files\Java\jdk-16\bin\freetype.dll
0x00007ffcf0240000 - 0x00007ffcf0336000 	C:\Program Files\Java\jdk-16\bin\harfbuzz.dll
0x00007ffd21ea0000 - 0x00007ffd21eb2000 	C:\Program Files\Java\jdk-16\bin\fontmanager.dll
0x00007ffd10980000 - 0x00007ffd10aa6000 	C:\Windows\system32\opengl32.dll
0x00007ffd10f60000 - 0x00007ffd10f8c000 	C:\Windows\SYSTEM32\GLU32.dll
0x00007ffd15d20000 - 0x00007ffd15d45000 	C:\Users\bijum\AppData\Local\Temp\jSerialComm\1625298917144-jSerialComm.dll
0x00007ffd333e0000 - 0x00007ffd33849000 	C:\Windows\System32\SETUPAPI.dll
0x00007ffd31e60000 - 0x00007ffd31eae000 	C:\Windows\System32\cfgmgr32.dll
0x00007ffd32250000 - 0x00007ffd32277000 	C:\Windows\System32\bcrypt.dll
0x00007ffd318d0000 - 0x00007ffd318fc000 	C:\Windows\SYSTEM32\DEVOBJ.dll
0x00007ffd31e00000 - 0x00007ffd31e60000 	C:\Windows\System32\WINTRUST.dll
0x00007ffd31ca0000 - 0x00007ffd31dff000 	C:\Windows\System32\CRYPT32.dll
0x00007ffd31710000 - 0x00007ffd31722000 	C:\Windows\SYSTEM32\MSASN1.dll
0x00007ffd314c0000 - 0x00007ffd314d8000 	C:\Windows\SYSTEM32\CRYPTSP.dll
0x00007ffd30c60000 - 0x00007ffd30c94000 	C:\Windows\system32\rsaenh.dll
0x00007ffd31af0000 - 0x00007ffd31b1e000 	C:\Windows\SYSTEM32\USERENV.dll
0x00007ffd314b0000 - 0x00007ffd314bc000 	C:\Windows\SYSTEM32\CRYPTBASE.dll
0x00007ffd30fc0000 - 0x00007ffd30ffb000 	C:\Windows\SYSTEM32\IPHLPAPI.DLL
0x00007ffd32ff0000 - 0x00007ffd32ff8000 	C:\Windows\System32\NSI.dll
0x00007ffd29930000 - 0x00007ffd29947000 	C:\Windows\SYSTEM32\dhcpcsvc6.DLL
0x00007ffd295a0000 - 0x00007ffd295bd000 	C:\Windows\SYSTEM32\dhcpcsvc.DLL
0x00007ffd31000000 - 0x00007ffd310cc000 	C:\Windows\SYSTEM32\DNSAPI.dll
0x00007ffd14f80000 - 0x00007ffd14fe3000 	C:\Users\bijum\AppData\Local\Temp\usb4java11033036656788610282.tmp\libusb4java.dll
0x00007ffd08490000 - 0x00007ffd0849c000 	C:\Windows\SYSTEM32\WinUSB.DLL
0x00007ffd30470000 - 0x00007ffd3047d000 	C:\Windows\SYSTEM32\hid.DLL
0x00007ffd32580000 - 0x00007ffd32629000 	C:\Windows\System32\clbcatq.dll
0x00007ffd2add0000 - 0x00007ffd2af84000 	C:\Windows\SYSTEM32\WindowsCodecs.dll
0x00007ffd08830000 - 0x00007ffd0886e000 	C:\Windows\system32\dataexchange.dll
0x00007ffd2e4e0000 - 0x00007ffd2e6c6000 	C:\Windows\system32\dcomp.dll
0x00007ffd2dcb0000 - 0x00007ffd2df14000 	C:\Windows\system32\d3d11.dll
0x00007ffd304f0000 - 0x00007ffd305e4000 	C:\Windows\system32\dxgi.dll
0x00007ffd2b1d0000 - 0x00007ffd2b3d1000 	C:\Windows\system32\twinapi.appcore.dll
0x00007ffcecbc0000 - 0x00007ffcecc5a000 	C:\Windows\system32\RICHED20.DLL
0x00007ffd08e60000 - 0x00007ffd08e99000 	C:\Windows\SYSTEM32\msls31.dll
0x00007ffd15d00000 - 0x00007ffd15d19000 	C:\Windows\SYSTEM32\USP10.dll
0x00007ffd0f090000 - 0x00007ffd0f189000 	C:\Windows\SYSTEM32\textinputframework.dll
0x00007ffd2edb0000 - 0x00007ffd2eea2000 	C:\Windows\System32\CoreMessaging.dll
0x00007ffd2ea50000 - 0x00007ffd2edae000 	C:\Windows\System32\CoreUIComponents.dll
0x00007ffd308f0000 - 0x00007ffd30923000 	C:\Windows\SYSTEM32\ntmarta.dll
0x00007ffd2d6f0000 - 0x00007ffd2d844000 	C:\Windows\SYSTEM32\wintypes.dll

dbghelp: loaded successfully - version: 4.0.5 - missing functions: none
symbol engine: initialized successfully - sym options: 0x614 - pdb path: .;C:\Program Files\Java\jdk-16\bin;C:\Windows\SYSTEM32;C:\Windows\WinSxS\amd64_microsoft.windows.common-controls_6595b64144ccf1df_6.0.19041.1052_none_60b8f8fd71f5e8cb;C:\Program Files\Java\jdk-16\bin\server;C:\Users\bijum\AppData\Local\Temp\jSerialComm;C:\Users\bijum\AppData\Local\Temp\usb4java11033036656788610282.tmp

VM Arguments:
jvm_args: -Dfile.encoding=UTF-8 
java_command: hackbugant.HackBugAnt
java_class_path (initial): C:\Program Files\NetBeans-12.3\netbeans\java\modules\ext\AbsoluteLayout.jar;D:\Works\HackBug\HackBugAnt\lib\usb-api-1.0.2.jar;D:\Works\HackBug\HackBugAnt\lib\usb4java-1.3.0.jar;D:\Works\HackBug\HackBugAnt\lib\jSerialComm-2.6.2.jar;D:\Works\HackBug\HackBugAnt\lib\json-simple-1.1.1.jar;D:\Works\HackBug\HackBugAnt\lib\commons-lang3-3.8.1.jar;D:\Works\HackBug\HackBugAnt\lib\LibusbJava.jar;D:\Works\HackBug\HackBugAnt\lib\libusb4java-1.3.0-win32-x86-64.jar;D:\Works\HackBug\HackBugAnt\build\classes
Launcher Type: SUN_STANDARD

[Global flags]
     intx CICompilerCount                          = 4                                         {product} {ergonomic}
     uint ConcGCThreads                            = 2                                         {product} {ergonomic}
     uint G1ConcRefinementThreads                  = 8                                         {product} {ergonomic}
   size_t G1HeapRegionSize                         = 1048576                                   {product} {ergonomic}
    uintx GCDrainStackTargetSize                   = 64                                        {product} {ergonomic}
   size_t InitialHeapSize                          = 130023424                                 {product} {ergonomic}
   size_t MarkStackSize                            = 4194304                                   {product} {ergonomic}
   size_t MaxHeapSize                              = 2080374784                                {product} {ergonomic}
   size_t MaxNewSize                               = 1247805440                                {product} {ergonomic}
   size_t MinHeapDeltaBytes                        = 1048576                                   {product} {ergonomic}
   size_t MinHeapSize                              = 8388608                                   {product} {ergonomic}
    uintx NonNMethodCodeHeapSize                   = 5839372                                {pd product} {ergonomic}
    uintx NonProfiledCodeHeapSize                  = 122909434                              {pd product} {ergonomic}
    uintx ProfiledCodeHeapSize                     = 122909434                              {pd product} {ergonomic}
    uintx ReservedCodeCacheSize                    = 251658240                              {pd product} {ergonomic}
     bool SegmentedCodeCache                       = true                                      {product} {ergonomic}
   size_t SoftMaxHeapSize                          = 2080374784                             {manageable} {ergonomic}
     bool UseCompressedClassPointers               = true                           {product lp64_product} {ergonomic}
     bool UseCompressedOops                        = true                           {product lp64_product} {ergonomic}
     bool UseG1GC                                  = true                                      {product} {ergonomic}
     bool UseLargePagesIndividualAllocation        = false                                  {pd product} {ergonomic}

Logging:
Log output configuration:
 #0: stdout all=warning uptime,level,tags
 #1: stderr all=off uptime,level,tags

Environment Variables:
CLASSPATH=C:\Program Files\Java\jdk-16;C:\Program Files\Java\jdk-16\conf
PATH=D:\programs\python\Scripts\;D:\programs\python\;C:\Program Files\Common Files\Oracle\Java\javapath;C:\Program Files (x86)\Common Files\Oracle\Java\javapath;C:\Windows\system32;C:\Windows;C:\Windows\System32\Wbem;C:\Windows\System32\WindowsPowerShell\v1.0\;C:\Windows\System32\OpenSSH\;D:\Git\cmd;C:\Program Files\Docker\Docker\resources\bin;C:\ProgramData\DockerDesktop\version-bin;C:\Python27;C:\Program Files\dotnet\;C:\Users\bijum\AppData\Local\Microsoft\WindowsApps;C:\Users\bijum\AppData\Local\GitHubDesktop\bin;D:\Microsoft VS Code\bin;D:\programs\Pycharm\PyCharm Community Edition 2021.1.2\bin;;C:\Users\bijum\.dotnet\tools
USERNAME=bijum
OS=Windows_NT
PROCESSOR_IDENTIFIER=Intel64 Family 6 Model 126 Stepping 5, GenuineIntel



---------------  S Y S T E M  ---------------

OS:
 Windows 10 , 64 bit Build 19041 (10.0.19041.1023)
OS uptime: 7 days 2:30 hours
Hyper-V role detected

CPU: total 8 (initial active 8) (4 cores per cpu, 2 threads per core) family 6 model 126 stepping 5 microcode 0xa0, cx8, cmov, fxsr, ht, mmx, 3dnowpref, sse, sse2, sse3, ssse3, sse4.1, sse4.2, popcnt, lzcnt, tsc, tscinvbit, avx, avx2, aes, erms, clmul, bmi1, bmi2, adx, avx512f, avx512dq, avx512cd, avx512bw, avx512vl, sha, fma, vzeroupper, avx512_vpopcntdq, avx512_vpclmulqdq, avx512_vaes, avx512_vnni, clflush, clflushopt, avx512_vmbi2, avx512_vmbi, hv

Memory: 4k page, system-wide physical 7934M (696M free)
TotalPageFile size 22813M (AvailPageFile size 5475M)
current process WorkingSet (physical memory assigned to process): 120M, peak: 139M
current process commit charge ("private bytes"): 237M, peak: 257M

vm_info: Java HotSpot(TM) 64-Bit Server VM (16+36-2231) for windows-amd64 JRE (16+36-2231), built on Feb  8 2021 11:43:10 by "mach5one" with MS VC++ 16.7 (VS2019)

END.
