#
# A fatal error has been detected by the Java Runtime Environment:
#
#  EXCEPTION_ACCESS_VIOLATION (0xc0000005) at pc=0x00007ffd14f93a22, pid=25220, tid=7956
#
# JRE version: Java(TM) SE Runtime Environment (16.0+36) (build 16+36-2231)
# Java VM: Java HotSpot(TM) 64-Bit Server VM (16+36-2231, mixed mode, sharing, tiered, compressed oops, g1 gc, windows-amd64)
# Problematic frame:
# C  [libusb4java.dll+0x13a22]
#
# No core dump will be written. Minidumps are not enabled by default on client versions of Windows
#
# If you would like to submit a bug report, please visit:
#   https://bugreport.java.com/bugreport/crash.jsp
# The crash happened outside the Java Virtual Machine in native code.
# See problematic frame for where to report the bug.
#

---------------  S U M M A R Y ------------

Command Line: -Dfile.encoding=UTF-8 hackbugant.HackBugAnt

Host: Intel(R) Core(TM) i5-1035G1 CPU @ 1.00GHz, 8 cores, 7G,  Windows 10 , 64 bit Build 19041 (10.0.19041.1023)
Time: Sat Jul  3 13:36:54 2021 India Standard Time elapsed time: 42.948322 seconds (0d 0h 0m 42s)

---------------  T H R E A D  ---------------

Current thread (0x000001d25763e620):  JavaThread "Thread-2" [_thread_in_native, id=7956, stack(0x0000002a22300000,0x0000002a22400000)]

Stack: [0x0000002a22300000,0x0000002a22400000],  sp=0x0000002a223fefd0,  free space=1019k
Native frames: (J=compiled Java code, j=interpreted, Vv=VM code, C=native code)
C  [libusb4java.dll+0x13a22]

Java frames: (J=compiled Java code, j=interpreted, Vv=VM code)
j  org.usb4java.LibUsb.bulkTransfer(Lorg/usb4java/DeviceHandle;BLjava/nio/ByteBuffer;Ljava/nio/IntBuffer;J)I+0
j  com.bmjo.hackbug.usb.USBHelper.readUsb()[B+63
j  com.bmjo.hackbug.usb.UsbControler$ReadUsbData.run()V+17
j  java.lang.Thread.run()V+11 java.base@16
v  ~StubRoutines::call_stub

siginfo: EXCEPTION_ACCESS_VIOLATION (0xc0000005), reading address 0x0000000000000040


Register to memory mapping:

RIP=0x00007ffd14f93a22 libusb4java.dll
RAX=0x0 is NULL
RBX=0x000001d25763e930 points into unknown readable memory: 0x00007ffcf0f333d0 | d0 33 f3 f0 fc 7f 00 00
RCX=0x000001d2589798a0 points into unknown readable memory: 0x0000000000000000 | 00 00 00 00 00 00 00 00
RDX=0x0000000000000004 is an unknown value
RSP=0x0000002a223fefd0 is pointing into the stack for thread: 0x000001d25763e620
RBP=0x0000002a223ff270 is pointing into the stack for thread: 0x000001d25763e620
RSI=0x000001d257618d70 points into unknown readable memory: 0x000001d25867ce90 | 90 ce 67 58 d2 01 00 00
RDI=0x0000002a223ff2a8 is pointing into the stack for thread: 0x000001d25763e620
R8 =0x00007ffd14fd32a0 libusb4java.dll
R9 =0x00007ffd14fd3290 libusb4java.dll
R10=0x0 is NULL
R11=0x0000000000000246 is an unknown value
R12=0x0 is NULL
R13={method} {0x000001d25790a238} 'bulkTransfer' '(Lorg/usb4java/DeviceHandle;BLjava/nio/ByteBuffer;Ljava/nio/IntBuffer;J)I' in 'org/usb4java/LibUsb'
R14=0x000001d257463700 points into unknown readable memory: 0x0000000000000000 | 00 00 00 00 00 00 00 00
R15=0x0000000000000083 is an unknown value


Registers:
RAX=0x0000000000000000, RBX=0x000001d25763e930, RCX=0x000001d2589798a0, RDX=0x0000000000000004
RSP=0x0000002a223fefd0, RBP=0x0000002a223ff270, RSI=0x000001d257618d70, RDI=0x0000002a223ff2a8
R8 =0x00007ffd14fd32a0, R9 =0x00007ffd14fd3290, R10=0x0000000000000000, R11=0x0000000000000246
R12=0x0000000000000000, R13=0x000001d25790a230, R14=0x000001d257463700, R15=0x0000000000000083
RIP=0x00007ffd14f93a22, EFLAGS=0x0000000000010202

Top of Stack: (sp=0x0000002a223fefd0)
0x0000002a223fefd0:   00007ffd14fd32a0 00007ffd14f8dab4
0x0000002a223fefe0:   0000002a223ff030 0000002a223ff008
0x0000002a223feff0:   0000000000000000 00007ffd14fd3840
0x0000002a223ff000:   00007ffdfffffffb 00007ffd14f8cb14
0x0000002a223ff010:   000001d2589798a0 00007ffd00000004
0x0000002a223ff020:   00007ffd14fd32a0 00007ffd14fd3290
0x0000002a223ff030:   000001d258979908 000001d2589798c8
0x0000002a223ff040:   0000000000000000 000001d2589798a0
0x0000002a223ff050:   000001d25763e930 00007ffd14f8fd0e
0x0000002a223ff060:   000001d258979908 0000002a00000001
0x0000002a223ff070:   00007ffd14fd3c58 00007ffd14fd3c10
0x0000002a223ff080:   00007ffd14fd1a60 00007ffd14f8fc12
0x0000002a223ff090:   000001d2fffffffb 0000002a223ff108
0x0000002a223ff0a0:   000001d2573b0ec0 0000000000000118
0x0000002a223ff0b0:   00007ffcf0db9328 00007ffd14f8fe0f
0x0000002a223ff0c0:   000001d258979908 000001d257618d70 

Instructions: (pc=0x00007ffd14f93a22)
0x00007ffd14f93922:   8b 4c 24 40 ff 50 70 48 83 c4 38 c3 cc cc cc cc
0x00007ffd14f93932:   cc cc cc cc cc cc cc cc cc cc cc cc cc cc 48 89
0x00007ffd14f93942:   4c 24 08 48 83 ec 38 48 8b 44 24 40 48 8b 40 40
0x00007ffd14f93952:   48 8b 48 30 e8 f5 e5 ff ff 48 89 44 24 20 48 8b
0x00007ffd14f93962:   44 24 20 48 8b 00 48 8b 4c 24 40 ff 50 78 48 83
0x00007ffd14f93972:   c4 38 c3 cc cc cc cc cc cc cc cc cc cc cc 48 89
0x00007ffd14f93982:   4c 24 08 48 83 ec 38 48 8b 44 24 40 48 8b 48 30
0x00007ffd14f93992:   e8 b9 e5 ff ff 48 89 44 24 20 48 8b 44 24 20 48
0x00007ffd14f939a2:   8b 00 48 8b 4c 24 40 ff 90 80 00 00 00 48 83 c4
0x00007ffd14f939b2:   38 c3 cc cc cc cc cc cc cc cc cc cc cc cc 48 89
0x00007ffd14f939c2:   4c 24 08 48 83 ec 38 48 8b 44 24 40 48 8b 40 68
0x00007ffd14f939d2:   48 8b 40 40 48 8b 48 30 e8 71 e5 ff ff 48 89 44
0x00007ffd14f939e2:   24 20 48 8b 44 24 20 48 8b 00 48 8b 4c 24 40 ff
0x00007ffd14f939f2:   90 88 00 00 00 48 83 c4 38 c3 cc cc cc cc cc cc
0x00007ffd14f93a02:   cc cc cc cc cc cc cc cc cc cc cc cc cc cc 48 89
0x00007ffd14f93a12:   4c 24 08 48 83 ec 38 48 8b 44 24 40 48 8b 40 68
0x00007ffd14f93a22:   48 8b 40 40 48 8b 48 30 e8 21 e5 ff ff 48 89 44
0x00007ffd14f93a32:   24 20 48 8b 44 24 20 48 8b 00 48 8b 4c 24 40 ff
0x00007ffd14f93a42:   90 90 00 00 00 48 83 c4 38 c3 cc cc cc cc cc cc
0x00007ffd14f93a52:   cc cc cc cc cc cc cc cc cc cc cc cc cc cc 48 89
0x00007ffd14f93a62:   4c 24 08 48 83 ec 38 48 8b 44 24 40 48 8b 40 68
0x00007ffd14f93a72:   48 8b 40 40 48 8b 48 30 e8 d1 e4 ff ff 48 89 44
0x00007ffd14f93a82:   24 20 48 8b 44 24 20 48 8b 00 48 8b 4c 24 40 ff
0x00007ffd14f93a92:   90 98 00 00 00 48 83 c4 38 c3 cc cc cc cc cc cc
0x00007ffd14f93aa2:   cc cc cc cc cc cc cc cc cc cc cc cc cc cc 44 89
0x00007ffd14f93ab2:   4c 24 20 44 89 44 24 18 48 89 54 24 10 48 89 4c
0x00007ffd14f93ac2:   24 08 48 83 ec 68 48 8b 4c 24 70 e8 7e e4 ff ff
0x00007ffd14f93ad2:   48 89 44 24 50 c7 44 24 3c 00 00 00 00 48 8b 44
0x00007ffd14f93ae2:   24 70 48 83 c0 58 48 8b c8 e8 b0 dd ff ff c7 44
0x00007ffd14f93af2:   24 30 00 00 00 00 eb 0a 8b 44 24 30 ff c0 89 44
0x00007ffd14f93b02:   24 30 8b 84 24 80 00 00 00 39 44 24 30 0f 83 a8
0x00007ffd14f93b12:   01 00 00 83 bc 24 88 00 00 00 00 0f 8e 9a 01 00 


Stack slot to memory mapping:
stack at sp + 0 slots: 0x00007ffd14fd32a0 libusb4java.dll
stack at sp + 1 slots: 0x00007ffd14f8dab4 libusb4java.dll
stack at sp + 2 slots: 0x0000002a223ff030 is pointing into the stack for thread: 0x000001d25763e620
stack at sp + 3 slots: 0x0000002a223ff008 is pointing into the stack for thread: 0x000001d25763e620
stack at sp + 4 slots: 0x0 is NULL
stack at sp + 5 slots: 0x00007ffd14fd3840 libusb4java.dll
stack at sp + 6 slots: 0x00007ffdfffffffb is an unknown value
stack at sp + 7 slots: 0x00007ffd14f8cb14 libusb4java.dll


---------------  P R O C E S S  ---------------

Threads class SMR info:
_java_thread_list=0x000001d25701b730, length=18, elements={
0x000001d25558f870, 0x000001d255590180, 0x000001d25559ee80, 0x000001d2555a17a0,
0x000001d2555a20b0, 0x000001d2555a29c0, 0x000001d2555a3600, 0x000001d2555ac010,
0x000001d2555ce590, 0x000001d2560c4580, 0x000001d2560d0210, 0x000001d25631f460,
0x000001d256343c50, 0x000001d256346590, 0x000001d256e75e60, 0x000001d237778bb0,
0x000001d257290860, 0x000001d25763e620
}

Java Threads: ( => current thread )
  0x000001d25558f870 JavaThread "Reference Handler" daemon [_thread_blocked, id=25032, stack(0x0000002a20e00000,0x0000002a20f00000)]
  0x000001d255590180 JavaThread "Finalizer" daemon [_thread_blocked, id=13288, stack(0x0000002a20f00000,0x0000002a21000000)]
  0x000001d25559ee80 JavaThread "Signal Dispatcher" daemon [_thread_blocked, id=17016, stack(0x0000002a21000000,0x0000002a21100000)]
  0x000001d2555a17a0 JavaThread "Attach Listener" daemon [_thread_blocked, id=22668, stack(0x0000002a21100000,0x0000002a21200000)]
  0x000001d2555a20b0 JavaThread "Service Thread" daemon [_thread_blocked, id=29876, stack(0x0000002a21200000,0x0000002a21300000)]
  0x000001d2555a29c0 JavaThread "Monitor Deflation Thread" daemon [_thread_blocked, id=26596, stack(0x0000002a21300000,0x0000002a21400000)]
  0x000001d2555a3600 JavaThread "C2 CompilerThread0" daemon [_thread_blocked, id=15752, stack(0x0000002a21400000,0x0000002a21500000)]
  0x000001d2555ac010 JavaThread "C1 CompilerThread0" daemon [_thread_blocked, id=24784, stack(0x0000002a21500000,0x0000002a21600000)]
  0x000001d2555ce590 JavaThread "Sweeper thread" daemon [_thread_blocked, id=20852, stack(0x0000002a21600000,0x0000002a21700000)]
  0x000001d2560c4580 JavaThread "Notification Thread" daemon [_thread_blocked, id=30296, stack(0x0000002a21700000,0x0000002a21800000)]
  0x000001d2560d0210 JavaThread "Common-Cleaner" daemon [_thread_blocked, id=11960, stack(0x0000002a21900000,0x0000002a21a00000)]
  0x000001d25631f460 JavaThread "Java2D Disposer" daemon [_thread_blocked, id=17116, stack(0x0000002a21a00000,0x0000002a21b00000)]
  0x000001d256343c50 JavaThread "AWT-Shutdown" [_thread_blocked, id=28788, stack(0x0000002a21b00000,0x0000002a21c00000)]
  0x000001d256346590 JavaThread "AWT-Windows" daemon [_thread_in_native, id=3924, stack(0x0000002a21c00000,0x0000002a21d00000)]
  0x000001d256e75e60 JavaThread "AWT-EventQueue-0" [_thread_blocked, id=13764, stack(0x0000002a21d00000,0x0000002a21e00000)]
  0x000001d237778bb0 JavaThread "DestroyJavaVM" [_thread_blocked, id=21824, stack(0x0000002a20700000,0x0000002a20800000)]
  0x000001d257290860 JavaThread "TimerQueue" daemon [_thread_blocked, id=27624, stack(0x0000002a21e00000,0x0000002a21f00000)]
=>0x000001d25763e620 JavaThread "Thread-2" [_thread_in_native, id=7956, stack(0x0000002a22300000,0x0000002a22400000)]

Other Threads:
  0x000001d255589b60 VMThread "VM Thread" [stack: 0x0000002a20d00000,0x0000002a20e00000] [id=25548]
  0x000001d2560c8d10 WatcherThread [stack: 0x0000002a21800000,0x0000002a21900000] [id=26372]
  0x000001d2377b7850 GCTaskThread "GC Thread#0" [stack: 0x0000002a20800000,0x0000002a20900000] [id=23644]
  0x000001d255584c30 GCTaskThread "GC Thread#1" [stack: 0x0000002a22600000,0x0000002a22700000] [id=11220]
  0x000001d255584f40 GCTaskThread "GC Thread#2" [stack: 0x0000002a22700000,0x0000002a22800000] [id=10644]
  0x000001d2574659e0 GCTaskThread "GC Thread#3" [stack: 0x0000002a22800000,0x0000002a22900000] [id=11600]
  0x000001d257467880 GCTaskThread "GC Thread#4" [stack: 0x0000002a22900000,0x0000002a22a00000] [id=2652]
  0x000001d257467b90 GCTaskThread "GC Thread#5" [stack: 0x0000002a22a00000,0x0000002a22b00000] [id=21200]
  0x000001d2574687d0 GCTaskThread "GC Thread#6" [stack: 0x0000002a22b00000,0x0000002a22c00000] [id=24912]
  0x000001d2574681b0 GCTaskThread "GC Thread#7" [stack: 0x0000002a22c00000,0x0000002a22d00000] [id=30272]
  0x000001d2377c80a0 ConcurrentGCThread "G1 Main Marker" [stack: 0x0000002a20900000,0x0000002a20a00000] [id=28132]
  0x000001d2377c9ab0 ConcurrentGCThread "G1 Conc#0" [stack: 0x0000002a20a00000,0x0000002a20b00000] [id=21272]
  0x000001d237845b10 ConcurrentGCThread "G1 Refine#0" [stack: 0x0000002a20b00000,0x0000002a20c00000] [id=964]
  0x000001d2573f1010 ConcurrentGCThread "G1 Refine#1" [stack: 0x0000002a22d00000,0x0000002a22e00000] [id=14900]
  0x000001d237846520 ConcurrentGCThread "G1 Service" [stack: 0x0000002a20c00000,0x0000002a20d00000] [id=31348]

Threads with active compile tasks:

VM state: not at safepoint (normal execution)

VM Mutex/Monitor currently owned by a thread: None

Heap address: 0x0000000084000000, size: 1984 MB, Compressed Oops mode: 32-bit
CDS archive(s) mapped at: [0x0000000800000000-0x0000000800bb0000-0x0000000800bb0000), size 12255232, SharedBaseAddress: 0x0000000800000000, ArchiveRelocationMode: 0.
Compressed class space mapped at: 0x0000000800c00000-0x0000000840c00000, reserved size: 1073741824
Narrow klass base: 0x0000000800000000, Narrow klass shift: 3, Narrow klass range: 0x100000000

GC Precious Log:
 CPUs: 8 total, 8 available
 Memory: 7934M
 Large Page Support: Disabled
 NUMA Support: Disabled
 Compressed Oops: Enabled (32-bit)
 Heap Region Size: 1M
 Heap Min Capacity: 8M
 Heap Initial Capacity: 124M
 Heap Max Capacity: 1984M
 Pre-touch: Disabled
 Parallel Workers: 8
 Concurrent Workers: 2
 Concurrent Refinement Workers: 8
 Periodic GC: Disabled

Heap:
 garbage-first heap   total 65536K, used 18049K [0x0000000084000000, 0x0000000100000000)
  region size 1024K, 2 young (2048K), 0 survivors (0K)
 Metaspace       used 15699K, committed 15936K, reserved 1064960K
  class space    used 1742K, committed 1856K, reserved 1048576K

Heap Regions: E=young(eden), S=young(survivor), O=old, HS=humongous(starts), HC=humongous(continues), CS=collection set, F=free, OA=open archive, CA=closed archive, TAMS=top-at-mark-start (previous, next)
|   0|0x0000000084000000, 0x0000000084100000, 0x0000000084100000|100%|HS|  |TAMS 0x0000000084100000, 0x0000000084000000| Untracked 
|   1|0x0000000084100000, 0x0000000084200000, 0x0000000084200000|100%|HC|  |TAMS 0x0000000084200000, 0x0000000084100000| Untracked 
|   2|0x0000000084200000, 0x0000000084300000, 0x0000000084300000|100%|HC|  |TAMS 0x0000000084300000, 0x0000000084200000| Untracked 
|   3|0x0000000084300000, 0x0000000084400000, 0x0000000084400000|100%|HC|  |TAMS 0x0000000084400000, 0x0000000084300000| Untracked 
|   4|0x0000000084400000, 0x0000000084500000, 0x0000000084500000|100%|HC|  |TAMS 0x0000000084500000, 0x0000000084400000| Untracked 
|   5|0x0000000084500000, 0x00000000845fdda0, 0x0000000084600000| 99%| O|  |TAMS 0x0000000084500000, 0x0000000084500000| Untracked 
|   6|0x0000000084600000, 0x0000000084700000, 0x0000000084700000|100%|HS|  |TAMS 0x0000000084700000, 0x0000000084600000| Untracked 
|   7|0x0000000084700000, 0x0000000084800000, 0x0000000084800000|100%|HC|  |TAMS 0x0000000084800000, 0x0000000084700000| Untracked 
|   8|0x0000000084800000, 0x0000000084900000, 0x0000000084900000|100%|HC|  |TAMS 0x0000000084900000, 0x0000000084800000| Untracked 
|   9|0x0000000084900000, 0x0000000084a00000, 0x0000000084a00000|100%|HC|  |TAMS 0x0000000084a00000, 0x0000000084900000| Untracked 
|  10|0x0000000084a00000, 0x0000000084b00000, 0x0000000084b00000|100%|HC|  |TAMS 0x0000000084b00000, 0x0000000084a00000| Untracked 
|  11|0x0000000084b00000, 0x0000000084c00000, 0x0000000084c00000|100%|HC|  |TAMS 0x0000000084c00000, 0x0000000084b00000| Untracked 
|  12|0x0000000084c00000, 0x0000000084d00000, 0x0000000084d00000|100%|HC|  |TAMS 0x0000000084d00000, 0x0000000084c00000| Untracked 
|  13|0x0000000084d00000, 0x0000000084dffff8, 0x0000000084e00000| 99%| O|  |TAMS 0x0000000084d00000, 0x0000000084d00000| Untracked 
|  14|0x0000000084e00000, 0x0000000084efff18, 0x0000000084f00000| 99%| O|  |TAMS 0x0000000084e00000, 0x0000000084e00000| Untracked 
|  15|0x0000000084f00000, 0x0000000084fffe50, 0x0000000085000000| 99%| O|  |TAMS 0x0000000084f00000, 0x0000000084f00000| Untracked 
|  16|0x0000000085000000, 0x00000000850740d8, 0x0000000085100000| 45%| O|  |TAMS 0x0000000085000000, 0x0000000085000000| Untracked 
|  17|0x0000000085100000, 0x0000000085100000, 0x0000000085200000|  0%| F|  |TAMS 0x0000000085100000, 0x0000000085100000| Untracked 
|  18|0x0000000085200000, 0x0000000085200000, 0x0000000085300000|  0%| F|  |TAMS 0x0000000085200000, 0x0000000085200000| Untracked 
|  19|0x0000000085300000, 0x0000000085300000, 0x0000000085400000|  0%| F|  |TAMS 0x0000000085300000, 0x0000000085300000| Untracked 
|  20|0x0000000085400000, 0x0000000085400000, 0x0000000085500000|  0%| F|  |TAMS 0x0000000085400000, 0x0000000085400000| Untracked 
|  21|0x0000000085500000, 0x0000000085500000, 0x0000000085600000|  0%| F|  |TAMS 0x0000000085500000, 0x0000000085500000| Untracked 
|  22|0x0000000085600000, 0x0000000085600000, 0x0000000085700000|  0%| F|  |TAMS 0x0000000085600000, 0x0000000085600000| Untracked 
|  23|0x0000000085700000, 0x0000000085700000, 0x0000000085800000|  0%| F|  |TAMS 0x0000000085700000, 0x0000000085700000| Untracked 
|  24|0x0000000085800000, 0x0000000085800000, 0x0000000085900000|  0%| F|  |TAMS 0x0000000085800000, 0x0000000085800000| Untracked 
|  25|0x0000000085900000, 0x0000000085900000, 0x0000000085a00000|  0%| F|  |TAMS 0x0000000085900000, 0x0000000085900000| Untracked 
|  26|0x0000000085a00000, 0x0000000085a00000, 0x0000000085b00000|  0%| F|  |TAMS 0x0000000085a00000, 0x0000000085a00000| Untracked 
|  27|0x0000000085b00000, 0x0000000085b00000, 0x0000000085c00000|  0%| F|  |TAMS 0x0000000085b00000, 0x0000000085b00000| Untracked 
|  28|0x0000000085c00000, 0x0000000085c00000, 0x0000000085d00000|  0%| F|  |TAMS 0x0000000085c00000, 0x0000000085c00000| Untracked 
|  29|0x0000000085d00000, 0x0000000085d00000, 0x0000000085e00000|  0%| F|  |TAMS 0x0000000085d00000, 0x0000000085d00000| Untracked 
|  30|0x0000000085e00000, 0x0000000085e00000, 0x0000000085f00000|  0%| F|  |TAMS 0x0000000085e00000, 0x0000000085e00000| Untracked 
|  31|0x0000000085f00000, 0x0000000085f00000, 0x0000000086000000|  0%| F|  |TAMS 0x0000000085f00000, 0x0000000085f00000| Untracked 
|  32|0x0000000086000000, 0x0000000086000000, 0x0000000086100000|  0%| F|  |TAMS 0x0000000086000000, 0x0000000086000000| Untracked 
|  33|0x0000000086100000, 0x0000000086100000, 0x0000000086200000|  0%| F|  |TAMS 0x0000000086100000, 0x0000000086100000| Untracked 
|  34|0x0000000086200000, 0x0000000086200000, 0x0000000086300000|  0%| F|  |TAMS 0x0000000086200000, 0x0000000086200000| Untracked 
|  35|0x0000000086300000, 0x0000000086300000, 0x0000000086400000|  0%| F|  |TAMS 0x0000000086300000, 0x0000000086300000| Untracked 
|  36|0x0000000086400000, 0x0000000086400000, 0x0000000086500000|  0%| F|  |TAMS 0x0000000086400000, 0x0000000086400000| Untracked 
|  37|0x0000000086500000, 0x0000000086500000, 0x0000000086600000|  0%| F|  |TAMS 0x0000000086500000, 0x0000000086500000| Untracked 
|  38|0x0000000086600000, 0x0000000086600000, 0x0000000086700000|  0%| F|  |TAMS 0x0000000086600000, 0x0000000086600000| Untracked 
|  39|0x0000000086700000, 0x0000000086700000, 0x0000000086800000|  0%| F|  |TAMS 0x0000000086700000, 0x0000000086700000| Untracked 
|  40|0x0000000086800000, 0x0000000086800000, 0x0000000086900000|  0%| F|  |TAMS 0x0000000086800000, 0x0000000086800000| Untracked 
|  41|0x0000000086900000, 0x0000000086900000, 0x0000000086a00000|  0%| F|  |TAMS 0x0000000086900000, 0x0000000086900000| Untracked 
|  42|0x0000000086a00000, 0x0000000086a00000, 0x0000000086b00000|  0%| F|  |TAMS 0x0000000086a00000, 0x0000000086a00000| Untracked 
|  43|0x0000000086b00000, 0x0000000086b00000, 0x0000000086c00000|  0%| F|  |TAMS 0x0000000086b00000, 0x0000000086b00000| Untracked 
|  44|0x0000000086c00000, 0x0000000086c00000, 0x0000000086d00000|  0%| F|  |TAMS 0x0000000086c00000, 0x0000000086c00000| Untracked 
|  45|0x0000000086d00000, 0x0000000086d00000, 0x0000000086e00000|  0%| F|  |TAMS 0x0000000086d00000, 0x0000000086d00000| Untracked 
|  46|0x0000000086e00000, 0x0000000086e00000, 0x0000000086f00000|  0%| F|  |TAMS 0x0000000086e00000, 0x0000000086e00000| Untracked 
|  47|0x0000000086f00000, 0x0000000086f00000, 0x0000000087000000|  0%| F|  |TAMS 0x0000000086f00000, 0x0000000086f00000| Untracked 
|  48|0x0000000087000000, 0x0000000087000000, 0x0000000087100000|  0%| F|  |TAMS 0x0000000087000000, 0x0000000087000000| Untracked 
|  49|0x0000000087100000, 0x0000000087100000, 0x0000000087200000|  0%| F|  |TAMS 0x0000000087100000, 0x0000000087100000| Untracked 
|  50|0x0000000087200000, 0x0000000087200000, 0x0000000087300000|  0%| F|  |TAMS 0x0000000087200000, 0x0000000087200000| Untracked 
|  51|0x0000000087300000, 0x0000000087300000, 0x0000000087400000|  0%| F|  |TAMS 0x0000000087300000, 0x0000000087300000| Untracked 
|  52|0x0000000087400000, 0x0000000087400000, 0x0000000087500000|  0%| F|  |TAMS 0x0000000087400000, 0x0000000087400000| Untracked 
|  53|0x0000000087500000, 0x0000000087500000, 0x0000000087600000|  0%| F|  |TAMS 0x0000000087500000, 0x0000000087500000| Untracked 
|  54|0x0000000087600000, 0x0000000087600000, 0x0000000087700000|  0%| F|  |TAMS 0x0000000087600000, 0x0000000087600000| Untracked 
|  55|0x0000000087700000, 0x0000000087700000, 0x0000000087800000|  0%| F|  |TAMS 0x0000000087700000, 0x0000000087700000| Untracked 
|  56|0x0000000087800000, 0x0000000087800000, 0x0000000087900000|  0%| F|  |TAMS 0x0000000087800000, 0x0000000087800000| Untracked 
|  57|0x0000000087900000, 0x0000000087900000, 0x0000000087a00000|  0%| F|  |TAMS 0x0000000087900000, 0x0000000087900000| Untracked 
|  58|0x0000000087a00000, 0x0000000087a00000, 0x0000000087b00000|  0%| F|  |TAMS 0x0000000087a00000, 0x0000000087a00000| Untracked 
|  59|0x0000000087b00000, 0x0000000087b00000, 0x0000000087c00000|  0%| F|  |TAMS 0x0000000087b00000, 0x0000000087b00000| Untracked 
|  60|0x0000000087c00000, 0x0000000087c00800, 0x0000000087d00000|  0%| E|  |TAMS 0x0000000087c00000, 0x0000000087c00000| Complete 
|  61|0x0000000087d00000, 0x0000000087e00000, 0x0000000087e00000|100%| E|CS|TAMS 0x0000000087d00000, 0x0000000087d00000| Complete 
| 101|0x000000008a500000, 0x000000008a525888, 0x000000008a600000| 14%| O|  |TAMS 0x000000008a500000, 0x000000008a500000| Untracked 
| 115|0x000000008b300000, 0x000000008b309190, 0x000000008b400000|  3%| O|  |TAMS 0x000000008b300000, 0x000000008b300000| Untracked 

Card table byte_map: [0x000001d24e600000,0x000001d24e9e0000] _byte_map_base: 0x000001d24e1e0000

Marking Bits (Prev, Next): (CMBitMap*) 0x000001d2377b7e90, (CMBitMap*) 0x000001d2377b7e50
 Prev Bits: [0x000001d250cc0000, 0x000001d252bc0000)
 Next Bits: [0x000001d24edc0000, 0x000001d250cc0000)

Polling page: 0x000001d236f60000

Metaspace:

Usage:
  Non-class:     13.63 MB used.
      Class:      1.70 MB used.
       Both:     15.33 MB used.

Virtual space:
  Non-class space:       16.00 MB reserved,      13.75 MB ( 86%) committed,  2 nodes.
      Class space:        1.00 GB reserved,       1.81 MB ( <1%) committed,  1 nodes.
              Both:        1.02 GB reserved,      15.56 MB (  1%) committed. 

Chunk freelists:
   Non-Class:  1.97 MB
       Class:  2.23 MB
        Both:  4.20 MB

MaxMetaspaceSize: 17179869184.00 GB
CompressedClassSpaceSize: 1.00 GB
 - commit_granule_bytes: 65536.
 - commit_granule_words: 8192.
 - virtual_space_node_default_size: 1048576.
 - enlarge_chunks_in_place: 1.
 - new_chunks_are_fully_committed: 0.
 - uncommit_free_chunks: 1.
 - use_allocation_guard: 0.
 - handle_deallocations: 1.


Internal statistics:

num_allocs_failed_limit: 0.
num_arena_births: 128.
num_arena_deaths: 0.
num_vsnodes_births: 3.
num_vsnodes_deaths: 0.
num_space_committed: 249.
num_space_uncommitted: 0.
num_chunks_returned_to_freelist: 0.
num_chunks_taken_from_freelist: 222.
num_chunk_merges: 0.
num_chunk_splits: 121.
num_chunks_enlarged: 63.
num_purges: 0.

CodeHeap 'non-profiled nmethods': size=120000Kb used=1218Kb max_used=1218Kb free=118781Kb
 bounds [0x000001d2469c0000, 0x000001d246c30000, 0x000001d24def0000]
CodeHeap 'profiled nmethods': size=120000Kb used=5193Kb max_used=5193Kb free=114806Kb
 bounds [0x000001d23f490000, 0x000001d23f9b0000, 0x000001d2469c0000]
CodeHeap 'non-nmethods': size=5760Kb used=1374Kb max_used=1415Kb free=4385Kb
 bounds [0x000001d23eef0000, 0x000001d23f160000, 0x000001d23f490000]
 total_blobs=3340 nmethods=2638 adapters=613
 compilation: enabled
              stopped_count=0, restarted_count=0
 full_count=0

Compilation events (20 events):
Event: 40.563 Thread 0x000001d2555ac010 nmethod 2631 0x000001d23f99ca10 code [0x000001d23f99cba0, 0x000001d23f99ccf8]
Event: 40.563 Thread 0x000001d2555ac010 2632       3       sun.java2d.SunGraphics2D::setClip (17 bytes)
Event: 40.563 Thread 0x000001d2555ac010 nmethod 2632 0x000001d23f99cd90 code [0x000001d23f99cf80, 0x000001d23f99d3b8]
Event: 40.564 Thread 0x000001d2555ac010 2633       3       sun.java2d.marlin.DHelpers$PolyStack::ensureSpace (115 bytes)
Event: 40.564 Thread 0x000001d2555ac010 nmethod 2633 0x000001d23f99d590 code [0x000001d23f99d760, 0x000001d23f99da78]
Event: 40.564 Thread 0x000001d2555ac010 2634       3       java.awt.Rectangle::getBounds (24 bytes)
Event: 40.564 Thread 0x000001d2555ac010 nmethod 2634 0x000001d23f99db90 code [0x000001d23f99dd40, 0x000001d23f99e058]
Event: 40.570 Thread 0x000001d2555a3600 nmethod 2626 0x000001d246aee990 code [0x000001d246aeebc0, 0x000001d246aefb30]
Event: 41.116 Thread 0x000001d2555ac010 2635       3       java.awt.Component::isFocusTraversable (17 bytes)
Event: 41.116 Thread 0x000001d2555ac010 nmethod 2635 0x000001d23f99e190 code [0x000001d23f99e320, 0x000001d23f99e478]
Event: 41.452 Thread 0x000001d2555a3600 2636       4       java.util.concurrent.locks.AbstractQueuedSynchronizer$Node::setStatusRelaxed (12 bytes)
Event: 41.452 Thread 0x000001d2555a3600 nmethod 2636 0x000001d246af0390 code [0x000001d246af0500, 0x000001d246af0578]
Event: 42.777 Thread 0x000001d2555ac010 2637       3       java.util.HashMap$KeySet::<init> (10 bytes)
Event: 42.777 Thread 0x000001d2555ac010 nmethod 2637 0x000001d23f99e510 code [0x000001d23f99e6c0, 0x000001d23f99e938]
Event: 42.779 Thread 0x000001d2555ac010 2638       3       java.awt.image.SampleModel::<init> (124 bytes)
Event: 42.779 Thread 0x000001d2555ac010 nmethod 2638 0x000001d23f99ea10 code [0x000001d23f99ec40, 0x000001d23f99f3c8]
Event: 42.779 Thread 0x000001d2555ac010 2639 %     3       javax.swing.plaf.nimbus.InnerShadowEffect::applyEffect @ 491 (604 bytes)
Event: 42.780 Thread 0x000001d2555ac010 nmethod 2639% 0x000001d23f99f690 code [0x000001d23f99fa80, 0x000001d23f9a1768]
Event: 42.780 Thread 0x000001d2555ac010 2640       1       javax.swing.AbstractButton::isBorderPainted (5 bytes)
Event: 42.780 Thread 0x000001d2555ac010 nmethod 2640 0x000001d246af0690 code [0x000001d246af0820, 0x000001d246af08f8]

GC Heap History (6 events):
Event: 1.095 GC heap before
{Heap before GC invocations=0 (full 0):
 garbage-first heap   total 126976K, used 27648K [0x0000000084000000, 0x0000000100000000)
  region size 1024K, 23 young (23552K), 0 survivors (0K)
 Metaspace       used 13832K, committed 14016K, reserved 1064960K
  class space    used 1619K, committed 1728K, reserved 1048576K
}
Event: 1.100 GC heap after
{Heap after GC invocations=1 (full 0):
 garbage-first heap   total 126976K, used 9116K [0x0000000084000000, 0x0000000100000000)
  region size 1024K, 3 young (3072K), 3 survivors (3072K)
 Metaspace       used 13832K, committed 14016K, reserved 1064960K
  class space    used 1619K, committed 1728K, reserved 1048576K
}
Event: 3.227 GC heap before
{Heap before GC invocations=1 (full 0):
 garbage-first heap   total 126976K, used 43932K [0x0000000084000000, 0x0000000100000000)
  region size 1024K, 30 young (30720K), 3 survivors (3072K)
 Metaspace       used 15050K, committed 15296K, reserved 1064960K
  class space    used 1730K, committed 1856K, reserved 1048576K
}
Event: 3.231 GC heap after
{Heap after GC invocations=2 (full 0):
 garbage-first heap   total 126976K, used 17316K [0x0000000084000000, 0x0000000100000000)
  region size 1024K, 1 young (1024K), 1 survivors (1024K)
 Metaspace       used 15050K, committed 15296K, reserved 1064960K
  class space    used 1730K, committed 1856K, reserved 1048576K
}
Event: 40.180 GC heap before
{Heap before GC invocations=2 (full 0):
 garbage-first heap   total 126976K, used 27556K [0x0000000084000000, 0x0000000100000000)
  region size 1024K, 12 young (12288K), 1 survivors (1024K)
 Metaspace       used 15699K, committed 15936K, reserved 1064960K
  class space    used 1742K, committed 1856K, reserved 1048576K
}
Event: 40.193 GC heap after
{Heap after GC invocations=3 (full 1):
 garbage-first heap   total 65536K, used 17025K [0x0000000084000000, 0x0000000100000000)
  region size 1024K, 0 young (0K), 0 survivors (0K)
 Metaspace       used 15699K, committed 15936K, reserved 1064960K
  class space    used 1742K, committed 1856K, reserved 1048576K
}

Deoptimization events (20 events):
Event: 8.550 Thread 0x000001d256e75e60 DEOPT PACKING pc=0x000001d246a56f1c sp=0x0000002a21dfd150
Event: 8.550 Thread 0x000001d256e75e60 DEOPT UNPACKING pc=0x000001d23ef3f92e sp=0x0000002a21dfd048 mode 2
Event: 8.550 Thread 0x000001d256e75e60 Uncommon trap: trap_request=0xffffff45 fr.pc=0x000001d246a3d508 relative=0x0000000000000d08
Event: 8.550 Thread 0x000001d256e75e60 Uncommon trap: reason=unstable_if action=reinterpret pc=0x000001d246a3d508 method=sun.java2d.marlin.MarlinCache.copyAARowRLE_WithBlockFlags([I[IIII)V @ 307 c2
Event: 8.550 Thread 0x000001d256e75e60 DEOPT PACKING pc=0x000001d246a3d508 sp=0x0000002a21dfd110
Event: 8.550 Thread 0x000001d256e75e60 DEOPT UNPACKING pc=0x000001d23ef3f92e sp=0x0000002a21dfd048 mode 2
Event: 8.550 Thread 0x000001d256e75e60 Uncommon trap: trap_request=0xffffff45 fr.pc=0x000001d246a888d4 relative=0x0000000000001e94
Event: 8.550 Thread 0x000001d256e75e60 Uncommon trap: reason=unstable_if action=reinterpret pc=0x000001d246a888d4 method=sun.java2d.marlin.MarlinTileGenerator.getAlphaRLE([BII)V @ 163 c2
Event: 8.550 Thread 0x000001d256e75e60 DEOPT PACKING pc=0x000001d246a888d4 sp=0x0000002a21dfd380
Event: 8.550 Thread 0x000001d256e75e60 DEOPT UNPACKING pc=0x000001d23ef3f92e sp=0x0000002a21dfd210 mode 2
Event: 10.258 Thread 0x000001d2573fdfb0 Uncommon trap: trap_request=0xffffff45 fr.pc=0x000001d246a03f24 relative=0x0000000000000604
Event: 10.258 Thread 0x000001d2573fdfb0 Uncommon trap: reason=unstable_if action=reinterpret pc=0x000001d246a03f24 method=java.lang.AbstractStringBuilder.append(Ljava/lang/String;)Ljava/lang/AbstractStringBuilder; @ 1 c2
Event: 10.258 Thread 0x000001d2573fdfb0 DEOPT PACKING pc=0x000001d246a03f24 sp=0x0000002a223febf0
Event: 10.258 Thread 0x000001d2573fdfb0 DEOPT UNPACKING pc=0x000001d23ef3f92e sp=0x0000002a223feb80 mode 2
Event: 12.870 Thread 0x000001d256e75e60 DEOPT PACKING pc=0x000001d23f8dd9b1 sp=0x0000002a21dfd080
Event: 12.870 Thread 0x000001d256e75e60 DEOPT UNPACKING pc=0x000001d23ef3e77e sp=0x0000002a21dfc480 mode 0
Event: 17.515 Thread 0x000001d256e75e60 DEOPT PACKING pc=0x000001d23f8ddc88 sp=0x0000002a21dfd010
Event: 17.515 Thread 0x000001d256e75e60 DEOPT UNPACKING pc=0x000001d23ef3e77e sp=0x0000002a21dfc410 mode 0
Event: 40.553 Thread 0x000001d256e75e60 DEOPT PACKING pc=0x000001d23f770509 sp=0x0000002a21dfd1a0
Event: 40.553 Thread 0x000001d256e75e60 DEOPT UNPACKING pc=0x000001d23ef3e77e sp=0x0000002a21dfc680 mode 0

Classes unloaded (0 events):
No events

Classes redefined (0 events):
No events

Internal exceptions (20 events):
Event: 0.982 Thread 0x000001d256e75e60 Exception <a 'java/lang/ClassCastException'{0x000000008b0b6120}: class javax.swing.JButton cannot be cast to class javax.swing.JTextField (javax.swing.JButton and javax.swing.JTextField are in module java.desktop of loader 'bootstrap')> (0x000000008b0b6120) 
thrown [t:\workspace\open\src\hotspot\share\interpreter\interpreterRuntime.cpp, line 441]
Event: 0.982 Thread 0x000001d256e75e60 Exception <a 'java/lang/ClassCastException'{0x000000008b0b64c8}: class javax.swing.JButton cannot be cast to class javax.swing.JTextField (javax.swing.JButton and javax.swing.JTextField are in module java.desktop of loader 'bootstrap')> (0x000000008b0b64c8) 
thrown [t:\workspace\open\src\hotspot\share\interpreter\interpreterRuntime.cpp, line 441]
Event: 0.982 Thread 0x000001d256e75e60 Exception <a 'java/lang/ClassCastException'{0x000000008b0b6870}: class javax.swing.JButton cannot be cast to class javax.swing.JTextField (javax.swing.JButton and javax.swing.JTextField are in module java.desktop of loader 'bootstrap')> (0x000000008b0b6870) 
thrown [t:\workspace\open\src\hotspot\share\interpreter\interpreterRuntime.cpp, line 441]
Event: 0.982 Thread 0x000001d256e75e60 Exception <a 'java/lang/ClassCastException'{0x000000008b0b8f18}: class javax.swing.JButton cannot be cast to class javax.swing.JTextField (javax.swing.JButton and javax.swing.JTextField are in module java.desktop of loader 'bootstrap')> (0x000000008b0b8f18) 
thrown [t:\workspace\open\src\hotspot\share\interpreter\interpreterRuntime.cpp, line 441]
Event: 0.982 Thread 0x000001d256e75e60 Exception <a 'java/lang/ClassCastException'{0x000000008b0b92c0}: class javax.swing.JButton cannot be cast to class javax.swing.JTextField (javax.swing.JButton and javax.swing.JTextField are in module java.desktop of loader 'bootstrap')> (0x000000008b0b92c0) 
thrown [t:\workspace\open\src\hotspot\share\interpreter\interpreterRuntime.cpp, line 441]
Event: 0.982 Thread 0x000001d256e75e60 Exception <a 'java/lang/ClassCastException'{0x000000008b0b9668}: class javax.swing.JButton cannot be cast to class javax.swing.JTextField (javax.swing.JButton and javax.swing.JTextField are in module java.desktop of loader 'bootstrap')> (0x000000008b0b9668) 
thrown [t:\workspace\open\src\hotspot\share\interpreter\interpreterRuntime.cpp, line 441]
Event: 0.982 Thread 0x000001d256e75e60 Exception <a 'java/lang/ClassCastException'{0x000000008b0b9a10}: class javax.swing.JButton cannot be cast to class javax.swing.JTextField (javax.swing.JButton and javax.swing.JTextField are in module java.desktop of loader 'bootstrap')> (0x000000008b0b9a10) 
thrown [t:\workspace\open\src\hotspot\share\interpreter\interpreterRuntime.cpp, line 441]
Event: 0.982 Thread 0x000001d256e75e60 Exception <a 'java/lang/ClassCastException'{0x000000008b0b9db8}: class javax.swing.JButton cannot be cast to class javax.swing.JTextField (javax.swing.JButton and javax.swing.JTextField are in module java.desktop of loader 'bootstrap')> (0x000000008b0b9db8) 
thrown [t:\workspace\open\src\hotspot\share\interpreter\interpreterRuntime.cpp, line 441]
Event: 0.982 Thread 0x000001d256e75e60 Exception <a 'java/lang/ClassCastException'{0x000000008b0ba160}: class javax.swing.JButton cannot be cast to class javax.swing.JTextField (javax.swing.JButton and javax.swing.JTextField are in module java.desktop of loader 'bootstrap')> (0x000000008b0ba160) 
thrown [t:\workspace\open\src\hotspot\share\interpreter\interpreterRuntime.cpp, line 441]
Event: 0.987 Thread 0x000001d2573f6ba0 Exception <a 'java/io/FileNotFoundException'{0x000000008b0eda50}> (0x000000008b0eda50) 
thrown [t:\workspace\open\src\hotspot\share\prims\jni.cpp, line 579]
Event: 1.339 Thread 0x000001d256e75e60 Implicit null exception at 0x000001d246a4aec9 to 0x000001d246a4b3b1
Event: 1.339 Thread 0x000001d256e75e60 Implicit null exception at 0x000001d246a4aec9 to 0x000001d246a4b3b1
Event: 1.339 Thread 0x000001d256e75e60 Implicit null exception at 0x000001d246a4832d to 0x000001d246a489c0
Event: 1.340 Thread 0x000001d256e75e60 Implicit null exception at 0x000001d246a4aec9 to 0x000001d246a4b3b1
Event: 1.340 Thread 0x000001d256e75e60 Implicit null exception at 0x000001d246a4832d to 0x000001d246a489c0
Event: 3.939 Thread 0x000001d256e75e60 Exception <a 'java/lang/NullPointerException'{0x000000008bb36620}> (0x000000008bb36620) 
thrown [t:\workspace\open\src\hotspot\share\interpreter\linkResolver.cpp, line 1385]
Event: 10.232 Thread 0x000001d256e75e60 Exception <a 'java/lang/NullPointerException'{0x000000008b822ab0}> (0x000000008b822ab0) 
thrown [t:\workspace\open\src\hotspot\share\interpreter\linkResolver.cpp, line 1385]
Event: 10.258 Thread 0x000001d2573fdfb0 Implicit null exception at 0x000001d246a03955 to 0x000001d246a03f0c
Event: 17.610 Thread 0x000001d256e75e60 Exception <a 'java/lang/IllegalStateException'{0x000000008b558ca0}: deviceHandlePointer is not initialized> (0x000000008b558ca0) 
thrown [t:\workspace\open\src\hotspot\share\prims\jni.cpp, line 600]
Event: 36.296 Thread 0x000001d256e75e60 Exception <a 'java/lang/IllegalStateException'{0x000000008b29e120}: deviceHandlePointer is not initialized> (0x000000008b29e120) 
thrown [t:\workspace\open\src\hotspot\share\prims\jni.cpp, line 600]

Events (20 events):
Event: 28.429 Executing  VM operation: Cleanup done
Event: 30.450 Executing  VM operation: Cleanup
Event: 30.450 Executing  VM operation: Cleanup done
Event: 31.293 loading class javax/swing/Timer$1
Event: 31.293 loading class javax/swing/Timer$1 done
Event: 33.483 Executing  VM operation: Cleanup
Event: 33.483 Executing  VM operation: Cleanup done
Event: 34.497 Executing  VM operation: Cleanup
Event: 34.497 Executing  VM operation: Cleanup done
Event: 35.508 Executing  VM operation: Cleanup
Event: 35.508 Executing  VM operation: Cleanup done
Event: 36.336 Thread 0x000001d25763e620 Thread added: 0x000001d25763e620
Event: 36.523 Executing  VM operation: Cleanup
Event: 36.523 Executing  VM operation: Cleanup done
Event: 39.563 Executing  VM operation: Cleanup
Event: 39.563 Executing  VM operation: Cleanup done
Event: 40.178 Executing  VM operation: G1CollectFull
Event: 40.193 Executing  VM operation: G1CollectFull done
Event: 41.199 Executing  VM operation: Cleanup
Event: 41.199 Executing  VM operation: Cleanup done


Dynamic libraries:
0x00007ff6f2450000 - 0x00007ff6f2460000 	C:\Program Files\Java\jdk-16\bin\java.exe
0x00007ffd344b0000 - 0x00007ffd346a5000 	C:\Windows\SYSTEM32\ntdll.dll
0x00007ffd32630000 - 0x00007ffd326ed000 	C:\Windows\System32\KERNEL32.DLL
0x00007ffd31f80000 - 0x00007ffd32248000 	C:\Windows\System32\KERNELBASE.dll
0x00007ffd32310000 - 0x00007ffd32410000 	C:\Windows\System32\ucrtbase.dll
0x00007ffd2c290000 - 0x00007ffd2c2a8000 	C:\Program Files\Java\jdk-16\bin\jli.dll
0x00007ffd2d2b0000 - 0x00007ffd2d2c9000 	C:\Program Files\Java\jdk-16\bin\VCRUNTIME140.dll
0x00007ffd32f40000 - 0x00007ffd32fec000 	C:\Windows\System32\ADVAPI32.dll
0x00007ffd32d00000 - 0x00007ffd32d9e000 	C:\Windows\System32\msvcrt.dll
0x00007ffd32950000 - 0x00007ffd329eb000 	C:\Windows\System32\sechost.dll
0x00007ffd32ac0000 - 0x00007ffd32beb000 	C:\Windows\System32\RPCRT4.dll
0x00007ffd32da0000 - 0x00007ffd32f40000 	C:\Windows\System32\USER32.dll
0x00007ffd31eb0000 - 0x00007ffd31ed2000 	C:\Windows\System32\win32u.dll
0x00007ffd33b60000 - 0x00007ffd33b8a000 	C:\Windows\System32\GDI32.dll
0x00007ffd1a9e0000 - 0x00007ffd1ac7a000 	C:\Windows\WinSxS\amd64_microsoft.windows.common-controls_6595b64144ccf1df_6.0.19041.1052_none_60b8f8fd71f5e8cb\COMCTL32.dll
0x00007ffd32410000 - 0x00007ffd3251b000 	C:\Windows\System32\gdi32full.dll
0x00007ffd31ee0000 - 0x00007ffd31f7d000 	C:\Windows\System32\msvcp_win.dll
0x00007ffd2aa40000 - 0x00007ffd2aa4a000 	C:\Windows\SYSTEM32\VERSION.dll
0x00007ffd32bf0000 - 0x00007ffd32c20000 	C:\Windows\System32\IMM32.DLL
0x00007ffd2d560000 - 0x00007ffd2d56c000 	C:\Program Files\Java\jdk-16\bin\vcruntime140_1.dll
0x00007ffd01da0000 - 0x00007ffd01e31000 	C:\Program Files\Java\jdk-16\bin\msvcp140.dll
0x00007ffcf04c0000 - 0x00007ffcf106b000 	C:\Program Files\Java\jdk-16\bin\server\jvm.dll
0x00007ffd33360000 - 0x00007ffd33368000 	C:\Windows\System32\PSAPI.DLL
0x00007ffd1fc00000 - 0x00007ffd1fc09000 	C:\Windows\SYSTEM32\WSOCK32.dll
0x00007ffd21f00000 - 0x00007ffd21f27000 	C:\Windows\SYSTEM32\WINMM.dll
0x00007ffd33370000 - 0x00007ffd333db000 	C:\Windows\System32\WS2_32.dll
0x00007ffd30480000 - 0x00007ffd30492000 	C:\Windows\SYSTEM32\kernel.appcore.dll
0x00007ffd2d350000 - 0x00007ffd2d35a000 	C:\Program Files\Java\jdk-16\bin\jimage.dll
0x00007ffd2fa00000 - 0x00007ffd2fbe4000 	C:\Windows\SYSTEM32\DBGHELP.DLL
0x00007ffd1a4f0000 - 0x00007ffd1a51c000 	C:\Windows\SYSTEM32\dbgcore.DLL
0x00007ffd32280000 - 0x00007ffd32303000 	C:\Windows\System32\bcryptPrimitives.dll
0x00007ffd2bd30000 - 0x00007ffd2bd55000 	C:\Program Files\Java\jdk-16\bin\java.dll
0x00007ffd33ca0000 - 0x00007ffd343df000 	C:\Windows\System32\SHELL32.dll
0x00007ffd2fce0000 - 0x00007ffd30470000 	C:\Windows\SYSTEM32\windows.storage.dll
0x00007ffd33000000 - 0x00007ffd33355000 	C:\Windows\System32\combase.dll
0x00007ffd31590000 - 0x00007ffd315bc000 	C:\Windows\SYSTEM32\Wldp.dll
0x00007ffd33bf0000 - 0x00007ffd33c9e000 	C:\Windows\System32\SHCORE.dll
0x00007ffd33950000 - 0x00007ffd339a5000 	C:\Windows\System32\shlwapi.dll
0x00007ffd31b30000 - 0x00007ffd31b4f000 	C:\Windows\SYSTEM32\profapi.dll
0x00007ffd2d270000 - 0x00007ffd2d289000 	C:\Program Files\Java\jdk-16\bin\net.dll
0x00007ffd234c0000 - 0x00007ffd235cb000 	C:\Windows\SYSTEM32\WINHTTP.dll
0x00007ffd312b0000 - 0x00007ffd3131a000 	C:\Windows\system32\mswsock.dll
0x00007ffd22310000 - 0x00007ffd22323000 	C:\Program Files\Java\jdk-16\bin\nio.dll
0x00007ffd22110000 - 0x00007ffd22128000 	C:\Program Files\Java\jdk-16\bin\zip.dll
0x00007ffcf0340000 - 0x00007ffcf04c0000 	C:\Program Files\Java\jdk-16\bin\awt.dll
0x00007ffd329f0000 - 0x00007ffd32abd000 	C:\Windows\System32\OLEAUT32.dll
0x00007ffd2f0c0000 - 0x00007ffd2f150000 	C:\Windows\SYSTEM32\apphelp.dll
0x00007ffd2f2a0000 - 0x00007ffd2f33e000 	C:\Windows\system32\uxtheme.dll
0x00007ffd32820000 - 0x00007ffd32935000 	C:\Windows\System32\MSCTF.dll
0x00007ffd326f0000 - 0x00007ffd3281a000 	C:\Windows\System32\ole32.dll
0x00007ffd2f470000 - 0x00007ffd2f49f000 	C:\Windows\system32\DWMAPI.DLL
0x00007ffcf77e0000 - 0x00007ffcf7869000 	C:\Program Files\Java\jdk-16\bin\freetype.dll
0x00007ffcf0240000 - 0x00007ffcf0336000 	C:\Program Files\Java\jdk-16\bin\harfbuzz.dll
0x00007ffd21ea0000 - 0x00007ffd21eb2000 	C:\Program Files\Java\jdk-16\bin\fontmanager.dll
0x00007ffd10980000 - 0x00007ffd10aa6000 	C:\Windows\system32\opengl32.dll
0x00007ffd10f60000 - 0x00007ffd10f8c000 	C:\Windows\SYSTEM32\GLU32.dll
0x00007ffd20bd0000 - 0x00007ffd20bf5000 	C:\Users\bijum\AppData\Local\Temp\jSerialComm\1625299572339-jSerialComm.dll
0x00007ffd333e0000 - 0x00007ffd33849000 	C:\Windows\System32\SETUPAPI.dll
0x00007ffd31e60000 - 0x00007ffd31eae000 	C:\Windows\System32\cfgmgr32.dll
0x00007ffd32250000 - 0x00007ffd32277000 	C:\Windows\System32\bcrypt.dll
0x00007ffd318d0000 - 0x00007ffd318fc000 	C:\Windows\SYSTEM32\DEVOBJ.dll
0x00007ffd31e00000 - 0x00007ffd31e60000 	C:\Windows\System32\WINTRUST.dll
0x00007ffd31ca0000 - 0x00007ffd31dff000 	C:\Windows\System32\CRYPT32.dll
0x00007ffd31710000 - 0x00007ffd31722000 	C:\Windows\SYSTEM32\MSASN1.dll
0x00007ffd314c0000 - 0x00007ffd314d8000 	C:\Windows\SYSTEM32\CRYPTSP.dll
0x00007ffd30c60000 - 0x00007ffd30c94000 	C:\Windows\system32\rsaenh.dll
0x00007ffd31af0000 - 0x00007ffd31b1e000 	C:\Windows\SYSTEM32\USERENV.dll
0x00007ffd314b0000 - 0x00007ffd314bc000 	C:\Windows\SYSTEM32\CRYPTBASE.dll
0x00007ffd30fc0000 - 0x00007ffd30ffb000 	C:\Windows\SYSTEM32\IPHLPAPI.DLL
0x00007ffd32ff0000 - 0x00007ffd32ff8000 	C:\Windows\System32\NSI.dll
0x00007ffd29930000 - 0x00007ffd29947000 	C:\Windows\SYSTEM32\dhcpcsvc6.DLL
0x00007ffd295a0000 - 0x00007ffd295bd000 	C:\Windows\SYSTEM32\dhcpcsvc.DLL
0x00007ffd31000000 - 0x00007ffd310cc000 	C:\Windows\SYSTEM32\DNSAPI.dll
0x00007ffd14f80000 - 0x00007ffd14fe3000 	C:\Users\bijum\AppData\Local\Temp\usb4java328226883371679914.tmp\libusb4java.dll
0x00007ffd08490000 - 0x00007ffd0849c000 	C:\Windows\SYSTEM32\WinUSB.DLL
0x00007ffd30470000 - 0x00007ffd3047d000 	C:\Windows\SYSTEM32\hid.DLL
0x00007ffd32580000 - 0x00007ffd32629000 	C:\Windows\System32\clbcatq.dll
0x00007ffd2add0000 - 0x00007ffd2af84000 	C:\Windows\SYSTEM32\WindowsCodecs.dll
0x00007ffd08830000 - 0x00007ffd0886e000 	C:\Windows\system32\dataexchange.dll
0x00007ffd2e4e0000 - 0x00007ffd2e6c6000 	C:\Windows\system32\dcomp.dll
0x00007ffd2dcb0000 - 0x00007ffd2df14000 	C:\Windows\system32\d3d11.dll
0x00007ffd304f0000 - 0x00007ffd305e4000 	C:\Windows\system32\dxgi.dll
0x00007ffd2b1d0000 - 0x00007ffd2b3d1000 	C:\Windows\system32\twinapi.appcore.dll
0x00007ffd14560000 - 0x00007ffd145fa000 	C:\Windows\system32\RICHED20.DLL
0x00007ffd08e60000 - 0x00007ffd08e99000 	C:\Windows\SYSTEM32\msls31.dll
0x00007ffd20bb0000 - 0x00007ffd20bc9000 	C:\Windows\SYSTEM32\USP10.dll
0x00007ffd0f090000 - 0x00007ffd0f189000 	C:\Windows\SYSTEM32\textinputframework.dll
0x00007ffd2ea50000 - 0x00007ffd2edae000 	C:\Windows\System32\CoreUIComponents.dll
0x00007ffd2edb0000 - 0x00007ffd2eea2000 	C:\Windows\System32\CoreMessaging.dll
0x00007ffd308f0000 - 0x00007ffd30923000 	C:\Windows\SYSTEM32\ntmarta.dll
0x00007ffd2d6f0000 - 0x00007ffd2d844000 	C:\Windows\SYSTEM32\wintypes.dll
0x00007ffd0d570000 - 0x00007ffd0d61c000 	C:\Windows\SYSTEM32\TextShaping.dll

dbghelp: loaded successfully - version: 4.0.5 - missing functions: none
symbol engine: initialized successfully - sym options: 0x614 - pdb path: .;C:\Program Files\Java\jdk-16\bin;C:\Windows\SYSTEM32;C:\Windows\WinSxS\amd64_microsoft.windows.common-controls_6595b64144ccf1df_6.0.19041.1052_none_60b8f8fd71f5e8cb;C:\Program Files\Java\jdk-16\bin\server;C:\Users\bijum\AppData\Local\Temp\jSerialComm;C:\Users\bijum\AppData\Local\Temp\usb4java328226883371679914.tmp

VM Arguments:
jvm_args: -Dfile.encoding=UTF-8 
java_command: hackbugant.HackBugAnt
java_class_path (initial): C:\Program Files\NetBeans-12.3\netbeans\java\modules\ext\AbsoluteLayout.jar;D:\Works\HackBug\HackBugAnt\lib\usb-api-1.0.2.jar;D:\Works\HackBug\HackBugAnt\lib\usb4java-1.3.0.jar;D:\Works\HackBug\HackBugAnt\lib\jSerialComm-2.6.2.jar;D:\Works\HackBug\HackBugAnt\lib\json-simple-1.1.1.jar;D:\Works\HackBug\HackBugAnt\lib\commons-lang3-3.8.1.jar;D:\Works\HackBug\HackBugAnt\lib\LibusbJava.jar;D:\Works\HackBug\HackBugAnt\lib\libusb4java-1.3.0-win32-x86-64.jar;D:\Works\HackBug\HackBugAnt\build\classes
Launcher Type: SUN_STANDARD

[Global flags]
     intx CICompilerCount                          = 4                                         {product} {ergonomic}
     uint ConcGCThreads                            = 2                                         {product} {ergonomic}
     uint G1ConcRefinementThreads                  = 8                                         {product} {ergonomic}
   size_t G1HeapRegionSize                         = 1048576                                   {product} {ergonomic}
    uintx GCDrainStackTargetSize                   = 64                                        {product} {ergonomic}
   size_t InitialHeapSize                          = 130023424                                 {product} {ergonomic}
   size_t MarkStackSize                            = 4194304                                   {product} {ergonomic}
   size_t MaxHeapSize                              = 2080374784                                {product} {ergonomic}
   size_t MaxNewSize                               = 1247805440                                {product} {ergonomic}
   size_t MinHeapDeltaBytes                        = 1048576                                   {product} {ergonomic}
   size_t MinHeapSize                              = 8388608                                   {product} {ergonomic}
    uintx NonNMethodCodeHeapSize                   = 5839372                                {pd product} {ergonomic}
    uintx NonProfiledCodeHeapSize                  = 122909434                              {pd product} {ergonomic}
    uintx ProfiledCodeHeapSize                     = 122909434                              {pd product} {ergonomic}
    uintx ReservedCodeCacheSize                    = 251658240                              {pd product} {ergonomic}
     bool SegmentedCodeCache                       = true                                      {product} {ergonomic}
   size_t SoftMaxHeapSize                          = 2080374784                             {manageable} {ergonomic}
     bool UseCompressedClassPointers               = true                           {product lp64_product} {ergonomic}
     bool UseCompressedOops                        = true                           {product lp64_product} {ergonomic}
     bool UseG1GC                                  = true                                      {product} {ergonomic}
     bool UseLargePagesIndividualAllocation        = false                                  {pd product} {ergonomic}

Logging:
Log output configuration:
 #0: stdout all=warning uptime,level,tags
 #1: stderr all=off uptime,level,tags

Environment Variables:
CLASSPATH=C:\Program Files\Java\jdk-16;C:\Program Files\Java\jdk-16\conf
PATH=D:\programs\python\Scripts\;D:\programs\python\;C:\Program Files\Common Files\Oracle\Java\javapath;C:\Program Files (x86)\Common Files\Oracle\Java\javapath;C:\Windows\system32;C:\Windows;C:\Windows\System32\Wbem;C:\Windows\System32\WindowsPowerShell\v1.0\;C:\Windows\System32\OpenSSH\;D:\Git\cmd;C:\Program Files\Docker\Docker\resources\bin;C:\ProgramData\DockerDesktop\version-bin;C:\Python27;C:\Program Files\dotnet\;C:\Users\bijum\AppData\Local\Microsoft\WindowsApps;C:\Users\bijum\AppData\Local\GitHubDesktop\bin;D:\Microsoft VS Code\bin;D:\programs\Pycharm\PyCharm Community Edition 2021.1.2\bin;;C:\Users\bijum\.dotnet\tools
USERNAME=bijum
OS=Windows_NT
PROCESSOR_IDENTIFIER=Intel64 Family 6 Model 126 Stepping 5, GenuineIntel



---------------  S Y S T E M  ---------------

OS:
 Windows 10 , 64 bit Build 19041 (10.0.19041.1023)
OS uptime: 7 days 2:41 hours
Hyper-V role detected

CPU: total 8 (initial active 8) (4 cores per cpu, 2 threads per core) family 6 model 126 stepping 5 microcode 0xa0, cx8, cmov, fxsr, ht, mmx, 3dnowpref, sse, sse2, sse3, ssse3, sse4.1, sse4.2, popcnt, lzcnt, tsc, tscinvbit, avx, avx2, aes, erms, clmul, bmi1, bmi2, adx, avx512f, avx512dq, avx512cd, avx512bw, avx512vl, sha, fma, vzeroupper, avx512_vpopcntdq, avx512_vpclmulqdq, avx512_vaes, avx512_vnni, clflush, clflushopt, avx512_vmbi2, avx512_vmbi, hv

Memory: 4k page, system-wide physical 7934M (655M free)
TotalPageFile size 22813M (AvailPageFile size 5419M)
current process WorkingSet (physical memory assigned to process): 95M, peak: 140M
current process commit charge ("private bytes"): 177M, peak: 258M

vm_info: Java HotSpot(TM) 64-Bit Server VM (16+36-2231) for windows-amd64 JRE (16+36-2231), built on Feb  8 2021 11:43:10 by "mach5one" with MS VC++ 16.7 (VS2019)

END.
